Log file open, 02/26/19 05:38:45
LogWindows: Failed to load 'aqProf.dll' (GetLastError=126)
LogWindows: File 'aqProf.dll' does not exist
LogWindows: Failed to load 'VtuneApi.dll' (GetLastError=126)
LogWindows: File 'VtuneApi.dll' does not exist
LogWindows: Failed to load 'VtuneApi32e.dll' (GetLastError=126)
LogWindows: File 'VtuneApi32e.dll' does not exist
LogConsoleResponse: Display: Failed to find resolution value strings in scalability ini. Falling back to default.
LogInit: Display: Running engine for game: HumanStuff
LogPakFile: Registered encryption key '00000000000000000000000000000000': 0 pak files mounted, 0 remain pending
LogPlatformFile: Not using cached read wrapper
LogTaskGraph: Started task graph with 5 named threads and 14 total threads with 3 sets of task threads.
LogStats: Stats thread started at 0.211950
LogD3D11RHI: Loaded GFSDK_Aftermath_Lib.x64.dll
LogICUInternationalization: ICU TimeZone Detection - Raw Offset: -5:00, Platform Override: ''
LogPluginManager: Mounting plugin Paper2D
LogPluginManager: Mounting plugin AISupport
LogPluginManager: Mounting plugin LightPropagationVolume
LogPluginManager: Mounting plugin ActorLayerUtilities
LogPluginManager: Mounting plugin CLionSourceCodeAccess
LogPluginManager: Mounting plugin CodeLiteSourceCodeAccess
LogPluginManager: Mounting plugin GitSourceControl
LogPluginManager: Mounting plugin KDevelopSourceCodeAccess
LogPluginManager: Mounting plugin NullSourceCodeAccess
LogPluginManager: Mounting plugin PerforceSourceControl
LogPluginManager: Mounting plugin SubversionSourceControl
LogPluginManager: Mounting plugin UObjectPlugin
LogPluginManager: Mounting plugin VisualStudioCodeSourceCodeAccess
LogPluginManager: Mounting plugin VisualStudioSourceCodeAccess
LogPluginManager: Mounting plugin XCodeSourceCodeAccess
LogPluginManager: Mounting plugin AssetManagerEditor
LogPluginManager: Mounting plugin CryptoKeys
LogPluginManager: Mounting plugin DataValidation
LogPluginManager: Mounting plugin FacialAnimation
LogPluginManager: Mounting plugin GameplayTagsEditor
LogPluginManager: Mounting plugin MacGraphicsSwitching
LogPluginManager: Mounting plugin MeshEditor
LogPluginManager: Mounting plugin MobileLauncherProfileWizard
LogPluginManager: Mounting plugin PluginBrowser
LogPluginManager: Mounting plugin SpeedTreeImporter
LogPluginManager: Mounting plugin DatasmithContent
LogPluginManager: Mounting plugin VariantManagerContent
LogPluginManager: Mounting plugin AlembicImporter
LogPluginManager: Mounting plugin AppleImageUtils
LogPluginManager: Mounting plugin AppleVision
LogPluginManager: Mounting plugin BackChannel
LogPluginManager: Mounting plugin CharacterAI
LogPluginManager: Mounting plugin GeometryCache
LogPluginManager: Mounting plugin HTML5Networking
LogPluginManager: Mounting plugin ProxyLODPlugin
LogPluginManager: Mounting plugin MagicLeap
LogPluginManager: Mounting plugin MagicLeapMedia
LogPluginManager: Mounting plugin AndroidMedia
LogPluginManager: Mounting plugin AvfMedia
LogPluginManager: Mounting plugin ImgMedia
LogPluginManager: Mounting plugin LinearTimecode
LogPluginManager: Mounting plugin MediaCompositing
LogPluginManager: Mounting plugin MediaPlayerEditor
LogPluginManager: Mounting plugin WebMMedia
LogPluginManager: Mounting plugin WmfMedia
LogPluginManager: Mounting plugin TcpMessaging
LogPluginManager: Mounting plugin UdpMessaging
LogPluginManager: Mounting plugin ActorSequence
LogPluginManager: Mounting plugin LevelSequenceEditor
LogPluginManager: Mounting plugin MatineeToLevelSequence
LogPluginManager: Mounting plugin NetcodeUnitTest
LogPluginManager: Mounting plugin NUTUnrealEngine4
LogPluginManager: Mounting plugin OnlineSubsystemGooglePlay
LogPluginManager: Mounting plugin OnlineSubsystemIOS
LogPluginManager: Mounting plugin OnlineSubsystem
LogPluginManager: Mounting plugin OnlineSubsystemNull
LogPluginManager: Mounting plugin OnlineSubsystemUtils
LogPluginManager: Mounting plugin LauncherChunkInstaller
LogPluginManager: Mounting plugin AndroidDeviceProfileSelector
LogPluginManager: Mounting plugin AndroidMoviePlayer
LogPluginManager: Mounting plugin AndroidPermission
LogPluginManager: Mounting plugin AppleMoviePlayer
LogPluginManager: Mounting plugin ArchVisCharacter
LogPluginManager: Mounting plugin AudioCapture
LogPluginManager: Mounting plugin CableComponent
LogPluginManager: Mounting plugin CustomMeshComponent
LogPluginManager: Mounting plugin EditableMesh
LogPluginManager: Mounting plugin ExampleDeviceProfileSelector
LogPluginManager: Mounting plugin Firebase
LogPluginManager: Mounting plugin GoogleCloudMessaging
LogPluginManager: Mounting plugin IOSDeviceProfileSelector
LogPluginManager: Mounting plugin LinuxDeviceProfileSelector
LogPluginManager: Mounting plugin LocationServicesBPLibrary
LogPluginManager: Mounting plugin MobilePatchingUtils
LogPluginManager: Mounting plugin OculusVR
LogPluginManager: Mounting plugin PhysXVehicles
LogPluginManager: Mounting plugin ProceduralMeshComponent
LogPluginManager: Mounting plugin RuntimePhysXCooking
LogPluginManager: Mounting plugin SteamVR
LogPluginManager: Mounting plugin WebMMoviePlayer
LogPluginManager: Mounting plugin WindowsMoviePlayer
LogStreaming: Display: Took  0.102s to configure plugins.
LogInit: Using libcurl 7.55.1-DEV
LogInit:  - built for x86_64-pc-win32
LogInit:  - supports SSL with OpenSSL/1.0.2h
LogInit:  - supports HTTP deflate (compression) using libz 1.2.8
LogInit:  - other features:
LogInit:      CURL_VERSION_SSL
LogInit:      CURL_VERSION_LIBZ
LogInit:      CURL_VERSION_IPV6
LogInit:      CURL_VERSION_ASYNCHDNS
LogInit:      CURL_VERSION_LARGEFILE
LogInit:      CURL_VERSION_IDN
LogInit:  CurlRequestOptions (configurable via config and command line):
LogInit:  - bVerifyPeer = true  - Libcurl will verify peer certificate
LogInit:  - bUseHttpProxy = false  - Libcurl will NOT use HTTP proxy
LogInit:  - bDontReuseConnections = false  - Libcurl will reuse connections
LogInit:  - MaxHostConnections = 16  - Libcurl will limit the number of connections to a host
LogInit:  - LocalHostAddr = Default
LogInit:  - BufferSize = 65536
LogInit: WinSock: version 1.1 (2.2), MaxSocks=32767, MaxUdp=65467
LogInit: Build: ++UE4+Release-4.21-CL-4753647
LogInit: Engine Version: 4.21.2-4753647+++UE4+Release-4.21
LogInit: Compatible Engine Version: 4.21.0-4541578+++UE4+Release-4.21
LogInit: Net CL: 4541578
LogInit: OS: Windows 10 (), CPU: Intel(R) Core(TM) i5-4690K CPU @ 3.50GHz, GPU: AMD Radeon R9 200 Series
LogInit: Compiled (64-bit): Jan 19 2019 02:07:31
LogInit: Compiled with Visual C++: 19.13.26129.00
LogInit: Build Configuration: Development
LogInit: Branch Name: ++UE4+Release-4.21
LogInit: Command Line:  /Game/StarterContent/Maps/Minimal_Default_2 -game -PIEVIACONSOLE -ResX=1280 -ResY=720 -Multiprocess -messaging -SessionName="Play in Standalone Game" -windowed
LogInit: Base Directory: D:/Program Files (x86)/Unreal Engine/UE_4.21/Engine/Binaries/Win64/
LogInit: Installed Engine Build: 1
LogDevObjectVersion: Number of dev versions registered: 22
LogDevObjectVersion:   Dev-Blueprints (B0D832E4-1F89-4F0D-ACCF-7EB736FD4AA2): 10
LogDevObjectVersion:   Dev-Build (E1C64328-A22C-4D53-A36C-8E866417BD8C): 0
LogDevObjectVersion:   Dev-Core (375EC13C-06E4-48FB-B500-84F0262A717E): 2
LogDevObjectVersion:   Dev-Editor (E4B068ED-F494-42E9-A231-DA0B2E46BB41): 26
LogDevObjectVersion:   Dev-Framework (CFFC743F-43B0-4480-9391-14DF171D2073): 34
LogDevObjectVersion:   Dev-Mobile (B02B49B5-BB20-44E9-A304-32B752E40360): 2
LogDevObjectVersion:   Dev-Networking (A4E4105C-59A1-49B5-A7C5-40C4547EDFEE): 0
LogDevObjectVersion:   Dev-Online (39C831C9-5AE6-47DC-9A44-9C173E1C8E7C): 0
LogDevObjectVersion:   Dev-Physics (78F01B33-EBEA-4F98-B9B4-84EACCB95AA2): 0
LogDevObjectVersion:   Dev-Platform (6631380F-2D4D-43E0-8009-CF276956A95A): 0
LogDevObjectVersion:   Dev-Rendering (12F88B9F-8875-4AFC-A67C-D90C383ABD29): 27
LogDevObjectVersion:   Dev-Sequencer (7B5AE74C-D270-4C10-A958-57980B212A5A): 9
LogDevObjectVersion:   Dev-VR (D7296918-1DD6-4BDD-9DE2-64A83CC13884): 2
LogDevObjectVersion:   Dev-LoadTimes (C2A15278-BFE7-4AFE-6C17-90FF531DF755): 1
LogDevObjectVersion:   Private-Geometry (6EACA3D4-40EC-4CC1-B786-8BED09428FC5): 3
LogDevObjectVersion:   Dev-AnimPhys (29E575DD-E0A3-4627-9D10-D276232CDCEA): 17
LogDevObjectVersion:   Dev-Anim (AF43A65D-7FD3-4947-9873-3E8ED9C1BB05): 2
LogDevObjectVersion:   Dev-ReflectionCapture (6B266CEC-1EC7-4B8F-A30B-E4D90942FC07): 1
LogDevObjectVersion:   Dev-Automation (0DF73D61-A23F-47EA-B727-89E90C41499A): 1
LogDevObjectVersion:   FortniteMain (601D1886-AC64-4F84-AA16-D3DE0DEAC7D6): 17
LogDevObjectVersion:   Dev-Enterprise (9DFFBCD6-494F-0158-E221-12823C92A888): 4
LogDevObjectVersion:   Dev-Niagara (F2AED0AC-9AFE-416F-8664-AA7FFA26D6FC): 1
LogStreaming: Display: Took  0.048s to delete old logs.
LogInit: Presizing for max 8388607 objects, including 0 objects not considered by GC, pre-allocating 0 bytes for permanent pool.
LogInit: Object subsystem initialized
LogConfig: Setting CVar [[con.DebugEarlyDefault:1]]
LogConfig: Setting CVar [[r.setres:1280x720]]
[2019.02.26-10.38.45:486][  0]LogConfig: Setting CVar [[con.DebugEarlyDefault:1]]
[2019.02.26-10.38.45:486][  0]LogConfig: Setting CVar [[r.setres:1280x720]]
[2019.02.26-10.38.45:486][  0]LogConfig: Applying CVar settings from Section [/Script/Engine.RendererSettings] File [F:/SCAD/ITGM studio2/humanStuff/MyProject3/Saved/Config/Windows/Engine.ini]
[2019.02.26-10.38.45:486][  0]LogConfig: Setting CVar [[r.GPUCrashDebugging:0]]
[2019.02.26-10.38.45:486][  0]LogConfig: Applying CVar settings from Section [/Script/Engine.RendererOverrideSettings] File [F:/SCAD/ITGM studio2/humanStuff/MyProject3/Saved/Config/Windows/Engine.ini]
[2019.02.26-10.38.45:486][  0]LogConfig: Applying CVar settings from Section [/Script/Engine.StreamingSettings] File [F:/SCAD/ITGM studio2/humanStuff/MyProject3/Saved/Config/Windows/Engine.ini]
[2019.02.26-10.38.45:486][  0]LogConfig: Setting CVar [[s.MinBulkDataSizeForAsyncLoading:131072]]
[2019.02.26-10.38.45:486][  0]LogConfig: Setting CVar [[s.AsyncLoadingThreadEnabled:0]]
[2019.02.26-10.38.45:486][  0]LogConfig: Setting CVar [[s.EventDrivenLoaderEnabled:1]]
[2019.02.26-10.38.45:486][  0]LogConfig: Setting CVar [[s.WarnIfTimeLimitExceeded:0]]
[2019.02.26-10.38.45:486][  0]LogConfig: Setting CVar [[s.TimeLimitExceededMultiplier:1.5]]
[2019.02.26-10.38.45:486][  0]LogConfig: Setting CVar [[s.TimeLimitExceededMinTime:0.005]]
[2019.02.26-10.38.45:486][  0]LogConfig: Setting CVar [[s.UseBackgroundLevelStreaming:1]]
[2019.02.26-10.38.45:486][  0]LogConfig: Setting CVar [[s.PriorityAsyncLoadingExtraTime:15.0]]
[2019.02.26-10.38.45:486][  0]LogConfig: Setting CVar [[s.LevelStreamingActorsUpdateTimeLimit:5.0]]
[2019.02.26-10.38.45:486][  0]LogConfig: Setting CVar [[s.PriorityLevelStreamingActorsUpdateExtraTime:5.0]]
[2019.02.26-10.38.45:486][  0]LogConfig: Setting CVar [[s.LevelStreamingComponentsRegistrationGranularity:10]]
[2019.02.26-10.38.45:486][  0]LogConfig: Setting CVar [[s.UnregisterComponentsTimeLimit:1.0]]
[2019.02.26-10.38.45:486][  0]LogConfig: Setting CVar [[s.LevelStreamingComponentsUnregistrationGranularity:5]]
[2019.02.26-10.38.45:486][  0]LogConfig: Applying CVar settings from Section [/Script/Engine.GarbageCollectionSettings] File [F:/SCAD/ITGM studio2/humanStuff/MyProject3/Saved/Config/Windows/Engine.ini]
[2019.02.26-10.38.45:486][  0]LogConfig: Setting CVar [[gc.MaxObjectsNotConsideredByGC:1]]
[2019.02.26-10.38.45:486][  0]LogConfig: Setting CVar [[gc.SizeOfPermanentObjectPool:0]]
[2019.02.26-10.38.45:486][  0]LogConfig: Setting CVar [[gc.FlushStreamingOnGC:0]]
[2019.02.26-10.38.45:486][  0]LogConfig: Setting CVar [[gc.NumRetriesBeforeForcingGC:10]]
[2019.02.26-10.38.45:486][  0]LogConfig: Setting CVar [[gc.AllowParallelGC:1]]
[2019.02.26-10.38.45:486][  0]LogConfig: Setting CVar [[gc.TimeBetweenPurgingPendingKillObjects:61.1]]
[2019.02.26-10.38.45:486][  0]LogConfig: Setting CVar [[gc.MaxObjectsInEditor:8388607]]
[2019.02.26-10.38.45:486][  0]LogConfig: Setting CVar [[gc.IncrementalBeginDestroyEnabled:1]]
[2019.02.26-10.38.45:486][  0]LogConfig: Setting CVar [[gc.CreateGCClusters:1]]
[2019.02.26-10.38.45:486][  0]LogConfig: Setting CVar [[gc.MergeGCClusters:0]]
[2019.02.26-10.38.45:486][  0]LogConfig: Setting CVar [[gc.MinGCClusterSize:5]]
[2019.02.26-10.38.45:486][  0]LogConfig: Setting CVar [[gc.ActorClusteringEnabled:0]]
[2019.02.26-10.38.45:486][  0]LogConfig: Setting CVar [[gc.BlueprintClusteringEnabled:0]]
[2019.02.26-10.38.45:486][  0]LogConfig: Setting CVar [[gc.UseDisregardForGCOnDedicatedServers:0]]
[2019.02.26-10.38.45:486][  0]LogConfig: Applying CVar settings from Section [/Script/Engine.NetworkSettings] File [F:/SCAD/ITGM studio2/humanStuff/MyProject3/Saved/Config/Windows/Engine.ini]
[2019.02.26-10.38.45:486][  0]LogConfig: Applying CVar settings from Section [/Script/UnrealEd.CookerSettings] File [F:/SCAD/ITGM studio2/humanStuff/MyProject3/Saved/Config/Windows/Engine.ini]
[2019.02.26-10.38.45:508][  0]LogConfig: Applying CVar settings from Section [ViewDistanceQuality@3] File [F:/SCAD/ITGM studio2/humanStuff/MyProject3/Saved/Config/Windows/Scalability.ini]
[2019.02.26-10.38.45:508][  0]LogConfig: Setting CVar [[r.SkeletalMeshLODBias:0]]
[2019.02.26-10.38.45:508][  0]LogConfig: Setting CVar [[r.ViewDistanceScale:1.0]]
[2019.02.26-10.38.45:508][  0]LogConfig: Applying CVar settings from Section [AntiAliasingQuality@3] File [F:/SCAD/ITGM studio2/humanStuff/MyProject3/Saved/Config/Windows/Scalability.ini]
[2019.02.26-10.38.45:508][  0]LogConfig: Setting CVar [[r.PostProcessAAQuality:3]]
[2019.02.26-10.38.45:509][  0]LogConfig: Applying CVar settings from Section [ShadowQuality@3] File [F:/SCAD/ITGM studio2/humanStuff/MyProject3/Saved/Config/Windows/Scalability.ini]
[2019.02.26-10.38.45:509][  0]LogConfig: Setting CVar [[r.LightFunctionQuality:1]]
[2019.02.26-10.38.45:509][  0]LogConfig: Setting CVar [[r.ShadowQuality:5]]
[2019.02.26-10.38.45:509][  0]LogConfig: Setting CVar [[r.Shadow.CSM.MaxCascades:10]]
[2019.02.26-10.38.45:509][  0]LogConfig: Setting CVar [[r.Shadow.MaxResolution:2048]]
[2019.02.26-10.38.45:509][  0]LogConfig: Setting CVar [[r.Shadow.MaxCSMResolution:2048]]
[2019.02.26-10.38.45:509][  0]LogConfig: Setting CVar [[r.Shadow.RadiusThreshold:0.01]]
[2019.02.26-10.38.45:509][  0]LogConfig: Setting CVar [[r.Shadow.DistanceScale:1.0]]
[2019.02.26-10.38.45:509][  0]LogConfig: Setting CVar [[r.Shadow.CSM.TransitionScale:1.0]]
[2019.02.26-10.38.45:509][  0]LogConfig: Setting CVar [[r.Shadow.PreShadowResolutionFactor:1.0]]
[2019.02.26-10.38.45:509][  0]LogConfig: Setting CVar [[r.DistanceFieldShadowing:1]]
[2019.02.26-10.38.45:509][  0]LogConfig: Setting CVar [[r.DistanceFieldAO:1]]
[2019.02.26-10.38.45:509][  0]LogConfig: Setting CVar [[r.AOQuality:2]]
[2019.02.26-10.38.45:509][  0]LogConfig: Setting CVar [[r.VolumetricFog:1]]
[2019.02.26-10.38.45:509][  0]LogConfig: Setting CVar [[r.VolumetricFog.GridPixelSize:8]]
[2019.02.26-10.38.45:509][  0]LogConfig: Setting CVar [[r.VolumetricFog.GridSizeZ:128]]
[2019.02.26-10.38.45:509][  0]LogConfig: Setting CVar [[r.VolumetricFog.HistoryMissSupersampleCount:4]]
[2019.02.26-10.38.45:509][  0]LogConfig: Setting CVar [[r.LightMaxDrawDistanceScale:1]]
[2019.02.26-10.38.45:509][  0]LogConfig: Setting CVar [[r.CapsuleShadows:1]]
[2019.02.26-10.38.45:509][  0]LogConfig: Applying CVar settings from Section [PostProcessQuality@3] File [F:/SCAD/ITGM studio2/humanStuff/MyProject3/Saved/Config/Windows/Scalability.ini]
[2019.02.26-10.38.45:509][  0]LogConfig: Setting CVar [[r.MotionBlurQuality:0]]
[2019.02.26-10.38.45:509][  0]LogConfig: Setting CVar [[r.AmbientOcclusionMipLevelFactor:0.4]]
[2019.02.26-10.38.45:509][  0]LogConfig: Setting CVar [[r.AmbientOcclusionMaxQuality:100]]
[2019.02.26-10.38.45:509][  0]LogConfig: Setting CVar [[r.AmbientOcclusionLevels:0]]
[2019.02.26-10.38.45:509][  0]LogConfig: Setting CVar [[r.AmbientOcclusionRadiusScale:1.0]]
[2019.02.26-10.38.45:509][  0]LogConfig: Setting CVar [[r.DepthOfFieldQuality:0]]
[2019.02.26-10.38.45:509][  0]LogConfig: Setting CVar [[r.RenderTargetPoolMin:400]]
[2019.02.26-10.38.45:509][  0]LogConfig: Setting CVar [[r.LensFlareQuality:0]]
[2019.02.26-10.38.45:509][  0]LogConfig: Setting CVar [[r.SceneColorFringeQuality:0]]
[2019.02.26-10.38.45:509][  0]LogConfig: Setting CVar [[r.EyeAdaptationQuality:2]]
[2019.02.26-10.38.45:509][  0]LogConfig: Setting CVar [[r.BloomQuality:1]]
[2019.02.26-10.38.45:509][  0]LogConfig: Setting CVar [[r.FastBlurThreshold:0]]
[2019.02.26-10.38.45:509][  0]LogConfig: Setting CVar [[r.Upscale.Quality:3]]
[2019.02.26-10.38.45:509][  0]LogConfig: Setting CVar [[r.Tonemapper.GrainQuantization:1]]
[2019.02.26-10.38.45:509][  0]LogConfig: Setting CVar [[r.LightShaftQuality:1]]
[2019.02.26-10.38.45:509][  0]LogConfig: Setting CVar [[r.Filter.SizeScale:1]]
[2019.02.26-10.38.45:509][  0]LogConfig: Setting CVar [[r.Tonemapper.Quality:5]]
[2019.02.26-10.38.45:509][  0]LogConfig: Setting CVar [[r.DOF.Gather.AccumulatorQuality:1        ; higher gathering accumulator quality]]
[2019.02.26-10.38.45:509][  0]LogConfig: Setting CVar [[r.DOF.Gather.PostfilterMethod:1          ; Median3x3 postfilering method]]
[2019.02.26-10.38.45:509][  0]LogConfig: Setting CVar [[r.DOF.Gather.EnableBokehSettings:0       ; no bokeh simulation when gathering]]
[2019.02.26-10.38.45:509][  0]LogConfig: Setting CVar [[r.DOF.Gather.RingCount:4                 ; medium number of samples when gathering]]
[2019.02.26-10.38.45:509][  0]LogConfig: Setting CVar [[r.DOF.Scatter.ForegroundCompositing:1    ; additive foreground scattering]]
[2019.02.26-10.38.45:509][  0]LogConfig: Setting CVar [[r.DOF.Scatter.BackgroundCompositing:2    ; additive background scattering]]
[2019.02.26-10.38.45:509][  0]LogConfig: Setting CVar [[r.DOF.Scatter.EnableBokehSettings:1      ; bokeh simulation when scattering]]
[2019.02.26-10.38.45:509][  0]LogConfig: Setting CVar [[r.DOF.Scatter.MaxSpriteRatio:0.1         ; only a maximum of 10% of scattered bokeh]]
[2019.02.26-10.38.45:509][  0]LogConfig: Setting CVar [[r.DOF.Recombine.Quality:1                ; cheap slight out of focus]]
[2019.02.26-10.38.45:509][  0]LogConfig: Setting CVar [[r.DOF.Recombine.EnableBokehSettings:0    ; no bokeh simulation on slight out of focus]]
[2019.02.26-10.38.45:509][  0]LogConfig: Setting CVar [[r.DOF.TemporalAAQuality:1                ; more stable temporal accumulation]]
[2019.02.26-10.38.45:509][  0]LogConfig: Setting CVar [[r.DOF.Kernel.MaxForegroundRadius:0.025]]
[2019.02.26-10.38.45:509][  0]LogConfig: Setting CVar [[r.DOF.Kernel.MaxBackgroundRadius:0.025]]
[2019.02.26-10.38.45:509][  0]LogConfig: Applying CVar settings from Section [TextureQuality@3] File [F:/SCAD/ITGM studio2/humanStuff/MyProject3/Saved/Config/Windows/Scalability.ini]
[2019.02.26-10.38.45:509][  0]LogConfig: Setting CVar [[r.Streaming.MipBias:0]]
[2019.02.26-10.38.45:509][  0]LogConfig: Setting CVar [[r.Streaming.AmortizeCPUToGPUCopy:0]]
[2019.02.26-10.38.45:509][  0]LogConfig: Setting CVar [[r.Streaming.MaxNumTexturesToStreamPerFrame:0]]
[2019.02.26-10.38.45:509][  0]LogConfig: Setting CVar [[r.Streaming.Boost:1]]
[2019.02.26-10.38.45:509][  0]LogConfig: Setting CVar [[r.MaxAnisotropy:8]]
[2019.02.26-10.38.45:509][  0]LogConfig: Setting CVar [[r.Streaming.LimitPoolSizeToVRAM:0]]
[2019.02.26-10.38.45:509][  0]LogConfig: Setting CVar [[r.Streaming.PoolSize:1000]]
[2019.02.26-10.38.45:509][  0]LogConfig: Setting CVar [[r.Streaming.MaxEffectiveScreenSize:0]]
[2019.02.26-10.38.45:509][  0]LogConfig: Applying CVar settings from Section [EffectsQuality@3] File [F:/SCAD/ITGM studio2/humanStuff/MyProject3/Saved/Config/Windows/Scalability.ini]
[2019.02.26-10.38.45:509][  0]LogConfig: Setting CVar [[r.TranslucencyLightingVolumeDim:4]]
[2019.02.26-10.38.45:509][  0]LogConfig: Setting CVar [[r.RefractionQuality:2]]
[2019.02.26-10.38.45:509][  0]LogConfig: Setting CVar [[r.SSR.Quality:0]]
[2019.02.26-10.38.45:509][  0]LogConfig: Setting CVar [[r.SceneColorFormat:2]]
[2019.02.26-10.38.45:509][  0]LogConfig: Setting CVar [[r.DetailMode:2]]
[2019.02.26-10.38.45:509][  0]LogConfig: Setting CVar [[r.TranslucencyVolumeBlur:0]]
[2019.02.26-10.38.45:509][  0]LogConfig: Setting CVar [[r.MaterialQualityLevel:1 ; High quality]]
[2019.02.26-10.38.45:509][  0]LogConfig: Setting CVar [[r.SSS.Scale:1]]
[2019.02.26-10.38.45:509][  0]LogConfig: Setting CVar [[r.SSS.SampleSet:2]]
[2019.02.26-10.38.45:509][  0]LogConfig: Setting CVar [[r.SSS.Quality:1]]
[2019.02.26-10.38.45:509][  0]LogConfig: Setting CVar [[r.SSS.HalfRes:1]]
[2019.02.26-10.38.45:509][  0]LogConfig: Setting CVar [[r.EmitterSpawnRateScale:1.0]]
[2019.02.26-10.38.45:509][  0]LogConfig: Setting CVar [[r.ParticleLightQuality:2]]
[2019.02.26-10.38.45:509][  0]LogConfig: Applying CVar settings from Section [FoliageQuality@3] File [F:/SCAD/ITGM studio2/humanStuff/MyProject3/Saved/Config/Windows/Scalability.ini]
[2019.02.26-10.38.45:509][  0]LogConfig: Setting CVar [[foliage.DensityScale:1.0]]
[2019.02.26-10.38.45:509][  0]LogConfig: Setting CVar [[grass.DensityScale:1.0]]
[2019.02.26-10.38.45:510][  0]LogInit: Selected Device Profile: [Windows]
[2019.02.26-10.38.45:510][  0]LogInit: Applying CVar settings loaded from the selected device profile: [Windows]
[2019.02.26-10.38.45:514][  0]LogHAL: Display: Platform has ~ 16 GB [17034178560 / 17179869184 / 16], which maps to Larger [LargestMinGB=32, LargerMinGB=12, DefaultMinGB=8, SmallerMinGB=6, SmallestMinGB=0)
[2019.02.26-10.38.45:514][  0]LogConfig: Setting CVar [[r.Vulkan.UseRealUBs:1]]
[2019.02.26-10.38.45:514][  0]LogInit: Going up to parent DeviceProfile []
[2019.02.26-10.38.45:514][  0]LogConfig: Applying CVar settings from Section [ViewDistanceQuality@3] File [F:/SCAD/ITGM studio2/humanStuff/MyProject3/Saved/Config/Windows/Scalability.ini]
[2019.02.26-10.38.45:514][  0]LogConfig: Setting CVar [[r.SkeletalMeshLODBias:0]]
[2019.02.26-10.38.45:514][  0]LogConfig: Setting CVar [[r.ViewDistanceScale:1.0]]
[2019.02.26-10.38.45:514][  0]LogConfig: Applying CVar settings from Section [AntiAliasingQuality@3] File [F:/SCAD/ITGM studio2/humanStuff/MyProject3/Saved/Config/Windows/Scalability.ini]
[2019.02.26-10.38.45:514][  0]LogConfig: Setting CVar [[r.PostProcessAAQuality:3]]
[2019.02.26-10.38.45:514][  0]LogConfig: Applying CVar settings from Section [ShadowQuality@3] File [F:/SCAD/ITGM studio2/humanStuff/MyProject3/Saved/Config/Windows/Scalability.ini]
[2019.02.26-10.38.45:514][  0]LogConfig: Setting CVar [[r.LightFunctionQuality:1]]
[2019.02.26-10.38.45:514][  0]LogConfig: Setting CVar [[r.ShadowQuality:5]]
[2019.02.26-10.38.45:514][  0]LogConfig: Setting CVar [[r.Shadow.CSM.MaxCascades:10]]
[2019.02.26-10.38.45:514][  0]LogConfig: Setting CVar [[r.Shadow.MaxResolution:2048]]
[2019.02.26-10.38.45:514][  0]LogConfig: Setting CVar [[r.Shadow.MaxCSMResolution:2048]]
[2019.02.26-10.38.45:514][  0]LogConfig: Setting CVar [[r.Shadow.RadiusThreshold:0.01]]
[2019.02.26-10.38.45:514][  0]LogConfig: Setting CVar [[r.Shadow.DistanceScale:1.0]]
[2019.02.26-10.38.45:514][  0]LogConfig: Setting CVar [[r.Shadow.CSM.TransitionScale:1.0]]
[2019.02.26-10.38.45:514][  0]LogConfig: Setting CVar [[r.Shadow.PreShadowResolutionFactor:1.0]]
[2019.02.26-10.38.45:514][  0]LogConfig: Setting CVar [[r.DistanceFieldShadowing:1]]
[2019.02.26-10.38.45:514][  0]LogConfig: Setting CVar [[r.DistanceFieldAO:1]]
[2019.02.26-10.38.45:514][  0]LogConfig: Setting CVar [[r.AOQuality:2]]
[2019.02.26-10.38.45:514][  0]LogConfig: Setting CVar [[r.VolumetricFog:1]]
[2019.02.26-10.38.45:514][  0]LogConfig: Setting CVar [[r.VolumetricFog.GridPixelSize:8]]
[2019.02.26-10.38.45:514][  0]LogConfig: Setting CVar [[r.VolumetricFog.GridSizeZ:128]]
[2019.02.26-10.38.45:514][  0]LogConfig: Setting CVar [[r.VolumetricFog.HistoryMissSupersampleCount:4]]
[2019.02.26-10.38.45:514][  0]LogConfig: Setting CVar [[r.LightMaxDrawDistanceScale:1]]
[2019.02.26-10.38.45:514][  0]LogConfig: Setting CVar [[r.CapsuleShadows:1]]
[2019.02.26-10.38.45:514][  0]LogConfig: Applying CVar settings from Section [PostProcessQuality@3] File [F:/SCAD/ITGM studio2/humanStuff/MyProject3/Saved/Config/Windows/Scalability.ini]
[2019.02.26-10.38.45:514][  0]LogConfig: Setting CVar [[r.MotionBlurQuality:0]]
[2019.02.26-10.38.45:515][  0]LogConfig: Setting CVar [[r.AmbientOcclusionMipLevelFactor:0.4]]
[2019.02.26-10.38.45:515][  0]LogConfig: Setting CVar [[r.AmbientOcclusionMaxQuality:100]]
[2019.02.26-10.38.45:515][  0]LogConfig: Setting CVar [[r.AmbientOcclusionLevels:0]]
[2019.02.26-10.38.45:515][  0]LogConfig: Setting CVar [[r.AmbientOcclusionRadiusScale:1.0]]
[2019.02.26-10.38.45:515][  0]LogConfig: Setting CVar [[r.DepthOfFieldQuality:0]]
[2019.02.26-10.38.45:515][  0]LogConfig: Setting CVar [[r.RenderTargetPoolMin:400]]
[2019.02.26-10.38.45:515][  0]LogConfig: Setting CVar [[r.LensFlareQuality:0]]
[2019.02.26-10.38.45:515][  0]LogConfig: Setting CVar [[r.SceneColorFringeQuality:0]]
[2019.02.26-10.38.45:515][  0]LogConfig: Setting CVar [[r.EyeAdaptationQuality:2]]
[2019.02.26-10.38.45:515][  0]LogConfig: Setting CVar [[r.BloomQuality:1]]
[2019.02.26-10.38.45:515][  0]LogConfig: Setting CVar [[r.FastBlurThreshold:0]]
[2019.02.26-10.38.45:515][  0]LogConfig: Setting CVar [[r.Upscale.Quality:3]]
[2019.02.26-10.38.45:515][  0]LogConfig: Setting CVar [[r.Tonemapper.GrainQuantization:1]]
[2019.02.26-10.38.45:515][  0]LogConfig: Setting CVar [[r.LightShaftQuality:1]]
[2019.02.26-10.38.45:515][  0]LogConfig: Setting CVar [[r.Filter.SizeScale:1]]
[2019.02.26-10.38.45:515][  0]LogConfig: Setting CVar [[r.Tonemapper.Quality:5]]
[2019.02.26-10.38.45:515][  0]LogConfig: Setting CVar [[r.DOF.Gather.AccumulatorQuality:1        ; higher gathering accumulator quality]]
[2019.02.26-10.38.45:515][  0]LogConfig: Setting CVar [[r.DOF.Gather.PostfilterMethod:1          ; Median3x3 postfilering method]]
[2019.02.26-10.38.45:515][  0]LogConfig: Setting CVar [[r.DOF.Gather.EnableBokehSettings:0       ; no bokeh simulation when gathering]]
[2019.02.26-10.38.45:515][  0]LogConfig: Setting CVar [[r.DOF.Gather.RingCount:4                 ; medium number of samples when gathering]]
[2019.02.26-10.38.45:515][  0]LogConfig: Setting CVar [[r.DOF.Scatter.ForegroundCompositing:1    ; additive foreground scattering]]
[2019.02.26-10.38.45:515][  0]LogConfig: Setting CVar [[r.DOF.Scatter.BackgroundCompositing:2    ; additive background scattering]]
[2019.02.26-10.38.45:515][  0]LogConfig: Setting CVar [[r.DOF.Scatter.EnableBokehSettings:1      ; bokeh simulation when scattering]]
[2019.02.26-10.38.45:515][  0]LogConfig: Setting CVar [[r.DOF.Scatter.MaxSpriteRatio:0.1         ; only a maximum of 10% of scattered bokeh]]
[2019.02.26-10.38.45:515][  0]LogConfig: Setting CVar [[r.DOF.Recombine.Quality:1                ; cheap slight out of focus]]
[2019.02.26-10.38.45:515][  0]LogConfig: Setting CVar [[r.DOF.Recombine.EnableBokehSettings:0    ; no bokeh simulation on slight out of focus]]
[2019.02.26-10.38.45:515][  0]LogConfig: Setting CVar [[r.DOF.TemporalAAQuality:1                ; more stable temporal accumulation]]
[2019.02.26-10.38.45:515][  0]LogConfig: Setting CVar [[r.DOF.Kernel.MaxForegroundRadius:0.025]]
[2019.02.26-10.38.45:515][  0]LogConfig: Setting CVar [[r.DOF.Kernel.MaxBackgroundRadius:0.025]]
[2019.02.26-10.38.45:515][  0]LogConfig: Applying CVar settings from Section [TextureQuality@3] File [F:/SCAD/ITGM studio2/humanStuff/MyProject3/Saved/Config/Windows/Scalability.ini]
[2019.02.26-10.38.45:515][  0]LogConfig: Setting CVar [[r.Streaming.MipBias:0]]
[2019.02.26-10.38.45:515][  0]LogConfig: Setting CVar [[r.Streaming.AmortizeCPUToGPUCopy:0]]
[2019.02.26-10.38.45:515][  0]LogConfig: Setting CVar [[r.Streaming.MaxNumTexturesToStreamPerFrame:0]]
[2019.02.26-10.38.45:515][  0]LogConfig: Setting CVar [[r.Streaming.Boost:1]]
[2019.02.26-10.38.45:515][  0]LogConfig: Setting CVar [[r.MaxAnisotropy:8]]
[2019.02.26-10.38.45:515][  0]LogConfig: Setting CVar [[r.Streaming.LimitPoolSizeToVRAM:0]]
[2019.02.26-10.38.45:515][  0]LogConfig: Setting CVar [[r.Streaming.PoolSize:1000]]
[2019.02.26-10.38.45:515][  0]LogConfig: Setting CVar [[r.Streaming.MaxEffectiveScreenSize:0]]
[2019.02.26-10.38.45:515][  0]LogConfig: Applying CVar settings from Section [EffectsQuality@3] File [F:/SCAD/ITGM studio2/humanStuff/MyProject3/Saved/Config/Windows/Scalability.ini]
[2019.02.26-10.38.45:515][  0]LogConfig: Setting CVar [[r.TranslucencyLightingVolumeDim:4]]
[2019.02.26-10.38.45:515][  0]LogConfig: Setting CVar [[r.RefractionQuality:2]]
[2019.02.26-10.38.45:515][  0]LogConfig: Setting CVar [[r.SSR.Quality:0]]
[2019.02.26-10.38.45:515][  0]LogConfig: Setting CVar [[r.SceneColorFormat:2]]
[2019.02.26-10.38.45:515][  0]LogConfig: Setting CVar [[r.DetailMode:2]]
[2019.02.26-10.38.45:515][  0]LogConfig: Setting CVar [[r.TranslucencyVolumeBlur:0]]
[2019.02.26-10.38.45:515][  0]LogConfig: Setting CVar [[r.MaterialQualityLevel:1 ; High quality]]
[2019.02.26-10.38.45:515][  0]LogConfig: Setting CVar [[r.SSS.Scale:1]]
[2019.02.26-10.38.45:515][  0]LogConfig: Setting CVar [[r.SSS.SampleSet:2]]
[2019.02.26-10.38.45:515][  0]LogConfig: Setting CVar [[r.SSS.Quality:1]]
[2019.02.26-10.38.45:515][  0]LogConfig: Setting CVar [[r.SSS.HalfRes:1]]
[2019.02.26-10.38.45:515][  0]LogConfig: Setting CVar [[r.EmitterSpawnRateScale:1.0]]
[2019.02.26-10.38.45:515][  0]LogConfig: Setting CVar [[r.ParticleLightQuality:2]]
[2019.02.26-10.38.45:515][  0]LogConfig: Applying CVar settings from Section [FoliageQuality@3] File [F:/SCAD/ITGM studio2/humanStuff/MyProject3/Saved/Config/Windows/Scalability.ini]
[2019.02.26-10.38.45:515][  0]LogConfig: Setting CVar [[foliage.DensityScale:1.0]]
[2019.02.26-10.38.45:515][  0]LogConfig: Setting CVar [[grass.DensityScale:1.0]]
[2019.02.26-10.38.45:515][  0]LogConfig: Applying CVar settings from Section [Startup] File [../../../Engine/Config/ConsoleVariables.ini]
[2019.02.26-10.38.45:516][  0]LogConfig: Setting CVar [[net.UseAdaptiveNetUpdateFrequency:0]]
[2019.02.26-10.38.45:516][  0]LogConfig: Applying CVar settings from Section [ConsoleVariables] File [F:/SCAD/ITGM studio2/humanStuff/MyProject3/Saved/Config/Windows/Engine.ini]
[2019.02.26-10.38.45:516][  0]LogInit: Computer: DESKTOP-Q8E4V8A
[2019.02.26-10.38.45:516][  0]LogInit: User: gretc
[2019.02.26-10.38.45:516][  0]LogInit: CPU Page size=4096, Cores=4
[2019.02.26-10.38.45:516][  0]LogInit: High frequency timer resolution =3.417969 MHz
[2019.02.26-10.38.45:516][  0]LogMemory: Memory total: Physical=15.9GB (16GB approx)
[2019.02.26-10.38.45:516][  0]LogMemory: Platform Memory Stats for Windows
[2019.02.26-10.38.45:516][  0]LogMemory: Process Physical Memory: 102.09 MB used, 102.09 MB peak
[2019.02.26-10.38.45:516][  0]LogMemory: Process Virtual Memory: 91.25 MB used, 91.25 MB peak
[2019.02.26-10.38.45:516][  0]LogMemory: Physical Memory: 6075.08 MB used,  10169.98 MB free, 16245.06 MB total
[2019.02.26-10.38.45:516][  0]LogMemory: Virtual Memory: 4640.36 MB used,  134213088.00 MB free, 134217728.00 MB total
[2019.02.26-10.38.45:537][  0]LogInit: Using OS detected language (en-US).
[2019.02.26-10.38.45:537][  0]LogInit: Using OS detected locale (en-US).
[2019.02.26-10.38.45:537][  0]LogTextLocalizationManager: No specific localization for 'en-US' exists, so the 'en' localization will be used.
[2019.02.26-10.38.46:001][  0]LogStreaming: Display: Took  0.465s to InitEngineTextLocalization.
[2019.02.26-10.38.46:043][  0]LogSlate: New Slate User Created.  User Index 0, Is Virtual User: 0
[2019.02.26-10.38.46:043][  0]LogSlate: Slate User Registered.  User Index 0, Is Virtual User: 0
[2019.02.26-10.38.46:067][  0]LogHMD: Failed to initialize OpenVR with code 110
[2019.02.26-10.38.46:067][  0]LogD3D11RHI: D3D11 adapters:
[2019.02.26-10.38.46:092][  0]LogD3D11RHI:    0. 'AMD Radeon R9 200 Series' (Feature Level 11_0)
[2019.02.26-10.38.46:092][  0]LogD3D11RHI:       4072/0/8122 MB DedicatedVideo/DedicatedSystem/SharedSystem, Outputs:2, VendorId:0x1002
[2019.02.26-10.38.46:098][  0]LogD3D11RHI:    1. 'Intel(R) HD Graphics 4600' (Feature Level 11_0)
[2019.02.26-10.38.46:098][  0]LogD3D11RHI:       112/0/2048 MB DedicatedVideo/DedicatedSystem/SharedSystem, Outputs:0, VendorId:0x8086
[2019.02.26-10.38.46:100][  0]LogD3D11RHI:    2. 'Microsoft Basic Render Driver' (Feature Level 11_0)
[2019.02.26-10.38.46:100][  0]LogD3D11RHI:       0/0/8122 MB DedicatedVideo/DedicatedSystem/SharedSystem, Outputs:0, VendorId:0x1414
[2019.02.26-10.38.46:100][  0]LogD3D11RHI: Chosen D3D11 Adapter: 0
[2019.02.26-10.38.46:107][  0]LogD3D11RHI: Creating new Direct3DDevice
[2019.02.26-10.38.46:107][  0]LogD3D11RHI:     GPU DeviceId: 0x67b1 (for the marketing name, search the web for "GPU Device Id")
[2019.02.26-10.38.46:107][  0]LogWindows: EnumDisplayDevices:
[2019.02.26-10.38.46:107][  0]LogWindows:    0. 'AMD Radeon R9 200 Series' (P:0 D:1)
[2019.02.26-10.38.46:108][  0]LogWindows:    1. 'AMD Radeon R9 200 Series' (P:1 D:1)
[2019.02.26-10.38.46:108][  0]LogWindows:    2. 'AMD Radeon R9 200 Series' (P:0 D:0)
[2019.02.26-10.38.46:109][  0]LogWindows:    3. 'AMD Radeon R9 200 Series' (P:0 D:0)
[2019.02.26-10.38.46:110][  0]LogWindows:    4. 'AMD Radeon R9 200 Series' (P:0 D:0)
[2019.02.26-10.38.46:110][  0]LogWindows:    5. 'AMD Radeon R9 200 Series' (P:0 D:0)
[2019.02.26-10.38.46:111][  0]LogWindows:    6. 'AMD Radeon R9 200 Series' (P:0 D:0)
[2019.02.26-10.38.46:111][  0]LogWindows:    7. 'AMD Radeon R9 200 Series' (P:0 D:0)
[2019.02.26-10.38.46:112][  0]LogWindows:    8. 'AMD Radeon R9 200 Series' (P:0 D:0)
[2019.02.26-10.38.46:112][  0]LogWindows:    9. 'AMD Radeon R9 200 Series' (P:0 D:0)
[2019.02.26-10.38.46:113][  0]LogWindows:    10. 'AMD Radeon R9 200 Series' (P:0 D:0)
[2019.02.26-10.38.46:113][  0]LogWindows:    11. 'AMD Radeon R9 200 Series' (P:0 D:0)
[2019.02.26-10.38.46:114][  0]LogWindows:    12. 'AMD Radeon R9 200 Series' (P:0 D:0)
[2019.02.26-10.38.46:114][  0]LogWindows:    13. 'AMD Radeon R9 200 Series' (P:0 D:0)
[2019.02.26-10.38.46:115][  0]LogWindows:    14. 'AMD Radeon R9 200 Series' (P:0 D:0)
[2019.02.26-10.38.46:115][  0]LogWindows:    15. 'AMD Radeon R9 200 Series' (P:0 D:0)
[2019.02.26-10.38.46:116][  0]LogWindows:    16. 'Intel(R) HD Graphics 4600' (P:0 D:0)
[2019.02.26-10.38.46:116][  0]LogWindows:    17. 'Intel(R) HD Graphics 4600' (P:0 D:0)
[2019.02.26-10.38.46:117][  0]LogWindows:    18. 'Intel(R) HD Graphics 4600' (P:0 D:0)
[2019.02.26-10.38.46:117][  0]LogWindows: DebugString: PrimaryIsNotTheChoosenAdapter PrimaryIsNotTheChoosenAdapter PrimaryIsNotTheChoosenAdapter FoundDriverCount:16 
[2019.02.26-10.38.46:117][  0]LogD3D11RHI:     Adapter Name: AMD Radeon R9 200 Series
[2019.02.26-10.38.46:117][  0]LogD3D11RHI:   Driver Version: Adrenalin 18.4.1 (internal:24.20.11001.5003, unified:24.20.11001.5003)
[2019.02.26-10.38.46:117][  0]LogD3D11RHI:      Driver Date: 4-25-2018
[2019.02.26-10.38.46:117][  0]LogRHI: Texture pool is 2850 MB (70% of 4072 MB)
[2019.02.26-10.38.46:215][  0]LogD3D11RHI: Async texture creation enabled
[2019.02.26-10.38.46:226][  0]LogD3D11RHI: GPU Timing Frequency: 27.000000 (Debug: 2 1)
[2019.02.26-10.38.46:521][  0]LogTemp: Display: Loaded TP WindowsClientTargetPlatform
[2019.02.26-10.38.46:532][  0]LogTemp: Display: Loaded TP WindowsNoEditorTargetPlatform
[2019.02.26-10.38.46:544][  0]LogTemp: Display: Loaded TP WindowsServerTargetPlatform
[2019.02.26-10.38.46:549][  0]LogTemp: Display: Loaded TP WindowsTargetPlatform
[2019.02.26-10.38.46:549][  0]LogTargetPlatformManager: Display: Building Assets For Windows
[2019.02.26-10.38.46:600][  0]LogShaderCompilers: Guid format shader working directory is 4 characters bigger than the processId version (F:/SCAD/ITGM studio2/humanStuff/MyProject3/Intermediate/Shaders/WorkingDirectory/7728/).
[2019.02.26-10.38.46:600][  0]LogShaderCompilers: Cleaned the shader compiler working directory 'C:/Users/gretc/AppData/Local/Temp/UnrealShaderWorkingDir/3AA78EA54229A9DD006A58AF474E868C/'.
[2019.02.26-10.38.46:602][  0]LogXGEController: Cannot use XGE Controller as Incredibuild is not installed on this machine.
[2019.02.26-10.38.46:602][  0]LogShaderCompilers: Cannot use XGE Shader Compiler as Incredibuild is not installed on this machine.
[2019.02.26-10.38.46:602][  0]LogShaderCompilers: Display: Using Local Shader Compiler.
[2019.02.26-10.38.47:098][  0]LogDerivedDataCache: Display: Max Cache Size: 512 MB
[2019.02.26-10.38.47:153][  0]LogDerivedDataCache: Loaded boot cache 0.06s 71MB C:/Users/gretc/AppData/Local/UnrealEngine/4.21/DerivedDataCache/Boot.ddc.
[2019.02.26-10.38.47:153][  0]LogDerivedDataCache: Display: Loaded Boot cache: C:/Users/gretc/AppData/Local/UnrealEngine/4.21/DerivedDataCache/Boot.ddc
[2019.02.26-10.38.47:153][  0]LogDerivedDataCache: FDerivedDataBackendGraph:  Pak pak cache file F:/SCAD/ITGM studio2/humanStuff/MyProject3/DerivedDataCache/DDC.ddp not found, will not use a pak cache.
[2019.02.26-10.38.47:153][  0]LogDerivedDataCache: Unable to find inner node Pak for hierarchical cache Hierarchy.
[2019.02.26-10.38.47:153][  0]LogDerivedDataCache: FDerivedDataBackendGraph:  CompressedPak pak cache file F:/SCAD/ITGM studio2/humanStuff/MyProject3/DerivedDataCache/Compressed.ddp not found, will not use a pak cache.
[2019.02.26-10.38.47:153][  0]LogDerivedDataCache: Unable to find inner node CompressedPak for hierarchical cache Hierarchy.
[2019.02.26-10.38.47:165][  0]LogDerivedDataCache: Display: Pak cache opened for reading ../../../Engine/DerivedDataCache/Compressed.ddp.
[2019.02.26-10.38.47:166][  0]LogDerivedDataCache: FDerivedDataBackendGraph:  EnterprisePak pak cache file ../../../Enterprise/DerivedDataCache/Compressed.ddp not found, will not use a pak cache.
[2019.02.26-10.38.47:166][  0]LogDerivedDataCache: Unable to find inner node EnterprisePak for hierarchical cache Hierarchy.
[2019.02.26-10.38.47:179][  0]LogDerivedDataCache: Using Local data cache path C:/Users/gretc/AppData/Local/UnrealEngine/Common/DerivedDataCache: Writable
[2019.02.26-10.38.47:179][  0]LogDerivedDataCache: Shared data cache path not found in *engine.ini, will not use an Shared cache.
[2019.02.26-10.38.47:179][  0]LogDerivedDataCache: Unable to find inner node Shared for hierarchical cache Hierarchy.
[2019.02.26-10.38.47:199][  0]LogMaterial: Verifying Global Shaders for PCD3D_SM5
[2019.02.26-10.38.47:200][  0]LogSlate: Using FreeType 2.6.0
[2019.02.26-10.38.47:201][  0]LogSlate: SlateFontServices - WITH_FREETYPE: 1, WITH_HARFBUZZ: 1
[2019.02.26-10.38.47:318][  0]LogInit: Using OS detected language (en-US).
[2019.02.26-10.38.47:318][  0]LogInit: Using OS detected locale (en-US).
[2019.02.26-10.38.47:318][  0]LogTextLocalizationManager: No localization for 'en-US' exists, so 'en' will be used for the language.
[2019.02.26-10.38.47:319][  0]LogTextLocalizationManager: No localization for 'en-US' exists, so 'en' will be used for the locale.
[2019.02.26-10.38.47:319][  0]LogSlate: FontCache flush requested. Reason: Culture for localization was changed
[2019.02.26-10.38.47:319][  0]LogSlate: FontCache flush requested. Reason: Culture for localization was changed
[2019.02.26-10.38.47:617][  0]LogStreaming: Display: Took  0.299s to InitGameTextLocalization.
[2019.02.26-10.38.47:623][  0]LogAssetRegistry: FAssetRegistry took 0.0034 seconds to start up
[2019.02.26-10.38.47:802][  0]LogPackageLocalizationCache: Processed 11 localized package path(s) for 1 prioritized culture(s) in 0.011588 seconds
[2019.02.26-10.38.47:896][  0]LogInit: Selected Device Profile: [Windows]
[2019.02.26-10.38.47:951][  0]LogSimplygon: Simplygon DLL not present - disabling.
[2019.02.26-10.38.47:954][  0]LogMeshReduction: Using SimplygonSwarm for distributed automatic mesh merging
[2019.02.26-10.38.47:954][  0]LogMeshReduction: Using ProxyLODMeshReduction for automatic mesh merging
[2019.02.26-10.38.47:954][  0]LogMeshReduction: Using QuadricMeshReduction for automatic static mesh reduction
[2019.02.26-10.38.47:955][  0]LogMeshReduction: No automatic skeletal mesh reduction module available
[2019.02.26-10.38.48:036][  0]LogNetVersion: HumanStuff 1.0.0, NetCL: 4541578, EngineNetVer: 5, GameNetVer: 0 (Checksum: 1645013271)
[2019.02.26-10.38.48:564][  0]LogMoviePlayer: Initializing movie player
[2019.02.26-10.38.48:659][  0]LogTcpMessaging: Initializing TcpMessaging bridge
[2019.02.26-10.38.48:672][  0]LogUdpMessaging: Initializing bridge on interface 0.0.0.0:0 to multicast group 230.0.0.1:6666.
[2019.02.26-10.38.48:754][  0]SourceControl: Source control is disabled
[2019.02.26-10.38.48:754][  0]SourceControl: Source control is disabled
[2019.02.26-10.38.48:755][  0]SourceControl: Source control is disabled
[2019.02.26-10.38.48:877][  0]LogAndroidPermission: UAndroidPermissionCallbackProxy::GetInstance
[2019.02.26-10.38.48:995][  0]LogOcInput: OculusInput pre-init called
[2019.02.26-10.38.49:002][  0]LogUObjectArray: 43226 objects as part of root set at end of initial load.
[2019.02.26-10.38.49:002][  0]LogUObjectAllocator: 7590216 out of 0 bytes used by permanent object pool.
[2019.02.26-10.38.49:002][  0]LogUObjectArray: CloseDisregardForGC: 0/0 objects in disregard for GC pool
[2019.02.26-10.38.49:124][  0]LogEngine: Initializing Engine...
[2019.02.26-10.38.49:125][  0]LogHMD: Failed to initialize OpenVR with code 110
[2019.02.26-10.38.49:137][  0]LogStats: UGameplayTagsManager::ConstructGameplayTagTree: ImportINI prefixes -  0.000 s
[2019.02.26-10.38.49:137][  0]LogStats: UGameplayTagsManager::ConstructGameplayTagTree: Construct from data asset -  0.000 s
[2019.02.26-10.38.49:137][  0]LogStats: UGameplayTagsManager::ConstructGameplayTagTree: ImportINI -  0.000 s
[2019.02.26-10.38.49:137][  0]LogStats: UGameplayTagsManager::ConstructGameplayTagTree: GameplayTagTreeChangedEvent.Broadcast -  0.000 s
[2019.02.26-10.38.49:299][  0]LogInit: Initializing FReadOnlyCVARCache
[2019.02.26-10.38.49:329][  0]LogInit: XAudio2 using 'Headset Earphone (Razer Kraken 7.1 Chroma)' : 2 channels at 48 kHz using 16 bits per sample (channel mask 0x3)
[2019.02.26-10.38.49:378][  0]LogInit: FAudioDevice initialized.
[2019.02.26-10.38.49:390][  0]LogNetVersion: Set ProjectVersion to 1.0.0.0. Version Checksum will be recalculated on next use.
[2019.02.26-10.38.49:399][  0]LogInit: Texture streaming: Enabled
[2019.02.26-10.38.49:540][  0]LogSlate: Updating window title bar state: overlay mode, drag disabled, window buttons hidden, title bar hidden
[2019.02.26-10.38.49:540][  0]LogInit: Display: Game Engine Initialized.
[2019.02.26-10.38.49:540][  0]LogGameplayTags: Display: UGameplayTagsManager::DoneAddingNativeTags. DelegateIsBound: 0
[2019.02.26-10.38.49:540][  0]LogStats: UGameplayTagsManager::ConstructGameplayTagTree: ImportINI prefixes -  0.000 s
[2019.02.26-10.38.49:540][  0]LogStats: UGameplayTagsManager::ConstructGameplayTagTree: Construct from data asset -  0.000 s
[2019.02.26-10.38.49:540][  0]LogStats: UGameplayTagsManager::ConstructGameplayTagTree: ImportINI -  0.000 s
[2019.02.26-10.38.49:540][  0]LogStats: UGameplayTagsManager::ConstructGameplayTagTree: GameplayTagTreeChangedEvent.Broadcast -  0.000 s
[2019.02.26-10.38.49:555][  0]LogInit: Display: Starting Game.
[2019.02.26-10.38.49:555][  0]LogNet: Browse: /Game/StarterContent/Maps/Minimal_Default_2?Name=Player
[2019.02.26-10.38.49:555][  0]LogLoad: LoadMap: /Game/StarterContent/Maps/Minimal_Default_2?Name=Player
[2019.02.26-10.38.51:153][  0]LoadErrors: Warning: skybox2 Min LOD value of 1 is out of range 0..0 and has been adjusted to 0. Please verify and resave the asset.
[2019.02.26-10.38.51:154][  0]LoadErrors: Warning: shelves Min LOD value of 1 is out of range 0..0 and has been adjusted to 0. Please verify and resave the asset.
[2019.02.26-10.38.51:157][  0]LoadErrors: Warning: hs_parkingMedian Min LOD value of 1 is out of range 0..0 and has been adjusted to 0. Please verify and resave the asset.
[2019.02.26-10.38.51:158][  0]LoadErrors: Warning: hs_lampTree Min LOD value of 1 is out of range 0..0 and has been adjusted to 0. Please verify and resave the asset.
[2019.02.26-10.38.51:160][  0]LoadErrors: Warning: hs_groundPlane Min LOD value of 1 is out of range 0..0 and has been adjusted to 0. Please verify and resave the asset.
[2019.02.26-10.38.51:161][  0]LoadErrors: Warning: hs_concreteBumper Min LOD value of 1 is out of range 0..0 and has been adjusted to 0. Please verify and resave the asset.
[2019.02.26-10.38.51:334][  0]LoadErrors: Warning: hs_cake Min LOD value of 1 is out of range 0..0 and has been adjusted to 0. Please verify and resave the asset.
[2019.02.26-10.38.51:335][  0]LoadErrors: Warning: hs_bomb Min LOD value of 1 is out of range 0..0 and has been adjusted to 0. Please verify and resave the asset.
[2019.02.26-10.38.51:372][  0]LogAIModule: Creating AISystem for world Minimal_Default_2
[2019.02.26-10.38.51:373][  0]LogLoad: Game class is 'GameModeBase'
[2019.02.26-10.38.51:385][  0]LogWorld: Bringing World /Game/StarterContent/Maps/Minimal_Default_2.Minimal_Default_2 up for play (max tick rate 0) at 2019.02.26-05.38.51
[2019.02.26-10.38.51:386][  0]LogSlate: New Slate User Created.  User Index 8, Is Virtual User: 1
[2019.02.26-10.38.51:386][  0]LogSlate: Slate User Registered.  User Index 8, Is Virtual User: 1
[2019.02.26-10.38.51:386][  0]LogWorld: Bringing up level for play took: 0.012225
[2019.02.26-10.38.51:386][  0]LogGameMode: FindPlayerStart: PATHS NOT DEFINED or NO PLAYERSTART with positive rating
[2019.02.26-10.38.51:389][  0]LogBlueprintUserMessages: Warning: SetTimer passed a bad function (TimeFunctionTick) or object (MotionControllerPawn_2)
[2019.02.26-10.38.51:389][  0]LogBlueprintUserMessages: [MotionControllerPawn_2] 















Make_Hands
[2019.02.26-10.38.51:391][  0]LogBlueprintUserMessages: [MotionControllerPawn_2] 









Left
[2019.02.26-10.38.51:392][  0]LogBlueprintUserMessages: [MotionControllerPawn_2] 











Right
[2019.02.26-10.38.51:392][  0]LogLoad: Took 1.836836 seconds to LoadMap(/Game/StarterContent/Maps/Minimal_Default_2)
[2019.02.26-10.38.51:438][  0]LogRenderer: Reallocating scene render targets to support 1280x720 Format 26 NumSamples 1 (Frame:1).
[2019.02.26-10.38.51:438][  0]LogLoad: (Engine Initialization) Total time: 8.47 seconds
[2019.02.26-10.38.51:438][  0]LogLoad: (Engine Initialization) Total Blueprint compile time: 0.00 seconds
[2019.02.26-10.38.51:493][  0]LogWindowsTextInputMethodSystem: Display: IME system now deactivated.
[2019.02.26-10.38.51:496][  0]LogContentStreaming: Texture pool size now 1000 MB
[2019.02.26-10.38.52:491][ 57]LogBlueprintUserMessages: [MotionControllerPawn_2] 109
[2019.02.26-10.38.52:507][ 58]LogScript: Warning: Accessed None trying to read property ScanVar
	Spawner_C /Game/StarterContent/Maps/Minimal_Default_2.Minimal_Default_2:PersistentLevel.Spawner_2
	Function /Game/Blueprints/Spawner.Spawner_C:ExecuteUbergraph_Spawner:0F0C
[2019.02.26-10.38.52:507][ 58]LogScript: Warning: Script call stack:
	Function /Game/Blueprints/Spawner.Spawner_C:SpawnItem
	Function /Game/Blueprints/Spawner.Spawner_C:ExecuteUbergraph_Spawner

[2019.02.26-10.38.53:700][132]LogBlueprintUserMessages: [MotionControllerPawn_2] 108
[2019.02.26-10.38.54:910][207]LogBlueprintUserMessages: [MotionControllerPawn_2] 107
[2019.02.26-10.38.56:120][282]LogBlueprintUserMessages: [MotionControllerPawn_2] 106
[2019.02.26-10.38.57:329][357]LogBlueprintUserMessages: [MotionControllerPawn_2] 105
[2019.02.26-10.39.00:338][429]LogScript: Warning: Runaway loop detected (over 1,000,000 iterations) - see log for stack trace
	BabyCarts_C /Game/StarterContent/Maps/Minimal_Default_2.Minimal_Default_2:PersistentLevel.BabyCarts_C_0
	Function /Game/Blueprints/BabyCarts.BabyCarts_C:ExecuteUbergraph_BabyCarts:001E
[2019.02.26-10.39.00:338][429]LogScript: Warning: Script call stack:
	Function /Game/Blueprints/BabyCarts.BabyCarts_C:ExecuteUbergraph_BabyCarts
	Function /Game/Blueprints/BabyCarts.BabyCarts_C:AddAlien
	Function /Game/Blueprints/BabyCarts.BabyCarts_C:ExecuteUbergraph_BabyCarts

[2019.02.26-10.39.02:291][429]LogScript: Warning: Runaway loop detected (over 1,000,000 iterations) - see log for stack trace
	BabyCarts_C /Game/StarterContent/Maps/Minimal_Default_2.Minimal_Default_2:PersistentLevel.BabyCarts_C_1
	Function /Game/Blueprints/BabyCarts.BabyCarts_C:ExecuteUbergraph_BabyCarts:001E
[2019.02.26-10.39.02:291][429]LogScript: Warning: Script call stack:
	Function /Game/Blueprints/BabyCarts.BabyCarts_C:ExecuteUbergraph_BabyCarts
	Function /Game/Blueprints/BabyCarts.BabyCarts_C:AddAlien
	Function /Game/Blueprints/BabyCarts.BabyCarts_C:ExecuteUbergraph_BabyCarts

[2019.02.26-10.39.04:180][429]LogScript: Warning: Runaway loop detected (over 1,000,000 iterations) - see log for stack trace
	BabyCarts_C /Game/StarterContent/Maps/Minimal_Default_2.Minimal_Default_2:PersistentLevel.BabyCarts_C_2
	Function /Game/Blueprints/BabyCarts.BabyCarts_C:ExecuteUbergraph_BabyCarts:001E
[2019.02.26-10.39.04:180][429]LogScript: Warning: Script call stack:
	Function /Game/Blueprints/BabyCarts.BabyCarts_C:ExecuteUbergraph_BabyCarts
	Function /Game/Blueprints/BabyCarts.BabyCarts_C:AddAlien
	Function /Game/Blueprints/BabyCarts.BabyCarts_C:ExecuteUbergraph_BabyCarts

[2019.02.26-10.39.06:123][429]LogScript: Warning: Runaway loop detected (over 1,000,000 iterations) - see log for stack trace
	BabyCarts_C /Game/StarterContent/Maps/Minimal_Default_2.Minimal_Default_2:PersistentLevel.BabyCarts_C_3
	Function /Game/Blueprints/BabyCarts.BabyCarts_C:ExecuteUbergraph_BabyCarts:001E
[2019.02.26-10.39.06:123][429]LogScript: Warning: Script call stack:
	Function /Game/Blueprints/BabyCarts.BabyCarts_C:ExecuteUbergraph_BabyCarts
	Function /Game/Blueprints/BabyCarts.BabyCarts_C:AddAlien
	Function /Game/Blueprints/BabyCarts.BabyCarts_C:ExecuteUbergraph_BabyCarts

[2019.02.26-10.39.06:155][430]LogBlueprintUserMessages: [MotionControllerPawn_2] 104
[2019.02.26-10.39.06:228][430]LogAudio: Warning: Waited 71.441254ms for audio thread.
[2019.02.26-10.39.06:264][430]LogAudio: Warning: Waited 107.416420ms for audio thread.
[2019.02.26-10.39.06:300][430]LogAudio: Warning: Waited 143.325760ms for audio thread.
[2019.02.26-10.39.06:336][430]LogAudio: Warning: Waited 179.314377ms for audio thread.
[2019.02.26-10.39.06:372][430]LogAudio: Warning: Waited 215.293060ms for audio thread.
[2019.02.26-10.39.06:408][430]LogAudio: Warning: Waited 251.241898ms for audio thread.
[2019.02.26-10.39.06:444][430]LogAudio: Warning: Waited 287.232849ms for audio thread.
[2019.02.26-10.39.06:480][430]LogAudio: Warning: Waited 323.228210ms for audio thread.
[2019.02.26-10.39.06:516][430]LogAudio: Warning: Waited 359.224731ms for audio thread.
[2019.02.26-10.39.06:552][430]LogAudio: Warning: Waited 395.202240ms for audio thread.
[2019.02.26-10.39.06:588][430]LogAudio: Warning: Waited 431.190857ms for audio thread.
[2019.02.26-10.39.06:624][430]LogAudio: Warning: Waited 467.199371ms for audio thread.
[2019.02.26-10.39.06:659][430]LogAudio: Warning: Waited 502.181519ms for audio thread.
[2019.02.26-10.39.06:695][430]LogAudio: Warning: Waited 538.177795ms for audio thread.
[2019.02.26-10.39.06:731][430]LogAudio: Warning: Waited 574.170227ms for audio thread.
[2019.02.26-10.39.06:767][430]LogAudio: Warning: Waited 610.140137ms for audio thread.
[2019.02.26-10.39.06:802][430]LogAudio: Warning: Waited 645.442993ms for audio thread.
[2019.02.26-10.39.06:838][430]LogAudio: Warning: Waited 681.440674ms for audio thread.
[2019.02.26-10.39.06:874][430]LogAudio: Warning: Waited 717.446777ms for audio thread.
[2019.02.26-10.39.06:910][430]LogAudio: Warning: Waited 752.809937ms for audio thread.
[2019.02.26-10.39.06:946][430]LogAudio: Warning: Waited 788.804688ms for audio thread.
[2019.02.26-10.39.06:981][430]LogAudio: Warning: Waited 824.883972ms for audio thread.
[2019.02.26-10.39.07:017][430]LogAudio: Warning: Waited 860.800964ms for audio thread.
[2019.02.26-10.39.07:053][430]LogAudio: Warning: Waited 896.791016ms for audio thread.
[2019.02.26-10.39.07:089][430]LogAudio: Warning: Waited 932.758606ms for audio thread.
[2019.02.26-10.39.07:125][430]LogAudio: Warning: Waited 968.751892ms for audio thread.
[2019.02.26-10.39.07:161][430]LogAudio: Warning: Waited 1004.736206ms for audio thread.
[2019.02.26-10.39.07:197][430]LogAudio: Warning: Waited 1040.745850ms for audio thread.
[2019.02.26-10.39.07:233][430]LogAudio: Warning: Waited 1076.728394ms for audio thread.
[2019.02.26-10.39.07:269][430]LogAudio: Warning: Waited 1112.734009ms for audio thread.
[2019.02.26-10.39.07:305][430]LogAudio: Warning: Waited 1148.689697ms for audio thread.
[2019.02.26-10.39.07:341][430]LogAudio: Warning: Waited 1184.675781ms for audio thread.
[2019.02.26-10.39.07:377][430]LogAudio: Warning: Waited 1220.697998ms for audio thread.
[2019.02.26-10.39.07:413][430]LogAudio: Warning: Waited 1256.653564ms for audio thread.
[2019.02.26-10.39.07:449][430]LogAudio: Warning: Waited 1292.646606ms for audio thread.
[2019.02.26-10.39.07:485][430]LogAudio: Warning: Waited 1328.629150ms for audio thread.
[2019.02.26-10.39.07:521][430]LogAudio: Warning: Waited 1364.727417ms for audio thread.
[2019.02.26-10.39.07:557][430]LogAudio: Warning: Waited 1400.626831ms for audio thread.
[2019.02.26-10.39.07:593][430]LogAudio: Warning: Waited 1436.023560ms for audio thread.
[2019.02.26-10.39.07:629][430]LogAudio: Warning: Waited 1471.967651ms for audio thread.
[2019.02.26-10.39.07:665][430]LogAudio: Warning: Waited 1507.988770ms for audio thread.
[2019.02.26-10.39.07:701][430]LogAudio: Warning: Waited 1543.955200ms for audio thread.
[2019.02.26-10.39.07:737][430]LogAudio: Warning: Waited 1579.937134ms for audio thread.
[2019.02.26-10.39.07:773][430]LogAudio: Warning: Waited 1615.936279ms for audio thread.
[2019.02.26-10.39.07:809][430]LogAudio: Warning: Waited 1651.915527ms for audio thread.
[2019.02.26-10.39.07:845][430]LogAudio: Warning: Waited 1687.907349ms for audio thread.
[2019.02.26-10.39.07:881][430]LogAudio: Warning: Waited 1723.903931ms for audio thread.
[2019.02.26-10.39.07:917][430]LogAudio: Warning: Waited 1759.881592ms for audio thread.
[2019.02.26-10.39.07:953][430]LogAudio: Warning: Waited 1795.878784ms for audio thread.
[2019.02.26-10.39.07:988][430]LogAudio: Warning: Waited 1830.949951ms for audio thread.
[2019.02.26-10.39.08:024][430]LogAudio: Warning: Waited 1866.976318ms for audio thread.
[2019.02.26-10.39.08:060][430]LogAudio: Warning: Waited 1902.923584ms for audio thread.
[2019.02.26-10.39.08:096][430]LogAudio: Warning: Waited 1938.919922ms for audio thread.
[2019.02.26-10.39.08:132][430]LogAudio: Warning: Waited 1974.923706ms for audio thread.
[2019.02.26-10.39.08:168][430]LogAudio: Warning: Waited 2010.890503ms for audio thread.
[2019.02.26-10.39.08:204][430]LogAudio: Warning: Waited 2046.897461ms for audio thread.
[2019.02.26-10.39.08:240][430]LogAudio: Warning: Waited 2082.876953ms for audio thread.
[2019.02.26-10.39.08:276][430]LogAudio: Warning: Waited 2118.882813ms for audio thread.
[2019.02.26-10.39.08:311][430]LogAudio: Warning: Waited 2154.320557ms for audio thread.
[2019.02.26-10.39.08:347][430]LogAudio: Warning: Waited 2190.292480ms for audio thread.
[2019.02.26-10.39.08:383][430]LogAudio: Warning: Waited 2226.298340ms for audio thread.
[2019.02.26-10.39.08:419][430]LogAudio: Warning: Waited 2262.263428ms for audio thread.
[2019.02.26-10.39.08:455][430]LogAudio: Warning: Waited 2298.340332ms for audio thread.
[2019.02.26-10.39.08:490][430]LogAudio: Warning: Waited 2333.267090ms for audio thread.
[2019.02.26-10.39.08:526][430]LogAudio: Warning: Waited 2369.257568ms for audio thread.
[2019.02.26-10.39.08:562][430]LogAudio: Warning: Waited 2405.264160ms for audio thread.
[2019.02.26-10.39.08:598][430]LogAudio: Warning: Waited 2441.261719ms for audio thread.
[2019.02.26-10.39.08:634][430]LogAudio: Warning: Waited 2477.220215ms for audio thread.
[2019.02.26-10.39.08:670][430]LogAudio: Warning: Waited 2513.223877ms for audio thread.
[2019.02.26-10.39.08:706][430]LogAudio: Warning: Waited 2549.198730ms for audio thread.
[2019.02.26-10.39.08:742][430]LogAudio: Warning: Waited 2585.184082ms for audio thread.
[2019.02.26-10.39.08:778][430]LogAudio: Warning: Waited 2621.181641ms for audio thread.
[2019.02.26-10.39.08:813][430]LogAudio: Warning: Waited 2656.185547ms for audio thread.
[2019.02.26-10.39.08:849][430]LogAudio: Warning: Waited 2692.186035ms for audio thread.
[2019.02.26-10.39.08:885][430]LogAudio: Warning: Waited 2728.148193ms for audio thread.
[2019.02.26-10.39.08:921][430]LogAudio: Warning: Waited 2764.161621ms for audio thread.
[2019.02.26-10.39.08:957][430]LogAudio: Warning: Waited 2800.154785ms for audio thread.
[2019.02.26-10.39.08:993][430]LogAudio: Warning: Waited 2836.166992ms for audio thread.
[2019.02.26-10.39.09:029][430]LogAudio: Warning: Waited 2872.114746ms for audio thread.
[2019.02.26-10.39.09:065][430]LogAudio: Warning: Waited 2908.114258ms for audio thread.
[2019.02.26-10.39.09:101][430]LogAudio: Warning: Waited 2944.091064ms for audio thread.
[2019.02.26-10.39.09:137][430]LogAudio: Warning: Waited 2980.076904ms for audio thread.
[2019.02.26-10.39.09:173][430]LogAudio: Warning: Waited 3016.065186ms for audio thread.
[2019.02.26-10.39.09:209][430]LogAudio: Warning: Waited 3052.048096ms for audio thread.
[2019.02.26-10.39.09:245][430]LogAudio: Warning: Waited 3088.033203ms for audio thread.
[2019.02.26-10.39.09:281][430]LogAudio: Warning: Waited 3124.018311ms for audio thread.
[2019.02.26-10.39.09:316][430]LogAudio: Warning: Waited 3159.045898ms for audio thread.
[2019.02.26-10.39.09:352][430]LogAudio: Warning: Waited 3195.030273ms for audio thread.
[2019.02.26-10.39.09:387][430]LogAudio: Warning: Waited 3230.030762ms for audio thread.
[2019.02.26-10.39.09:423][430]LogAudio: Warning: Waited 3266.013184ms for audio thread.
[2019.02.26-10.39.09:459][430]LogAudio: Warning: Waited 3302.006836ms for audio thread.
[2019.02.26-10.39.09:495][430]LogAudio: Warning: Waited 3338.015137ms for audio thread.
[2019.02.26-10.39.09:531][430]LogAudio: Warning: Waited 3374.018799ms for audio thread.
[2019.02.26-10.39.09:567][430]LogAudio: Warning: Waited 3409.977539ms for audio thread.
[2019.02.26-10.39.09:603][430]LogAudio: Warning: Waited 3445.981445ms for audio thread.
[2019.02.26-10.39.09:639][430]LogAudio: Warning: Waited 3481.976074ms for audio thread.
[2019.02.26-10.39.09:675][430]LogAudio: Warning: Waited 3517.927734ms for audio thread.
[2019.02.26-10.39.09:711][430]LogAudio: Warning: Waited 3553.919434ms for audio thread.
[2019.02.26-10.39.09:747][430]LogAudio: Warning: Waited 3589.907471ms for audio thread.
[2019.02.26-10.39.09:782][430]LogAudio: Warning: Waited 3625.194336ms for audio thread.
[2019.02.26-10.39.09:818][430]LogAudio: Warning: Waited 3661.161621ms for audio thread.
[2019.02.26-10.39.09:854][430]LogAudio: Warning: Waited 3697.193359ms for audio thread.
[2019.02.26-10.39.09:889][430]LogAudio: Warning: Waited 3732.329102ms for audio thread.
[2019.02.26-10.39.09:925][430]LogAudio: Warning: Waited 3768.389404ms for audio thread.
[2019.02.26-10.39.09:961][430]LogAudio: Warning: Waited 3804.315186ms for audio thread.
[2019.02.26-10.39.09:997][430]LogAudio: Warning: Waited 3840.358887ms for audio thread.
[2019.02.26-10.39.10:033][430]LogAudio: Warning: Waited 3876.286377ms for audio thread.
[2019.02.26-10.39.10:069][430]LogAudio: Warning: Waited 3912.266357ms for audio thread.
[2019.02.26-10.39.10:105][430]LogAudio: Warning: Waited 3948.255859ms for audio thread.
[2019.02.26-10.39.10:141][430]LogAudio: Warning: Waited 3984.257080ms for audio thread.
[2019.02.26-10.39.10:177][430]LogAudio: Warning: Waited 4020.246094ms for audio thread.
[2019.02.26-10.39.10:213][430]LogAudio: Warning: Waited 4056.219971ms for audio thread.
[2019.02.26-10.39.10:249][430]LogAudio: Warning: Waited 4092.211670ms for audio thread.
[2019.02.26-10.39.10:285][430]LogAudio: Warning: Waited 4128.199707ms for audio thread.
[2019.02.26-10.39.10:321][430]LogAudio: Warning: Waited 4164.194824ms for audio thread.
[2019.02.26-10.39.10:357][430]LogAudio: Warning: Waited 4200.184570ms for audio thread.
[2019.02.26-10.39.10:393][430]LogAudio: Warning: Waited 4236.187500ms for audio thread.
[2019.02.26-10.39.10:429][430]LogAudio: Warning: Waited 4272.146973ms for audio thread.
[2019.02.26-10.39.10:465][430]LogAudio: Warning: Waited 4308.166504ms for audio thread.
[2019.02.26-10.39.10:501][430]LogAudio: Warning: Waited 4344.137695ms for audio thread.
[2019.02.26-10.39.10:537][430]LogAudio: Warning: Waited 4380.150391ms for audio thread.
[2019.02.26-10.39.10:573][430]LogAudio: Warning: Waited 4416.103027ms for audio thread.
[2019.02.26-10.39.10:609][430]LogAudio: Warning: Waited 4452.097168ms for audio thread.
[2019.02.26-10.39.10:645][430]LogAudio: Warning: Waited 4488.086426ms for audio thread.
[2019.02.26-10.39.10:681][430]LogAudio: Warning: Waited 4524.072266ms for audio thread.
[2019.02.26-10.39.10:716][430]LogAudio: Warning: Waited 4559.099609ms for audio thread.
[2019.02.26-10.39.10:752][430]LogAudio: Warning: Waited 4595.094238ms for audio thread.
[2019.02.26-10.39.10:787][430]LogAudio: Warning: Waited 4630.083008ms for audio thread.
[2019.02.26-10.39.10:823][430]LogAudio: Warning: Waited 4666.150879ms for audio thread.
[2019.02.26-10.39.10:859][430]LogAudio: Warning: Waited 4702.051758ms for audio thread.
[2019.02.26-10.39.10:895][430]LogAudio: Warning: Waited 4738.039551ms for audio thread.
[2019.02.26-10.39.10:931][430]LogAudio: Warning: Waited 4774.034668ms for audio thread.
[2019.02.26-10.39.10:967][430]LogAudio: Warning: Waited 4810.015625ms for audio thread.
[2019.02.26-10.39.11:003][430]LogAudio: Warning: Waited 4845.998047ms for audio thread.
[2019.02.26-10.39.11:039][430]LogAudio: Warning: Waited 4881.996094ms for audio thread.
[2019.02.26-10.39.11:075][430]LogAudio: Warning: Waited 4918.123047ms for audio thread.
[2019.02.26-10.39.11:111][430]LogAudio: Warning: Waited 4953.977539ms for audio thread.
[2019.02.26-10.39.11:147][430]LogAudio: Warning: Waited 4989.957031ms for audio thread.
[2019.02.26-10.39.11:182][430]LogAudio: Warning: Waited 5025.034668ms for audio thread.
[2019.02.26-10.39.11:218][430]LogAudio: Warning: Waited 5061.034180ms for audio thread.
[2019.02.26-10.39.11:254][430]LogAudio: Warning: Waited 5097.041016ms for audio thread.
[2019.02.26-10.39.11:290][430]LogAudio: Warning: Waited 5132.992188ms for audio thread.
[2019.02.26-10.39.11:326][430]LogAudio: Warning: Waited 5168.976074ms for audio thread.
[2019.02.26-10.39.11:362][430]LogAudio: Warning: Waited 5204.986328ms for audio thread.
[2019.02.26-10.39.11:398][430]LogAudio: Warning: Waited 5240.961914ms for audio thread.
[2019.02.26-10.39.11:434][430]LogAudio: Warning: Waited 5276.953613ms for audio thread.
[2019.02.26-10.39.11:470][430]LogAudio: Warning: Waited 5312.958008ms for audio thread.
[2019.02.26-10.39.11:506][430]LogAudio: Warning: Waited 5348.929688ms for audio thread.
[2019.02.26-10.39.11:542][430]LogAudio: Warning: Waited 5385.032715ms for audio thread.
[2019.02.26-10.39.11:578][430]LogAudio: Warning: Waited 5420.895996ms for audio thread.
[2019.02.26-10.39.11:613][430]LogAudio: Warning: Waited 5455.896973ms for audio thread.
[2019.02.26-10.39.11:649][430]LogAudio: Warning: Waited 5492.053223ms for audio thread.
[2019.02.26-10.39.11:685][430]LogAudio: Warning: Waited 5527.906250ms for audio thread.
[2019.02.26-10.39.11:721][430]LogAudio: Warning: Waited 5563.854492ms for audio thread.
[2019.02.26-10.39.11:757][430]LogAudio: Warning: Waited 5599.853516ms for audio thread.
[2019.02.26-10.39.11:792][430]LogAudio: Warning: Waited 5635.326172ms for audio thread.
[2019.02.26-10.39.11:828][430]LogAudio: Warning: Waited 5671.303223ms for audio thread.
[2019.02.26-10.39.11:864][430]LogAudio: Warning: Waited 5707.288086ms for audio thread.
[2019.02.26-10.39.11:900][430]LogAudio: Warning: Waited 5743.275879ms for audio thread.
[2019.02.26-10.39.11:936][430]LogAudio: Warning: Waited 5779.287598ms for audio thread.
[2019.02.26-10.39.11:972][430]LogAudio: Warning: Waited 5815.250488ms for audio thread.
[2019.02.26-10.39.12:008][430]LogAudio: Warning: Waited 5851.248535ms for audio thread.
[2019.02.26-10.39.12:044][430]LogAudio: Warning: Waited 5887.385742ms for audio thread.
[2019.02.26-10.39.12:080][430]LogAudio: Warning: Waited 5923.224609ms for audio thread.
[2019.02.26-10.39.12:116][430]LogAudio: Warning: Waited 5959.209473ms for audio thread.
[2019.02.26-10.39.12:152][430]LogAudio: Warning: Waited 5995.215332ms for audio thread.
[2019.02.26-10.39.12:188][430]LogAudio: Warning: Waited 6031.211914ms for audio thread.
[2019.02.26-10.39.12:224][430]LogAudio: Warning: Waited 6067.174316ms for audio thread.
[2019.02.26-10.39.12:260][430]LogAudio: Warning: Waited 6103.197266ms for audio thread.
[2019.02.26-10.39.12:295][430]LogAudio: Warning: Waited 6138.264648ms for audio thread.
[2019.02.26-10.39.12:331][430]LogAudio: Warning: Waited 6174.249023ms for audio thread.
[2019.02.26-10.39.12:367][430]LogAudio: Warning: Waited 6210.289551ms for audio thread.
[2019.02.26-10.39.12:402][430]LogAudio: Warning: Waited 6245.841309ms for audio thread.
[2019.02.26-10.39.12:438][430]LogAudio: Warning: Waited 6281.725098ms for audio thread.
[2019.02.26-10.39.12:474][430]LogAudio: Warning: Waited 6317.708008ms for audio thread.
[2019.02.26-10.39.12:510][430]LogAudio: Warning: Waited 6353.719238ms for audio thread.
[2019.02.26-10.39.12:546][430]LogAudio: Warning: Waited 6389.691895ms for audio thread.
[2019.02.26-10.39.12:582][430]LogAudio: Warning: Waited 6425.686523ms for audio thread.
[2019.02.26-10.39.12:618][430]LogAudio: Warning: Waited 6461.662109ms for audio thread.
[2019.02.26-10.39.12:654][430]LogAudio: Warning: Waited 6497.708984ms for audio thread.
[2019.02.26-10.39.12:690][430]LogAudio: Warning: Waited 6533.646484ms for audio thread.
[2019.02.26-10.39.12:726][430]LogAudio: Warning: Waited 6569.635742ms for audio thread.
[2019.02.26-10.39.12:762][430]LogAudio: Warning: Waited 6605.622070ms for audio thread.
[2019.02.26-10.39.12:798][430]LogAudio: Warning: Waited 6641.612793ms for audio thread.
[2019.02.26-10.39.12:834][430]LogAudio: Warning: Waited 6677.600098ms for audio thread.
[2019.02.26-10.39.12:870][430]LogAudio: Warning: Waited 6713.590820ms for audio thread.
[2019.02.26-10.39.12:906][430]LogAudio: Warning: Waited 6749.589355ms for audio thread.
[2019.02.26-10.39.12:942][430]LogAudio: Warning: Waited 6785.566406ms for audio thread.
[2019.02.26-10.39.12:978][430]LogAudio: Warning: Waited 6821.556152ms for audio thread.
[2019.02.26-10.39.13:014][430]LogAudio: Warning: Waited 6857.554199ms for audio thread.
[2019.02.26-10.39.13:050][430]LogAudio: Warning: Waited 6893.538086ms for audio thread.
