Log file open, 02/26/19 01:59:14
LogWindows: Failed to load 'aqProf.dll' (GetLastError=126)
LogWindows: File 'aqProf.dll' does not exist
LogWindows: Failed to load 'VtuneApi.dll' (GetLastError=126)
LogWindows: File 'VtuneApi.dll' does not exist
LogWindows: Failed to load 'VtuneApi32e.dll' (GetLastError=126)
LogWindows: File 'VtuneApi32e.dll' does not exist
LogConsoleResponse: Display: Failed to find resolution value strings in scalability ini. Falling back to default.
LogInit: Display: Running engine for game: HumanStuff
LogPakFile: Registered encryption key '00000000000000000000000000000000': 0 pak files mounted, 0 remain pending
LogPlatformFile: Not using cached read wrapper
LogTaskGraph: Started task graph with 5 named threads and 35 total threads with 3 sets of task threads.
LogStats: Stats thread started at 0.403148
LogD3D11RHI: Loaded GFSDK_Aftermath_Lib.x64.dll
LogICUInternationalization: ICU TimeZone Detection - Raw Offset: -5:00, Platform Override: ''
LogPluginManager: Mounting plugin Paper2D
LogPluginManager: Mounting plugin AISupport
LogPluginManager: Mounting plugin LightPropagationVolume
LogPluginManager: Mounting plugin ActorLayerUtilities
LogPluginManager: Mounting plugin CLionSourceCodeAccess
LogPluginManager: Mounting plugin CodeLiteSourceCodeAccess
LogPluginManager: Mounting plugin GitSourceControl
LogPluginManager: Mounting plugin KDevelopSourceCodeAccess
LogPluginManager: Mounting plugin NullSourceCodeAccess
LogPluginManager: Mounting plugin PerforceSourceControl
LogPluginManager: Mounting plugin SubversionSourceControl
LogPluginManager: Mounting plugin UObjectPlugin
LogPluginManager: Mounting plugin VisualStudioCodeSourceCodeAccess
LogPluginManager: Mounting plugin VisualStudioSourceCodeAccess
LogPluginManager: Mounting plugin XCodeSourceCodeAccess
LogPluginManager: Mounting plugin AssetManagerEditor
LogPluginManager: Mounting plugin CryptoKeys
LogPluginManager: Mounting plugin DataValidation
LogPluginManager: Mounting plugin FacialAnimation
LogPluginManager: Mounting plugin GameplayTagsEditor
LogPluginManager: Mounting plugin MacGraphicsSwitching
LogPluginManager: Mounting plugin MeshEditor
LogPluginManager: Mounting plugin MobileLauncherProfileWizard
LogPluginManager: Mounting plugin PluginBrowser
LogPluginManager: Mounting plugin SpeedTreeImporter
LogPluginManager: Mounting plugin DatasmithContent
LogPluginManager: Mounting plugin VariantManagerContent
LogPluginManager: Mounting plugin AlembicImporter
LogPluginManager: Mounting plugin AppleImageUtils
LogPluginManager: Mounting plugin AppleVision
LogPluginManager: Mounting plugin BackChannel
LogPluginManager: Mounting plugin CharacterAI
LogPluginManager: Mounting plugin GeometryCache
LogPluginManager: Mounting plugin HTML5Networking
LogPluginManager: Mounting plugin ProxyLODPlugin
LogPluginManager: Mounting plugin MagicLeap
LogPluginManager: Mounting plugin MagicLeapMedia
LogPluginManager: Mounting plugin AndroidMedia
LogPluginManager: Mounting plugin AvfMedia
LogPluginManager: Mounting plugin ImgMedia
LogPluginManager: Mounting plugin LinearTimecode
LogPluginManager: Mounting plugin MediaCompositing
LogPluginManager: Mounting plugin MediaPlayerEditor
LogPluginManager: Mounting plugin WebMMedia
LogPluginManager: Mounting plugin WmfMedia
LogPluginManager: Mounting plugin TcpMessaging
LogPluginManager: Mounting plugin UdpMessaging
LogPluginManager: Mounting plugin ActorSequence
LogPluginManager: Mounting plugin LevelSequenceEditor
LogPluginManager: Mounting plugin MatineeToLevelSequence
LogPluginManager: Mounting plugin NetcodeUnitTest
LogPluginManager: Mounting plugin NUTUnrealEngine4
LogPluginManager: Mounting plugin OnlineSubsystemGooglePlay
LogPluginManager: Mounting plugin OnlineSubsystemIOS
LogPluginManager: Mounting plugin OnlineSubsystem
LogPluginManager: Mounting plugin OnlineSubsystemNull
LogPluginManager: Mounting plugin OnlineSubsystemUtils
LogPluginManager: Mounting plugin LauncherChunkInstaller
LogPluginManager: Mounting plugin AndroidDeviceProfileSelector
LogPluginManager: Mounting plugin AndroidMoviePlayer
LogPluginManager: Mounting plugin AndroidPermission
LogPluginManager: Mounting plugin AppleMoviePlayer
LogPluginManager: Mounting plugin ArchVisCharacter
LogPluginManager: Mounting plugin AudioCapture
LogPluginManager: Mounting plugin CableComponent
LogPluginManager: Mounting plugin CustomMeshComponent
LogPluginManager: Mounting plugin EditableMesh
LogPluginManager: Mounting plugin ExampleDeviceProfileSelector
LogPluginManager: Mounting plugin Firebase
LogPluginManager: Mounting plugin GoogleCloudMessaging
LogPluginManager: Mounting plugin IOSDeviceProfileSelector
LogPluginManager: Mounting plugin LinuxDeviceProfileSelector
LogPluginManager: Mounting plugin LocationServicesBPLibrary
LogPluginManager: Mounting plugin MobilePatchingUtils
LogPluginManager: Mounting plugin OculusVR
LogPluginManager: Mounting plugin PhysXVehicles
LogPluginManager: Mounting plugin ProceduralMeshComponent
LogPluginManager: Mounting plugin RuntimePhysXCooking
LogPluginManager: Mounting plugin SteamVR
LogPluginManager: Mounting plugin WebMMoviePlayer
LogPluginManager: Mounting plugin WindowsMoviePlayer
LogStreaming: Display: Took  0.080s to configure plugins.
LogInit: Using libcurl 7.55.1-DEV
LogInit:  - built for x86_64-pc-win32
LogInit:  - supports SSL with OpenSSL/1.0.2h
LogInit:  - supports HTTP deflate (compression) using libz 1.2.8
LogInit:  - other features:
LogInit:      CURL_VERSION_SSL
LogInit:      CURL_VERSION_LIBZ
LogInit:      CURL_VERSION_IPV6
LogInit:      CURL_VERSION_ASYNCHDNS
LogInit:      CURL_VERSION_LARGEFILE
LogInit:      CURL_VERSION_IDN
LogInit:  CurlRequestOptions (configurable via config and command line):
LogInit:  - bVerifyPeer = true  - Libcurl will verify peer certificate
LogInit:  - bUseHttpProxy = false  - Libcurl will NOT use HTTP proxy
LogInit:  - bDontReuseConnections = false  - Libcurl will reuse connections
LogInit:  - MaxHostConnections = 16  - Libcurl will limit the number of connections to a host
LogInit:  - LocalHostAddr = Default
LogInit:  - BufferSize = 65536
LogInit: WinSock: version 1.1 (2.2), MaxSocks=32767, MaxUdp=65467
LogHMD: Failed initializing OVRPlugin 1.28.0
LogInit: Build: ++UE4+Release-4.21-CL-4753647
LogInit: Engine Version: 4.21.2-4753647+++UE4+Release-4.21
LogInit: Compatible Engine Version: 4.21.0-4541578+++UE4+Release-4.21
LogInit: Net CL: 4541578
LogInit: OS: Windows 10 (), CPU: Intel(R) Core(TM) i7-8750H CPU @ 2.20GHz, GPU: Intel(R) UHD Graphics 630
LogInit: Compiled (64-bit): Jan 19 2019 02:07:31
LogInit: Compiled with Visual C++: 19.13.26129.00
LogInit: Build Configuration: Development
LogInit: Branch Name: ++UE4+Release-4.21
LogInit: Command Line: 
LogInit: Base Directory: C:/Program Files/Epic Games/UE_4.21/Engine/Binaries/Win64/
LogInit: Installed Engine Build: 1
LogDevObjectVersion: Number of dev versions registered: 22
LogDevObjectVersion:   Dev-Blueprints (B0D832E4-1F89-4F0D-ACCF-7EB736FD4AA2): 10
LogDevObjectVersion:   Dev-Build (E1C64328-A22C-4D53-A36C-8E866417BD8C): 0
LogDevObjectVersion:   Dev-Core (375EC13C-06E4-48FB-B500-84F0262A717E): 2
LogDevObjectVersion:   Dev-Editor (E4B068ED-F494-42E9-A231-DA0B2E46BB41): 26
LogDevObjectVersion:   Dev-Framework (CFFC743F-43B0-4480-9391-14DF171D2073): 34
LogDevObjectVersion:   Dev-Mobile (B02B49B5-BB20-44E9-A304-32B752E40360): 2
LogDevObjectVersion:   Dev-Networking (A4E4105C-59A1-49B5-A7C5-40C4547EDFEE): 0
LogDevObjectVersion:   Dev-Online (39C831C9-5AE6-47DC-9A44-9C173E1C8E7C): 0
LogDevObjectVersion:   Dev-Physics (78F01B33-EBEA-4F98-B9B4-84EACCB95AA2): 0
LogDevObjectVersion:   Dev-Platform (6631380F-2D4D-43E0-8009-CF276956A95A): 0
LogDevObjectVersion:   Dev-Rendering (12F88B9F-8875-4AFC-A67C-D90C383ABD29): 27
LogDevObjectVersion:   Dev-Sequencer (7B5AE74C-D270-4C10-A958-57980B212A5A): 9
LogDevObjectVersion:   Dev-VR (D7296918-1DD6-4BDD-9DE2-64A83CC13884): 2
LogDevObjectVersion:   Dev-LoadTimes (C2A15278-BFE7-4AFE-6C17-90FF531DF755): 1
LogDevObjectVersion:   Private-Geometry (6EACA3D4-40EC-4CC1-B786-8BED09428FC5): 3
LogDevObjectVersion:   Dev-AnimPhys (29E575DD-E0A3-4627-9D10-D276232CDCEA): 17
LogDevObjectVersion:   Dev-Anim (AF43A65D-7FD3-4947-9873-3E8ED9C1BB05): 2
LogDevObjectVersion:   Dev-ReflectionCapture (6B266CEC-1EC7-4B8F-A30B-E4D90942FC07): 1
LogDevObjectVersion:   Dev-Automation (0DF73D61-A23F-47EA-B727-89E90C41499A): 1
LogDevObjectVersion:   FortniteMain (601D1886-AC64-4F84-AA16-D3DE0DEAC7D6): 17
LogDevObjectVersion:   Dev-Enterprise (9DFFBCD6-494F-0158-E221-12823C92A888): 4
LogDevObjectVersion:   Dev-Niagara (F2AED0AC-9AFE-416F-8664-AA7FFA26D6FC): 1
LogStreaming: Display: Took  0.001s to delete old logs.
LogInit: Presizing for max 8388607 objects, including 0 objects not considered by GC, pre-allocating 0 bytes for permanent pool.
LogInit: Object subsystem initialized
LogConfig: Setting CVar [[con.DebugEarlyDefault:1]]
LogConfig: Setting CVar [[r.setres:1280x720]]
[2019.02.26-06.59.15:712][  0]LogConfig: Setting CVar [[r.VSync:0]]
[2019.02.26-06.59.15:712][  0]LogConfig: Setting CVar [[r.RHICmdBypass:0]]
[2019.02.26-06.59.15:712][  0]LogConfig: Applying CVar settings from Section [/Script/Engine.RendererSettings] File [D:/humanStuff/MyProject3/Saved/Config/Windows/Engine.ini]
[2019.02.26-06.59.15:712][  0]LogConfig: Setting CVar [[r.GPUCrashDebugging:0]]
[2019.02.26-06.59.15:712][  0]LogConfig: Applying CVar settings from Section [/Script/Engine.RendererOverrideSettings] File [D:/humanStuff/MyProject3/Saved/Config/Windows/Engine.ini]
[2019.02.26-06.59.15:712][  0]LogConfig: Applying CVar settings from Section [/Script/Engine.StreamingSettings] File [D:/humanStuff/MyProject3/Saved/Config/Windows/Engine.ini]
[2019.02.26-06.59.15:712][  0]LogConfig: Setting CVar [[s.MinBulkDataSizeForAsyncLoading:131072]]
[2019.02.26-06.59.15:712][  0]LogConfig: Setting CVar [[s.AsyncLoadingThreadEnabled:0]]
[2019.02.26-06.59.15:712][  0]LogConfig: Setting CVar [[s.EventDrivenLoaderEnabled:1]]
[2019.02.26-06.59.15:712][  0]LogConfig: Setting CVar [[s.WarnIfTimeLimitExceeded:0]]
[2019.02.26-06.59.15:712][  0]LogConfig: Setting CVar [[s.TimeLimitExceededMultiplier:1.5]]
[2019.02.26-06.59.15:712][  0]LogConfig: Setting CVar [[s.TimeLimitExceededMinTime:0.005]]
[2019.02.26-06.59.15:712][  0]LogConfig: Setting CVar [[s.UseBackgroundLevelStreaming:1]]
[2019.02.26-06.59.15:712][  0]LogConfig: Setting CVar [[s.PriorityAsyncLoadingExtraTime:15.0]]
[2019.02.26-06.59.15:712][  0]LogConfig: Setting CVar [[s.LevelStreamingActorsUpdateTimeLimit:5.0]]
[2019.02.26-06.59.15:712][  0]LogConfig: Setting CVar [[s.PriorityLevelStreamingActorsUpdateExtraTime:5.0]]
[2019.02.26-06.59.15:712][  0]LogConfig: Setting CVar [[s.LevelStreamingComponentsRegistrationGranularity:10]]
[2019.02.26-06.59.15:712][  0]LogConfig: Setting CVar [[s.UnregisterComponentsTimeLimit:1.0]]
[2019.02.26-06.59.15:712][  0]LogConfig: Setting CVar [[s.LevelStreamingComponentsUnregistrationGranularity:5]]
[2019.02.26-06.59.15:712][  0]LogConfig: Applying CVar settings from Section [/Script/Engine.GarbageCollectionSettings] File [D:/humanStuff/MyProject3/Saved/Config/Windows/Engine.ini]
[2019.02.26-06.59.15:712][  0]LogConfig: Setting CVar [[gc.MaxObjectsNotConsideredByGC:1]]
[2019.02.26-06.59.15:712][  0]LogConfig: Setting CVar [[gc.SizeOfPermanentObjectPool:0]]
[2019.02.26-06.59.15:712][  0]LogConfig: Setting CVar [[gc.FlushStreamingOnGC:0]]
[2019.02.26-06.59.15:712][  0]LogConfig: Setting CVar [[gc.NumRetriesBeforeForcingGC:10]]
[2019.02.26-06.59.15:712][  0]LogConfig: Setting CVar [[gc.AllowParallelGC:1]]
[2019.02.26-06.59.15:712][  0]LogConfig: Setting CVar [[gc.TimeBetweenPurgingPendingKillObjects:61.1]]
[2019.02.26-06.59.15:712][  0]LogConfig: Setting CVar [[gc.MaxObjectsInEditor:8388607]]
[2019.02.26-06.59.15:712][  0]LogConfig: Setting CVar [[gc.IncrementalBeginDestroyEnabled:1]]
[2019.02.26-06.59.15:712][  0]LogConfig: Setting CVar [[gc.CreateGCClusters:1]]
[2019.02.26-06.59.15:712][  0]LogConfig: Setting CVar [[gc.MergeGCClusters:0]]
[2019.02.26-06.59.15:712][  0]LogConfig: Setting CVar [[gc.MinGCClusterSize:5]]
[2019.02.26-06.59.15:712][  0]LogConfig: Setting CVar [[gc.ActorClusteringEnabled:0]]
[2019.02.26-06.59.15:712][  0]LogConfig: Setting CVar [[gc.BlueprintClusteringEnabled:0]]
[2019.02.26-06.59.15:712][  0]LogConfig: Setting CVar [[gc.UseDisregardForGCOnDedicatedServers:0]]
[2019.02.26-06.59.15:712][  0]LogConfig: Applying CVar settings from Section [/Script/Engine.NetworkSettings] File [D:/humanStuff/MyProject3/Saved/Config/Windows/Engine.ini]
[2019.02.26-06.59.15:713][  0]LogConfig: Applying CVar settings from Section [/Script/UnrealEd.CookerSettings] File [D:/humanStuff/MyProject3/Saved/Config/Windows/Engine.ini]
[2019.02.26-06.59.15:714][  0]LogConfig: Applying CVar settings from Section [ViewDistanceQuality@3] File [D:/humanStuff/MyProject3/Saved/Config/Windows/Scalability.ini]
[2019.02.26-06.59.15:714][  0]LogConfig: Setting CVar [[r.SkeletalMeshLODBias:0]]
[2019.02.26-06.59.15:714][  0]LogConfig: Setting CVar [[r.ViewDistanceScale:1.0]]
[2019.02.26-06.59.15:714][  0]LogConfig: Applying CVar settings from Section [AntiAliasingQuality@3] File [D:/humanStuff/MyProject3/Saved/Config/Windows/Scalability.ini]
[2019.02.26-06.59.15:714][  0]LogConfig: Setting CVar [[r.PostProcessAAQuality:3]]
[2019.02.26-06.59.15:714][  0]LogConfig: Applying CVar settings from Section [ShadowQuality@3] File [D:/humanStuff/MyProject3/Saved/Config/Windows/Scalability.ini]
[2019.02.26-06.59.15:714][  0]LogConfig: Setting CVar [[r.LightFunctionQuality:1]]
[2019.02.26-06.59.15:714][  0]LogConfig: Setting CVar [[r.ShadowQuality:5]]
[2019.02.26-06.59.15:714][  0]LogConfig: Setting CVar [[r.Shadow.CSM.MaxCascades:10]]
[2019.02.26-06.59.15:714][  0]LogConfig: Setting CVar [[r.Shadow.MaxResolution:2048]]
[2019.02.26-06.59.15:714][  0]LogConfig: Setting CVar [[r.Shadow.MaxCSMResolution:2048]]
[2019.02.26-06.59.15:714][  0]LogConfig: Setting CVar [[r.Shadow.RadiusThreshold:0.01]]
[2019.02.26-06.59.15:714][  0]LogConfig: Setting CVar [[r.Shadow.DistanceScale:1.0]]
[2019.02.26-06.59.15:714][  0]LogConfig: Setting CVar [[r.Shadow.CSM.TransitionScale:1.0]]
[2019.02.26-06.59.15:714][  0]LogConfig: Setting CVar [[r.Shadow.PreShadowResolutionFactor:1.0]]
[2019.02.26-06.59.15:714][  0]LogConfig: Setting CVar [[r.DistanceFieldShadowing:1]]
[2019.02.26-06.59.15:715][  0]LogConfig: Setting CVar [[r.DistanceFieldAO:1]]
[2019.02.26-06.59.15:715][  0]LogConfig: Setting CVar [[r.AOQuality:2]]
[2019.02.26-06.59.15:715][  0]LogConfig: Setting CVar [[r.VolumetricFog:1]]
[2019.02.26-06.59.15:715][  0]LogConfig: Setting CVar [[r.VolumetricFog.GridPixelSize:8]]
[2019.02.26-06.59.15:715][  0]LogConfig: Setting CVar [[r.VolumetricFog.GridSizeZ:128]]
[2019.02.26-06.59.15:715][  0]LogConfig: Setting CVar [[r.VolumetricFog.HistoryMissSupersampleCount:4]]
[2019.02.26-06.59.15:715][  0]LogConfig: Setting CVar [[r.LightMaxDrawDistanceScale:1]]
[2019.02.26-06.59.15:715][  0]LogConfig: Setting CVar [[r.CapsuleShadows:1]]
[2019.02.26-06.59.15:715][  0]LogConfig: Applying CVar settings from Section [PostProcessQuality@3] File [D:/humanStuff/MyProject3/Saved/Config/Windows/Scalability.ini]
[2019.02.26-06.59.15:715][  0]LogConfig: Setting CVar [[r.MotionBlurQuality:0]]
[2019.02.26-06.59.15:715][  0]LogConfig: Setting CVar [[r.AmbientOcclusionMipLevelFactor:0.4]]
[2019.02.26-06.59.15:715][  0]LogConfig: Setting CVar [[r.AmbientOcclusionMaxQuality:100]]
[2019.02.26-06.59.15:715][  0]LogConfig: Setting CVar [[r.AmbientOcclusionLevels:0]]
[2019.02.26-06.59.15:715][  0]LogConfig: Setting CVar [[r.AmbientOcclusionRadiusScale:1.0]]
[2019.02.26-06.59.15:715][  0]LogConfig: Setting CVar [[r.DepthOfFieldQuality:0]]
[2019.02.26-06.59.15:715][  0]LogConfig: Setting CVar [[r.RenderTargetPoolMin:400]]
[2019.02.26-06.59.15:715][  0]LogConfig: Setting CVar [[r.LensFlareQuality:0]]
[2019.02.26-06.59.15:715][  0]LogConfig: Setting CVar [[r.SceneColorFringeQuality:0]]
[2019.02.26-06.59.15:715][  0]LogConfig: Setting CVar [[r.EyeAdaptationQuality:2]]
[2019.02.26-06.59.15:715][  0]LogConfig: Setting CVar [[r.BloomQuality:1]]
[2019.02.26-06.59.15:715][  0]LogConfig: Setting CVar [[r.FastBlurThreshold:0]]
[2019.02.26-06.59.15:715][  0]LogConfig: Setting CVar [[r.Upscale.Quality:3]]
[2019.02.26-06.59.15:715][  0]LogConfig: Setting CVar [[r.Tonemapper.GrainQuantization:1]]
[2019.02.26-06.59.15:715][  0]LogConfig: Setting CVar [[r.LightShaftQuality:1]]
[2019.02.26-06.59.15:715][  0]LogConfig: Setting CVar [[r.Filter.SizeScale:1]]
[2019.02.26-06.59.15:715][  0]LogConfig: Setting CVar [[r.Tonemapper.Quality:5]]
[2019.02.26-06.59.15:715][  0]LogConfig: Setting CVar [[r.DOF.Gather.AccumulatorQuality:1        ; higher gathering accumulator quality]]
[2019.02.26-06.59.15:715][  0]LogConfig: Setting CVar [[r.DOF.Gather.PostfilterMethod:1          ; Median3x3 postfilering method]]
[2019.02.26-06.59.15:715][  0]LogConfig: Setting CVar [[r.DOF.Gather.EnableBokehSettings:0       ; no bokeh simulation when gathering]]
[2019.02.26-06.59.15:715][  0]LogConfig: Setting CVar [[r.DOF.Gather.RingCount:4                 ; medium number of samples when gathering]]
[2019.02.26-06.59.15:715][  0]LogConfig: Setting CVar [[r.DOF.Scatter.ForegroundCompositing:1    ; additive foreground scattering]]
[2019.02.26-06.59.15:715][  0]LogConfig: Setting CVar [[r.DOF.Scatter.BackgroundCompositing:2    ; additive background scattering]]
[2019.02.26-06.59.15:715][  0]LogConfig: Setting CVar [[r.DOF.Scatter.EnableBokehSettings:1      ; bokeh simulation when scattering]]
[2019.02.26-06.59.15:715][  0]LogConfig: Setting CVar [[r.DOF.Scatter.MaxSpriteRatio:0.1         ; only a maximum of 10% of scattered bokeh]]
[2019.02.26-06.59.15:715][  0]LogConfig: Setting CVar [[r.DOF.Recombine.Quality:1                ; cheap slight out of focus]]
[2019.02.26-06.59.15:715][  0]LogConfig: Setting CVar [[r.DOF.Recombine.EnableBokehSettings:0    ; no bokeh simulation on slight out of focus]]
[2019.02.26-06.59.15:715][  0]LogConfig: Setting CVar [[r.DOF.TemporalAAQuality:1                ; more stable temporal accumulation]]
[2019.02.26-06.59.15:715][  0]LogConfig: Setting CVar [[r.DOF.Kernel.MaxForegroundRadius:0.025]]
[2019.02.26-06.59.15:715][  0]LogConfig: Setting CVar [[r.DOF.Kernel.MaxBackgroundRadius:0.025]]
[2019.02.26-06.59.15:715][  0]LogConfig: Applying CVar settings from Section [TextureQuality@3] File [D:/humanStuff/MyProject3/Saved/Config/Windows/Scalability.ini]
[2019.02.26-06.59.15:715][  0]LogConfig: Setting CVar [[r.Streaming.MipBias:0]]
[2019.02.26-06.59.15:715][  0]LogConfig: Setting CVar [[r.Streaming.AmortizeCPUToGPUCopy:0]]
[2019.02.26-06.59.15:715][  0]LogConfig: Setting CVar [[r.Streaming.MaxNumTexturesToStreamPerFrame:0]]
[2019.02.26-06.59.15:715][  0]LogConfig: Setting CVar [[r.Streaming.Boost:1]]
[2019.02.26-06.59.15:715][  0]LogConfig: Setting CVar [[r.MaxAnisotropy:8]]
[2019.02.26-06.59.15:715][  0]LogConfig: Setting CVar [[r.Streaming.LimitPoolSizeToVRAM:0]]
[2019.02.26-06.59.15:715][  0]LogConfig: Setting CVar [[r.Streaming.PoolSize:1000]]
[2019.02.26-06.59.15:715][  0]LogConfig: Setting CVar [[r.Streaming.MaxEffectiveScreenSize:0]]
[2019.02.26-06.59.15:715][  0]LogConfig: Applying CVar settings from Section [EffectsQuality@3] File [D:/humanStuff/MyProject3/Saved/Config/Windows/Scalability.ini]
[2019.02.26-06.59.15:715][  0]LogConfig: Setting CVar [[r.TranslucencyLightingVolumeDim:4]]
[2019.02.26-06.59.15:715][  0]LogConfig: Setting CVar [[r.RefractionQuality:2]]
[2019.02.26-06.59.15:715][  0]LogConfig: Setting CVar [[r.SSR.Quality:0]]
[2019.02.26-06.59.15:715][  0]LogConfig: Setting CVar [[r.SceneColorFormat:2]]
[2019.02.26-06.59.15:715][  0]LogConfig: Setting CVar [[r.DetailMode:2]]
[2019.02.26-06.59.15:715][  0]LogConfig: Setting CVar [[r.TranslucencyVolumeBlur:0]]
[2019.02.26-06.59.15:715][  0]LogConfig: Setting CVar [[r.MaterialQualityLevel:1 ; High quality]]
[2019.02.26-06.59.15:715][  0]LogConfig: Setting CVar [[r.SSS.Scale:1]]
[2019.02.26-06.59.15:715][  0]LogConfig: Setting CVar [[r.SSS.SampleSet:2]]
[2019.02.26-06.59.15:715][  0]LogConfig: Setting CVar [[r.SSS.Quality:1]]
[2019.02.26-06.59.15:715][  0]LogConfig: Setting CVar [[r.SSS.HalfRes:1]]
[2019.02.26-06.59.15:715][  0]LogConfig: Setting CVar [[r.EmitterSpawnRateScale:1.0]]
[2019.02.26-06.59.15:715][  0]LogConfig: Setting CVar [[r.ParticleLightQuality:2]]
[2019.02.26-06.59.15:715][  0]LogConfig: Applying CVar settings from Section [FoliageQuality@3] File [D:/humanStuff/MyProject3/Saved/Config/Windows/Scalability.ini]
[2019.02.26-06.59.15:715][  0]LogConfig: Setting CVar [[foliage.DensityScale:1.0]]
[2019.02.26-06.59.15:715][  0]LogConfig: Setting CVar [[grass.DensityScale:1.0]]
[2019.02.26-06.59.15:715][  0]LogInit: Selected Device Profile: [Windows]
[2019.02.26-06.59.15:715][  0]LogInit: Applying CVar settings loaded from the selected device profile: [Windows]
[2019.02.26-06.59.15:721][  0]LogHAL: Display: Platform has ~ 16 GB [17018638336 / 17179869184 / 16], which maps to Larger [LargestMinGB=32, LargerMinGB=12, DefaultMinGB=8, SmallerMinGB=6, SmallestMinGB=0)
[2019.02.26-06.59.15:721][  0]LogConfig: Setting CVar [[r.Vulkan.UseRealUBs:1]]
[2019.02.26-06.59.15:721][  0]LogInit: Going up to parent DeviceProfile []
[2019.02.26-06.59.15:722][  0]LogConfig: Applying CVar settings from Section [ViewDistanceQuality@3] File [D:/humanStuff/MyProject3/Saved/Config/Windows/Scalability.ini]
[2019.02.26-06.59.15:722][  0]LogConfig: Setting CVar [[r.SkeletalMeshLODBias:0]]
[2019.02.26-06.59.15:722][  0]LogConfig: Setting CVar [[r.ViewDistanceScale:1.0]]
[2019.02.26-06.59.15:722][  0]LogConfig: Applying CVar settings from Section [AntiAliasingQuality@3] File [D:/humanStuff/MyProject3/Saved/Config/Windows/Scalability.ini]
[2019.02.26-06.59.15:722][  0]LogConfig: Setting CVar [[r.PostProcessAAQuality:3]]
[2019.02.26-06.59.15:722][  0]LogConfig: Applying CVar settings from Section [ShadowQuality@3] File [D:/humanStuff/MyProject3/Saved/Config/Windows/Scalability.ini]
[2019.02.26-06.59.15:722][  0]LogConfig: Setting CVar [[r.LightFunctionQuality:1]]
[2019.02.26-06.59.15:722][  0]LogConfig: Setting CVar [[r.ShadowQuality:5]]
[2019.02.26-06.59.15:722][  0]LogConfig: Setting CVar [[r.Shadow.CSM.MaxCascades:10]]
[2019.02.26-06.59.15:722][  0]LogConfig: Setting CVar [[r.Shadow.MaxResolution:2048]]
[2019.02.26-06.59.15:722][  0]LogConfig: Setting CVar [[r.Shadow.MaxCSMResolution:2048]]
[2019.02.26-06.59.15:722][  0]LogConfig: Setting CVar [[r.Shadow.RadiusThreshold:0.01]]
[2019.02.26-06.59.15:722][  0]LogConfig: Setting CVar [[r.Shadow.DistanceScale:1.0]]
[2019.02.26-06.59.15:722][  0]LogConfig: Setting CVar [[r.Shadow.CSM.TransitionScale:1.0]]
[2019.02.26-06.59.15:722][  0]LogConfig: Setting CVar [[r.Shadow.PreShadowResolutionFactor:1.0]]
[2019.02.26-06.59.15:722][  0]LogConfig: Setting CVar [[r.DistanceFieldShadowing:1]]
[2019.02.26-06.59.15:722][  0]LogConfig: Setting CVar [[r.DistanceFieldAO:1]]
[2019.02.26-06.59.15:722][  0]LogConfig: Setting CVar [[r.AOQuality:2]]
[2019.02.26-06.59.15:722][  0]LogConfig: Setting CVar [[r.VolumetricFog:1]]
[2019.02.26-06.59.15:722][  0]LogConfig: Setting CVar [[r.VolumetricFog.GridPixelSize:8]]
[2019.02.26-06.59.15:722][  0]LogConfig: Setting CVar [[r.VolumetricFog.GridSizeZ:128]]
[2019.02.26-06.59.15:722][  0]LogConfig: Setting CVar [[r.VolumetricFog.HistoryMissSupersampleCount:4]]
[2019.02.26-06.59.15:722][  0]LogConfig: Setting CVar [[r.LightMaxDrawDistanceScale:1]]
[2019.02.26-06.59.15:722][  0]LogConfig: Setting CVar [[r.CapsuleShadows:1]]
[2019.02.26-06.59.15:722][  0]LogConfig: Applying CVar settings from Section [PostProcessQuality@3] File [D:/humanStuff/MyProject3/Saved/Config/Windows/Scalability.ini]
[2019.02.26-06.59.15:722][  0]LogConfig: Setting CVar [[r.MotionBlurQuality:0]]
[2019.02.26-06.59.15:722][  0]LogConfig: Setting CVar [[r.AmbientOcclusionMipLevelFactor:0.4]]
[2019.02.26-06.59.15:722][  0]LogConfig: Setting CVar [[r.AmbientOcclusionMaxQuality:100]]
[2019.02.26-06.59.15:722][  0]LogConfig: Setting CVar [[r.AmbientOcclusionLevels:0]]
[2019.02.26-06.59.15:722][  0]LogConfig: Setting CVar [[r.AmbientOcclusionRadiusScale:1.0]]
[2019.02.26-06.59.15:722][  0]LogConfig: Setting CVar [[r.DepthOfFieldQuality:0]]
[2019.02.26-06.59.15:722][  0]LogConfig: Setting CVar [[r.RenderTargetPoolMin:400]]
[2019.02.26-06.59.15:722][  0]LogConfig: Setting CVar [[r.LensFlareQuality:0]]
[2019.02.26-06.59.15:722][  0]LogConfig: Setting CVar [[r.SceneColorFringeQuality:0]]
[2019.02.26-06.59.15:722][  0]LogConfig: Setting CVar [[r.EyeAdaptationQuality:2]]
[2019.02.26-06.59.15:722][  0]LogConfig: Setting CVar [[r.BloomQuality:1]]
[2019.02.26-06.59.15:722][  0]LogConfig: Setting CVar [[r.FastBlurThreshold:0]]
[2019.02.26-06.59.15:722][  0]LogConfig: Setting CVar [[r.Upscale.Quality:3]]
[2019.02.26-06.59.15:722][  0]LogConfig: Setting CVar [[r.Tonemapper.GrainQuantization:1]]
[2019.02.26-06.59.15:722][  0]LogConfig: Setting CVar [[r.LightShaftQuality:1]]
[2019.02.26-06.59.15:722][  0]LogConfig: Setting CVar [[r.Filter.SizeScale:1]]
[2019.02.26-06.59.15:722][  0]LogConfig: Setting CVar [[r.Tonemapper.Quality:5]]
[2019.02.26-06.59.15:722][  0]LogConfig: Setting CVar [[r.DOF.Gather.AccumulatorQuality:1        ; higher gathering accumulator quality]]
[2019.02.26-06.59.15:722][  0]LogConfig: Setting CVar [[r.DOF.Gather.PostfilterMethod:1          ; Median3x3 postfilering method]]
[2019.02.26-06.59.15:722][  0]LogConfig: Setting CVar [[r.DOF.Gather.EnableBokehSettings:0       ; no bokeh simulation when gathering]]
[2019.02.26-06.59.15:722][  0]LogConfig: Setting CVar [[r.DOF.Gather.RingCount:4                 ; medium number of samples when gathering]]
[2019.02.26-06.59.15:722][  0]LogConfig: Setting CVar [[r.DOF.Scatter.ForegroundCompositing:1    ; additive foreground scattering]]
[2019.02.26-06.59.15:722][  0]LogConfig: Setting CVar [[r.DOF.Scatter.BackgroundCompositing:2    ; additive background scattering]]
[2019.02.26-06.59.15:722][  0]LogConfig: Setting CVar [[r.DOF.Scatter.EnableBokehSettings:1      ; bokeh simulation when scattering]]
[2019.02.26-06.59.15:722][  0]LogConfig: Setting CVar [[r.DOF.Scatter.MaxSpriteRatio:0.1         ; only a maximum of 10% of scattered bokeh]]
[2019.02.26-06.59.15:722][  0]LogConfig: Setting CVar [[r.DOF.Recombine.Quality:1                ; cheap slight out of focus]]
[2019.02.26-06.59.15:722][  0]LogConfig: Setting CVar [[r.DOF.Recombine.EnableBokehSettings:0    ; no bokeh simulation on slight out of focus]]
[2019.02.26-06.59.15:722][  0]LogConfig: Setting CVar [[r.DOF.TemporalAAQuality:1                ; more stable temporal accumulation]]
[2019.02.26-06.59.15:722][  0]LogConfig: Setting CVar [[r.DOF.Kernel.MaxForegroundRadius:0.025]]
[2019.02.26-06.59.15:722][  0]LogConfig: Setting CVar [[r.DOF.Kernel.MaxBackgroundRadius:0.025]]
[2019.02.26-06.59.15:722][  0]LogConfig: Applying CVar settings from Section [TextureQuality@3] File [D:/humanStuff/MyProject3/Saved/Config/Windows/Scalability.ini]
[2019.02.26-06.59.15:722][  0]LogConfig: Setting CVar [[r.Streaming.MipBias:0]]
[2019.02.26-06.59.15:722][  0]LogConfig: Setting CVar [[r.Streaming.AmortizeCPUToGPUCopy:0]]
[2019.02.26-06.59.15:722][  0]LogConfig: Setting CVar [[r.Streaming.MaxNumTexturesToStreamPerFrame:0]]
[2019.02.26-06.59.15:722][  0]LogConfig: Setting CVar [[r.Streaming.Boost:1]]
[2019.02.26-06.59.15:722][  0]LogConfig: Setting CVar [[r.MaxAnisotropy:8]]
[2019.02.26-06.59.15:722][  0]LogConfig: Setting CVar [[r.Streaming.LimitPoolSizeToVRAM:0]]
[2019.02.26-06.59.15:722][  0]LogConfig: Setting CVar [[r.Streaming.PoolSize:1000]]
[2019.02.26-06.59.15:722][  0]LogConfig: Setting CVar [[r.Streaming.MaxEffectiveScreenSize:0]]
[2019.02.26-06.59.15:722][  0]LogConfig: Applying CVar settings from Section [EffectsQuality@3] File [D:/humanStuff/MyProject3/Saved/Config/Windows/Scalability.ini]
[2019.02.26-06.59.15:722][  0]LogConfig: Setting CVar [[r.TranslucencyLightingVolumeDim:4]]
[2019.02.26-06.59.15:722][  0]LogConfig: Setting CVar [[r.RefractionQuality:2]]
[2019.02.26-06.59.15:722][  0]LogConfig: Setting CVar [[r.SSR.Quality:0]]
[2019.02.26-06.59.15:722][  0]LogConfig: Setting CVar [[r.SceneColorFormat:2]]
[2019.02.26-06.59.15:722][  0]LogConfig: Setting CVar [[r.DetailMode:2]]
[2019.02.26-06.59.15:722][  0]LogConfig: Setting CVar [[r.TranslucencyVolumeBlur:0]]
[2019.02.26-06.59.15:722][  0]LogConfig: Setting CVar [[r.MaterialQualityLevel:1 ; High quality]]
[2019.02.26-06.59.15:722][  0]LogConfig: Setting CVar [[r.SSS.Scale:1]]
[2019.02.26-06.59.15:722][  0]LogConfig: Setting CVar [[r.SSS.SampleSet:2]]
[2019.02.26-06.59.15:722][  0]LogConfig: Setting CVar [[r.SSS.Quality:1]]
[2019.02.26-06.59.15:722][  0]LogConfig: Setting CVar [[r.SSS.HalfRes:1]]
[2019.02.26-06.59.15:722][  0]LogConfig: Setting CVar [[r.EmitterSpawnRateScale:1.0]]
[2019.02.26-06.59.15:722][  0]LogConfig: Setting CVar [[r.ParticleLightQuality:2]]
[2019.02.26-06.59.15:722][  0]LogConfig: Applying CVar settings from Section [FoliageQuality@3] File [D:/humanStuff/MyProject3/Saved/Config/Windows/Scalability.ini]
[2019.02.26-06.59.15:722][  0]LogConfig: Setting CVar [[foliage.DensityScale:1.0]]
[2019.02.26-06.59.15:722][  0]LogConfig: Setting CVar [[grass.DensityScale:1.0]]
[2019.02.26-06.59.15:722][  0]LogConfig: Applying CVar settings from Section [Startup] File [../../../Engine/Config/ConsoleVariables.ini]
[2019.02.26-06.59.15:723][  0]LogConfig: Setting CVar [[net.UseAdaptiveNetUpdateFrequency:0]]
[2019.02.26-06.59.15:723][  0]LogConfig: Applying CVar settings from Section [ConsoleVariables] File [D:/humanStuff/MyProject3/Saved/Config/Windows/Engine.ini]
[2019.02.26-06.59.15:723][  0]LogInit: Computer: MSI
[2019.02.26-06.59.15:723][  0]LogInit: User: Gretchen
[2019.02.26-06.59.15:723][  0]LogInit: CPU Page size=4096, Cores=6
[2019.02.26-06.59.15:723][  0]LogInit: High frequency timer resolution =2.156250 MHz
[2019.02.26-06.59.15:723][  0]LogMemory: Memory total: Physical=15.8GB (16GB approx)
[2019.02.26-06.59.15:723][  0]LogMemory: Platform Memory Stats for Windows
[2019.02.26-06.59.15:723][  0]LogMemory: Process Physical Memory: 108.91 MB used, 108.91 MB peak
[2019.02.26-06.59.15:723][  0]LogMemory: Process Virtual Memory: 108.60 MB used, 108.60 MB peak
[2019.02.26-06.59.15:723][  0]LogMemory: Physical Memory: 4797.22 MB used,  11433.02 MB free, 16230.24 MB total
[2019.02.26-06.59.15:723][  0]LogMemory: Virtual Memory: 4699.04 MB used,  134213032.00 MB free, 134217728.00 MB total
[2019.02.26-06.59.15:924][  0]LogInit: Using OS detected language (en-US).
[2019.02.26-06.59.15:924][  0]LogInit: Using OS detected locale (en-US).
[2019.02.26-06.59.15:925][  0]LogTextLocalizationManager: No specific localization for 'en-US' exists, so the 'en' localization will be used.
[2019.02.26-06.59.16:241][  0]LogStreaming: Display: Took  0.317s to InitEngineTextLocalization.
[2019.02.26-06.59.16:241][  0]LogInit: Setting process to per monitor DPI aware
[2019.02.26-06.59.16:267][  0]LogSlate: New Slate User Created.  User Index 0, Is Virtual User: 0
[2019.02.26-06.59.16:267][  0]LogSlate: Slate User Registered.  User Index 0, Is Virtual User: 0
[2019.02.26-06.59.16:465][  0]LogHMD: Failed to initialize OpenVR with code 126
[2019.02.26-06.59.16:465][  0]LogD3D11RHI: D3D11 adapters:
[2019.02.26-06.59.17:372][  0]LogD3D11RHI:    0. 'NVIDIA GeForce GTX 1060' (Feature Level 11_0)
[2019.02.26-06.59.17:372][  0]LogD3D11RHI:       6052/0/8115 MB DedicatedVideo/DedicatedSystem/SharedSystem, Outputs:1, VendorId:0x10de
[2019.02.26-06.59.17:385][  0]LogD3D11RHI:    1. 'Intel(R) UHD Graphics 630' (Feature Level 11_0)
[2019.02.26-06.59.17:385][  0]LogD3D11RHI:       128/0/8115 MB DedicatedVideo/DedicatedSystem/SharedSystem, Outputs:0, VendorId:0x8086
[2019.02.26-06.59.17:387][  0]LogD3D11RHI:    2. 'Microsoft Basic Render Driver' (Feature Level 11_0)
[2019.02.26-06.59.17:387][  0]LogD3D11RHI:       0/0/8115 MB DedicatedVideo/DedicatedSystem/SharedSystem, Outputs:0, VendorId:0x1414
[2019.02.26-06.59.17:387][  0]LogD3D11RHI: Chosen D3D11 Adapter: 0
[2019.02.26-06.59.17:419][  0]LogD3D11RHI: Creating new Direct3DDevice
[2019.02.26-06.59.17:419][  0]LogD3D11RHI:     GPU DeviceId: 0x1c20 (for the marketing name, search the web for "GPU Device Id")
[2019.02.26-06.59.17:419][  0]LogWindows: EnumDisplayDevices:
[2019.02.26-06.59.17:419][  0]LogWindows:    0. 'Intel(R) UHD Graphics 630' (P:1 D:1)
[2019.02.26-06.59.17:419][  0]LogWindows:    1. 'Intel(R) UHD Graphics 630' (P:0 D:0)
[2019.02.26-06.59.17:419][  0]LogWindows:    2. 'Intel(R) UHD Graphics 630' (P:0 D:0)
[2019.02.26-06.59.17:420][  0]LogWindows:    3. 'NVIDIA GeForce GTX 1060' (P:0 D:0)
[2019.02.26-06.59.17:420][  0]LogWindows:    4. 'NVIDIA GeForce GTX 1060' (P:0 D:0)
[2019.02.26-06.59.17:420][  0]LogWindows:    5. 'NVIDIA GeForce GTX 1060' (P:0 D:0)
[2019.02.26-06.59.17:420][  0]LogWindows:    6. 'NVIDIA GeForce GTX 1060' (P:0 D:0)
[2019.02.26-06.59.17:420][  0]LogWindows: DebugString: PrimaryIsNotTheChoosenAdapter PrimaryIsNotTheChoosenAdapter PrimaryIsNotTheChoosenAdapter FoundDriverCount:4 
[2019.02.26-06.59.17:420][  0]LogD3D11RHI:     Adapter Name: NVIDIA GeForce GTX 1060
[2019.02.26-06.59.17:420][  0]LogD3D11RHI:   Driver Version: 398.35 (internal:24.21.13.9835, unified:398.35)
[2019.02.26-06.59.17:420][  0]LogD3D11RHI:      Driver Date: 6-21-2018
[2019.02.26-06.59.17:420][  0]LogRHI: Texture pool is 4236 MB (70% of 6052 MB)
[2019.02.26-06.59.17:454][  0]LogD3D11RHI: Async texture creation enabled
[2019.02.26-06.59.17:470][  0]LogD3D11RHI: GPU Timing Frequency: 1000.000000 (Debug: 2 2)
[2019.02.26-06.59.17:710][  0]LogTemp: Display: Loaded TP AllDesktopTargetPlatform
[2019.02.26-06.59.17:722][  0]LogTemp: Display: Loaded TP MacClientTargetPlatform
[2019.02.26-06.59.17:733][  0]LogTemp: Display: Loaded TP MacNoEditorTargetPlatform
[2019.02.26-06.59.17:744][  0]LogTemp: Display: Loaded TP MacServerTargetPlatform
[2019.02.26-06.59.17:755][  0]LogTemp: Display: Loaded TP MacTargetPlatform
[2019.02.26-06.59.17:766][  0]LogTemp: Display: Loaded TP WindowsClientTargetPlatform
[2019.02.26-06.59.17:777][  0]LogTemp: Display: Loaded TP WindowsNoEditorTargetPlatform
[2019.02.26-06.59.17:787][  0]LogTemp: Display: Loaded TP WindowsServerTargetPlatform
[2019.02.26-06.59.17:793][  0]LogTemp: Display: Loaded TP WindowsTargetPlatform
[2019.02.26-06.59.17:850][  0]LogTemp: Display: Loaded TP AndroidTargetPlatform
[2019.02.26-06.59.17:850][  0]LogTemp: Display: Loaded TP AndroidTargetPlatform
[2019.02.26-06.59.17:850][  0]LogTemp: Display: Loaded TP AndroidTargetPlatform
[2019.02.26-06.59.17:850][  0]LogTemp: Display: Loaded TP AndroidTargetPlatform
[2019.02.26-06.59.17:850][  0]LogTemp: Display: Loaded TP AndroidTargetPlatform
[2019.02.26-06.59.17:850][  0]LogTemp: Display: Loaded TP AndroidTargetPlatform
[2019.02.26-06.59.17:850][  0]LogTemp: Display: Loaded TP AndroidTargetPlatform
[2019.02.26-06.59.17:850][  0]LogTemp: Display: Loaded TP AndroidTargetPlatform
[2019.02.26-06.59.17:850][  0]LogTemp: Display: Loaded TP AndroidTargetPlatform
[2019.02.26-06.59.17:850][  0]LogTemp: Display: Loaded TP AndroidTargetPlatform
[2019.02.26-06.59.17:850][  0]LogTemp: Display: Loaded TP AndroidTargetPlatform
[2019.02.26-06.59.17:850][  0]LogTemp: Display: Loaded TP AndroidTargetPlatform
[2019.02.26-06.59.17:850][  0]LogTemp: Display: Loaded TP AndroidTargetPlatform
[2019.02.26-06.59.17:850][  0]LogTemp: Display: Loaded TP AndroidTargetPlatform
[2019.02.26-06.59.17:850][  0]LogTemp: Display: Loaded TP AndroidTargetPlatform
[2019.02.26-06.59.17:850][  0]LogTemp: Display: Loaded TP AndroidTargetPlatform
[2019.02.26-06.59.17:850][  0]LogTemp: Display: Loaded TP AndroidTargetPlatform
[2019.02.26-06.59.17:850][  0]LogTemp: Display: Loaded TP AndroidTargetPlatform
[2019.02.26-06.59.17:851][  0]LogTemp: Display: Loaded TP HTML5TargetPlatform
[2019.02.26-06.59.17:907][  0]LogTemp: Display: Loaded TP IOSTargetPlatform
[2019.02.26-06.59.17:907][  0]LogTemp: Display: Loaded TP IOSTargetPlatform
[2019.02.26-06.59.17:926][  0]LogTemp: Display: Loaded TP TVOSTargetPlatform
[2019.02.26-06.59.17:926][  0]LogTemp: Display: Loaded TP TVOSTargetPlatform
[2019.02.26-06.59.17:936][  0]LogTemp: Display: Loaded TP LinuxClientTargetPlatform
[2019.02.26-06.59.17:946][  0]LogTemp: Display: Loaded TP LinuxNoEditorTargetPlatform
[2019.02.26-06.59.17:956][  0]LogTemp: Display: Loaded TP LinuxServerTargetPlatform
[2019.02.26-06.59.17:967][  0]LogTemp: Display: Loaded TP LinuxTargetPlatform
[2019.02.26-06.59.18:002][  0]LogTemp: Display: Loaded TP LuminTargetPlatform
[2019.02.26-06.59.18:002][  0]LogTemp: Display: Loaded TP LuminTargetPlatform
[2019.02.26-06.59.18:002][  0]LogTargetPlatformManager: Display: Building Assets For Windows
[2019.02.26-06.59.18:054][  0]LogShaderCompilers: Guid format shader working directory is 24 characters bigger than the processId version (D:/humanStuff/MyProject3/Intermediate/Shaders/WorkingDirectory/11916/).
[2019.02.26-06.59.18:054][  0]LogShaderCompilers: Cleaned the shader compiler working directory 'C:/Users/Gretchen/AppData/Local/Temp/UnrealShaderWorkingDir/1DFFC745403CCE43C26AB29991E93CFC/'.
[2019.02.26-06.59.18:056][  0]LogXGEController: Cleaning working directory: C:/Users/Gretchen/AppData/Local/Temp/UnrealXGEWorkingDir/
[2019.02.26-06.59.18:056][  0]LogXGEController: Cannot use XGE Controller as Incredibuild is not installed on this machine.
[2019.02.26-06.59.18:056][  0]LogShaderCompilers: Cannot use XGE Shader Compiler as Incredibuild is not installed on this machine.
[2019.02.26-06.59.18:056][  0]LogShaderCompilers: Display: Using Local Shader Compiler.
[2019.02.26-06.59.18:489][  0]LogDerivedDataCache: Display: Max Cache Size: 512 MB
[2019.02.26-06.59.18:529][  0]LogDerivedDataCache: Loaded boot cache 0.04s 71MB C:/Users/Gretchen/AppData/Local/UnrealEngine/4.21/DerivedDataCache/Boot.ddc.
[2019.02.26-06.59.18:529][  0]LogDerivedDataCache: Display: Loaded Boot cache: C:/Users/Gretchen/AppData/Local/UnrealEngine/4.21/DerivedDataCache/Boot.ddc
[2019.02.26-06.59.18:530][  0]LogDerivedDataCache: FDerivedDataBackendGraph:  Pak pak cache file D:/humanStuff/MyProject3/DerivedDataCache/DDC.ddp not found, will not use a pak cache.
[2019.02.26-06.59.18:530][  0]LogDerivedDataCache: Unable to find inner node Pak for hierarchical cache Hierarchy.
[2019.02.26-06.59.18:530][  0]LogDerivedDataCache: FDerivedDataBackendGraph:  CompressedPak pak cache file D:/humanStuff/MyProject3/DerivedDataCache/Compressed.ddp not found, will not use a pak cache.
[2019.02.26-06.59.18:530][  0]LogDerivedDataCache: Unable to find inner node CompressedPak for hierarchical cache Hierarchy.
[2019.02.26-06.59.18:541][  0]LogDerivedDataCache: Display: Pak cache opened for reading ../../../Engine/DerivedDataCache/Compressed.ddp.
[2019.02.26-06.59.18:541][  0]LogDerivedDataCache: FDerivedDataBackendGraph:  EnterprisePak pak cache file ../../../Enterprise/DerivedDataCache/Compressed.ddp not found, will not use a pak cache.
[2019.02.26-06.59.18:541][  0]LogDerivedDataCache: Unable to find inner node EnterprisePak for hierarchical cache Hierarchy.
[2019.02.26-06.59.18:553][  0]LogDerivedDataCache: Using Local data cache path C:/Users/Gretchen/AppData/Local/UnrealEngine/Common/DerivedDataCache: Writable
[2019.02.26-06.59.18:553][  0]LogDerivedDataCache: Shared data cache path not found in *engine.ini, will not use an Shared cache.
[2019.02.26-06.59.18:553][  0]LogDerivedDataCache: Unable to find inner node Shared for hierarchical cache Hierarchy.
[2019.02.26-06.59.18:572][  0]LogMaterial: Verifying Global Shaders for PCD3D_SM5
[2019.02.26-06.59.18:573][  0]LogSlate: Using FreeType 2.6.0
[2019.02.26-06.59.18:573][  0]LogSlate: SlateFontServices - WITH_FREETYPE: 1, WITH_HARFBUZZ: 1
[2019.02.26-06.59.18:651][  0]LogAssetRegistry: FAssetRegistry took 0.0309 seconds to start up
[2019.02.26-06.59.18:896][  0]LogInit: Selected Device Profile: [Windows]
[2019.02.26-06.59.19:025][  0]LogSimplygon: Simplygon DLL not present - disabling.
[2019.02.26-06.59.19:028][  0]LogMeshReduction: Using SimplygonSwarm for distributed automatic mesh merging
[2019.02.26-06.59.19:029][  0]LogMeshReduction: Using ProxyLODMeshReduction for automatic mesh merging
[2019.02.26-06.59.19:029][  0]LogMeshReduction: Using QuadricMeshReduction for automatic static mesh reduction
[2019.02.26-06.59.19:029][  0]LogMeshReduction: No automatic skeletal mesh reduction module available
[2019.02.26-06.59.19:039][  0]LogNetVersion: HumanStuff 1.0.0, NetCL: 4541578, EngineNetVer: 5, GameNetVer: 0 (Checksum: 1645013271)
[2019.02.26-06.59.19:443][  0]LogPackageLocalizationCache: Processed 11 localized package path(s) for 2 prioritized culture(s) in 0.059418 seconds
[2019.02.26-06.59.19:448][  0]LogUObjectArray: 39775 objects as part of root set at end of initial load.
[2019.02.26-06.59.19:448][  0]LogUObjectAllocator: 6914656 out of 0 bytes used by permanent object pool.
[2019.02.26-06.59.19:448][  0]LogUObjectArray: CloseDisregardForGC: 0/0 objects in disregard for GC pool
[2019.02.26-06.59.20:184][  0]LogTcpMessaging: Initializing TcpMessaging bridge
[2019.02.26-06.59.20:196][  0]LogUdpMessaging: Initializing bridge on interface 0.0.0.0:0 to multicast group 230.0.0.1:6666.
[2019.02.26-06.59.20:788][  0]SourceControl: Source control is disabled
[2019.02.26-06.59.20:788][  0]SourceControl: Source control is disabled
[2019.02.26-06.59.20:789][  0]SourceControl: Source control is disabled
[2019.02.26-06.59.20:790][  0]SourceControl: Source control is disabled
[2019.02.26-06.59.20:943][  0]LogAndroidPermission: UAndroidPermissionCallbackProxy::GetInstance
[2019.02.26-06.59.21:172][  0]LogOcInput: OculusInput pre-init called
[2019.02.26-06.59.21:302][  0]LogEngine: Initializing Engine...
[2019.02.26-06.59.21:320][  0]LogHMD: Failed to initialize OpenVR with code 126
[2019.02.26-06.59.21:322][  0]LogStats: UGameplayTagsManager::ConstructGameplayTagTree: ImportINI prefixes -  0.000 s
[2019.02.26-06.59.21:322][  0]LogStats: UGameplayTagsManager::ConstructGameplayTagTree: Construct from data asset -  0.000 s
[2019.02.26-06.59.21:322][  0]LogStats: UGameplayTagsManager::ConstructGameplayTagTree: ImportINI -  0.000 s
[2019.02.26-06.59.21:322][  0]LogStats: UGameplayTagsManager::ConstructGameplayTagTree: GameplayTagTreeChangedEvent.Broadcast -  0.000 s
[2019.02.26-06.59.21:515][  0]LogInit: Initializing FReadOnlyCVARCache
[2019.02.26-06.59.21:527][  0]LogAIModule: Creating AISystem for world Untitled
[2019.02.26-06.59.21:536][  0]LogInit: XAudio2 using 'Speakers (2- Realtek(R) Audio)' : 6 channels at 48 kHz using 32 bits per sample (channel mask 0x3f)
[2019.02.26-06.59.21:723][  0]LogInit: FAudioDevice initialized.
[2019.02.26-06.59.21:723][  0]LogNetVersion: Set ProjectVersion to 1.0.0.0. Version Checksum will be recalculated on next use.
[2019.02.26-06.59.21:857][  0]LogDerivedDataCache: Saved boot cache 0.13s 71MB C:/Users/Gretchen/AppData/Local/UnrealEngine/4.21/DerivedDataCache/Boot.ddc.
[2019.02.26-06.59.21:869][  0]LogInit: Texture streaming: Enabled
[2019.02.26-06.59.21:887][  0]LogEngineSessionManager: EngineSessionManager initialized
[2019.02.26-06.59.21:898][  0]LogInit: Transaction tracking system initialized
[2019.02.26-06.59.21:918][  0]BlueprintLog: New page: Editor Load
[2019.02.26-06.59.21:997][  0]LocalizationService: Localization service is disabled
[2019.02.26-06.59.22:368][  0]LogFileCache: Scanning file cache for directory 'D:/humanStuff/MyProject3/Content/' took 0.02s
[2019.02.26-06.59.22:368][  0]LogCook: Display: Max memory allowance for cook 16384mb min free memory 0mb
[2019.02.26-06.59.22:368][  0]LogCook: Display: Mobile HDR setting 1
[2019.02.26-06.59.22:368][  0]LogGameplayTags: Display: UGameplayTagsManager::DoneAddingNativeTags. DelegateIsBound: 0
[2019.02.26-06.59.22:368][  0]LogStats: UGameplayTagsManager::ConstructGameplayTagTree: ImportINI prefixes -  0.000 s
[2019.02.26-06.59.22:368][  0]LogStats: UGameplayTagsManager::ConstructGameplayTagTree: Construct from data asset -  0.000 s
[2019.02.26-06.59.22:369][  0]LogStats: UGameplayTagsManager::ConstructGameplayTagTree: ImportINI -  0.000 s
[2019.02.26-06.59.22:369][  0]LogStats: UGameplayTagsManager::ConstructGameplayTagTree: GameplayTagTreeChangedEvent.Broadcast -  0.000 s
[2019.02.26-06.59.22:476][  0]SourceControl: Source control is disabled
[2019.02.26-06.59.22:476][  0]Cmd: MAP LOAD FILE="D:/humanStuff/MyProject3/Content/StarterContent/Maps/Minimal_Default_2.umap" TEMPLATE=0 SHOWPROGRESS=1 FEATURELEVEL=3
[2019.02.26-06.59.22:476][  0]LightingResults: New page: Lighting Build
[2019.02.26-06.59.22:479][  0]MapCheck: New page: Map Check
[2019.02.26-06.59.22:479][  0]LightingResults: New page: Lighting Build
[2019.02.26-06.59.23:160][  0]LoadErrors: Warning: hs_bomb Min LOD value of 1 is out of range 0..0 and has been adjusted to 0. Please verify and resave the asset.
[2019.02.26-06.59.23:278][  0]LoadErrors: Warning: hs_lampTree Min LOD value of 1 is out of range 0..0 and has been adjusted to 0. Please verify and resave the asset.
[2019.02.26-06.59.23:292][  0]LoadErrors: Warning: skybox2 Min LOD value of 1 is out of range 0..0 and has been adjusted to 0. Please verify and resave the asset.
[2019.02.26-06.59.23:297][  0]LoadErrors: Warning: shelves Min LOD value of 1 is out of range 0..0 and has been adjusted to 0. Please verify and resave the asset.
[2019.02.26-06.59.23:311][  0]LoadErrors: Warning: hs_parkingMedian Min LOD value of 1 is out of range 0..0 and has been adjusted to 0. Please verify and resave the asset.
[2019.02.26-06.59.23:332][  0]LoadErrors: Warning: hs_concreteBumper Min LOD value of 1 is out of range 0..0 and has been adjusted to 0. Please verify and resave the asset.
[2019.02.26-06.59.23:333][  0]LoadErrors: Warning: hs_groundPlane Min LOD value of 1 is out of range 0..0 and has been adjusted to 0. Please verify and resave the asset.
[2019.02.26-06.59.23:543][  0]LogAIModule: Creating AISystem for world Minimal_Default_2
[2019.02.26-06.59.23:553][  0]LogSlate: New Slate User Created.  User Index 8, Is Virtual User: 1
[2019.02.26-06.59.23:553][  0]LogSlate: Slate User Registered.  User Index 8, Is Virtual User: 1
[2019.02.26-06.59.23:562][  0]LogEditorServer: Finished looking for orphan Actors (0.000 secs)
[2019.02.26-06.59.23:588][  0]Cmd: MAP CHECKDEP NOCLEARLOG
[2019.02.26-06.59.23:589][  0]MapCheck: Map check complete: 0 Error(s), 0 Warning(s), took 0.101ms to complete.
[2019.02.26-06.59.23:589][  0]LogFileHelpers: Loading map 'Minimal_Default_2' took 1.113
[2019.02.26-06.59.23:681][  0]LogSlate: Updating window title bar state: overlay mode, drag disabled, window buttons hidden, title bar hidden
[2019.02.26-06.59.23:689][  0]LogSlate: Updating window title bar state: overlay mode, drag disabled, window buttons hidden, title bar hidden
[2019.02.26-06.59.23:694][  0]LogSlate: Updating window title bar state: overlay mode, drag disabled, window buttons hidden, title bar hidden
[2019.02.26-06.59.23:699][  0]LogSlate: Updating window title bar state: overlay mode, drag disabled, window buttons hidden, title bar hidden
[2019.02.26-06.59.23:705][  0]LogCollectionManager: Loaded 0 collections in 0.001549 seconds
[2019.02.26-06.59.23:732][  0]LogFileCache: Scanning file cache for directory 'D:/humanStuff/MyProject3/Saved/Collections/' took 0.01s
[2019.02.26-06.59.23:732][  0]LogFileCache: Scanning file cache for directory 'D:/humanStuff/MyProject3/Content/Developers/Gretchen/Collections/' took 0.00s
[2019.02.26-06.59.23:732][  0]LogFileCache: Scanning file cache for directory 'D:/humanStuff/MyProject3/Content/Collections/' took 0.01s
[2019.02.26-06.59.23:732][  0]LogCollectionManager: Rebuilt the GUID cache for 0 collections in 0.000000 seconds
[2019.02.26-06.59.23:738][  0]LogContentBrowser: Native class hierarchy populated in 0.0063 seconds. Added 2651 classes and 620 folders.
[2019.02.26-06.59.23:744][  0]LogContentBrowser: Native class hierarchy updated for 'WidgetCarousel' in 0.0002 seconds. Added 0 classes and 0 folders.
[2019.02.26-06.59.23:745][  0]LogPakFile: Registered encryption key '00000000000000000000000000000000': 0 pak files mounted, 0 remain pending
[2019.02.26-06.59.23:745][  0]LogPakFile: Registered encryption key '00000000000000000000000000000000': 0 pak files mounted, 0 remain pending
[2019.02.26-06.59.23:746][  0]LogPakFile: Registered encryption key '00000000000000000000000000000000': 0 pak files mounted, 0 remain pending
[2019.02.26-06.59.23:746][  0]LogPakFile: Registered encryption key '00000000000000000000000000000000': 0 pak files mounted, 0 remain pending
[2019.02.26-06.59.23:746][  0]LogPakFile: Registered encryption key '00000000000000000000000000000000': 0 pak files mounted, 0 remain pending
[2019.02.26-06.59.23:747][  0]LogPakFile: Registered encryption key '00000000000000000000000000000000': 0 pak files mounted, 0 remain pending
[2019.02.26-06.59.23:747][  0]LogPakFile: Registered encryption key '00000000000000000000000000000000': 0 pak files mounted, 0 remain pending
[2019.02.26-06.59.23:747][  0]LogPakFile: Registered encryption key '00000000000000000000000000000000': 0 pak files mounted, 0 remain pending
[2019.02.26-06.59.23:748][  0]LogPakFile: Registered encryption key '00000000000000000000000000000000': 0 pak files mounted, 0 remain pending
[2019.02.26-06.59.23:748][  0]LogPakFile: Registered encryption key '00000000000000000000000000000000': 0 pak files mounted, 0 remain pending
[2019.02.26-06.59.23:749][  0]LogPakFile: Registered encryption key '00000000000000000000000000000000': 0 pak files mounted, 0 remain pending
[2019.02.26-06.59.23:749][  0]LogPakFile: Registered encryption key '00000000000000000000000000000000': 0 pak files mounted, 0 remain pending
[2019.02.26-06.59.23:749][  0]LogPakFile: Registered encryption key '00000000000000000000000000000000': 0 pak files mounted, 0 remain pending
[2019.02.26-06.59.23:750][  0]LogPakFile: Registered encryption key '00000000000000000000000000000000': 0 pak files mounted, 0 remain pending
[2019.02.26-06.59.23:750][  0]LogPakFile: Registered encryption key '00000000000000000000000000000000': 0 pak files mounted, 0 remain pending
[2019.02.26-06.59.23:750][  0]LogPakFile: Registered encryption key '00000000000000000000000000000000': 0 pak files mounted, 0 remain pending
[2019.02.26-06.59.23:751][  0]LogPakFile: Registered encryption key '00000000000000000000000000000000': 0 pak files mounted, 0 remain pending
[2019.02.26-06.59.23:751][  0]LogPakFile: Registered encryption key '00000000000000000000000000000000': 0 pak files mounted, 0 remain pending
[2019.02.26-06.59.23:751][  0]LogPakFile: Registered encryption key '00000000000000000000000000000000': 0 pak files mounted, 0 remain pending
[2019.02.26-06.59.23:752][  0]LogPakFile: Registered encryption key '00000000000000000000000000000000': 0 pak files mounted, 0 remain pending
[2019.02.26-06.59.23:752][  0]LogPakFile: Registered encryption key '00000000000000000000000000000000': 0 pak files mounted, 0 remain pending
[2019.02.26-06.59.23:753][  0]LogPakFile: Registered encryption key '00000000000000000000000000000000': 0 pak files mounted, 0 remain pending
[2019.02.26-06.59.23:753][  0]LogPakFile: Registered encryption key '00000000000000000000000000000000': 0 pak files mounted, 0 remain pending
[2019.02.26-06.59.23:753][  0]LogPakFile: Registered encryption key '00000000000000000000000000000000': 0 pak files mounted, 0 remain pending
[2019.02.26-06.59.23:754][  0]LogPakFile: Registered encryption key '00000000000000000000000000000000': 0 pak files mounted, 0 remain pending
[2019.02.26-06.59.23:754][  0]LogPakFile: Registered encryption key '00000000000000000000000000000000': 0 pak files mounted, 0 remain pending
[2019.02.26-06.59.23:786][  0]LogContentBrowser: Native class hierarchy updated for 'AddContentDialog' in 0.0002 seconds. Added 0 classes and 0 folders.
[2019.02.26-06.59.23:791][  0]LogContentBrowser: Native class hierarchy updated for 'SceneOutliner' in 0.0002 seconds. Added 1 classes and 2 folders.
[2019.02.26-06.59.23:803][  0]LogSlate: Took 0.000152 seconds to synchronously load lazily loaded font '../../../Engine/Content/Slate/Fonts/Roboto-Regular.ttf' (155K)
[2019.02.26-06.59.23:805][  0]LogSlate: Took 0.000132 seconds to synchronously load lazily loaded font '../../../Engine/Content/Slate/Fonts/Roboto-Bold.ttf' (160K)
[2019.02.26-06.59.23:808][  0]LogSlate: Took 0.000173 seconds to synchronously load lazily loaded font '../../../Engine/Content/Editor/Slate/Fonts/FontAwesome.ttf' (139K)
[2019.02.26-06.59.23:874][  0]LogRenderer: Reallocating scene render targets to support 836x436 Format 26 NumSamples 1 (Frame:1).
[2019.02.26-06.59.24:006][  0]LogContentBrowser: Native class hierarchy updated for 'HierarchicalLODOutliner' in 0.0002 seconds. Added 0 classes and 0 folders.
[2019.02.26-06.59.24:006][  0]LogLoad: (Engine Initialization) Total time: 10.65 seconds
[2019.02.26-06.59.24:006][  0]LogLoad: (Engine Initialization) Total Blueprint compile time: 0.00 seconds
[2019.02.26-06.59.24:026][  0]LogWindowsTextInputMethodSystem: Display: IME system now deactivated.
[2019.02.26-06.59.24:080][  0]LogContentStreaming: Texture pool size now 1000 MB
[2019.02.26-06.59.24:083][  0]LogSlate: FSceneViewport::OnFocusLost() reason 2
[2019.02.26-06.59.24:131][  0]LogSlate: Took 0.000153 seconds to synchronously load lazily loaded font '../../../Engine/Content/Slate/Fonts/Roboto-Light.ttf' (167K)
[2019.02.26-06.59.24:438][  4]LogAssetRegistry: Asset discovery search completed in 5.8088 seconds
[2019.02.26-06.59.24:440][  4]LogCollectionManager: Rebuilt the object cache for 0 collections in 0.000000 seconds (found 0 objects)
[2019.02.26-06.59.24:440][  4]LogCollectionManager: Fixed up redirectors for 0 collections in 0.000037 seconds (updated 0 objects)
[2019.02.26-06.59.26:235][111]LogSlate: Window 'Message Log' being destroyed
[2019.02.26-06.59.26:239][111]LogSlate: Window 'Message Log' being destroyed
[2019.02.26-06.59.29:995][334]LogSlate: FSceneViewport::OnFocusLost() reason 0
[2019.02.26-06.59.51:448][ 25]LogMaterial: Display: Missing cached shader map for material polySurface10Mat, compiling. 
[2019.02.26-06.59.51:484][ 25]LogShaderCompilers: Display: Shaders left to compile 22
[2019.02.26-06.59.51:484][ 25]LogShaderCompilers: Display: Shaders left to compile 12
[2019.02.26-06.59.51:484][ 25]LogShaderCompilers: Display: Shaders left to compile 2
[2019.02.26-06.59.51:484][ 25]LogStaticMesh: Building static mesh hs_udder...
[2019.02.26-06.59.51:486][ 25]LogSlate: Took 0.000126 seconds to synchronously load lazily loaded font '../../../Engine/Content/Slate/Fonts/Roboto-Light.ttf' (167K)
[2019.02.26-06.59.51:527][ 25]LogStaticMesh: Built static mesh [0.04s] /Game/Geometry/Objects/hs_udder.hs_udder
[2019.02.26-06.59.51:528][ 25]LoadErrors: Warning: hs_udder Min LOD value of 1 is out of range 0..0 and has been adjusted to 0. Please verify and resave the asset.
[2019.02.26-06.59.51:563][ 25]LogEditorFactories: Performing atomic reimport of [C:/Users/Gretchen/Downloads/hs_udder.obj]
[2019.02.26-06.59.51:604][ 25]LogFbx: Loading FBX Scene from C:/Users/Gretchen/Downloads/hs_udder.obj
[2019.02.26-06.59.51:619][ 25]LogFbx: FBX Scene Loaded Succesfully
[2019.02.26-06.59.51:633][ 25]LogFbx: Warning: Triangulating static mesh polySurface10
[2019.02.26-06.59.51:712][ 25]LogStaticMesh: Building static mesh hs_udder...
[2019.02.26-06.59.51:724][ 25]LogStaticMesh: Built static mesh [0.01s] /Game/Geometry/Objects/hs_udder.hs_udder
[2019.02.26-06.59.51:735][ 25]LogEditorFactories: -- imported successfully
[2019.02.26-06.59.51:764][ 25]LogFactory: FactoryCreateFile: StaticMesh with FbxFactory (0 0 C:\Users\Gretchen\Downloads\hs_fireworks.obj)
[2019.02.26-06.59.51:777][ 25]LogFbx: Loading FBX Scene from C:\Users\Gretchen\Downloads\hs_fireworks.obj
[2019.02.26-06.59.51:795][ 25]LogFbx: FBX Scene Loaded Succesfully
[2019.02.26-06.59.54:188][ 25]LogSlate: Window 'FBX Import Options' being destroyed
[2019.02.26-06.59.54:344][ 25]LogMaterial: Display: Missing cached shader map for material pCylinder8Mat, compiling. 
[2019.02.26-06.59.54:355][ 25]LogFbx: Warning: Triangulating static mesh pCylinder8
[2019.02.26-06.59.54:459][ 25]LogShaderCompilers: Display: Shaders left to compile 22
[2019.02.26-06.59.54:459][ 25]LogShaderCompilers: Display: Shaders left to compile 12
[2019.02.26-06.59.54:459][ 25]LogShaderCompilers: Display: Shaders left to compile 2
[2019.02.26-06.59.54:481][ 25]LogStaticMesh: Building static mesh hs_fireworks...
[2019.02.26-06.59.54:517][ 25]LogStaticMesh: Built static mesh [0.04s] /Game/Geometry/Objects/hs_fireworks.hs_fireworks
[2019.02.26-06.59.54:545][ 25]LogFactory: FactoryCreateFile: StaticMesh with FbxFactory (0 0 C:\Users\Gretchen\Downloads\hs_AlienGame.obj)
[2019.02.26-06.59.54:568][ 25]LogFbx: Loading FBX Scene from C:\Users\Gretchen\Downloads\hs_AlienGame.obj
[2019.02.26-06.59.54:570][ 25]LogFbx: FBX Scene Loaded Succesfully
[2019.02.26-06.59.55:420][ 25]LogSlate: Window 'FBX Import Options' being destroyed
[2019.02.26-06.59.55:470][ 25]LogMaterial: Display: Missing cached shader map for material pCube6Mat, compiling. 
[2019.02.26-06.59.55:478][ 25]LogShaderCompilers: Display: Shaders left to compile 22
[2019.02.26-06.59.55:478][ 25]LogShaderCompilers: Display: Shaders left to compile 12
[2019.02.26-06.59.55:478][ 25]LogShaderCompilers: Display: Shaders left to compile 2
[2019.02.26-06.59.55:481][ 25]LogFbx: Warning: Triangulating static mesh pCube6
[2019.02.26-06.59.55:499][ 25]LogStaticMesh: Building static mesh hs_AlienGame...
[2019.02.26-06.59.55:503][ 25]LogStaticMesh: Built static mesh [0.00s] /Game/Geometry/Objects/hs_AlienGame.hs_AlienGame
[2019.02.26-06.59.59:399][239]LogSlate: Window 'Message Log' being destroyed
[2019.02.26-06.59.59:403][239]LogSlate: Window 'Message Log' being destroyed
[2019.02.26-07.02.00:591][583]LogFactory: FactoryCreateFile: Texture with ReimportTextureFactory (0 0 C:\Users\Gretchen\Desktop\hs_fireworksTexture.png)
[2019.02.26-07.02.00:616][583]LogTexture: Display: Building textures: hs_fireworksTexture (BGRA8, 375X375)
[2019.02.26-07.02.21:231][807]LogAssetEditorManager: Opening Asset editor for Material /Game/Materials/FireWorks.FireWorks
[2019.02.26-07.02.21:254][807]LogMaterial: Display: Missing cached shader map for material FireWorks, compiling. 
[2019.02.26-07.02.21:609][807]LogMaterial: Display: Missing cached shader map for material FireWorks, compiling. 
[2019.02.26-07.02.21:622][807]LogMaterial: Display: Missing cached shader map for material FireWorks, compiling. 
[2019.02.26-07.02.21:649][807]LogShaderCompilers: Display: Shaders left to compile 21
[2019.02.26-07.02.21:649][807]LogShaderCompilers: Display: Shaders left to compile 20
[2019.02.26-07.02.21:649][807]LogShaderCompilers: Display: Shaders left to compile 19
[2019.02.26-07.02.21:649][807]LogShaderCompilers: Display: Shaders left to compile 18
[2019.02.26-07.02.21:649][807]LogShaderCompilers: Display: Shaders left to compile 17
[2019.02.26-07.02.21:649][807]LogShaderCompilers: Display: Shaders left to compile 16
[2019.02.26-07.02.21:649][807]LogShaderCompilers: Display: Shaders left to compile 15
[2019.02.26-07.02.21:649][807]LogShaderCompilers: Display: Shaders left to compile 14
[2019.02.26-07.02.21:714][807]LogSlate: Took 0.000403 seconds to synchronously load lazily loaded font '../../../Engine/Content/Slate/Fonts/Roboto-BoldCondensed.ttf' (158K)
[2019.02.26-07.02.22:070][814]LogShaderCompilers: Display: Shaders left to compile 13
[2019.02.26-07.02.22:107][815]LogShaderCompilers: Display: Shaders left to compile 12
[2019.02.26-07.02.22:107][815]LogShaderCompilers: Display: Shaders left to compile 11
[2019.02.26-07.02.22:119][815]LogShaderCompilers: Display: Shaders left to compile 10
[2019.02.26-07.02.22:135][816]LogShaderCompilers: Display: Shaders left to compile 9
[2019.02.26-07.02.22:147][816]LogShaderCompilers: Display: Shaders left to compile 8
[2019.02.26-07.02.22:163][817]LogShaderCompilers: Display: Shaders left to compile 7
[2019.02.26-07.02.22:163][817]LogShaderCompilers: Display: Shaders left to compile 6
[2019.02.26-07.02.22:254][820]LogShaderCompilers: Display: Shaders left to compile 5
[2019.02.26-07.02.22:383][824]LogShaderCompilers: Display: Shaders left to compile 4
[2019.02.26-07.02.22:447][825]LogShaderCompilers: Display: Shaders left to compile 3
[2019.02.26-07.02.22:606][831]LogShaderCompilers: Display: Shaders left to compile 2
[2019.02.26-07.02.22:639][832]LogShaderCompilers: Display: Shaders left to compile 1
[2019.02.26-07.02.22:933][846]MaterialEditorStats: Base pass shader: 103 instructions
[2019.02.26-07.02.22:933][846]MaterialEditorStats: Base pass shader with Volumetric Lightmap: 177 instructions
[2019.02.26-07.02.22:933][846]MaterialEditorStats: Base pass vertex shader: 32 instructions
[2019.02.26-07.02.22:933][846]MaterialEditorStats: Texture samplers: 3/16
[2019.02.26-07.02.27:533][104]LogAssetEditorManager: Opening Asset editor for Material /Game/Materials/Cart1.Cart1
[2019.02.26-07.02.27:536][104]LogMaterial: Display: Missing cached shader map for material Cart1, compiling. 
[2019.02.26-07.02.27:607][104]LogMaterial: Display: Missing cached shader map for material Cart1, compiling. 
[2019.02.26-07.02.27:621][104]LogMaterial: Display: Missing cached shader map for material Cart1, compiling. 
[2019.02.26-07.02.27:648][104]LogShaderCompilers: Display: Shaders left to compile 21
[2019.02.26-07.02.27:648][104]LogShaderCompilers: Display: Shaders left to compile 20
[2019.02.26-07.02.27:648][104]LogShaderCompilers: Display: Shaders left to compile 19
[2019.02.26-07.02.27:648][104]LogShaderCompilers: Display: Shaders left to compile 18
[2019.02.26-07.02.27:648][104]LogShaderCompilers: Display: Shaders left to compile 17
[2019.02.26-07.02.27:648][104]LogShaderCompilers: Display: Shaders left to compile 16
[2019.02.26-07.02.27:648][104]LogShaderCompilers: Display: Shaders left to compile 15
[2019.02.26-07.02.27:648][104]LogShaderCompilers: Display: Shaders left to compile 14
[2019.02.26-07.02.27:662][104]LogMaterial: Display: Missing cached shader map for material FMatExpressionPreview MaterialExpressionVectorParameter_0, compiling. 
[2019.02.26-07.02.27:817][105]LogShaderCompilers: Display: Shaders left to compile 15
[2019.02.26-07.02.27:817][105]LogShaderCompilers: Display: Shaders left to compile 14
[2019.02.26-07.02.27:817][105]LogShaderCompilers: Display: Shaders left to compile 13
[2019.02.26-07.02.27:817][105]LogShaderCompilers: Display: Shaders left to compile 12
[2019.02.26-07.02.27:820][105]LogSlate: Took 0.000161 seconds to synchronously load lazily loaded font '../../../Engine/Content/Slate/Fonts/Roboto-Italic.ttf' (157K)
[2019.02.26-07.02.27:848][106]LogShaderCompilers: Display: Shaders left to compile 11
[2019.02.26-07.02.27:848][106]LogShaderCompilers: Display: Shaders left to compile 10
[2019.02.26-07.02.27:891][109]LogShaderCompilers: Display: Shaders left to compile 9
[2019.02.26-07.02.27:891][109]LogShaderCompilers: Display: Shaders left to compile 8
[2019.02.26-07.02.27:994][115]LogShaderCompilers: Display: Shaders left to compile 7
[2019.02.26-07.02.28:113][122]LogShaderCompilers: Display: Shaders left to compile 6
[2019.02.26-07.02.28:266][131]LogShaderCompilers: Display: Shaders left to compile 5
[2019.02.26-07.02.28:441][140]LogShaderCompilers: Display: Shaders left to compile 4
[2019.02.26-07.02.28:447][140]LogShaderCompilers: Display: Shaders left to compile 3
[2019.02.26-07.02.28:472][141]LogShaderCompilers: Display: Shaders left to compile 2
[2019.02.26-07.02.28:488][142]LogShaderCompilers: Display: Shaders left to compile 1
[2019.02.26-07.02.28:811][161]MaterialEditorStats: Base pass shader: 105 instructions
[2019.02.26-07.02.28:811][161]MaterialEditorStats: Base pass shader with Volumetric Lightmap: 179 instructions
[2019.02.26-07.02.28:811][161]MaterialEditorStats: Base pass vertex shader: 32 instructions
[2019.02.26-07.02.28:811][161]MaterialEditorStats: Texture samplers: 3/16
[2019.02.26-07.02.38:338][717]LogMaterial: Display: Missing cached shader map for material FireWorks, compiling. 
[2019.02.26-07.02.38:354][717]LogShaderCompilers: Display: Shaders left to compile 21
[2019.02.26-07.02.38:354][717]LogShaderCompilers: Display: Shaders left to compile 20
[2019.02.26-07.02.38:354][717]LogShaderCompilers: Display: Shaders left to compile 19
[2019.02.26-07.02.38:354][717]LogShaderCompilers: Display: Shaders left to compile 18
[2019.02.26-07.02.38:354][717]LogShaderCompilers: Display: Shaders left to compile 17
[2019.02.26-07.02.38:354][717]LogShaderCompilers: Display: Shaders left to compile 16
[2019.02.26-07.02.38:354][717]LogShaderCompilers: Display: Shaders left to compile 15
[2019.02.26-07.02.38:354][717]LogShaderCompilers: Display: Shaders left to compile 14
[2019.02.26-07.02.38:354][717]LogMaterial: Display: Missing cached shader map for material FMatExpressionPreview MaterialExpressionTextureSample_0, compiling. 
[2019.02.26-07.02.38:388][717]LogMaterial: Display: Missing cached shader map for material FMatExpressionPreview MaterialExpressionTextureSample_0, compiling. 
[2019.02.26-07.02.38:515][720]LogShaderCompilers: Display: Shaders left to compile 15
[2019.02.26-07.02.38:532][720]LogShaderCompilers: Display: Shaders left to compile 14
[2019.02.26-07.02.38:538][720]LogShaderCompilers: Display: Shaders left to compile 13
[2019.02.26-07.02.38:562][722]LogShaderCompilers: Display: Shaders left to compile 12
[2019.02.26-07.02.38:578][723]LogShaderCompilers: Display: Shaders left to compile 11
[2019.02.26-07.02.38:598][724]LogShaderCompilers: Display: Shaders left to compile 10
[2019.02.26-07.02.38:598][724]LogShaderCompilers: Display: Shaders left to compile 9
[2019.02.26-07.02.38:606][724]LogShaderCompilers: Display: Shaders left to compile 8
[2019.02.26-07.02.38:704][728]LogShaderCompilers: Display: Shaders left to compile 7
[2019.02.26-07.02.38:808][731]LogShaderCompilers: Display: Shaders left to compile 6
[2019.02.26-07.02.38:863][732]LogShaderCompilers: Display: Shaders left to compile 5
[2019.02.26-07.02.38:983][736]LogShaderCompilers: Display: Shaders left to compile 4
[2019.02.26-07.02.39:044][738]LogShaderCompilers: Display: Shaders left to compile 3
[2019.02.26-07.02.39:060][739]LogShaderCompilers: Display: Shaders left to compile 2
[2019.02.26-07.02.39:076][740]LogShaderCompilers: Display: Shaders left to compile 1
[2019.02.26-07.02.39:362][757]MaterialEditorStats: Base pass shader: 103 instructions
[2019.02.26-07.02.39:362][757]MaterialEditorStats: Base pass shader with Volumetric Lightmap: 177 instructions
[2019.02.26-07.02.39:363][757]MaterialEditorStats: Base pass vertex shader: 32 instructions
[2019.02.26-07.02.39:363][757]MaterialEditorStats: Texture samplers: 3/16
[2019.02.26-07.02.40:588][830]LogMaterial: Display: Missing cached shader map for material FireWorks, compiling. 
[2019.02.26-07.02.40:603][830]LogMaterial: Display: Missing cached shader map for material FMatExpressionPreview MaterialExpressionTextureSample_0, compiling. 
[2019.02.26-07.02.40:618][830]LogShaderCompilers: Display: Shaders left to compile 21
[2019.02.26-07.02.40:618][830]LogShaderCompilers: Display: Shaders left to compile 20
[2019.02.26-07.02.40:618][830]LogShaderCompilers: Display: Shaders left to compile 19
[2019.02.26-07.02.40:618][830]LogShaderCompilers: Display: Shaders left to compile 18
[2019.02.26-07.02.40:618][830]LogShaderCompilers: Display: Shaders left to compile 17
[2019.02.26-07.02.40:618][830]LogShaderCompilers: Display: Shaders left to compile 16
[2019.02.26-07.02.40:618][830]LogShaderCompilers: Display: Shaders left to compile 15
[2019.02.26-07.02.40:618][830]LogShaderCompilers: Display: Shaders left to compile 14
[2019.02.26-07.02.40:791][835]LogShaderCompilers: Display: Shaders left to compile 15
[2019.02.26-07.02.40:825][838]LogShaderCompilers: Display: Shaders left to compile 14
[2019.02.26-07.02.40:825][838]LogShaderCompilers: Display: Shaders left to compile 13
[2019.02.26-07.02.40:840][839]LogShaderCompilers: Display: Shaders left to compile 12
[2019.02.26-07.02.40:840][839]LogShaderCompilers: Display: Shaders left to compile 11
[2019.02.26-07.02.40:871][840]LogShaderCompilers: Display: Shaders left to compile 10
[2019.02.26-07.02.40:876][840]LogShaderCompilers: Display: Shaders left to compile 9
[2019.02.26-07.02.40:876][840]LogShaderCompilers: Display: Shaders left to compile 8
[2019.02.26-07.02.40:984][845]LogShaderCompilers: Display: Shaders left to compile 7
[2019.02.26-07.02.41:113][849]LogShaderCompilers: Display: Shaders left to compile 6
[2019.02.26-07.02.41:169][851]LogShaderCompilers: Display: Shaders left to compile 5
[2019.02.26-07.02.41:286][855]LogShaderCompilers: Display: Shaders left to compile 4
[2019.02.26-07.02.41:318][856]LogShaderCompilers: Display: Shaders left to compile 3
[2019.02.26-07.02.41:346][857]LogShaderCompilers: Display: Shaders left to compile 2
[2019.02.26-07.02.41:391][859]LogShaderCompilers: Display: Shaders left to compile 1
[2019.02.26-07.02.41:665][874]MaterialEditorStats: Base pass shader: 106 instructions
[2019.02.26-07.02.41:665][874]MaterialEditorStats: Base pass shader with Volumetric Lightmap: 180 instructions
[2019.02.26-07.02.41:665][874]MaterialEditorStats: Base pass vertex shader: 36 instructions
[2019.02.26-07.02.41:665][874]MaterialEditorStats: Texture samplers: 4/16
[2019.02.26-07.02.41:665][874]MaterialEditorStats: Texture Lookups (Est.): VS(0), PS(1)
[2019.02.26-07.02.41:665][874]MaterialEditorStats: User interpolators: 2/4 Scalars (1/4 Vectors) (TexCoords: 2, Custom: 0)
[2019.02.26-07.02.41:904][888]LogMaterialEditor: Applying material FireWorks
[2019.02.26-07.02.42:207][888]LogMaterial: Display: Missing cached shader map for material FireWorks, compiling. 
[2019.02.26-07.02.42:257][888]LogShaderCompilers: Display: Shaders left to compile 21
[2019.02.26-07.02.42:257][888]LogShaderCompilers: Display: Shaders left to compile 20
[2019.02.26-07.02.42:257][888]LogShaderCompilers: Display: Shaders left to compile 19
[2019.02.26-07.02.42:257][888]LogShaderCompilers: Display: Shaders left to compile 18
[2019.02.26-07.02.42:257][888]LogShaderCompilers: Display: Shaders left to compile 17
[2019.02.26-07.02.42:257][888]LogShaderCompilers: Display: Shaders left to compile 16
[2019.02.26-07.02.42:258][888]LogShaderCompilers: Display: Shaders left to compile 15
[2019.02.26-07.02.42:258][888]LogShaderCompilers: Display: Shaders left to compile 14
[2019.02.26-07.02.42:274][888]LogMaterial: Display: Missing cached shader map for material FireWorks, compiling. 
[2019.02.26-07.02.42:298][888]LogMaterial: Display: Missing cached shader map for material FireWorks, compiling. 
[2019.02.26-07.02.42:350][888]LogMaterial: Display: Missing cached shader map for material FDebugViewModeMaterialProxy FireWorks, compiling. 
[2019.02.26-07.02.43:039][888]LogShaderCompilers: Display: Shaders left to compile 36
[2019.02.26-07.02.43:039][888]LogShaderCompilers: Display: Shaders left to compile 35
[2019.02.26-07.02.43:039][888]LogShaderCompilers: Display: Shaders left to compile 34
[2019.02.26-07.02.43:039][888]LogShaderCompilers: Display: Shaders left to compile 33
[2019.02.26-07.02.43:039][888]LogShaderCompilers: Display: Shaders left to compile 32
[2019.02.26-07.02.43:039][888]LogShaderCompilers: Display: Shaders left to compile 31
[2019.02.26-07.02.43:039][888]LogShaderCompilers: Display: Shaders left to compile 30
[2019.02.26-07.02.43:040][888]LogShaderCompilers: Display: Shaders left to compile 29
[2019.02.26-07.02.43:040][888]LogShaderCompilers: Display: Shaders left to compile 28
[2019.02.26-07.02.43:040][888]LogShaderCompilers: Display: Shaders left to compile 27
[2019.02.26-07.02.43:040][888]LogShaderCompilers: Display: Shaders left to compile 26
[2019.02.26-07.02.43:040][888]LogShaderCompilers: Display: Shaders left to compile 25
[2019.02.26-07.02.43:040][888]LogShaderCompilers: Display: Shaders left to compile 24
[2019.02.26-07.02.43:040][888]LogShaderCompilers: Display: Shaders left to compile 23
[2019.02.26-07.02.43:040][888]LogShaderCompilers: Display: Shaders left to compile 22
[2019.02.26-07.02.43:040][888]LogShaderCompilers: Display: Shaders left to compile 12
[2019.02.26-07.02.43:040][888]LogShaderCompilers: Display: Shaders left to compile 2
[2019.02.26-07.02.43:043][888]TextureStreamingBuild: Display: Compiling optional shaders took 0.702 seconds.
[2019.02.26-07.02.44:132][947]LogSlate: Window 'FireWorks*' being destroyed
[2019.02.26-07.02.44:136][947]LogSlate: Window 'FireWorks*' being destroyed
[2019.02.26-07.02.58:506][804]LogAssetEditorManager: Opening Asset editor for StaticMesh /Game/Geometry/Objects/hs_fireworks.hs_fireworks
[2019.02.26-07.03.00:804][912]LogRenderer: Reallocating scene render targets to support 1144x708 Format 26 NumSamples 1 (Frame:104).
[2019.02.26-07.03.10:052][439]LogSlate: FSceneViewport::OnFocusLost() reason 0
[2019.02.26-07.03.10:153][445]LogSlate: Window 'hs_fireworks*' being destroyed
[2019.02.26-07.03.10:161][445]LogSlate: Window 'hs_fireworks*' being destroyed
[2019.02.26-07.03.14:900][725]LogSlate: FSceneViewport::OnFocusLost() reason 0
[2019.02.26-07.03.31:320][709]LogAssetEditorManager: Opening Asset editor for Blueprint /Game/Blueprints/Spawner.Spawner
[2019.02.26-07.03.31:642][709]LogClass: Warning: Enum '/Game/VR_Essential_Kit/Blueprints/ENUM_InteractableActorType.ENUM_InteractableActorType' was upgraded to use FText to store its display name data. Please re-save this asset to avoid issues with localization and determinstic cooking.
[2019.02.26-07.03.31:644][709]LogClass: Warning: Enum '/Game/VR_Essential_Kit/Blueprints/ENUM_PickupObjectType.ENUM_PickupObjectType' was upgraded to use FText to store its display name data. Please re-save this asset to avoid issues with localization and determinstic cooking.
[2019.02.26-07.03.31:662][709]LogContentBrowser: Native class hierarchy updated for 'BlueprintGraph' in 0.0005 seconds. Added 117 classes and 0 folders.
[2019.02.26-07.03.59:018][298]BlueprintLog: New page: Compile Spawner
[2019.02.26-07.05.54:970][647]BlueprintLog: New page: Compile Spawner
[2019.02.26-07.06.09:285][487]LogTemp: Repeating last play command: Simulate
[2019.02.26-07.06.09:309][487]LogBlueprintUserMessages: Early PlayInEditor Detection: Level '/Game/StarterContent/Maps/Minimal_Default_2.Minimal_Default_2:PersistentLevel' has LevelScriptBlueprint '/Game/StarterContent/Maps/Minimal_Default_2.Minimal_Default_2:PersistentLevel.Minimal_Default_2' with GeneratedClass '/Game/StarterContent/Maps/Minimal_Default_2.Minimal_Default_2_C' with ClassGeneratedBy '/Game/StarterContent/Maps/Minimal_Default_2.Minimal_Default_2:PersistentLevel.Minimal_Default_2'
[2019.02.26-07.06.09:309][487]LogPlayLevel: PlayLevel: No blueprints needed recompiling
[2019.02.26-07.06.09:310][487]PIE: New page: SIE session: Minimal_Default_2 (Feb 25, 2019, 9:06:09 PM)
[2019.02.26-07.06.09:322][487]LogPlayLevel: Creating play world package: /Game/StarterContent/Maps/UEDPIE_0_Minimal_Default_2
[2019.02.26-07.06.09:336][487]LogPlayLevel: PIE: StaticDuplicateObject took: (0.013906s)
[2019.02.26-07.06.09:336][487]LogAIModule: Creating AISystem for world Minimal_Default_2
[2019.02.26-07.06.09:337][487]LogPlayLevel: PIE: World Init took: (0.000480s)
[2019.02.26-07.06.09:337][487]LogPlayLevel: PIE: Created PIE world by copying editor world from /Game/StarterContent/Maps/Minimal_Default_2.Minimal_Default_2 to /Game/StarterContent/Maps/UEDPIE_0_Minimal_Default_2.Minimal_Default_2 (0.014634s)
[2019.02.26-07.06.09:370][487]LogInit: XAudio2 using 'Speakers (2- Realtek(R) Audio)' : 6 channels at 48 kHz using 32 bits per sample (channel mask 0x3f)
[2019.02.26-07.06.09:447][487]LogInit: FAudioDevice initialized.
[2019.02.26-07.06.09:499][487]LogLoad: Game class is 'GameModeBase'
[2019.02.26-07.06.09:504][487]LogWorld: Bringing World /Game/StarterContent/Maps/UEDPIE_0_Minimal_Default_2.Minimal_Default_2 up for play (max tick rate 60) at 2019.02.26-02.06.09
[2019.02.26-07.06.09:504][487]LogWorld: Bringing up level for play took: 0.004291
[2019.02.26-07.06.09:517][487]LogGameMode: FindPlayerStart: PATHS NOT DEFINED or NO PLAYERSTART with positive rating
[2019.02.26-07.06.09:525][487]LogContentBrowser: Native class hierarchy updated for 'MovieSceneCapture' in 0.0003 seconds. Added 20 classes and 0 folders.
[2019.02.26-07.06.09:526][487]LogBlueprintUserMessages: Warning: SetTimer passed a bad function (TimeFunctionTick) or object (MotionControllerPawn_2)
[2019.02.26-07.06.09:526][487]LogBlueprintUserMessages: [MotionControllerPawn_2] 















Make_Hands
[2019.02.26-07.06.09:527][487]LogBlueprintUserMessages: [MotionControllerPawn_2] 









Left
[2019.02.26-07.06.09:528][487]LogBlueprintUserMessages: [MotionControllerPawn_2] 











Right
[2019.02.26-07.06.09:528][487]PIE: Play in editor start time for /Game/StarterContent/Maps/UEDPIE_0_Minimal_Default_2 0.811
[2019.02.26-07.06.09:533][487]LogBlueprintUserMessages: Late PlayInEditor Detection: Level '/Game/StarterContent/Maps/Minimal_Default_2.Minimal_Default_2:PersistentLevel' has LevelScriptBlueprint '/Game/StarterContent/Maps/Minimal_Default_2.Minimal_Default_2:PersistentLevel.Minimal_Default_2' with GeneratedClass '/Game/StarterContent/Maps/Minimal_Default_2.Minimal_Default_2_C' with ClassGeneratedBy '/Game/StarterContent/Maps/Minimal_Default_2.Minimal_Default_2:PersistentLevel.Minimal_Default_2'
[2019.02.26-07.06.10:284][530]LogBlueprintUserMessages: [MotionControllerPawn_2] 109
[2019.02.26-07.06.10:301][531]LogScript: Warning: Accessed None trying to read property ScanVar
	Spawner_C /Game/StarterContent/Maps/UEDPIE_0_Minimal_Default_2.Minimal_Default_2:PersistentLevel.Spawner_2
	Function /Game/Blueprints/Spawner.Spawner_C:ExecuteUbergraph_Spawner:0D78
[2019.02.26-07.06.10:301][531]PIE: Error: Blueprint Runtime Error: "Accessed None trying to read property ScanVar". Blueprint:  Spawner Function:  Execute Ubergraph Spawner Graph:  EventGraph Node:  Branch
[2019.02.26-07.06.11:484][602]LogBlueprintUserMessages: [MotionControllerPawn_2] 108
[2019.02.26-07.06.12:684][674]LogBlueprintUserMessages: [MotionControllerPawn_2] 107
[2019.02.26-07.06.13:885][746]LogBlueprintUserMessages: [MotionControllerPawn_2] 106
[2019.02.26-07.06.15:085][818]LogBlueprintUserMessages: [MotionControllerPawn_2] 105
[2019.02.26-07.06.16:284][890]LogBlueprintUserMessages: [MotionControllerPawn_2] 104
[2019.02.26-07.06.17:484][962]LogBlueprintUserMessages: [MotionControllerPawn_2] 103
[2019.02.26-07.06.18:685][ 34]LogBlueprintUserMessages: [MotionControllerPawn_2] 102
[2019.02.26-07.06.19:884][106]LogBlueprintUserMessages: [MotionControllerPawn_2] 101
[2019.02.26-07.06.21:084][178]LogBlueprintUserMessages: [MotionControllerPawn_2] 100
[2019.02.26-07.06.22:188][237]LogEditorViewport: Clicking on Actor (LMB): StaticMeshActor (Convey7)
[2019.02.26-07.06.22:300][239]LogBlueprintUserMessages: [MotionControllerPawn_2] 99
[2019.02.26-07.06.23:397][303]LogSlate: FSceneViewport::OnFocusLost() reason 0
[2019.02.26-07.06.23:580][314]LogBlueprintUserMessages: [MotionControllerPawn_2] 98
[2019.02.26-07.06.24:182][350]LogBlueprintUserMessages: Early EndPlayMap Detection: Level '/Game/StarterContent/Maps/Minimal_Default_2.Minimal_Default_2:PersistentLevel' has LevelScriptBlueprint '/Game/StarterContent/Maps/Minimal_Default_2.Minimal_Default_2:PersistentLevel.Minimal_Default_2' with GeneratedClass '/Game/StarterContent/Maps/Minimal_Default_2.Minimal_Default_2_C' with ClassGeneratedBy '/Game/StarterContent/Maps/Minimal_Default_2.Minimal_Default_2:PersistentLevel.Minimal_Default_2'
[2019.02.26-07.06.24:183][350]LogSlate: Updating window title bar state: overlay mode, drag disabled, window buttons hidden, title bar hidden
[2019.02.26-07.06.24:223][350]LogPlayLevel: Display: Shutting down PIE online subsystems
[2019.02.26-07.06.24:223][350]LogBlueprintUserMessages: Late EndPlayMap Detection: Level '/Game/StarterContent/Maps/Minimal_Default_2.Minimal_Default_2:PersistentLevel' has LevelScriptBlueprint '/Game/StarterContent/Maps/Minimal_Default_2.Minimal_Default_2:PersistentLevel.Minimal_Default_2' with GeneratedClass '/Game/StarterContent/Maps/Minimal_Default_2.Minimal_Default_2_C' with ClassGeneratedBy '/Game/StarterContent/Maps/Minimal_Default_2.Minimal_Default_2:PersistentLevel.Minimal_Default_2'
[2019.02.26-07.06.24:253][350]LogSlate: Updating window title bar state: overlay mode, drag disabled, window buttons hidden, title bar hidden
[2019.02.26-07.06.24:294][351]LogPlayLevel: Display: Destroying online subsystem :Context_13
[2019.02.26-07.06.25:211][399]LogSlate: Window 'Message Log' being destroyed
[2019.02.26-07.06.25:216][399]LogSlate: Window 'Message Log' being destroyed
[2019.02.26-07.06.56:138][226]BlueprintLog: New page: Compile Spawner
[2019.02.26-07.07.01:342][521]LogTemp: Repeating last play command: Simulate
[2019.02.26-07.07.01:365][521]LogBlueprintUserMessages: Early PlayInEditor Detection: Level '/Game/StarterContent/Maps/Minimal_Default_2.Minimal_Default_2:PersistentLevel' has LevelScriptBlueprint '/Game/StarterContent/Maps/Minimal_Default_2.Minimal_Default_2:PersistentLevel.Minimal_Default_2' with GeneratedClass '/Game/StarterContent/Maps/Minimal_Default_2.Minimal_Default_2_C' with ClassGeneratedBy '/Game/StarterContent/Maps/Minimal_Default_2.Minimal_Default_2:PersistentLevel.Minimal_Default_2'
[2019.02.26-07.07.01:365][521]LogPlayLevel: PlayLevel: No blueprints needed recompiling
[2019.02.26-07.07.01:365][521]PIE: New page: SIE session: Minimal_Default_2 (Feb 25, 2019, 9:07:01 PM)
[2019.02.26-07.07.01:365][521]LogPlayLevel: Creating play world package: /Game/StarterContent/Maps/UEDPIE_0_Minimal_Default_2
[2019.02.26-07.07.01:378][521]LogPlayLevel: PIE: StaticDuplicateObject took: (0.013039s)
[2019.02.26-07.07.01:379][521]LogAIModule: Creating AISystem for world Minimal_Default_2
[2019.02.26-07.07.01:379][521]LogPlayLevel: PIE: World Init took: (0.000529s)
[2019.02.26-07.07.01:379][521]LogPlayLevel: PIE: Created PIE world by copying editor world from /Game/StarterContent/Maps/Minimal_Default_2.Minimal_Default_2 to /Game/StarterContent/Maps/UEDPIE_0_Minimal_Default_2.Minimal_Default_2 (0.013701s)
[2019.02.26-07.07.01:412][521]LogInit: XAudio2 using 'Speakers (2- Realtek(R) Audio)' : 6 channels at 48 kHz using 32 bits per sample (channel mask 0x3f)
[2019.02.26-07.07.01:495][521]LogInit: FAudioDevice initialized.
[2019.02.26-07.07.01:522][521]LogLoad: Game class is 'GameModeBase'
[2019.02.26-07.07.01:527][521]LogWorld: Bringing World /Game/StarterContent/Maps/UEDPIE_0_Minimal_Default_2.Minimal_Default_2 up for play (max tick rate 60) at 2019.02.26-02.07.01
[2019.02.26-07.07.01:527][521]LogWorld: Bringing up level for play took: 0.004141
[2019.02.26-07.07.01:540][521]LogGameMode: FindPlayerStart: PATHS NOT DEFINED or NO PLAYERSTART with positive rating
[2019.02.26-07.07.01:541][521]LogBlueprintUserMessages: Warning: SetTimer passed a bad function (TimeFunctionTick) or object (MotionControllerPawn_2)
[2019.02.26-07.07.01:541][521]LogBlueprintUserMessages: [MotionControllerPawn_2] 















Make_Hands
[2019.02.26-07.07.01:542][521]LogBlueprintUserMessages: [MotionControllerPawn_2] 









Left
[2019.02.26-07.07.01:543][521]LogBlueprintUserMessages: [MotionControllerPawn_2] 











Right
[2019.02.26-07.07.01:543][521]PIE: Play in editor start time for /Game/StarterContent/Maps/UEDPIE_0_Minimal_Default_2 0.826
[2019.02.26-07.07.01:545][521]LogBlueprintUserMessages: Late PlayInEditor Detection: Level '/Game/StarterContent/Maps/Minimal_Default_2.Minimal_Default_2:PersistentLevel' has LevelScriptBlueprint '/Game/StarterContent/Maps/Minimal_Default_2.Minimal_Default_2:PersistentLevel.Minimal_Default_2' with GeneratedClass '/Game/StarterContent/Maps/Minimal_Default_2.Minimal_Default_2_C' with ClassGeneratedBy '/Game/StarterContent/Maps/Minimal_Default_2.Minimal_Default_2:PersistentLevel.Minimal_Default_2'
[2019.02.26-07.07.02:329][564]LogBlueprintUserMessages: [MotionControllerPawn_2] 109
[2019.02.26-07.07.02:347][565]LogScript: Warning: Accessed None trying to read property ScanVar
	Spawner_C /Game/StarterContent/Maps/UEDPIE_0_Minimal_Default_2.Minimal_Default_2:PersistentLevel.Spawner_2
	Function /Game/Blueprints/Spawner.Spawner_C:ExecuteUbergraph_Spawner:0DC2
[2019.02.26-07.07.02:347][565]PIE: Error: Blueprint Runtime Error: "Accessed None trying to read property ScanVar". Blueprint:  Spawner Function:  Execute Ubergraph Spawner Graph:  EventGraph Node:  Branch
[2019.02.26-07.07.03:529][636]LogBlueprintUserMessages: [MotionControllerPawn_2] 108
[2019.02.26-07.07.04:730][708]LogBlueprintUserMessages: [MotionControllerPawn_2] 107
[2019.02.26-07.07.05:930][780]LogBlueprintUserMessages: [MotionControllerPawn_2] 106
[2019.02.26-07.07.07:129][852]LogBlueprintUserMessages: [MotionControllerPawn_2] 105
[2019.02.26-07.07.08:330][924]LogBlueprintUserMessages: [MotionControllerPawn_2] 104
[2019.02.26-07.07.09:530][996]LogBlueprintUserMessages: [MotionControllerPawn_2] 103
[2019.02.26-07.07.10:730][ 68]LogBlueprintUserMessages: [MotionControllerPawn_2] 102
[2019.02.26-07.07.11:930][140]LogBlueprintUserMessages: [MotionControllerPawn_2] 101
[2019.02.26-07.07.13:130][212]LogBlueprintUserMessages: [MotionControllerPawn_2] 100
[2019.02.26-07.07.14:331][284]LogBlueprintUserMessages: [MotionControllerPawn_2] 99
[2019.02.26-07.07.15:530][356]LogBlueprintUserMessages: [MotionControllerPawn_2] 98
[2019.02.26-07.07.16:730][428]LogBlueprintUserMessages: [MotionControllerPawn_2] 97
[2019.02.26-07.07.17:930][500]LogBlueprintUserMessages: [MotionControllerPawn_2] 96
[2019.02.26-07.07.19:131][572]LogBlueprintUserMessages: [MotionControllerPawn_2] 95
[2019.02.26-07.07.20:330][644]LogBlueprintUserMessages: [MotionControllerPawn_2] 94
[2019.02.26-07.07.21:531][716]LogBlueprintUserMessages: [MotionControllerPawn_2] 93
[2019.02.26-07.07.22:730][788]LogBlueprintUserMessages: [MotionControllerPawn_2] 92
[2019.02.26-07.07.23:934][860]LogBlueprintUserMessages: [MotionControllerPawn_2] 91
[2019.02.26-07.07.25:134][932]LogBlueprintUserMessages: [MotionControllerPawn_2] 90
[2019.02.26-07.07.26:334][  4]LogBlueprintUserMessages: [MotionControllerPawn_2] 89
[2019.02.26-07.07.27:548][ 74]LogBlueprintUserMessages: [MotionControllerPawn_2] 88
[2019.02.26-07.07.28:000][100]LogEditorViewport: Clicking on Actor (context menu): StaticMeshActor (Convey9)
[2019.02.26-07.07.28:060][100]LogSlate: FSceneViewport::OnFocusLost() reason 2
[2019.02.26-07.07.29:507][185]LogBlueprintUserMessages: [MotionControllerPawn_2] 87
[2019.02.26-07.07.30:715][254]LogBlueprintUserMessages: [MotionControllerPawn_2] 86
[2019.02.26-07.07.31:953][319]LogBlueprintUserMessages: [MotionControllerPawn_2] 85
[2019.02.26-07.07.33:169][388]LogBlueprintUserMessages: [MotionControllerPawn_2] 84
[2019.02.26-07.07.36:281][439]LogScript: Warning: Runaway loop detected (over 1,000,000 iterations) - see log for stack trace
	BabyCarts_C /Game/StarterContent/Maps/UEDPIE_0_Minimal_Default_2.Minimal_Default_2:PersistentLevel.BabyCarts_C_0
	Function /Game/Blueprints/BabyCarts.BabyCarts_C:ExecuteUbergraph_BabyCarts:0022
[2019.02.26-07.07.36:282][439]PIE: Error: Infinite loop detected. Blueprint:  BabyCarts Function:  Play Sound at Location Call Stack:  Show
[2019.02.26-07.07.38:550][439]LogScript: Warning: Runaway loop detected (over 1,000,000 iterations) - see log for stack trace
	BabyCarts_C /Game/StarterContent/Maps/UEDPIE_0_Minimal_Default_2.Minimal_Default_2:PersistentLevel.BabyCarts_C_1
	Function /Game/Blueprints/BabyCarts.BabyCarts_C:ExecuteUbergraph_BabyCarts:0022
[2019.02.26-07.07.38:550][439]PIE: Error: Infinite loop detected. Blueprint:  BabyCarts Function:  Play Sound at Location Call Stack:  Show
[2019.02.26-07.07.40:779][439]LogScript: Warning: Runaway loop detected (over 1,000,000 iterations) - see log for stack trace
	BabyCarts_C /Game/StarterContent/Maps/UEDPIE_0_Minimal_Default_2.Minimal_Default_2:PersistentLevel.BabyCarts_C_2
	Function /Game/Blueprints/BabyCarts.BabyCarts_C:ExecuteUbergraph_BabyCarts:0022
[2019.02.26-07.07.40:779][439]PIE: Error: Infinite loop detected. Blueprint:  BabyCarts Function:  Play Sound at Location Call Stack:  Show
[2019.02.26-07.07.43:073][439]LogScript: Warning: Runaway loop detected (over 1,000,000 iterations) - see log for stack trace
	BabyCarts_C /Game/StarterContent/Maps/UEDPIE_0_Minimal_Default_2.Minimal_Default_2:PersistentLevel.BabyCarts_C_3
	Function /Game/Blueprints/BabyCarts.BabyCarts_C:ExecuteUbergraph_BabyCarts:0022
[2019.02.26-07.07.43:073][439]PIE: Error: Infinite loop detected. Blueprint:  BabyCarts Function:  Play Sound at Location Call Stack:  Show
