Log file open, 02/26/19 06:06:56
LogWindows: Failed to load 'aqProf.dll' (GetLastError=126)
LogWindows: File 'aqProf.dll' does not exist
LogWindows: Failed to load 'VtuneApi.dll' (GetLastError=126)
LogWindows: File 'VtuneApi.dll' does not exist
LogWindows: Failed to load 'VtuneApi32e.dll' (GetLastError=126)
LogWindows: File 'VtuneApi32e.dll' does not exist
LogConsoleResponse: Display: Failed to find resolution value strings in scalability ini. Falling back to default.
LogInit: Display: Running engine for game: HumanStuff
LogPakFile: Registered encryption key '00000000000000000000000000000000': 0 pak files mounted, 0 remain pending
LogPlatformFile: Not using cached read wrapper
LogTaskGraph: Started task graph with 5 named threads and 14 total threads with 3 sets of task threads.
LogStats: Stats thread started at 0.255409
LogD3D11RHI: Loaded GFSDK_Aftermath_Lib.x64.dll
LogICUInternationalization: ICU TimeZone Detection - Raw Offset: -5:00, Platform Override: ''
LogPluginManager: Mounting plugin Paper2D
LogPluginManager: Mounting plugin AISupport
LogPluginManager: Mounting plugin LightPropagationVolume
LogPluginManager: Mounting plugin ActorLayerUtilities
LogPluginManager: Mounting plugin CLionSourceCodeAccess
LogPluginManager: Mounting plugin CodeLiteSourceCodeAccess
LogPluginManager: Mounting plugin GitSourceControl
LogPluginManager: Mounting plugin KDevelopSourceCodeAccess
LogPluginManager: Mounting plugin NullSourceCodeAccess
LogPluginManager: Mounting plugin PerforceSourceControl
LogPluginManager: Mounting plugin SubversionSourceControl
LogPluginManager: Mounting plugin UObjectPlugin
LogPluginManager: Mounting plugin VisualStudioCodeSourceCodeAccess
LogPluginManager: Mounting plugin VisualStudioSourceCodeAccess
LogPluginManager: Mounting plugin XCodeSourceCodeAccess
LogPluginManager: Mounting plugin AssetManagerEditor
LogPluginManager: Mounting plugin CryptoKeys
LogPluginManager: Mounting plugin DataValidation
LogPluginManager: Mounting plugin FacialAnimation
LogPluginManager: Mounting plugin GameplayTagsEditor
LogPluginManager: Mounting plugin MacGraphicsSwitching
LogPluginManager: Mounting plugin MeshEditor
LogPluginManager: Mounting plugin MobileLauncherProfileWizard
LogPluginManager: Mounting plugin PluginBrowser
LogPluginManager: Mounting plugin SpeedTreeImporter
LogPluginManager: Mounting plugin DatasmithContent
LogPluginManager: Mounting plugin VariantManagerContent
LogPluginManager: Mounting plugin AlembicImporter
LogPluginManager: Mounting plugin AppleImageUtils
LogPluginManager: Mounting plugin AppleVision
LogPluginManager: Mounting plugin BackChannel
LogPluginManager: Mounting plugin CharacterAI
LogPluginManager: Mounting plugin GeometryCache
LogPluginManager: Mounting plugin HTML5Networking
LogPluginManager: Mounting plugin ProxyLODPlugin
LogPluginManager: Mounting plugin MagicLeap
LogPluginManager: Mounting plugin MagicLeapMedia
LogPluginManager: Mounting plugin AndroidMedia
LogPluginManager: Mounting plugin AvfMedia
LogPluginManager: Mounting plugin ImgMedia
LogPluginManager: Mounting plugin LinearTimecode
LogPluginManager: Mounting plugin MediaCompositing
LogPluginManager: Mounting plugin MediaPlayerEditor
LogPluginManager: Mounting plugin WebMMedia
LogPluginManager: Mounting plugin WmfMedia
LogPluginManager: Mounting plugin TcpMessaging
LogPluginManager: Mounting plugin UdpMessaging
LogPluginManager: Mounting plugin ActorSequence
LogPluginManager: Mounting plugin LevelSequenceEditor
LogPluginManager: Mounting plugin MatineeToLevelSequence
LogPluginManager: Mounting plugin NetcodeUnitTest
LogPluginManager: Mounting plugin NUTUnrealEngine4
LogPluginManager: Mounting plugin OnlineSubsystemGooglePlay
LogPluginManager: Mounting plugin OnlineSubsystemIOS
LogPluginManager: Mounting plugin OnlineSubsystem
LogPluginManager: Mounting plugin OnlineSubsystemNull
LogPluginManager: Mounting plugin OnlineSubsystemUtils
LogPluginManager: Mounting plugin LauncherChunkInstaller
LogPluginManager: Mounting plugin AndroidDeviceProfileSelector
LogPluginManager: Mounting plugin AndroidMoviePlayer
LogPluginManager: Mounting plugin AndroidPermission
LogPluginManager: Mounting plugin AppleMoviePlayer
LogPluginManager: Mounting plugin ArchVisCharacter
LogPluginManager: Mounting plugin AudioCapture
LogPluginManager: Mounting plugin CableComponent
LogPluginManager: Mounting plugin CustomMeshComponent
LogPluginManager: Mounting plugin EditableMesh
LogPluginManager: Mounting plugin ExampleDeviceProfileSelector
LogPluginManager: Mounting plugin Firebase
LogPluginManager: Mounting plugin GoogleCloudMessaging
LogPluginManager: Mounting plugin IOSDeviceProfileSelector
LogPluginManager: Mounting plugin LinuxDeviceProfileSelector
LogPluginManager: Mounting plugin LocationServicesBPLibrary
LogPluginManager: Mounting plugin MobilePatchingUtils
LogPluginManager: Mounting plugin OculusVR
LogPluginManager: Mounting plugin PhysXVehicles
LogPluginManager: Mounting plugin ProceduralMeshComponent
LogPluginManager: Mounting plugin RuntimePhysXCooking
LogPluginManager: Mounting plugin SteamVR
LogPluginManager: Mounting plugin WebMMoviePlayer
LogPluginManager: Mounting plugin WindowsMoviePlayer
LogStreaming: Display: Took  0.119s to configure plugins.
LogInit: Using libcurl 7.55.1-DEV
LogInit:  - built for x86_64-pc-win32
LogInit:  - supports SSL with OpenSSL/1.0.2h
LogInit:  - supports HTTP deflate (compression) using libz 1.2.8
LogInit:  - other features:
LogInit:      CURL_VERSION_SSL
LogInit:      CURL_VERSION_LIBZ
LogInit:      CURL_VERSION_IPV6
LogInit:      CURL_VERSION_ASYNCHDNS
LogInit:      CURL_VERSION_LARGEFILE
LogInit:      CURL_VERSION_IDN
LogInit:  CurlRequestOptions (configurable via config and command line):
LogInit:  - bVerifyPeer = true  - Libcurl will verify peer certificate
LogInit:  - bUseHttpProxy = false  - Libcurl will NOT use HTTP proxy
LogInit:  - bDontReuseConnections = false  - Libcurl will reuse connections
LogInit:  - MaxHostConnections = 16  - Libcurl will limit the number of connections to a host
LogInit:  - LocalHostAddr = Default
LogInit:  - BufferSize = 65536
LogInit: WinSock: version 1.1 (2.2), MaxSocks=32767, MaxUdp=65467
LogInit: Build: ++UE4+Release-4.21-CL-4753647
LogInit: Engine Version: 4.21.2-4753647+++UE4+Release-4.21
LogInit: Compatible Engine Version: 4.21.0-4541578+++UE4+Release-4.21
LogInit: Net CL: 4541578
LogInit: OS: Windows 10 (), CPU: Intel(R) Core(TM) i5-4690K CPU @ 3.50GHz, GPU: AMD Radeon R9 200 Series
LogInit: Compiled (64-bit): Jan 19 2019 02:07:31
LogInit: Compiled with Visual C++: 19.13.26129.00
LogInit: Build Configuration: Development
LogInit: Branch Name: ++UE4+Release-4.21
LogInit: Command Line:  /Game/StarterContent/Maps/Minimal_Default_2 -game -PIEVIACONSOLE -ResX=1280 -ResY=720 -Multiprocess -messaging -SessionName="Play in Standalone Game" -windowed
LogInit: Base Directory: D:/Program Files (x86)/Unreal Engine/UE_4.21/Engine/Binaries/Win64/
LogInit: Installed Engine Build: 1
LogDevObjectVersion: Number of dev versions registered: 22
LogDevObjectVersion:   Dev-Blueprints (B0D832E4-1F89-4F0D-ACCF-7EB736FD4AA2): 10
LogDevObjectVersion:   Dev-Build (E1C64328-A22C-4D53-A36C-8E866417BD8C): 0
LogDevObjectVersion:   Dev-Core (375EC13C-06E4-48FB-B500-84F0262A717E): 2
LogDevObjectVersion:   Dev-Editor (E4B068ED-F494-42E9-A231-DA0B2E46BB41): 26
LogDevObjectVersion:   Dev-Framework (CFFC743F-43B0-4480-9391-14DF171D2073): 34
LogDevObjectVersion:   Dev-Mobile (B02B49B5-BB20-44E9-A304-32B752E40360): 2
LogDevObjectVersion:   Dev-Networking (A4E4105C-59A1-49B5-A7C5-40C4547EDFEE): 0
LogDevObjectVersion:   Dev-Online (39C831C9-5AE6-47DC-9A44-9C173E1C8E7C): 0
LogDevObjectVersion:   Dev-Physics (78F01B33-EBEA-4F98-B9B4-84EACCB95AA2): 0
LogDevObjectVersion:   Dev-Platform (6631380F-2D4D-43E0-8009-CF276956A95A): 0
LogDevObjectVersion:   Dev-Rendering (12F88B9F-8875-4AFC-A67C-D90C383ABD29): 27
LogDevObjectVersion:   Dev-Sequencer (7B5AE74C-D270-4C10-A958-57980B212A5A): 9
LogDevObjectVersion:   Dev-VR (D7296918-1DD6-4BDD-9DE2-64A83CC13884): 2
LogDevObjectVersion:   Dev-LoadTimes (C2A15278-BFE7-4AFE-6C17-90FF531DF755): 1
LogDevObjectVersion:   Private-Geometry (6EACA3D4-40EC-4CC1-B786-8BED09428FC5): 3
LogDevObjectVersion:   Dev-AnimPhys (29E575DD-E0A3-4627-9D10-D276232CDCEA): 17
LogDevObjectVersion:   Dev-Anim (AF43A65D-7FD3-4947-9873-3E8ED9C1BB05): 2
LogDevObjectVersion:   Dev-ReflectionCapture (6B266CEC-1EC7-4B8F-A30B-E4D90942FC07): 1
LogDevObjectVersion:   Dev-Automation (0DF73D61-A23F-47EA-B727-89E90C41499A): 1
LogDevObjectVersion:   FortniteMain (601D1886-AC64-4F84-AA16-D3DE0DEAC7D6): 17
LogDevObjectVersion:   Dev-Enterprise (9DFFBCD6-494F-0158-E221-12823C92A888): 4
LogDevObjectVersion:   Dev-Niagara (F2AED0AC-9AFE-416F-8664-AA7FFA26D6FC): 1
LogStreaming: Display: Took  0.327s to delete old logs.
LogInit: Presizing for max 8388607 objects, including 0 objects not considered by GC, pre-allocating 0 bytes for permanent pool.
LogInit: Object subsystem initialized
LogConfig: Setting CVar [[con.DebugEarlyDefault:1]]
LogConfig: Setting CVar [[r.setres:1280x720]]
[2019.02.26-11.06.57:465][  0]LogConfig: Setting CVar [[con.DebugEarlyDefault:1]]
[2019.02.26-11.06.57:465][  0]LogConfig: Setting CVar [[r.setres:1280x720]]
[2019.02.26-11.06.57:465][  0]LogConfig: Applying CVar settings from Section [/Script/Engine.RendererSettings] File [F:/SCAD/ITGM studio2/humanStuff/MyProject3/Saved/Config/Windows/Engine.ini]
[2019.02.26-11.06.57:465][  0]LogConfig: Setting CVar [[r.GPUCrashDebugging:0]]
[2019.02.26-11.06.57:465][  0]LogConfig: Applying CVar settings from Section [/Script/Engine.RendererOverrideSettings] File [F:/SCAD/ITGM studio2/humanStuff/MyProject3/Saved/Config/Windows/Engine.ini]
[2019.02.26-11.06.57:465][  0]LogConfig: Applying CVar settings from Section [/Script/Engine.StreamingSettings] File [F:/SCAD/ITGM studio2/humanStuff/MyProject3/Saved/Config/Windows/Engine.ini]
[2019.02.26-11.06.57:465][  0]LogConfig: Setting CVar [[s.MinBulkDataSizeForAsyncLoading:131072]]
[2019.02.26-11.06.57:465][  0]LogConfig: Setting CVar [[s.AsyncLoadingThreadEnabled:0]]
[2019.02.26-11.06.57:465][  0]LogConfig: Setting CVar [[s.EventDrivenLoaderEnabled:1]]
[2019.02.26-11.06.57:465][  0]LogConfig: Setting CVar [[s.WarnIfTimeLimitExceeded:0]]
[2019.02.26-11.06.57:465][  0]LogConfig: Setting CVar [[s.TimeLimitExceededMultiplier:1.5]]
[2019.02.26-11.06.57:465][  0]LogConfig: Setting CVar [[s.TimeLimitExceededMinTime:0.005]]
[2019.02.26-11.06.57:465][  0]LogConfig: Setting CVar [[s.UseBackgroundLevelStreaming:1]]
[2019.02.26-11.06.57:465][  0]LogConfig: Setting CVar [[s.PriorityAsyncLoadingExtraTime:15.0]]
[2019.02.26-11.06.57:465][  0]LogConfig: Setting CVar [[s.LevelStreamingActorsUpdateTimeLimit:5.0]]
[2019.02.26-11.06.57:465][  0]LogConfig: Setting CVar [[s.PriorityLevelStreamingActorsUpdateExtraTime:5.0]]
[2019.02.26-11.06.57:465][  0]LogConfig: Setting CVar [[s.LevelStreamingComponentsRegistrationGranularity:10]]
[2019.02.26-11.06.57:465][  0]LogConfig: Setting CVar [[s.UnregisterComponentsTimeLimit:1.0]]
[2019.02.26-11.06.57:465][  0]LogConfig: Setting CVar [[s.LevelStreamingComponentsUnregistrationGranularity:5]]
[2019.02.26-11.06.57:466][  0]LogConfig: Applying CVar settings from Section [/Script/Engine.GarbageCollectionSettings] File [F:/SCAD/ITGM studio2/humanStuff/MyProject3/Saved/Config/Windows/Engine.ini]
[2019.02.26-11.06.57:466][  0]LogConfig: Setting CVar [[gc.MaxObjectsNotConsideredByGC:1]]
[2019.02.26-11.06.57:466][  0]LogConfig: Setting CVar [[gc.SizeOfPermanentObjectPool:0]]
[2019.02.26-11.06.57:466][  0]LogConfig: Setting CVar [[gc.FlushStreamingOnGC:0]]
[2019.02.26-11.06.57:466][  0]LogConfig: Setting CVar [[gc.NumRetriesBeforeForcingGC:10]]
[2019.02.26-11.06.57:466][  0]LogConfig: Setting CVar [[gc.AllowParallelGC:1]]
[2019.02.26-11.06.57:466][  0]LogConfig: Setting CVar [[gc.TimeBetweenPurgingPendingKillObjects:61.1]]
[2019.02.26-11.06.57:466][  0]LogConfig: Setting CVar [[gc.MaxObjectsInEditor:8388607]]
[2019.02.26-11.06.57:466][  0]LogConfig: Setting CVar [[gc.IncrementalBeginDestroyEnabled:1]]
[2019.02.26-11.06.57:466][  0]LogConfig: Setting CVar [[gc.CreateGCClusters:1]]
[2019.02.26-11.06.57:466][  0]LogConfig: Setting CVar [[gc.MergeGCClusters:0]]
[2019.02.26-11.06.57:466][  0]LogConfig: Setting CVar [[gc.MinGCClusterSize:5]]
[2019.02.26-11.06.57:466][  0]LogConfig: Setting CVar [[gc.ActorClusteringEnabled:0]]
[2019.02.26-11.06.57:466][  0]LogConfig: Setting CVar [[gc.BlueprintClusteringEnabled:0]]
[2019.02.26-11.06.57:466][  0]LogConfig: Setting CVar [[gc.UseDisregardForGCOnDedicatedServers:0]]
[2019.02.26-11.06.57:466][  0]LogConfig: Applying CVar settings from Section [/Script/Engine.NetworkSettings] File [F:/SCAD/ITGM studio2/humanStuff/MyProject3/Saved/Config/Windows/Engine.ini]
[2019.02.26-11.06.57:466][  0]LogConfig: Applying CVar settings from Section [/Script/UnrealEd.CookerSettings] File [F:/SCAD/ITGM studio2/humanStuff/MyProject3/Saved/Config/Windows/Engine.ini]
[2019.02.26-11.06.57:491][  0]LogConfig: Applying CVar settings from Section [ViewDistanceQuality@3] File [F:/SCAD/ITGM studio2/humanStuff/MyProject3/Saved/Config/Windows/Scalability.ini]
[2019.02.26-11.06.57:491][  0]LogConfig: Setting CVar [[r.SkeletalMeshLODBias:0]]
[2019.02.26-11.06.57:491][  0]LogConfig: Setting CVar [[r.ViewDistanceScale:1.0]]
[2019.02.26-11.06.57:491][  0]LogConfig: Applying CVar settings from Section [AntiAliasingQuality@3] File [F:/SCAD/ITGM studio2/humanStuff/MyProject3/Saved/Config/Windows/Scalability.ini]
[2019.02.26-11.06.57:491][  0]LogConfig: Setting CVar [[r.PostProcessAAQuality:3]]
[2019.02.26-11.06.57:491][  0]LogConfig: Applying CVar settings from Section [ShadowQuality@3] File [F:/SCAD/ITGM studio2/humanStuff/MyProject3/Saved/Config/Windows/Scalability.ini]
[2019.02.26-11.06.57:491][  0]LogConfig: Setting CVar [[r.LightFunctionQuality:1]]
[2019.02.26-11.06.57:491][  0]LogConfig: Setting CVar [[r.ShadowQuality:5]]
[2019.02.26-11.06.57:491][  0]LogConfig: Setting CVar [[r.Shadow.CSM.MaxCascades:10]]
[2019.02.26-11.06.57:491][  0]LogConfig: Setting CVar [[r.Shadow.MaxResolution:2048]]
[2019.02.26-11.06.57:491][  0]LogConfig: Setting CVar [[r.Shadow.MaxCSMResolution:2048]]
[2019.02.26-11.06.57:491][  0]LogConfig: Setting CVar [[r.Shadow.RadiusThreshold:0.01]]
[2019.02.26-11.06.57:491][  0]LogConfig: Setting CVar [[r.Shadow.DistanceScale:1.0]]
[2019.02.26-11.06.57:491][  0]LogConfig: Setting CVar [[r.Shadow.CSM.TransitionScale:1.0]]
[2019.02.26-11.06.57:491][  0]LogConfig: Setting CVar [[r.Shadow.PreShadowResolutionFactor:1.0]]
[2019.02.26-11.06.57:491][  0]LogConfig: Setting CVar [[r.DistanceFieldShadowing:1]]
[2019.02.26-11.06.57:491][  0]LogConfig: Setting CVar [[r.DistanceFieldAO:1]]
[2019.02.26-11.06.57:491][  0]LogConfig: Setting CVar [[r.AOQuality:2]]
[2019.02.26-11.06.57:491][  0]LogConfig: Setting CVar [[r.VolumetricFog:1]]
[2019.02.26-11.06.57:491][  0]LogConfig: Setting CVar [[r.VolumetricFog.GridPixelSize:8]]
[2019.02.26-11.06.57:491][  0]LogConfig: Setting CVar [[r.VolumetricFog.GridSizeZ:128]]
[2019.02.26-11.06.57:491][  0]LogConfig: Setting CVar [[r.VolumetricFog.HistoryMissSupersampleCount:4]]
[2019.02.26-11.06.57:491][  0]LogConfig: Setting CVar [[r.LightMaxDrawDistanceScale:1]]
[2019.02.26-11.06.57:491][  0]LogConfig: Setting CVar [[r.CapsuleShadows:1]]
[2019.02.26-11.06.57:491][  0]LogConfig: Applying CVar settings from Section [PostProcessQuality@3] File [F:/SCAD/ITGM studio2/humanStuff/MyProject3/Saved/Config/Windows/Scalability.ini]
[2019.02.26-11.06.57:491][  0]LogConfig: Setting CVar [[r.MotionBlurQuality:0]]
[2019.02.26-11.06.57:491][  0]LogConfig: Setting CVar [[r.AmbientOcclusionMipLevelFactor:0.4]]
[2019.02.26-11.06.57:491][  0]LogConfig: Setting CVar [[r.AmbientOcclusionMaxQuality:100]]
[2019.02.26-11.06.57:491][  0]LogConfig: Setting CVar [[r.AmbientOcclusionLevels:0]]
[2019.02.26-11.06.57:491][  0]LogConfig: Setting CVar [[r.AmbientOcclusionRadiusScale:1.0]]
[2019.02.26-11.06.57:491][  0]LogConfig: Setting CVar [[r.DepthOfFieldQuality:0]]
[2019.02.26-11.06.57:491][  0]LogConfig: Setting CVar [[r.RenderTargetPoolMin:400]]
[2019.02.26-11.06.57:491][  0]LogConfig: Setting CVar [[r.LensFlareQuality:0]]
[2019.02.26-11.06.57:491][  0]LogConfig: Setting CVar [[r.SceneColorFringeQuality:0]]
[2019.02.26-11.06.57:491][  0]LogConfig: Setting CVar [[r.EyeAdaptationQuality:2]]
[2019.02.26-11.06.57:491][  0]LogConfig: Setting CVar [[r.BloomQuality:1]]
[2019.02.26-11.06.57:491][  0]LogConfig: Setting CVar [[r.FastBlurThreshold:0]]
[2019.02.26-11.06.57:491][  0]LogConfig: Setting CVar [[r.Upscale.Quality:3]]
[2019.02.26-11.06.57:491][  0]LogConfig: Setting CVar [[r.Tonemapper.GrainQuantization:1]]
[2019.02.26-11.06.57:491][  0]LogConfig: Setting CVar [[r.LightShaftQuality:1]]
[2019.02.26-11.06.57:491][  0]LogConfig: Setting CVar [[r.Filter.SizeScale:1]]
[2019.02.26-11.06.57:491][  0]LogConfig: Setting CVar [[r.Tonemapper.Quality:5]]
[2019.02.26-11.06.57:491][  0]LogConfig: Setting CVar [[r.DOF.Gather.AccumulatorQuality:1        ; higher gathering accumulator quality]]
[2019.02.26-11.06.57:491][  0]LogConfig: Setting CVar [[r.DOF.Gather.PostfilterMethod:1          ; Median3x3 postfilering method]]
[2019.02.26-11.06.57:491][  0]LogConfig: Setting CVar [[r.DOF.Gather.EnableBokehSettings:0       ; no bokeh simulation when gathering]]
[2019.02.26-11.06.57:492][  0]LogConfig: Setting CVar [[r.DOF.Gather.RingCount:4                 ; medium number of samples when gathering]]
[2019.02.26-11.06.57:492][  0]LogConfig: Setting CVar [[r.DOF.Scatter.ForegroundCompositing:1    ; additive foreground scattering]]
[2019.02.26-11.06.57:492][  0]LogConfig: Setting CVar [[r.DOF.Scatter.BackgroundCompositing:2    ; additive background scattering]]
[2019.02.26-11.06.57:492][  0]LogConfig: Setting CVar [[r.DOF.Scatter.EnableBokehSettings:1      ; bokeh simulation when scattering]]
[2019.02.26-11.06.57:492][  0]LogConfig: Setting CVar [[r.DOF.Scatter.MaxSpriteRatio:0.1         ; only a maximum of 10% of scattered bokeh]]
[2019.02.26-11.06.57:492][  0]LogConfig: Setting CVar [[r.DOF.Recombine.Quality:1                ; cheap slight out of focus]]
[2019.02.26-11.06.57:492][  0]LogConfig: Setting CVar [[r.DOF.Recombine.EnableBokehSettings:0    ; no bokeh simulation on slight out of focus]]
[2019.02.26-11.06.57:492][  0]LogConfig: Setting CVar [[r.DOF.TemporalAAQuality:1                ; more stable temporal accumulation]]
[2019.02.26-11.06.57:492][  0]LogConfig: Setting CVar [[r.DOF.Kernel.MaxForegroundRadius:0.025]]
[2019.02.26-11.06.57:492][  0]LogConfig: Setting CVar [[r.DOF.Kernel.MaxBackgroundRadius:0.025]]
[2019.02.26-11.06.57:492][  0]LogConfig: Applying CVar settings from Section [TextureQuality@3] File [F:/SCAD/ITGM studio2/humanStuff/MyProject3/Saved/Config/Windows/Scalability.ini]
[2019.02.26-11.06.57:492][  0]LogConfig: Setting CVar [[r.Streaming.MipBias:0]]
[2019.02.26-11.06.57:492][  0]LogConfig: Setting CVar [[r.Streaming.AmortizeCPUToGPUCopy:0]]
[2019.02.26-11.06.57:492][  0]LogConfig: Setting CVar [[r.Streaming.MaxNumTexturesToStreamPerFrame:0]]
[2019.02.26-11.06.57:492][  0]LogConfig: Setting CVar [[r.Streaming.Boost:1]]
[2019.02.26-11.06.57:492][  0]LogConfig: Setting CVar [[r.MaxAnisotropy:8]]
[2019.02.26-11.06.57:492][  0]LogConfig: Setting CVar [[r.Streaming.LimitPoolSizeToVRAM:0]]
[2019.02.26-11.06.57:492][  0]LogConfig: Setting CVar [[r.Streaming.PoolSize:1000]]
[2019.02.26-11.06.57:492][  0]LogConfig: Setting CVar [[r.Streaming.MaxEffectiveScreenSize:0]]
[2019.02.26-11.06.57:492][  0]LogConfig: Applying CVar settings from Section [EffectsQuality@3] File [F:/SCAD/ITGM studio2/humanStuff/MyProject3/Saved/Config/Windows/Scalability.ini]
[2019.02.26-11.06.57:492][  0]LogConfig: Setting CVar [[r.TranslucencyLightingVolumeDim:4]]
[2019.02.26-11.06.57:492][  0]LogConfig: Setting CVar [[r.RefractionQuality:2]]
[2019.02.26-11.06.57:492][  0]LogConfig: Setting CVar [[r.SSR.Quality:0]]
[2019.02.26-11.06.57:492][  0]LogConfig: Setting CVar [[r.SceneColorFormat:2]]
[2019.02.26-11.06.57:492][  0]LogConfig: Setting CVar [[r.DetailMode:2]]
[2019.02.26-11.06.57:492][  0]LogConfig: Setting CVar [[r.TranslucencyVolumeBlur:0]]
[2019.02.26-11.06.57:492][  0]LogConfig: Setting CVar [[r.MaterialQualityLevel:1 ; High quality]]
[2019.02.26-11.06.57:492][  0]LogConfig: Setting CVar [[r.SSS.Scale:1]]
[2019.02.26-11.06.57:492][  0]LogConfig: Setting CVar [[r.SSS.SampleSet:2]]
[2019.02.26-11.06.57:492][  0]LogConfig: Setting CVar [[r.SSS.Quality:1]]
[2019.02.26-11.06.57:492][  0]LogConfig: Setting CVar [[r.SSS.HalfRes:1]]
[2019.02.26-11.06.57:492][  0]LogConfig: Setting CVar [[r.EmitterSpawnRateScale:1.0]]
[2019.02.26-11.06.57:492][  0]LogConfig: Setting CVar [[r.ParticleLightQuality:2]]
[2019.02.26-11.06.57:492][  0]LogConfig: Applying CVar settings from Section [FoliageQuality@3] File [F:/SCAD/ITGM studio2/humanStuff/MyProject3/Saved/Config/Windows/Scalability.ini]
[2019.02.26-11.06.57:492][  0]LogConfig: Setting CVar [[foliage.DensityScale:1.0]]
[2019.02.26-11.06.57:492][  0]LogConfig: Setting CVar [[grass.DensityScale:1.0]]
[2019.02.26-11.06.57:492][  0]LogInit: Selected Device Profile: [Windows]
[2019.02.26-11.06.57:492][  0]LogInit: Applying CVar settings loaded from the selected device profile: [Windows]
[2019.02.26-11.06.57:497][  0]LogHAL: Display: Platform has ~ 16 GB [17034178560 / 17179869184 / 16], which maps to Larger [LargestMinGB=32, LargerMinGB=12, DefaultMinGB=8, SmallerMinGB=6, SmallestMinGB=0)
[2019.02.26-11.06.57:497][  0]LogConfig: Setting CVar [[r.Vulkan.UseRealUBs:1]]
[2019.02.26-11.06.57:497][  0]LogInit: Going up to parent DeviceProfile []
[2019.02.26-11.06.57:497][  0]LogConfig: Applying CVar settings from Section [ViewDistanceQuality@3] File [F:/SCAD/ITGM studio2/humanStuff/MyProject3/Saved/Config/Windows/Scalability.ini]
[2019.02.26-11.06.57:497][  0]LogConfig: Setting CVar [[r.SkeletalMeshLODBias:0]]
[2019.02.26-11.06.57:497][  0]LogConfig: Setting CVar [[r.ViewDistanceScale:1.0]]
[2019.02.26-11.06.57:497][  0]LogConfig: Applying CVar settings from Section [AntiAliasingQuality@3] File [F:/SCAD/ITGM studio2/humanStuff/MyProject3/Saved/Config/Windows/Scalability.ini]
[2019.02.26-11.06.57:497][  0]LogConfig: Setting CVar [[r.PostProcessAAQuality:3]]
[2019.02.26-11.06.57:497][  0]LogConfig: Applying CVar settings from Section [ShadowQuality@3] File [F:/SCAD/ITGM studio2/humanStuff/MyProject3/Saved/Config/Windows/Scalability.ini]
[2019.02.26-11.06.57:497][  0]LogConfig: Setting CVar [[r.LightFunctionQuality:1]]
[2019.02.26-11.06.57:497][  0]LogConfig: Setting CVar [[r.ShadowQuality:5]]
[2019.02.26-11.06.57:497][  0]LogConfig: Setting CVar [[r.Shadow.CSM.MaxCascades:10]]
[2019.02.26-11.06.57:497][  0]LogConfig: Setting CVar [[r.Shadow.MaxResolution:2048]]
[2019.02.26-11.06.57:497][  0]LogConfig: Setting CVar [[r.Shadow.MaxCSMResolution:2048]]
[2019.02.26-11.06.57:497][  0]LogConfig: Setting CVar [[r.Shadow.RadiusThreshold:0.01]]
[2019.02.26-11.06.57:497][  0]LogConfig: Setting CVar [[r.Shadow.DistanceScale:1.0]]
[2019.02.26-11.06.57:497][  0]LogConfig: Setting CVar [[r.Shadow.CSM.TransitionScale:1.0]]
[2019.02.26-11.06.57:497][  0]LogConfig: Setting CVar [[r.Shadow.PreShadowResolutionFactor:1.0]]
[2019.02.26-11.06.57:497][  0]LogConfig: Setting CVar [[r.DistanceFieldShadowing:1]]
[2019.02.26-11.06.57:497][  0]LogConfig: Setting CVar [[r.DistanceFieldAO:1]]
[2019.02.26-11.06.57:497][  0]LogConfig: Setting CVar [[r.AOQuality:2]]
[2019.02.26-11.06.57:497][  0]LogConfig: Setting CVar [[r.VolumetricFog:1]]
[2019.02.26-11.06.57:497][  0]LogConfig: Setting CVar [[r.VolumetricFog.GridPixelSize:8]]
[2019.02.26-11.06.57:497][  0]LogConfig: Setting CVar [[r.VolumetricFog.GridSizeZ:128]]
[2019.02.26-11.06.57:497][  0]LogConfig: Setting CVar [[r.VolumetricFog.HistoryMissSupersampleCount:4]]
[2019.02.26-11.06.57:497][  0]LogConfig: Setting CVar [[r.LightMaxDrawDistanceScale:1]]
[2019.02.26-11.06.57:497][  0]LogConfig: Setting CVar [[r.CapsuleShadows:1]]
[2019.02.26-11.06.57:497][  0]LogConfig: Applying CVar settings from Section [PostProcessQuality@3] File [F:/SCAD/ITGM studio2/humanStuff/MyProject3/Saved/Config/Windows/Scalability.ini]
[2019.02.26-11.06.57:497][  0]LogConfig: Setting CVar [[r.MotionBlurQuality:0]]
[2019.02.26-11.06.57:497][  0]LogConfig: Setting CVar [[r.AmbientOcclusionMipLevelFactor:0.4]]
[2019.02.26-11.06.57:497][  0]LogConfig: Setting CVar [[r.AmbientOcclusionMaxQuality:100]]
[2019.02.26-11.06.57:497][  0]LogConfig: Setting CVar [[r.AmbientOcclusionLevels:0]]
[2019.02.26-11.06.57:497][  0]LogConfig: Setting CVar [[r.AmbientOcclusionRadiusScale:1.0]]
[2019.02.26-11.06.57:497][  0]LogConfig: Setting CVar [[r.DepthOfFieldQuality:0]]
[2019.02.26-11.06.57:497][  0]LogConfig: Setting CVar [[r.RenderTargetPoolMin:400]]
[2019.02.26-11.06.57:497][  0]LogConfig: Setting CVar [[r.LensFlareQuality:0]]
[2019.02.26-11.06.57:497][  0]LogConfig: Setting CVar [[r.SceneColorFringeQuality:0]]
[2019.02.26-11.06.57:497][  0]LogConfig: Setting CVar [[r.EyeAdaptationQuality:2]]
[2019.02.26-11.06.57:497][  0]LogConfig: Setting CVar [[r.BloomQuality:1]]
[2019.02.26-11.06.57:497][  0]LogConfig: Setting CVar [[r.FastBlurThreshold:0]]
[2019.02.26-11.06.57:497][  0]LogConfig: Setting CVar [[r.Upscale.Quality:3]]
[2019.02.26-11.06.57:497][  0]LogConfig: Setting CVar [[r.Tonemapper.GrainQuantization:1]]
[2019.02.26-11.06.57:497][  0]LogConfig: Setting CVar [[r.LightShaftQuality:1]]
[2019.02.26-11.06.57:497][  0]LogConfig: Setting CVar [[r.Filter.SizeScale:1]]
[2019.02.26-11.06.57:497][  0]LogConfig: Setting CVar [[r.Tonemapper.Quality:5]]
[2019.02.26-11.06.57:497][  0]LogConfig: Setting CVar [[r.DOF.Gather.AccumulatorQuality:1        ; higher gathering accumulator quality]]
[2019.02.26-11.06.57:497][  0]LogConfig: Setting CVar [[r.DOF.Gather.PostfilterMethod:1          ; Median3x3 postfilering method]]
[2019.02.26-11.06.57:497][  0]LogConfig: Setting CVar [[r.DOF.Gather.EnableBokehSettings:0       ; no bokeh simulation when gathering]]
[2019.02.26-11.06.57:497][  0]LogConfig: Setting CVar [[r.DOF.Gather.RingCount:4                 ; medium number of samples when gathering]]
[2019.02.26-11.06.57:497][  0]LogConfig: Setting CVar [[r.DOF.Scatter.ForegroundCompositing:1    ; additive foreground scattering]]
[2019.02.26-11.06.57:497][  0]LogConfig: Setting CVar [[r.DOF.Scatter.BackgroundCompositing:2    ; additive background scattering]]
[2019.02.26-11.06.57:497][  0]LogConfig: Setting CVar [[r.DOF.Scatter.EnableBokehSettings:1      ; bokeh simulation when scattering]]
[2019.02.26-11.06.57:497][  0]LogConfig: Setting CVar [[r.DOF.Scatter.MaxSpriteRatio:0.1         ; only a maximum of 10% of scattered bokeh]]
[2019.02.26-11.06.57:497][  0]LogConfig: Setting CVar [[r.DOF.Recombine.Quality:1                ; cheap slight out of focus]]
[2019.02.26-11.06.57:497][  0]LogConfig: Setting CVar [[r.DOF.Recombine.EnableBokehSettings:0    ; no bokeh simulation on slight out of focus]]
[2019.02.26-11.06.57:497][  0]LogConfig: Setting CVar [[r.DOF.TemporalAAQuality:1                ; more stable temporal accumulation]]
[2019.02.26-11.06.57:497][  0]LogConfig: Setting CVar [[r.DOF.Kernel.MaxForegroundRadius:0.025]]
[2019.02.26-11.06.57:497][  0]LogConfig: Setting CVar [[r.DOF.Kernel.MaxBackgroundRadius:0.025]]
[2019.02.26-11.06.57:497][  0]LogConfig: Applying CVar settings from Section [TextureQuality@3] File [F:/SCAD/ITGM studio2/humanStuff/MyProject3/Saved/Config/Windows/Scalability.ini]
[2019.02.26-11.06.57:497][  0]LogConfig: Setting CVar [[r.Streaming.MipBias:0]]
[2019.02.26-11.06.57:497][  0]LogConfig: Setting CVar [[r.Streaming.AmortizeCPUToGPUCopy:0]]
[2019.02.26-11.06.57:497][  0]LogConfig: Setting CVar [[r.Streaming.MaxNumTexturesToStreamPerFrame:0]]
[2019.02.26-11.06.57:498][  0]LogConfig: Setting CVar [[r.Streaming.Boost:1]]
[2019.02.26-11.06.57:498][  0]LogConfig: Setting CVar [[r.MaxAnisotropy:8]]
[2019.02.26-11.06.57:498][  0]LogConfig: Setting CVar [[r.Streaming.LimitPoolSizeToVRAM:0]]
[2019.02.26-11.06.57:498][  0]LogConfig: Setting CVar [[r.Streaming.PoolSize:1000]]
[2019.02.26-11.06.57:498][  0]LogConfig: Setting CVar [[r.Streaming.MaxEffectiveScreenSize:0]]
[2019.02.26-11.06.57:498][  0]LogConfig: Applying CVar settings from Section [EffectsQuality@3] File [F:/SCAD/ITGM studio2/humanStuff/MyProject3/Saved/Config/Windows/Scalability.ini]
[2019.02.26-11.06.57:498][  0]LogConfig: Setting CVar [[r.TranslucencyLightingVolumeDim:4]]
[2019.02.26-11.06.57:498][  0]LogConfig: Setting CVar [[r.RefractionQuality:2]]
[2019.02.26-11.06.57:498][  0]LogConfig: Setting CVar [[r.SSR.Quality:0]]
[2019.02.26-11.06.57:498][  0]LogConfig: Setting CVar [[r.SceneColorFormat:2]]
[2019.02.26-11.06.57:498][  0]LogConfig: Setting CVar [[r.DetailMode:2]]
[2019.02.26-11.06.57:498][  0]LogConfig: Setting CVar [[r.TranslucencyVolumeBlur:0]]
[2019.02.26-11.06.57:498][  0]LogConfig: Setting CVar [[r.MaterialQualityLevel:1 ; High quality]]
[2019.02.26-11.06.57:498][  0]LogConfig: Setting CVar [[r.SSS.Scale:1]]
[2019.02.26-11.06.57:498][  0]LogConfig: Setting CVar [[r.SSS.SampleSet:2]]
[2019.02.26-11.06.57:498][  0]LogConfig: Setting CVar [[r.SSS.Quality:1]]
[2019.02.26-11.06.57:498][  0]LogConfig: Setting CVar [[r.SSS.HalfRes:1]]
[2019.02.26-11.06.57:498][  0]LogConfig: Setting CVar [[r.EmitterSpawnRateScale:1.0]]
[2019.02.26-11.06.57:498][  0]LogConfig: Setting CVar [[r.ParticleLightQuality:2]]
[2019.02.26-11.06.57:498][  0]LogConfig: Applying CVar settings from Section [FoliageQuality@3] File [F:/SCAD/ITGM studio2/humanStuff/MyProject3/Saved/Config/Windows/Scalability.ini]
[2019.02.26-11.06.57:498][  0]LogConfig: Setting CVar [[foliage.DensityScale:1.0]]
[2019.02.26-11.06.57:498][  0]LogConfig: Setting CVar [[grass.DensityScale:1.0]]
[2019.02.26-11.06.57:498][  0]LogConfig: Applying CVar settings from Section [Startup] File [../../../Engine/Config/ConsoleVariables.ini]
[2019.02.26-11.06.57:498][  0]LogConfig: Setting CVar [[net.UseAdaptiveNetUpdateFrequency:0]]
[2019.02.26-11.06.57:498][  0]LogConfig: Applying CVar settings from Section [ConsoleVariables] File [F:/SCAD/ITGM studio2/humanStuff/MyProject3/Saved/Config/Windows/Engine.ini]
[2019.02.26-11.06.57:498][  0]LogInit: Computer: DESKTOP-Q8E4V8A
[2019.02.26-11.06.57:498][  0]LogInit: User: gretc
[2019.02.26-11.06.57:498][  0]LogInit: CPU Page size=4096, Cores=4
[2019.02.26-11.06.57:498][  0]LogInit: High frequency timer resolution =3.417969 MHz
[2019.02.26-11.06.57:499][  0]LogMemory: Memory total: Physical=15.9GB (16GB approx)
[2019.02.26-11.06.57:499][  0]LogMemory: Platform Memory Stats for Windows
[2019.02.26-11.06.57:499][  0]LogMemory: Process Physical Memory: 102.24 MB used, 102.24 MB peak
[2019.02.26-11.06.57:499][  0]LogMemory: Process Virtual Memory: 84.71 MB used, 84.71 MB peak
[2019.02.26-11.06.57:499][  0]LogMemory: Physical Memory: 7235.14 MB used,  9009.92 MB free, 16245.06 MB total
[2019.02.26-11.06.57:499][  0]LogMemory: Virtual Memory: 4633.93 MB used,  134213096.00 MB free, 134217728.00 MB total
[2019.02.26-11.06.57:520][  0]LogInit: Using OS detected language (en-US).
[2019.02.26-11.06.57:520][  0]LogInit: Using OS detected locale (en-US).
[2019.02.26-11.06.57:521][  0]LogTextLocalizationManager: No specific localization for 'en-US' exists, so the 'en' localization will be used.
[2019.02.26-11.06.58:021][  0]LogStreaming: Display: Took  0.502s to InitEngineTextLocalization.
[2019.02.26-11.06.58:065][  0]LogSlate: New Slate User Created.  User Index 0, Is Virtual User: 0
[2019.02.26-11.06.58:065][  0]LogSlate: Slate User Registered.  User Index 0, Is Virtual User: 0
[2019.02.26-11.06.58:085][  0]LogHMD: Failed to initialize OpenVR with code 110
[2019.02.26-11.06.58:085][  0]LogD3D11RHI: D3D11 adapters:
[2019.02.26-11.06.58:108][  0]LogD3D11RHI:    0. 'AMD Radeon R9 200 Series' (Feature Level 11_0)
[2019.02.26-11.06.58:108][  0]LogD3D11RHI:       4072/0/8122 MB DedicatedVideo/DedicatedSystem/SharedSystem, Outputs:2, VendorId:0x1002
[2019.02.26-11.06.58:114][  0]LogD3D11RHI:    1. 'Intel(R) HD Graphics 4600' (Feature Level 11_0)
[2019.02.26-11.06.58:114][  0]LogD3D11RHI:       112/0/2048 MB DedicatedVideo/DedicatedSystem/SharedSystem, Outputs:0, VendorId:0x8086
[2019.02.26-11.06.58:117][  0]LogD3D11RHI:    2. 'Microsoft Basic Render Driver' (Feature Level 11_0)
[2019.02.26-11.06.58:117][  0]LogD3D11RHI:       0/0/8122 MB DedicatedVideo/DedicatedSystem/SharedSystem, Outputs:0, VendorId:0x1414
[2019.02.26-11.06.58:117][  0]LogD3D11RHI: Chosen D3D11 Adapter: 0
[2019.02.26-11.06.58:124][  0]LogD3D11RHI: Creating new Direct3DDevice
[2019.02.26-11.06.58:124][  0]LogD3D11RHI:     GPU DeviceId: 0x67b1 (for the marketing name, search the web for "GPU Device Id")
[2019.02.26-11.06.58:124][  0]LogWindows: EnumDisplayDevices:
[2019.02.26-11.06.58:124][  0]LogWindows:    0. 'AMD Radeon R9 200 Series' (P:0 D:1)
[2019.02.26-11.06.58:125][  0]LogWindows:    1. 'AMD Radeon R9 200 Series' (P:1 D:1)
[2019.02.26-11.06.58:125][  0]LogWindows:    2. 'AMD Radeon R9 200 Series' (P:0 D:0)
[2019.02.26-11.06.58:126][  0]LogWindows:    3. 'AMD Radeon R9 200 Series' (P:0 D:0)
[2019.02.26-11.06.58:126][  0]LogWindows:    4. 'AMD Radeon R9 200 Series' (P:0 D:0)
[2019.02.26-11.06.58:127][  0]LogWindows:    5. 'AMD Radeon R9 200 Series' (P:0 D:0)
[2019.02.26-11.06.58:127][  0]LogWindows:    6. 'AMD Radeon R9 200 Series' (P:0 D:0)
[2019.02.26-11.06.58:128][  0]LogWindows:    7. 'AMD Radeon R9 200 Series' (P:0 D:0)
[2019.02.26-11.06.58:128][  0]LogWindows:    8. 'AMD Radeon R9 200 Series' (P:0 D:0)
[2019.02.26-11.06.58:129][  0]LogWindows:    9. 'AMD Radeon R9 200 Series' (P:0 D:0)
[2019.02.26-11.06.58:129][  0]LogWindows:    10. 'AMD Radeon R9 200 Series' (P:0 D:0)
[2019.02.26-11.06.58:130][  0]LogWindows:    11. 'AMD Radeon R9 200 Series' (P:0 D:0)
[2019.02.26-11.06.58:130][  0]LogWindows:    12. 'AMD Radeon R9 200 Series' (P:0 D:0)
[2019.02.26-11.06.58:131][  0]LogWindows:    13. 'AMD Radeon R9 200 Series' (P:0 D:0)
[2019.02.26-11.06.58:132][  0]LogWindows:    14. 'AMD Radeon R9 200 Series' (P:0 D:0)
[2019.02.26-11.06.58:132][  0]LogWindows:    15. 'AMD Radeon R9 200 Series' (P:0 D:0)
[2019.02.26-11.06.58:133][  0]LogWindows:    16. 'Intel(R) HD Graphics 4600' (P:0 D:0)
[2019.02.26-11.06.58:133][  0]LogWindows:    17. 'Intel(R) HD Graphics 4600' (P:0 D:0)
[2019.02.26-11.06.58:133][  0]LogWindows:    18. 'Intel(R) HD Graphics 4600' (P:0 D:0)
[2019.02.26-11.06.58:134][  0]LogWindows: DebugString: PrimaryIsNotTheChoosenAdapter PrimaryIsNotTheChoosenAdapter PrimaryIsNotTheChoosenAdapter FoundDriverCount:16 
[2019.02.26-11.06.58:134][  0]LogD3D11RHI:     Adapter Name: AMD Radeon R9 200 Series
[2019.02.26-11.06.58:134][  0]LogD3D11RHI:   Driver Version: Adrenalin 18.4.1 (internal:24.20.11001.5003, unified:24.20.11001.5003)
[2019.02.26-11.06.58:134][  0]LogD3D11RHI:      Driver Date: 4-25-2018
[2019.02.26-11.06.58:134][  0]LogRHI: Texture pool is 2850 MB (70% of 4072 MB)
[2019.02.26-11.06.58:230][  0]LogD3D11RHI: Async texture creation enabled
[2019.02.26-11.06.58:241][  0]LogD3D11RHI: GPU Timing Frequency: 27.000000 (Debug: 2 1)
[2019.02.26-11.06.58:536][  0]LogTemp: Display: Loaded TP WindowsClientTargetPlatform
[2019.02.26-11.06.58:548][  0]LogTemp: Display: Loaded TP WindowsNoEditorTargetPlatform
[2019.02.26-11.06.58:560][  0]LogTemp: Display: Loaded TP WindowsServerTargetPlatform
[2019.02.26-11.06.58:565][  0]LogTemp: Display: Loaded TP WindowsTargetPlatform
[2019.02.26-11.06.58:565][  0]LogTargetPlatformManager: Display: Building Assets For Windows
[2019.02.26-11.06.58:623][  0]LogShaderCompilers: Guid format shader working directory is 3 characters bigger than the processId version (F:/SCAD/ITGM studio2/humanStuff/MyProject3/Intermediate/Shaders/WorkingDirectory/12580/).
[2019.02.26-11.06.58:623][  0]LogShaderCompilers: Cleaned the shader compiler working directory 'C:/Users/gretc/AppData/Local/Temp/UnrealShaderWorkingDir/DEED0C494435230137D4B8BE637BB5DB/'.
[2019.02.26-11.06.58:625][  0]LogXGEController: Cannot use XGE Controller as Incredibuild is not installed on this machine.
[2019.02.26-11.06.58:625][  0]LogShaderCompilers: Cannot use XGE Shader Compiler as Incredibuild is not installed on this machine.
[2019.02.26-11.06.58:625][  0]LogShaderCompilers: Display: Using Local Shader Compiler.
[2019.02.26-11.06.59:131][  0]LogDerivedDataCache: Display: Max Cache Size: 512 MB
[2019.02.26-11.06.59:184][  0]LogDerivedDataCache: Loaded boot cache 0.05s 71MB C:/Users/gretc/AppData/Local/UnrealEngine/4.21/DerivedDataCache/Boot.ddc.
[2019.02.26-11.06.59:184][  0]LogDerivedDataCache: Display: Loaded Boot cache: C:/Users/gretc/AppData/Local/UnrealEngine/4.21/DerivedDataCache/Boot.ddc
[2019.02.26-11.06.59:184][  0]LogDerivedDataCache: FDerivedDataBackendGraph:  Pak pak cache file F:/SCAD/ITGM studio2/humanStuff/MyProject3/DerivedDataCache/DDC.ddp not found, will not use a pak cache.
[2019.02.26-11.06.59:184][  0]LogDerivedDataCache: Unable to find inner node Pak for hierarchical cache Hierarchy.
[2019.02.26-11.06.59:184][  0]LogDerivedDataCache: FDerivedDataBackendGraph:  CompressedPak pak cache file F:/SCAD/ITGM studio2/humanStuff/MyProject3/DerivedDataCache/Compressed.ddp not found, will not use a pak cache.
[2019.02.26-11.06.59:184][  0]LogDerivedDataCache: Unable to find inner node CompressedPak for hierarchical cache Hierarchy.
[2019.02.26-11.06.59:196][  0]LogDerivedDataCache: Display: Pak cache opened for reading ../../../Engine/DerivedDataCache/Compressed.ddp.
[2019.02.26-11.06.59:196][  0]LogDerivedDataCache: FDerivedDataBackendGraph:  EnterprisePak pak cache file ../../../Enterprise/DerivedDataCache/Compressed.ddp not found, will not use a pak cache.
[2019.02.26-11.06.59:196][  0]LogDerivedDataCache: Unable to find inner node EnterprisePak for hierarchical cache Hierarchy.
[2019.02.26-11.06.59:208][  0]LogDerivedDataCache: Using Local data cache path C:/Users/gretc/AppData/Local/UnrealEngine/Common/DerivedDataCache: Writable
[2019.02.26-11.06.59:208][  0]LogDerivedDataCache: Shared data cache path not found in *engine.ini, will not use an Shared cache.
[2019.02.26-11.06.59:208][  0]LogDerivedDataCache: Unable to find inner node Shared for hierarchical cache Hierarchy.
[2019.02.26-11.06.59:228][  0]LogMaterial: Verifying Global Shaders for PCD3D_SM5
[2019.02.26-11.06.59:230][  0]LogSlate: Using FreeType 2.6.0
[2019.02.26-11.06.59:231][  0]LogSlate: SlateFontServices - WITH_FREETYPE: 1, WITH_HARFBUZZ: 1
[2019.02.26-11.06.59:345][  0]LogInit: Using OS detected language (en-US).
[2019.02.26-11.06.59:345][  0]LogInit: Using OS detected locale (en-US).
[2019.02.26-11.06.59:345][  0]LogTextLocalizationManager: No localization for 'en-US' exists, so 'en' will be used for the language.
[2019.02.26-11.06.59:345][  0]LogTextLocalizationManager: No localization for 'en-US' exists, so 'en' will be used for the locale.
[2019.02.26-11.06.59:345][  0]LogSlate: FontCache flush requested. Reason: Culture for localization was changed
[2019.02.26-11.06.59:346][  0]LogSlate: FontCache flush requested. Reason: Culture for localization was changed
[2019.02.26-11.06.59:651][  0]LogStreaming: Display: Took  0.306s to InitGameTextLocalization.
[2019.02.26-11.06.59:657][  0]LogAssetRegistry: FAssetRegistry took 0.0034 seconds to start up
[2019.02.26-11.06.59:840][  0]LogPackageLocalizationCache: Processed 11 localized package path(s) for 1 prioritized culture(s) in 0.012567 seconds
[2019.02.26-11.06.59:935][  0]LogInit: Selected Device Profile: [Windows]
[2019.02.26-11.06.59:990][  0]LogSimplygon: Simplygon DLL not present - disabling.
[2019.02.26-11.06.59:993][  0]LogMeshReduction: Using SimplygonSwarm for distributed automatic mesh merging
[2019.02.26-11.06.59:993][  0]LogMeshReduction: Using ProxyLODMeshReduction for automatic mesh merging
[2019.02.26-11.06.59:993][  0]LogMeshReduction: Using QuadricMeshReduction for automatic static mesh reduction
[2019.02.26-11.06.59:993][  0]LogMeshReduction: No automatic skeletal mesh reduction module available
[2019.02.26-11.07.00:075][  0]LogNetVersion: HumanStuff 1.0.0, NetCL: 4541578, EngineNetVer: 5, GameNetVer: 0 (Checksum: 1645013271)
[2019.02.26-11.07.00:610][  0]LogMoviePlayer: Initializing movie player
[2019.02.26-11.07.00:706][  0]LogTcpMessaging: Initializing TcpMessaging bridge
[2019.02.26-11.07.00:718][  0]LogUdpMessaging: Initializing bridge on interface 0.0.0.0:0 to multicast group 230.0.0.1:6666.
[2019.02.26-11.07.00:801][  0]SourceControl: Source control is disabled
[2019.02.26-11.07.00:801][  0]SourceControl: Source control is disabled
[2019.02.26-11.07.00:802][  0]SourceControl: Source control is disabled
[2019.02.26-11.07.00:927][  0]LogAndroidPermission: UAndroidPermissionCallbackProxy::GetInstance
[2019.02.26-11.07.01:048][  0]LogOcInput: OculusInput pre-init called
[2019.02.26-11.07.01:057][  0]LogUObjectArray: 43226 objects as part of root set at end of initial load.
[2019.02.26-11.07.01:057][  0]LogUObjectAllocator: 7590216 out of 0 bytes used by permanent object pool.
[2019.02.26-11.07.01:057][  0]LogUObjectArray: CloseDisregardForGC: 0/0 objects in disregard for GC pool
[2019.02.26-11.07.01:180][  0]LogEngine: Initializing Engine...
[2019.02.26-11.07.01:180][  0]LogHMD: Failed to initialize OpenVR with code 110
[2019.02.26-11.07.01:193][  0]LogStats: UGameplayTagsManager::ConstructGameplayTagTree: ImportINI prefixes -  0.000 s
[2019.02.26-11.07.01:193][  0]LogStats: UGameplayTagsManager::ConstructGameplayTagTree: Construct from data asset -  0.000 s
[2019.02.26-11.07.01:193][  0]LogStats: UGameplayTagsManager::ConstructGameplayTagTree: ImportINI -  0.000 s
[2019.02.26-11.07.01:193][  0]LogStats: UGameplayTagsManager::ConstructGameplayTagTree: GameplayTagTreeChangedEvent.Broadcast -  0.000 s
[2019.02.26-11.07.01:359][  0]LogInit: Initializing FReadOnlyCVARCache
[2019.02.26-11.07.01:390][  0]LogInit: XAudio2 using 'Headset Earphone (Razer Kraken 7.1 Chroma)' : 2 channels at 48 kHz using 16 bits per sample (channel mask 0x3)
[2019.02.26-11.07.01:441][  0]LogInit: FAudioDevice initialized.
[2019.02.26-11.07.01:452][  0]LogNetVersion: Set ProjectVersion to 1.0.0.0. Version Checksum will be recalculated on next use.
[2019.02.26-11.07.01:462][  0]LogInit: Texture streaming: Enabled
[2019.02.26-11.07.01:598][  0]LogSlate: Updating window title bar state: overlay mode, drag disabled, window buttons hidden, title bar hidden
[2019.02.26-11.07.01:599][  0]LogInit: Display: Game Engine Initialized.
[2019.02.26-11.07.01:599][  0]LogGameplayTags: Display: UGameplayTagsManager::DoneAddingNativeTags. DelegateIsBound: 0
[2019.02.26-11.07.01:599][  0]LogStats: UGameplayTagsManager::ConstructGameplayTagTree: ImportINI prefixes -  0.000 s
[2019.02.26-11.07.01:599][  0]LogStats: UGameplayTagsManager::ConstructGameplayTagTree: Construct from data asset -  0.000 s
[2019.02.26-11.07.01:599][  0]LogStats: UGameplayTagsManager::ConstructGameplayTagTree: ImportINI -  0.000 s
[2019.02.26-11.07.01:599][  0]LogStats: UGameplayTagsManager::ConstructGameplayTagTree: GameplayTagTreeChangedEvent.Broadcast -  0.000 s
[2019.02.26-11.07.01:614][  0]LogInit: Display: Starting Game.
[2019.02.26-11.07.01:614][  0]LogNet: Browse: /Game/StarterContent/Maps/Minimal_Default_2?Name=Player
[2019.02.26-11.07.01:614][  0]LogLoad: LoadMap: /Game/StarterContent/Maps/Minimal_Default_2?Name=Player
[2019.02.26-11.07.03:220][  0]LoadErrors: Warning: hs_concreteBumper Min LOD value of 1 is out of range 0..0 and has been adjusted to 0. Please verify and resave the asset.
[2019.02.26-11.07.03:220][  0]LoadErrors: Warning: hs_groundPlane Min LOD value of 1 is out of range 0..0 and has been adjusted to 0. Please verify and resave the asset.
[2019.02.26-11.07.03:223][  0]LoadErrors: Warning: hs_lampTree Min LOD value of 1 is out of range 0..0 and has been adjusted to 0. Please verify and resave the asset.
[2019.02.26-11.07.03:224][  0]LoadErrors: Warning: hs_parkingMedian Min LOD value of 1 is out of range 0..0 and has been adjusted to 0. Please verify and resave the asset.
[2019.02.26-11.07.03:227][  0]LoadErrors: Warning: shelves Min LOD value of 1 is out of range 0..0 and has been adjusted to 0. Please verify and resave the asset.
[2019.02.26-11.07.03:227][  0]LoadErrors: Warning: skybox2 Min LOD value of 1 is out of range 0..0 and has been adjusted to 0. Please verify and resave the asset.
[2019.02.26-11.07.03:288][  0]LoadErrors: Warning: hs_cake Min LOD value of 1 is out of range 0..0 and has been adjusted to 0. Please verify and resave the asset.
[2019.02.26-11.07.03:289][  0]LoadErrors: Warning: hs_bomb Min LOD value of 1 is out of range 0..0 and has been adjusted to 0. Please verify and resave the asset.
[2019.02.26-11.07.03:480][  0]LogAIModule: Creating AISystem for world Minimal_Default_2
[2019.02.26-11.07.03:481][  0]LogLoad: Game class is 'GameModeBase'
[2019.02.26-11.07.03:496][  0]LogWorld: Bringing World /Game/StarterContent/Maps/Minimal_Default_2.Minimal_Default_2 up for play (max tick rate 0) at 2019.02.26-06.07.03
[2019.02.26-11.07.03:496][  0]LogSlate: New Slate User Created.  User Index 8, Is Virtual User: 1
[2019.02.26-11.07.03:496][  0]LogSlate: Slate User Registered.  User Index 8, Is Virtual User: 1
[2019.02.26-11.07.03:497][  0]LogWorld: Bringing up level for play took: 0.015331
[2019.02.26-11.07.03:497][  0]LogGameMode: FindPlayerStart: PATHS NOT DEFINED or NO PLAYERSTART with positive rating
[2019.02.26-11.07.03:500][  0]LogBlueprintUserMessages: Warning: SetTimer passed a bad function (TimeFunctionTick) or object (MotionControllerPawn_2)
[2019.02.26-11.07.03:500][  0]LogBlueprintUserMessages: [MotionControllerPawn_2] 















Make_Hands
[2019.02.26-11.07.03:502][  0]LogBlueprintUserMessages: [MotionControllerPawn_2] 









Left
[2019.02.26-11.07.03:503][  0]LogBlueprintUserMessages: [MotionControllerPawn_2] 











Right
[2019.02.26-11.07.03:503][  0]LogLoad: Took 1.889156 seconds to LoadMap(/Game/StarterContent/Maps/Minimal_Default_2)
[2019.02.26-11.07.03:555][  0]LogRenderer: Reallocating scene render targets to support 1280x720 Format 26 NumSamples 1 (Frame:1).
[2019.02.26-11.07.03:555][  0]LogLoad: (Engine Initialization) Total time: 9.16 seconds
[2019.02.26-11.07.03:555][  0]LogLoad: (Engine Initialization) Total Blueprint compile time: 0.00 seconds
[2019.02.26-11.07.03:612][  0]LogWindowsTextInputMethodSystem: Display: IME system now deactivated.
[2019.02.26-11.07.03:615][  0]LogContentStreaming: Texture pool size now 1000 MB
[2019.02.26-11.07.03:702][  1]LogScript: Warning: Accessed None trying to read property SplineReference
	BabyCarts_C /Game/StarterContent/Maps/Minimal_Default_2.Minimal_Default_2:PersistentLevel.BabyCarts_2
	Function /Game/Blueprints/ShoppingCarts.ShoppingCarts_C:Location_Update:0067
[2019.02.26-11.07.03:702][  1]LogScript: Warning: Script call stack:
	Function /Game/Blueprints/BabyCarts.BabyCarts_C:ReceiveTick
	Function /Game/Blueprints/BabyCarts.BabyCarts_C:ExecuteUbergraph_BabyCarts
	Function /Game/Blueprints/ShoppingCarts.ShoppingCarts_C:Location_Update

[2019.02.26-11.07.03:702][  1]LogScript: Warning: Accessed None
	BabyCarts_C /Game/StarterContent/Maps/Minimal_Default_2.Minimal_Default_2:PersistentLevel.BabyCarts_2
	Function /Game/Blueprints/ShoppingCarts.ShoppingCarts_C:Location_Update:007C
[2019.02.26-11.07.03:702][  1]LogScript: Warning: Script call stack:
	Function /Game/Blueprints/BabyCarts.BabyCarts_C:ReceiveTick
	Function /Game/Blueprints/BabyCarts.BabyCarts_C:ExecuteUbergraph_BabyCarts
	Function /Game/Blueprints/ShoppingCarts.ShoppingCarts_C:Location_Update

[2019.02.26-11.07.03:702][  1]LogScript: Warning: Accessed None trying to read property SplineReference
	BabyCarts_C /Game/StarterContent/Maps/Minimal_Default_2.Minimal_Default_2:PersistentLevel.BabyCarts_2
	Function /Game/Blueprints/ShoppingCarts.ShoppingCarts_C:Location_Update:00BA
[2019.02.26-11.07.03:702][  1]LogScript: Warning: Script call stack:
	Function /Game/Blueprints/BabyCarts.BabyCarts_C:ReceiveTick
	Function /Game/Blueprints/BabyCarts.BabyCarts_C:ExecuteUbergraph_BabyCarts
	Function /Game/Blueprints/ShoppingCarts.ShoppingCarts_C:Location_Update

[2019.02.26-11.07.03:702][  1]LogScript: Warning: Accessed None
	BabyCarts_C /Game/StarterContent/Maps/Minimal_Default_2.Minimal_Default_2:PersistentLevel.BabyCarts_2
	Function /Game/Blueprints/ShoppingCarts.ShoppingCarts_C:Location_Update:00CF
[2019.02.26-11.07.03:702][  1]LogScript: Warning: Script call stack:
	Function /Game/Blueprints/BabyCarts.BabyCarts_C:ReceiveTick
	Function /Game/Blueprints/BabyCarts.BabyCarts_C:ExecuteUbergraph_BabyCarts
	Function /Game/Blueprints/ShoppingCarts.ShoppingCarts_C:Location_Update

[2019.02.26-11.07.03:703][  1]LogScript: Warning: Accessed None trying to read property SplineReference
	BabyCarts_C /Game/StarterContent/Maps/Minimal_Default_2.Minimal_Default_2:PersistentLevel.BabyCarts_2
	Function /Game/Blueprints/BabyCarts.BabyCarts_C:ExecuteUbergraph_BabyCarts:00BA
[2019.02.26-11.07.03:703][  1]LogScript: Warning: Script call stack:
	Function /Game/Blueprints/BabyCarts.BabyCarts_C:ReceiveTick
	Function /Game/Blueprints/BabyCarts.BabyCarts_C:ExecuteUbergraph_BabyCarts

[2019.02.26-11.07.03:703][  1]LogScript: Warning: Accessed None
	BabyCarts_C /Game/StarterContent/Maps/Minimal_Default_2.Minimal_Default_2:PersistentLevel.BabyCarts_2
	Function /Game/Blueprints/BabyCarts.BabyCarts_C:ExecuteUbergraph_BabyCarts:00CF
[2019.02.26-11.07.03:703][  1]LogScript: Warning: Script call stack:
	Function /Game/Blueprints/BabyCarts.BabyCarts_C:ReceiveTick
	Function /Game/Blueprints/BabyCarts.BabyCarts_C:ExecuteUbergraph_BabyCarts

[2019.02.26-11.07.03:718][  2]LogScript: Warning: Accessed None trying to read property SplineReference
	BabyCarts_C /Game/StarterContent/Maps/Minimal_Default_2.Minimal_Default_2:PersistentLevel.BabyCarts_2
	Function /Game/Blueprints/ShoppingCarts.ShoppingCarts_C:Location_Update:0067
[2019.02.26-11.07.03:718][  2]LogScript: Warning: Script call stack:
	Function /Game/Blueprints/BabyCarts.BabyCarts_C:ReceiveTick
	Function /Game/Blueprints/BabyCarts.BabyCarts_C:ExecuteUbergraph_BabyCarts
	Function /Game/Blueprints/ShoppingCarts.ShoppingCarts_C:Location_Update

[2019.02.26-11.07.03:718][  2]LogScript: Warning: Accessed None
	BabyCarts_C /Game/StarterContent/Maps/Minimal_Default_2.Minimal_Default_2:PersistentLevel.BabyCarts_2
	Function /Game/Blueprints/ShoppingCarts.ShoppingCarts_C:Location_Update:007C
[2019.02.26-11.07.03:718][  2]LogScript: Warning: Script call stack:
	Function /Game/Blueprints/BabyCarts.BabyCarts_C:ReceiveTick
	Function /Game/Blueprints/BabyCarts.BabyCarts_C:ExecuteUbergraph_BabyCarts
	Function /Game/Blueprints/ShoppingCarts.ShoppingCarts_C:Location_Update

[2019.02.26-11.07.03:718][  2]LogScript: Warning: Accessed None trying to read property SplineReference
	BabyCarts_C /Game/StarterContent/Maps/Minimal_Default_2.Minimal_Default_2:PersistentLevel.BabyCarts_2
	Function /Game/Blueprints/ShoppingCarts.ShoppingCarts_C:Location_Update:00BA
[2019.02.26-11.07.03:718][  2]LogScript: Warning: Script call stack:
	Function /Game/Blueprints/BabyCarts.BabyCarts_C:ReceiveTick
	Function /Game/Blueprints/BabyCarts.BabyCarts_C:ExecuteUbergraph_BabyCarts
	Function /Game/Blueprints/ShoppingCarts.ShoppingCarts_C:Location_Update

[2019.02.26-11.07.03:718][  2]LogScript: Warning: Accessed None
	BabyCarts_C /Game/StarterContent/Maps/Minimal_Default_2.Minimal_Default_2:PersistentLevel.BabyCarts_2
	Function /Game/Blueprints/ShoppingCarts.ShoppingCarts_C:Location_Update:00CF
[2019.02.26-11.07.03:718][  2]LogScript: Warning: Script call stack:
	Function /Game/Blueprints/BabyCarts.BabyCarts_C:ReceiveTick
	Function /Game/Blueprints/BabyCarts.BabyCarts_C:ExecuteUbergraph_BabyCarts
	Function /Game/Blueprints/ShoppingCarts.ShoppingCarts_C:Location_Update

[2019.02.26-11.07.03:718][  2]LogScript: Warning: Accessed None trying to read property SplineReference
	BabyCarts_C /Game/StarterContent/Maps/Minimal_Default_2.Minimal_Default_2:PersistentLevel.BabyCarts_2
	Function /Game/Blueprints/BabyCarts.BabyCarts_C:ExecuteUbergraph_BabyCarts:00BA
[2019.02.26-11.07.03:718][  2]LogScript: Warning: Script call stack:
	Function /Game/Blueprints/BabyCarts.BabyCarts_C:ReceiveTick
	Function /Game/Blueprints/BabyCarts.BabyCarts_C:ExecuteUbergraph_BabyCarts

[2019.02.26-11.07.03:718][  2]LogScript: Warning: Accessed None
	BabyCarts_C /Game/StarterContent/Maps/Minimal_Default_2.Minimal_Default_2:PersistentLevel.BabyCarts_2
	Function /Game/Blueprints/BabyCarts.BabyCarts_C:ExecuteUbergraph_BabyCarts:00CF
[2019.02.26-11.07.03:718][  2]LogScript: Warning: Script call stack:
	Function /Game/Blueprints/BabyCarts.BabyCarts_C:ReceiveTick
	Function /Game/Blueprints/BabyCarts.BabyCarts_C:ExecuteUbergraph_BabyCarts

[2019.02.26-11.07.03:734][  3]LogScript: Warning: Accessed None trying to read property SplineReference
	BabyCarts_C /Game/StarterContent/Maps/Minimal_Default_2.Minimal_Default_2:PersistentLevel.BabyCarts_2
	Function /Game/Blueprints/ShoppingCarts.ShoppingCarts_C:Location_Update:0067
[2019.02.26-11.07.03:734][  3]LogScript: Warning: Script call stack:
	Function /Game/Blueprints/BabyCarts.BabyCarts_C:ReceiveTick
	Function /Game/Blueprints/BabyCarts.BabyCarts_C:ExecuteUbergraph_BabyCarts
	Function /Game/Blueprints/ShoppingCarts.ShoppingCarts_C:Location_Update

[2019.02.26-11.07.03:734][  3]LogScript: Warning: Accessed None
	BabyCarts_C /Game/StarterContent/Maps/Minimal_Default_2.Minimal_Default_2:PersistentLevel.BabyCarts_2
	Function /Game/Blueprints/ShoppingCarts.ShoppingCarts_C:Location_Update:007C
[2019.02.26-11.07.03:735][  3]LogScript: Warning: Script call stack:
	Function /Game/Blueprints/BabyCarts.BabyCarts_C:ReceiveTick
	Function /Game/Blueprints/BabyCarts.BabyCarts_C:ExecuteUbergraph_BabyCarts
	Function /Game/Blueprints/ShoppingCarts.ShoppingCarts_C:Location_Update

[2019.02.26-11.07.03:735][  3]LogScript: Warning: Accessed None trying to read property SplineReference
	BabyCarts_C /Game/StarterContent/Maps/Minimal_Default_2.Minimal_Default_2:PersistentLevel.BabyCarts_2
	Function /Game/Blueprints/ShoppingCarts.ShoppingCarts_C:Location_Update:00BA
[2019.02.26-11.07.03:735][  3]LogScript: Warning: Script call stack:
	Function /Game/Blueprints/BabyCarts.BabyCarts_C:ReceiveTick
	Function /Game/Blueprints/BabyCarts.BabyCarts_C:ExecuteUbergraph_BabyCarts
	Function /Game/Blueprints/ShoppingCarts.ShoppingCarts_C:Location_Update

[2019.02.26-11.07.03:735][  3]LogScript: Warning: Accessed None
	BabyCarts_C /Game/StarterContent/Maps/Minimal_Default_2.Minimal_Default_2:PersistentLevel.BabyCarts_2
	Function /Game/Blueprints/ShoppingCarts.ShoppingCarts_C:Location_Update:00CF
[2019.02.26-11.07.03:735][  3]LogScript: Warning: Script call stack:
	Function /Game/Blueprints/BabyCarts.BabyCarts_C:ReceiveTick
	Function /Game/Blueprints/BabyCarts.BabyCarts_C:ExecuteUbergraph_BabyCarts
	Function /Game/Blueprints/ShoppingCarts.ShoppingCarts_C:Location_Update

[2019.02.26-11.07.03:735][  3]LogScript: Warning: Accessed None trying to read property SplineReference
	BabyCarts_C /Game/StarterContent/Maps/Minimal_Default_2.Minimal_Default_2:PersistentLevel.BabyCarts_2
	Function /Game/Blueprints/BabyCarts.BabyCarts_C:ExecuteUbergraph_BabyCarts:00BA
[2019.02.26-11.07.03:735][  3]LogScript: Warning: Script call stack:
	Function /Game/Blueprints/BabyCarts.BabyCarts_C:ReceiveTick
	Function /Game/Blueprints/BabyCarts.BabyCarts_C:ExecuteUbergraph_BabyCarts

[2019.02.26-11.07.04:606][ 57]LogBlueprintUserMessages: [MotionControllerPawn_2] 109
[2019.02.26-11.07.04:622][ 58]LogScript: Warning: Accessed None trying to read property ScanVar
	Spawner_C /Game/StarterContent/Maps/Minimal_Default_2.Minimal_Default_2:PersistentLevel.Spawner_2
	Function /Game/Blueprints/Spawner.Spawner_C:ExecuteUbergraph_Spawner:0F0C
[2019.02.26-11.07.04:622][ 58]LogScript: Warning: Script call stack:
	Function /Game/Blueprints/Spawner.Spawner_C:SpawnItem
	Function /Game/Blueprints/Spawner.Spawner_C:ExecuteUbergraph_Spawner

[2019.02.26-11.07.05:623][120]LogScript: Warning: Script Msg: Divide by zero detected: 6210.433594 / 0
Script call stack:
	Function /Game/Blueprints/CartSpawn.CartSpawn_C:SpawnCart
	Function /Game/Blueprints/CartSpawn.CartSpawn_C:ExecuteUbergraph_CartSpawn
	Function /Game/Blueprints/CartSpawn.CartSpawn_C:SpawnCartOnSpline

[2019.02.26-11.07.05:624][120]LogScript: Warning: Script Msg: Divide by zero detected: 6210.433594 / 0
Script call stack:
	Function /Game/Blueprints/CartSpawn.CartSpawn_C:SpawnCart
	Function /Game/Blueprints/CartSpawn.CartSpawn_C:ExecuteUbergraph_CartSpawn
	Function /Game/Blueprints/CartSpawn.CartSpawn_C:SpawnCartOnSpline

[2019.02.26-11.07.05:816][132]LogBlueprintUserMessages: [MotionControllerPawn_2] 108
[2019.02.26-11.07.07:027][207]LogBlueprintUserMessages: [MotionControllerPawn_2] 107
[2019.02.26-11.07.07:624][244]LogScript: Warning: Script Msg: Divide by zero detected: 6210.433594 / 0
Script call stack:
	Function /Game/Blueprints/CartSpawn.CartSpawn_C:SpawnCart
	Function /Game/Blueprints/CartSpawn.CartSpawn_C:ExecuteUbergraph_CartSpawn
	Function /Game/Blueprints/CartSpawn.CartSpawn_C:SpawnCartOnSpline

[2019.02.26-11.07.07:624][244]LogScript: Warning: Script Msg: Divide by zero detected: 6210.433594 / 0
Script call stack:
	Function /Game/Blueprints/CartSpawn.CartSpawn_C:SpawnCart
	Function /Game/Blueprints/CartSpawn.CartSpawn_C:ExecuteUbergraph_CartSpawn
	Function /Game/Blueprints/CartSpawn.CartSpawn_C:SpawnCartOnSpline

[2019.02.26-11.07.08:236][282]LogBlueprintUserMessages: [MotionControllerPawn_2] 106
[2019.02.26-11.07.09:452][357]LogBlueprintUserMessages: [MotionControllerPawn_2] 105
[2019.02.26-11.07.09:614][367]LogScript: Warning: Script Msg: Divide by zero detected: 6210.433594 / 0
Script call stack:
	Function /Game/Blueprints/CartSpawn.CartSpawn_C:SpawnCart
	Function /Game/Blueprints/CartSpawn.CartSpawn_C:ExecuteUbergraph_CartSpawn
	Function /Game/Blueprints/CartSpawn.CartSpawn_C:SpawnCartOnSpline

[2019.02.26-11.07.09:614][367]LogScript: Warning: Script Msg: Divide by zero detected: 6210.433594 / 0
Script call stack:
	Function /Game/Blueprints/CartSpawn.CartSpawn_C:SpawnCart
	Function /Game/Blueprints/CartSpawn.CartSpawn_C:ExecuteUbergraph_CartSpawn
	Function /Game/Blueprints/CartSpawn.CartSpawn_C:SpawnCartOnSpline

[2019.02.26-11.07.10:664][430]LogBlueprintUserMessages: [MotionControllerPawn_2] 104
[2019.02.26-11.07.11:623][488]LogScript: Warning: Script Msg: Divide by zero detected: 6210.433594 / 0
Script call stack:
	Function /Game/Blueprints/CartSpawn.CartSpawn_C:SpawnCart
	Function /Game/Blueprints/CartSpawn.CartSpawn_C:ExecuteUbergraph_CartSpawn
	Function /Game/Blueprints/CartSpawn.CartSpawn_C:SpawnCartOnSpline

[2019.02.26-11.07.11:623][488]LogScript: Warning: Script Msg: Divide by zero detected: 6210.433594 / 0
Script call stack:
	Function /Game/Blueprints/CartSpawn.CartSpawn_C:SpawnCart
	Function /Game/Blueprints/CartSpawn.CartSpawn_C:ExecuteUbergraph_CartSpawn
	Function /Game/Blueprints/CartSpawn.CartSpawn_C:SpawnCartOnSpline

[2019.02.26-11.07.11:883][504]LogBlueprintUserMessages: [MotionControllerPawn_2] 103
[2019.02.26-11.07.13:094][579]LogBlueprintUserMessages: [MotionControllerPawn_2] 102
[2019.02.26-11.07.13:628][612]LogScript: Warning: Script Msg: Divide by zero detected: 6210.433594 / 0
Script call stack:
	Function /Game/Blueprints/CartSpawn.CartSpawn_C:SpawnCart
	Function /Game/Blueprints/CartSpawn.CartSpawn_C:ExecuteUbergraph_CartSpawn
	Function /Game/Blueprints/CartSpawn.CartSpawn_C:SpawnCartOnSpline

[2019.02.26-11.07.13:628][612]LogScript: Warning: Script Msg: Divide by zero detected: 6210.433594 / 0
Script call stack:
	Function /Game/Blueprints/CartSpawn.CartSpawn_C:SpawnCart
	Function /Game/Blueprints/CartSpawn.CartSpawn_C:ExecuteUbergraph_CartSpawn
	Function /Game/Blueprints/CartSpawn.CartSpawn_C:SpawnCartOnSpline

[2019.02.26-11.07.14:305][654]LogBlueprintUserMessages: [MotionControllerPawn_2] 101
[2019.02.26-11.07.15:514][729]LogBlueprintUserMessages: [MotionControllerPawn_2] 100
[2019.02.26-11.07.15:628][736]LogScript: Warning: Script Msg: Divide by zero detected: 6210.433594 / 0
Script call stack:
	Function /Game/Blueprints/CartSpawn.CartSpawn_C:SpawnCart
	Function /Game/Blueprints/CartSpawn.CartSpawn_C:ExecuteUbergraph_CartSpawn
	Function /Game/Blueprints/CartSpawn.CartSpawn_C:SpawnCartOnSpline

[2019.02.26-11.07.15:628][736]LogScript: Warning: Script Msg: Divide by zero detected: 6210.433594 / 0
Script call stack:
	Function /Game/Blueprints/CartSpawn.CartSpawn_C:SpawnCart
	Function /Game/Blueprints/CartSpawn.CartSpawn_C:ExecuteUbergraph_CartSpawn
	Function /Game/Blueprints/CartSpawn.CartSpawn_C:SpawnCartOnSpline

[2019.02.26-11.07.16:716][802]LogSlate: Window 'HumanStuff (64-bit Development PCD3D_SM5) ' being destroyed
[2019.02.26-11.07.16:716][802]LogWindowsTextInputMethodSystem: Display: IME system now deactivated.
[2019.02.26-11.07.16:719][802]LogSlate: Updating window title bar state: overlay mode, drag disabled, window buttons hidden, title bar hidden
[2019.02.26-11.07.16:719][802]LogEngine: All Windows Closed
[2019.02.26-11.07.16:719][802]LogWindows: FPlatformMisc::RequestExit(0)
[2019.02.26-11.07.17:196][803]LogExit: Preparing to exit.
[2019.02.26-11.07.17:196][803]LogMoviePlayer: Shutting down movie player
[2019.02.26-11.07.17:747][803]LogSlate: Updating window title bar state: overlay mode, drag disabled, window buttons hidden, title bar hidden
[2019.02.26-11.07.17:836][803]LogExit: Game engine shut down
[2019.02.26-11.07.17:916][803]LogExit: Object subsystem successfully closed.
[2019.02.26-11.07.17:967][803]LogShaderCompilers: Display: Shaders left to compile 0
[2019.02.26-11.07.17:970][803]LogD3D11RHI: Shutdown
[2019.02.26-11.07.17:970][803]LogD3D11RHI: CleanupD3DDevice
[2019.02.26-11.07.17:973][803]LogD3D11RHI: ~FD3D11DynamicRHI
[2019.02.26-11.07.17:985][803]LogModuleManager: Shutting down and abandoning module SequenceRecorderSections (382)
[2019.02.26-11.07.17:985][803]LogModuleManager: Shutting down and abandoning module SequenceRecorder (380)
[2019.02.26-11.07.17:985][803]LogModuleManager: Shutting down and abandoning module AutomationController (378)
[2019.02.26-11.07.17:985][803]LogModuleManager: Shutting down and abandoning module AutomationWorker (376)
[2019.02.26-11.07.17:985][803]LogModuleManager: Shutting down and abandoning module Voice (374)
[2019.02.26-11.07.17:985][803]LogModuleManager: Shutting down and abandoning module AIModule (372)
[2019.02.26-11.07.17:985][803]LogModuleManager: Shutting down and abandoning module GameplayDebugger (371)
[2019.02.26-11.07.17:985][803]LogModuleManager: Shutting down and abandoning module AITestSuite (369)
[2019.02.26-11.07.17:985][803]LogModuleManager: Shutting down and abandoning module NavigationSystem (367)
[2019.02.26-11.07.17:985][803]LogModuleManager: Shutting down and abandoning module WmfMediaFactory (364)
[2019.02.26-11.07.17:985][803]LogModuleManager: Shutting down and abandoning module WebMMediaFactory (362)
[2019.02.26-11.07.17:985][803]LogModuleManager: Shutting down and abandoning module WebMMedia (360)
[2019.02.26-11.07.17:985][803]LogModuleManager: Shutting down and abandoning module OpenExrWrapper (358)
[2019.02.26-11.07.17:985][803]LogModuleManager: Shutting down and abandoning module ImgMediaFactory (356)
[2019.02.26-11.07.17:985][803]LogModuleManager: Shutting down and abandoning module AvfMediaFactory (354)
[2019.02.26-11.07.17:985][803]LogModuleManager: Shutting down and abandoning module MagicLeapCameraPreviewFactory (352)
[2019.02.26-11.07.17:985][803]LogModuleManager: Shutting down and abandoning module MagicLeapMediaFactory (350)
[2019.02.26-11.07.17:985][803]LogModuleManager: Shutting down and abandoning module CharacterAI (348)
[2019.02.26-11.07.17:985][803]LogModuleManager: Shutting down and abandoning module SessionServices (346)
[2019.02.26-11.07.17:985][803]LogModuleManager: Shutting down and abandoning module MovieSceneCapture (344)
[2019.02.26-11.07.17:985][803]LogModuleManager: Shutting down and abandoning module MovieSceneTracks (342)
[2019.02.26-11.07.17:985][803]LogModuleManager: Shutting down and abandoning module MovieScene (340)
[2019.02.26-11.07.17:985][803]LogModuleManager: Shutting down and abandoning module StreamingPauseRendering (338)
[2019.02.26-11.07.17:985][803]LogModuleManager: Shutting down and abandoning module PortalServices (336)
[2019.02.26-11.07.17:985][803]LogModuleManager: Shutting down and abandoning module PortalRpc (334)
[2019.02.26-11.07.17:985][803]LogModuleManager: Shutting down and abandoning module MessagingRpc (332)
[2019.02.26-11.07.17:985][803]LogModuleManager: Shutting down and abandoning module ImageWriteQueue (330)
[2019.02.26-11.07.17:989][803]LogModuleManager: Shutting down and abandoning module ProfilerService (328)
[2019.02.26-11.07.18:183][803]LogModuleManager: Shutting down and abandoning module TaskGraph (326)
[2019.02.26-11.07.18:183][803]LogModuleManager: Shutting down and abandoning module SteamVRController (324)
[2019.02.26-11.07.18:183][803]LogModuleManager: Shutting down and abandoning module ProceduralMeshComponent (322)
[2019.02.26-11.07.18:183][803]LogModuleManager: Shutting down and abandoning module OculusInput (320)
[2019.02.26-11.07.18:183][803]LogModuleManager: Shutting down and abandoning module MobilePatchingUtils (318)
[2019.02.26-11.07.18:183][803]LogModuleManager: Shutting down and abandoning module EditableMesh (316)
[2019.02.26-11.07.18:183][803]LogModuleManager: Shutting down and abandoning module CustomMeshComponent (314)
[2019.02.26-11.07.18:183][803]LogModuleManager: Shutting down and abandoning module CableComponent (312)
[2019.02.26-11.07.18:183][803]LogModuleManager: Shutting down and abandoning module AudioCapture (310)
[2019.02.26-11.07.18:183][803]LogModuleManager: Shutting down and abandoning module ArchVisCharacter (308)
[2019.02.26-11.07.18:183][803]LogModuleManager: Shutting down and abandoning module AndroidPermission (306)
[2019.02.26-11.07.18:183][803]LogModuleManager: Shutting down and abandoning module NUTUnrealEngine4 (304)
[2019.02.26-11.07.18:183][803]LogModuleManager: Shutting down and abandoning module NetcodeUnitTest (302)
[2019.02.26-11.07.18:183][803]LogModuleManager: Shutting down and abandoning module MediaCompositing (300)
[2019.02.26-11.07.18:183][803]LogModuleManager: Shutting down and abandoning module LinearTimecode (298)
[2019.02.26-11.07.18:183][803]LogModuleManager: Shutting down and abandoning module ImgMedia (296)
[2019.02.26-11.07.18:186][803]LogModuleManager: Shutting down and abandoning module HTML5Networking (294)
[2019.02.26-11.07.18:186][803]LogModuleManager: Shutting down and abandoning module GeometryCacheTracks (292)
[2019.02.26-11.07.18:186][803]LogModuleManager: Shutting down and abandoning module GeometryCacheSequencer (291)
[2019.02.26-11.07.18:186][803]LogModuleManager: Shutting down and abandoning module GeometryCache (288)
[2019.02.26-11.07.18:186][803]LogModuleManager: Shutting down and abandoning module GeometryCacheEd (287)
[2019.02.26-11.07.18:186][803]LogModuleManager: Shutting down and abandoning module BackChannel (284)
[2019.02.26-11.07.18:186][803]LogModuleManager: Shutting down and abandoning module AppleVision (282)
[2019.02.26-11.07.18:186][803]LogModuleManager: Shutting down and abandoning module AppleImageUtilsBlueprintSupport (280)
[2019.02.26-11.07.18:186][803]LogModuleManager: Shutting down and abandoning module AppleImageUtils (278)
[2019.02.26-11.07.18:187][803]LogModuleManager: Shutting down and abandoning module VariantManagerContent (276)
[2019.02.26-11.07.18:187][803]LogModuleManager: Shutting down and abandoning module CryptoKeysOpenSSL (274)
[2019.02.26-11.07.18:187][803]LogModuleManager: Shutting down and abandoning module CryptoKeys (272)
[2019.02.26-11.07.18:187][803]LogModuleManager: Shutting down and abandoning module VisualStudioSourceCodeAccess (270)
[2019.02.26-11.07.18:187][803]LogModuleManager: Shutting down and abandoning module HotReload (269)
[2019.02.26-11.07.18:187][803]LogModuleManager: Shutting down and abandoning module DirectoryWatcher (268)
[2019.02.26-11.07.18:187][803]LogModuleManager: Shutting down and abandoning module VisualStudioCodeSourceCodeAccess (264)
[2019.02.26-11.07.18:187][803]LogModuleManager: Shutting down and abandoning module UObjectPlugin (262)
[2019.02.26-11.07.18:187][803]LogModuleManager: Shutting down and abandoning module SubversionSourceControl (260)
[2019.02.26-11.07.18:187][803]LogModuleManager: Shutting down and abandoning module PerforceSourceControl (258)
[2019.02.26-11.07.18:187][803]LogModuleManager: Shutting down and abandoning module SourceControl (257)
[2019.02.26-11.07.18:187][803]LogModuleManager: Shutting down and abandoning module CLionSourceCodeAccess (254)
[2019.02.26-11.07.18:187][803]LogModuleManager: Shutting down and abandoning module ActorLayerUtilities (252)
[2019.02.26-11.07.18:187][803]LogModuleManager: Shutting down and abandoning module RuntimePhysXCooking (250)
[2019.02.26-11.07.18:187][803]LogModuleManager: Shutting down and abandoning module PhysXVehiclesEditor (248)
[2019.02.26-11.07.18:187][803]LogModuleManager: Shutting down and abandoning module PhysXVehicles (246)
[2019.02.26-11.07.18:187][803]LogModuleManager: Shutting down and abandoning module LocationServicesBPLibrary (244)
[2019.02.26-11.07.18:187][803]LogModuleManager: Shutting down and abandoning module ActorSequence (242)
[2019.02.26-11.07.18:187][803]LogModuleManager: Shutting down and abandoning module UdpMessaging (240)
[2019.02.26-11.07.18:288][803]LogModuleManager: Shutting down and abandoning module TcpMessaging (238)
[2019.02.26-11.07.18:719][803]LogModuleManager: Shutting down and abandoning module MagicLeapAudio (236)
[2019.02.26-11.07.18:719][803]LogModuleManager: Shutting down and abandoning module GameplayTagsEditor (234)
[2019.02.26-11.07.18:719][803]LogModuleManager: Shutting down and abandoning module FacialAnimation (232)
[2019.02.26-11.07.18:719][803]LogModuleManager: Shutting down and abandoning module DataValidation (230)
[2019.02.26-11.07.18:719][803]LogModuleManager: Shutting down and abandoning module AssetManagerEditor (228)
[2019.02.26-11.07.18:719][803]LogModuleManager: Shutting down and abandoning module TreeMap (227)
[2019.02.26-11.07.18:719][803]LogModuleManager: Shutting down and abandoning module LightPropagationVolumeRuntime (224)
[2019.02.26-11.07.18:719][803]LogModuleManager: Shutting down and abandoning module AISupportModule (222)
[2019.02.26-11.07.18:719][803]LogModuleManager: Shutting down and abandoning module Paper2D (220)
[2019.02.26-11.07.18:719][803]LogModuleManager: Shutting down and abandoning module WindowsMoviePlayer (218)
[2019.02.26-11.07.18:719][803]LogModuleManager: Shutting down and abandoning module WebMMoviePlayer (216)
[2019.02.26-11.07.18:719][803]LogModuleManager: Shutting down and abandoning module WmfMedia (214)
[2019.02.26-11.07.18:720][803]LogModuleManager: Shutting down and abandoning module Media (213)
[2019.02.26-11.07.18:726][803]LogModuleManager: Shutting down and abandoning module PacketHandler (210)
[2019.02.26-11.07.18:726][803]LogModuleManager: Shutting down and abandoning module ClothingSystemEditor (208)
[2019.02.26-11.07.18:726][803]LogModuleManager: Shutting down and abandoning module ClothingSystemRuntime (206)
[2019.02.26-11.07.18:726][803]LogModuleManager: Shutting down and abandoning module MediaAssets (204)
[2019.02.26-11.07.18:726][803]LogModuleManager: Shutting down and abandoning module Overlay (202)
[2019.02.26-11.07.18:726][803]LogModuleManager: Shutting down and abandoning module OverlayEditor (201)
[2019.02.26-11.07.18:726][803]LogModuleManager: Shutting down and abandoning module VREditor (198)
[2019.02.26-11.07.18:726][803]LogModuleManager: Shutting down and abandoning module StringTableEditor (196)
[2019.02.26-11.07.18:726][803]LogModuleManager: Shutting down and abandoning module GameplayTasksEditor (194)
[2019.02.26-11.07.18:726][803]LogModuleManager: Shutting down and abandoning module BehaviorTreeEditor (192)
[2019.02.26-11.07.18:726][803]LogModuleManager: Shutting down and abandoning module FunctionalTesting (190)
[2019.02.26-11.07.18:726][803]LogModuleManager: Shutting down and abandoning module CollisionAnalyzer (188)
[2019.02.26-11.07.18:726][803]LogModuleManager: Shutting down and abandoning module WorkspaceMenuStructure (187)
[2019.02.26-11.07.18:726][803]LogModuleManager: Shutting down and abandoning module UMG (184)
[2019.02.26-11.07.18:726][803]LogModuleManager: Shutting down and abandoning module UMGEditor (183)
[2019.02.26-11.07.18:726][803]LogModuleManager: Shutting down and abandoning module Sequencer (182)
[2019.02.26-11.07.18:726][803]LogModuleManager: Shutting down and abandoning module MessageLog (179)
[2019.02.26-11.07.18:727][803]LogModuleManager: Shutting down and abandoning module SlateReflector (174)
[2019.02.26-11.07.18:727][803]LogModuleManager: Shutting down and abandoning module Slate (172)
[2019.02.26-11.07.18:727][803]LogModuleManager: Shutting down and abandoning module EditorStyle (170)
[2019.02.26-11.07.18:728][803]LogModuleManager: Shutting down and abandoning module MRMesh (168)
[2019.02.26-11.07.18:728][803]LogModuleManager: Shutting down and abandoning module Messaging (166)
[2019.02.26-11.07.18:728][803]LogModuleManager: Shutting down and abandoning module SourceCodeAccess (164)
[2019.02.26-11.07.18:728][803]LogModuleManager: Shutting down and abandoning module HeadMountedDisplay (162)
[2019.02.26-11.07.18:728][803]LogModuleManager: Shutting down and abandoning module XAudio2 (160)
[2019.02.26-11.07.18:728][803]LogModuleManager: Shutting down and abandoning module Networking (158)
[2019.02.26-11.07.18:728][803]LogModuleManager: Shutting down and abandoning module Core (156)
[2019.02.26-11.07.18:728][803]LogModuleManager: Shutting down and abandoning module LevelSequence (154)
[2019.02.26-11.07.18:728][803]LogModuleManager: Shutting down and abandoning module KismetCompiler (152)
[2019.02.26-11.07.18:728][803]LogModuleManager: Shutting down and abandoning module MeshUtilities (150)
[2019.02.26-11.07.18:728][803]LogModuleManager: Shutting down and abandoning module MeshMergeUtilities (149)
[2019.02.26-11.07.18:728][803]LogModuleManager: Shutting down and abandoning module MeshReductionInterface (148)
[2019.02.26-11.07.18:728][803]LogModuleManager: Shutting down and abandoning module SimplygonSwarm (147)
[2019.02.26-11.07.18:728][803]LogModuleManager: Shutting down and abandoning module ProxyLODMeshReduction (145)
[2019.02.26-11.07.18:728][803]LogModuleManager: Shutting down and abandoning module SimplygonMeshReduction (143)
[2019.02.26-11.07.18:728][803]LogModuleManager: Shutting down and abandoning module QuadricMeshReduction (141)
[2019.02.26-11.07.18:728][803]LogModuleManager: Shutting down and abandoning module MaterialBaking (137)
[2019.02.26-11.07.18:728][803]LogModuleManager: Shutting down and abandoning module PIEPreviewDeviceProfileSelector (132)
[2019.02.26-11.07.18:728][803]LogModuleManager: Shutting down and abandoning module DerivedDataCache (130)
[2019.02.26-11.07.18:765][803]LogDerivedDataCache: Shutdown
[2019.02.26-11.07.18:766][803]LogModuleManager: Shutting down and abandoning module XGEController (128)
[2019.02.26-11.07.18:766][803]LogModuleManager: Shutting down and abandoning module TargetPlatform (126)
[2019.02.26-11.07.18:766][803]LogModuleManager: Shutting down and abandoning module VulkanShaderFormat (125)
[2019.02.26-11.07.18:766][803]LogModuleManager: Shutting down and abandoning module ShaderFormatVectorVM (123)
[2019.02.26-11.07.18:766][803]LogModuleManager: Shutting down and abandoning module ShaderFormatOpenGL (121)
[2019.02.26-11.07.18:766][803]LogModuleManager: Shutting down and abandoning module ShaderFormatD3D (119)
[2019.02.26-11.07.18:766][803]LogModuleManager: Shutting down and abandoning module MetalShaderFormat (117)
[2019.02.26-11.07.18:766][803]LogModuleManager: Shutting down and abandoning module TextureFormatUncompressed (115)
[2019.02.26-11.07.18:766][803]LogModuleManager: Shutting down and abandoning module TextureFormatPVR (113)
[2019.02.26-11.07.18:766][803]LogModuleManager: Shutting down and abandoning module TextureFormatDXT (111)
[2019.02.26-11.07.18:766][803]LogModuleManager: Shutting down and abandoning module TextureFormatIntelISPCTexComp (109)
[2019.02.26-11.07.18:766][803]LogModuleManager: Shutting down and abandoning module TextureFormatASTC (107)
[2019.02.26-11.07.18:766][803]LogModuleManager: Shutting down and abandoning module ImageWrapper (106)
[2019.02.26-11.07.18:766][803]LogModuleManager: Shutting down and abandoning module TextureFormatAndroid (103)
[2019.02.26-11.07.18:766][803]LogModuleManager: Shutting down and abandoning module AudioFormatOpus (101)
[2019.02.26-11.07.18:766][803]LogModuleManager: Shutting down and abandoning module AudioFormatOgg (99)
[2019.02.26-11.07.18:766][803]LogModuleManager: Shutting down and abandoning module AudioFormatADPCM (97)
[2019.02.26-11.07.18:766][803]LogModuleManager: Shutting down and abandoning module WindowsTargetPlatform (95)
[2019.02.26-11.07.18:766][803]LogModuleManager: Shutting down and abandoning module WindowsServerTargetPlatform (93)
[2019.02.26-11.07.18:766][803]LogModuleManager: Shutting down and abandoning module WindowsNoEditorTargetPlatform (91)
[2019.02.26-11.07.18:766][803]LogModuleManager: Shutting down and abandoning module WindowsClientTargetPlatform (89)
[2019.02.26-11.07.18:766][803]LogModuleManager: Shutting down and abandoning module InputCore (86)
[2019.02.26-11.07.18:766][803]LogModuleManager: Shutting down and abandoning module Settings (84)
[2019.02.26-11.07.18:766][803]LogModuleManager: Shutting down and abandoning module PhysXCooking (82)
[2019.02.26-11.07.18:766][803]LogModuleManager: Shutting down and abandoning module SteamVR (80)
[2019.02.26-11.07.18:766][803]LogHMD: Freeing OpenVRDLLHandle.
[2019.02.26-11.07.18:766][803]LogModuleManager: Shutting down and abandoning module OculusHMD (78)
[2019.02.26-11.07.18:766][803]LogModuleManager: Shutting down and abandoning module ExampleDeviceProfileSelector (76)
[2019.02.26-11.07.18:766][803]LogModuleManager: Shutting down and abandoning module LauncherChunkInstaller (74)
[2019.02.26-11.07.18:766][803]LogModuleManager: Shutting down and abandoning module OnlineBlueprintSupport (72)
[2019.02.26-11.07.18:766][803]LogModuleManager: Shutting down and abandoning module OnlineSubsystem (68)
[2019.02.26-11.07.18:767][803]LogModuleManager: Shutting down and abandoning module XMPP (63)
[2019.02.26-11.07.18:767][803]LogModuleManager: Shutting down and abandoning module WebSockets (62)
[2019.02.26-11.07.18:803][803]LogModuleManager: Shutting down and abandoning module HTTP (59)
[2019.02.26-11.07.18:835][803]LogModuleManager: Shutting down and abandoning module SSL (58)
[2019.02.26-11.07.18:837][803]LogModuleManager: Shutting down and abandoning module MagicLeapIdentity (54)
[2019.02.26-11.07.18:837][803]LogModuleManager: Shutting down and abandoning module MagicLeapHelperVulkan (52)
[2019.02.26-11.07.18:837][803]LogModuleManager: Shutting down and abandoning module MagicLeapHelperOpenGL (50)
[2019.02.26-11.07.18:837][803]LogModuleManager: Shutting down and abandoning module MagicLeapSecureStorage (48)
[2019.02.26-11.07.18:837][803]LogModuleManager: Shutting down and abandoning module MagicLeapHandTracking (46)
[2019.02.26-11.07.18:837][803]LogModuleManager: Shutting down and abandoning module MagicLeapEyeTracker (44)
[2019.02.26-11.07.18:837][803]LogModuleManager: Shutting down and abandoning module MagicLeapController (42)
[2019.02.26-11.07.18:837][803]LogSlate: Slate User Destroyed.  User Index 0, Is Virtual User: 0
[2019.02.26-11.07.18:837][803]LogSlate: Slate User Destroyed.  User Index 8, Is Virtual User: 1
[2019.02.26-11.07.18:837][803]LogModuleManager: Shutting down and abandoning module MagicLeap (40)
[2019.02.26-11.07.18:837][803]LogModuleManager: Shutting down and abandoning module DatasmithContent (38)
[2019.02.26-11.07.18:846][803]LogModuleManager: Shutting down and abandoning module AnimationModifiers (36)
[2019.02.26-11.07.18:846][803]LogModuleManager: Shutting down and abandoning module PropertyEditor (35)
[2019.02.26-11.07.18:846][803]LogModuleManager: Shutting down and abandoning module AudioEditor (32)
[2019.02.26-11.07.18:846][803]LogModuleManager: Shutting down and abandoning module TextureCompressor (30)
[2019.02.26-11.07.18:846][803]LogModuleManager: Shutting down and abandoning module ShaderCore (28)
[2019.02.26-11.07.18:846][803]LogModuleManager: Shutting down and abandoning module Landscape (26)
[2019.02.26-11.07.18:846][803]LogModuleManager: Shutting down and abandoning module SlateRHIRenderer (24)
[2019.02.26-11.07.18:846][803]LogModuleManager: Shutting down and abandoning module OpenGLDrv (22)
[2019.02.26-11.07.18:846][803]LogModuleManager: Shutting down and abandoning module D3D11RHI (20)
[2019.02.26-11.07.18:846][803]LogModuleManager: Shutting down and abandoning module AnimGraphRuntime (18)
[2019.02.26-11.07.18:846][803]LogModuleManager: Shutting down and abandoning module Renderer (16)
[2019.02.26-11.07.18:846][803]LogModuleManager: Shutting down and abandoning module Engine (14)
[2019.02.26-11.07.18:846][803]LogModuleManager: Shutting down and abandoning module CoreUObject (12)
[2019.02.26-11.07.18:846][803]LogModuleManager: Shutting down and abandoning module NetworkFile (10)
[2019.02.26-11.07.18:846][803]LogModuleManager: Shutting down and abandoning module CookedIterativeFile (8)
[2019.02.26-11.07.18:846][803]LogModuleManager: Shutting down and abandoning module StreamingFile (6)
[2019.02.26-11.07.18:846][803]LogModuleManager: Shutting down and abandoning module SandboxFile (4)
[2019.02.26-11.07.18:846][803]LogModuleManager: Shutting down and abandoning module PakFile (2)
[2019.02.26-11.07.18:849][803]LogExit: Exiting.
[2019.02.26-11.07.18:859][803]Log file closed, 02/26/19 06:07:18
