Log file open, 02/26/19 05:06:32
LogWindows: Failed to load 'aqProf.dll' (GetLastError=126)
LogWindows: File 'aqProf.dll' does not exist
LogWindows: Failed to load 'VtuneApi.dll' (GetLastError=126)
LogWindows: File 'VtuneApi.dll' does not exist
LogWindows: Failed to load 'VtuneApi32e.dll' (GetLastError=126)
LogWindows: File 'VtuneApi32e.dll' does not exist
LogConsoleResponse: Display: Failed to find resolution value strings in scalability ini. Falling back to default.
LogInit: Display: Running engine for game: HumanStuff
LogPakFile: Registered encryption key '00000000000000000000000000000000': 0 pak files mounted, 0 remain pending
LogPlatformFile: Not using cached read wrapper
LogTaskGraph: Started task graph with 5 named threads and 14 total threads with 3 sets of task threads.
LogStats: Stats thread started at 0.207316
LogD3D11RHI: Loaded GFSDK_Aftermath_Lib.x64.dll
LogICUInternationalization: ICU TimeZone Detection - Raw Offset: -5:00, Platform Override: ''
LogPluginManager: Mounting plugin Paper2D
LogPluginManager: Mounting plugin AISupport
LogPluginManager: Mounting plugin LightPropagationVolume
LogPluginManager: Mounting plugin ActorLayerUtilities
LogPluginManager: Mounting plugin CLionSourceCodeAccess
LogPluginManager: Mounting plugin CodeLiteSourceCodeAccess
LogPluginManager: Mounting plugin GitSourceControl
LogPluginManager: Mounting plugin KDevelopSourceCodeAccess
LogPluginManager: Mounting plugin NullSourceCodeAccess
LogPluginManager: Mounting plugin PerforceSourceControl
LogPluginManager: Mounting plugin SubversionSourceControl
LogPluginManager: Mounting plugin UObjectPlugin
LogPluginManager: Mounting plugin VisualStudioCodeSourceCodeAccess
LogPluginManager: Mounting plugin VisualStudioSourceCodeAccess
LogPluginManager: Mounting plugin XCodeSourceCodeAccess
LogPluginManager: Mounting plugin AssetManagerEditor
LogPluginManager: Mounting plugin CryptoKeys
LogPluginManager: Mounting plugin DataValidation
LogPluginManager: Mounting plugin FacialAnimation
LogPluginManager: Mounting plugin GameplayTagsEditor
LogPluginManager: Mounting plugin MacGraphicsSwitching
LogPluginManager: Mounting plugin MeshEditor
LogPluginManager: Mounting plugin MobileLauncherProfileWizard
LogPluginManager: Mounting plugin PluginBrowser
LogPluginManager: Mounting plugin SpeedTreeImporter
LogPluginManager: Mounting plugin DatasmithContent
LogPluginManager: Mounting plugin VariantManagerContent
LogPluginManager: Mounting plugin AlembicImporter
LogPluginManager: Mounting plugin AppleImageUtils
LogPluginManager: Mounting plugin AppleVision
LogPluginManager: Mounting plugin BackChannel
LogPluginManager: Mounting plugin CharacterAI
LogPluginManager: Mounting plugin GeometryCache
LogPluginManager: Mounting plugin HTML5Networking
LogPluginManager: Mounting plugin ProxyLODPlugin
LogPluginManager: Mounting plugin MagicLeap
LogPluginManager: Mounting plugin MagicLeapMedia
LogPluginManager: Mounting plugin AndroidMedia
LogPluginManager: Mounting plugin AvfMedia
LogPluginManager: Mounting plugin ImgMedia
LogPluginManager: Mounting plugin LinearTimecode
LogPluginManager: Mounting plugin MediaCompositing
LogPluginManager: Mounting plugin MediaPlayerEditor
LogPluginManager: Mounting plugin WebMMedia
LogPluginManager: Mounting plugin WmfMedia
LogPluginManager: Mounting plugin TcpMessaging
LogPluginManager: Mounting plugin UdpMessaging
LogPluginManager: Mounting plugin ActorSequence
LogPluginManager: Mounting plugin LevelSequenceEditor
LogPluginManager: Mounting plugin MatineeToLevelSequence
LogPluginManager: Mounting plugin NetcodeUnitTest
LogPluginManager: Mounting plugin NUTUnrealEngine4
LogPluginManager: Mounting plugin OnlineSubsystemGooglePlay
LogPluginManager: Mounting plugin OnlineSubsystemIOS
LogPluginManager: Mounting plugin OnlineSubsystem
LogPluginManager: Mounting plugin OnlineSubsystemNull
LogPluginManager: Mounting plugin OnlineSubsystemUtils
LogPluginManager: Mounting plugin LauncherChunkInstaller
LogPluginManager: Mounting plugin AndroidDeviceProfileSelector
LogPluginManager: Mounting plugin AndroidMoviePlayer
LogPluginManager: Mounting plugin AndroidPermission
LogPluginManager: Mounting plugin AppleMoviePlayer
LogPluginManager: Mounting plugin ArchVisCharacter
LogPluginManager: Mounting plugin AudioCapture
LogPluginManager: Mounting plugin CableComponent
LogPluginManager: Mounting plugin CustomMeshComponent
LogPluginManager: Mounting plugin EditableMesh
LogPluginManager: Mounting plugin ExampleDeviceProfileSelector
LogPluginManager: Mounting plugin Firebase
LogPluginManager: Mounting plugin GoogleCloudMessaging
LogPluginManager: Mounting plugin IOSDeviceProfileSelector
LogPluginManager: Mounting plugin LinuxDeviceProfileSelector
LogPluginManager: Mounting plugin LocationServicesBPLibrary
LogPluginManager: Mounting plugin MobilePatchingUtils
LogPluginManager: Mounting plugin OculusVR
LogPluginManager: Mounting plugin PhysXVehicles
LogPluginManager: Mounting plugin ProceduralMeshComponent
LogPluginManager: Mounting plugin RuntimePhysXCooking
LogPluginManager: Mounting plugin SteamVR
LogPluginManager: Mounting plugin WebMMoviePlayer
LogPluginManager: Mounting plugin WindowsMoviePlayer
LogStreaming: Display: Took  0.182s to configure plugins.
LogInit: Using libcurl 7.55.1-DEV
LogInit:  - built for x86_64-pc-win32
LogInit:  - supports SSL with OpenSSL/1.0.2h
LogInit:  - supports HTTP deflate (compression) using libz 1.2.8
LogInit:  - other features:
LogInit:      CURL_VERSION_SSL
LogInit:      CURL_VERSION_LIBZ
LogInit:      CURL_VERSION_IPV6
LogInit:      CURL_VERSION_ASYNCHDNS
LogInit:      CURL_VERSION_LARGEFILE
LogInit:      CURL_VERSION_IDN
LogInit:  CurlRequestOptions (configurable via config and command line):
LogInit:  - bVerifyPeer = true  - Libcurl will verify peer certificate
LogInit:  - bUseHttpProxy = false  - Libcurl will NOT use HTTP proxy
LogInit:  - bDontReuseConnections = false  - Libcurl will reuse connections
LogInit:  - MaxHostConnections = 16  - Libcurl will limit the number of connections to a host
LogInit:  - LocalHostAddr = Default
LogInit:  - BufferSize = 65536
LogInit: WinSock: version 1.1 (2.2), MaxSocks=32767, MaxUdp=65467
LogInit: Build: ++UE4+Release-4.21-CL-4753647
LogInit: Engine Version: 4.21.2-4753647+++UE4+Release-4.21
LogInit: Compatible Engine Version: 4.21.0-4541578+++UE4+Release-4.21
LogInit: Net CL: 4541578
LogInit: OS: Windows 10 (), CPU: Intel(R) Core(TM) i5-4690K CPU @ 3.50GHz, GPU: AMD Radeon R9 200 Series
LogInit: Compiled (64-bit): Jan 19 2019 02:07:31
LogInit: Compiled with Visual C++: 19.13.26129.00
LogInit: Build Configuration: Development
LogInit: Branch Name: ++UE4+Release-4.21
LogInit: Command Line: 
LogInit: Base Directory: D:/Program Files (x86)/Unreal Engine/UE_4.21/Engine/Binaries/Win64/
LogInit: Installed Engine Build: 1
LogDevObjectVersion: Number of dev versions registered: 22
LogDevObjectVersion:   Dev-Blueprints (B0D832E4-1F89-4F0D-ACCF-7EB736FD4AA2): 10
LogDevObjectVersion:   Dev-Build (E1C64328-A22C-4D53-A36C-8E866417BD8C): 0
LogDevObjectVersion:   Dev-Core (375EC13C-06E4-48FB-B500-84F0262A717E): 2
LogDevObjectVersion:   Dev-Editor (E4B068ED-F494-42E9-A231-DA0B2E46BB41): 26
LogDevObjectVersion:   Dev-Framework (CFFC743F-43B0-4480-9391-14DF171D2073): 34
LogDevObjectVersion:   Dev-Mobile (B02B49B5-BB20-44E9-A304-32B752E40360): 2
LogDevObjectVersion:   Dev-Networking (A4E4105C-59A1-49B5-A7C5-40C4547EDFEE): 0
LogDevObjectVersion:   Dev-Online (39C831C9-5AE6-47DC-9A44-9C173E1C8E7C): 0
LogDevObjectVersion:   Dev-Physics (78F01B33-EBEA-4F98-B9B4-84EACCB95AA2): 0
LogDevObjectVersion:   Dev-Platform (6631380F-2D4D-43E0-8009-CF276956A95A): 0
LogDevObjectVersion:   Dev-Rendering (12F88B9F-8875-4AFC-A67C-D90C383ABD29): 27
LogDevObjectVersion:   Dev-Sequencer (7B5AE74C-D270-4C10-A958-57980B212A5A): 9
LogDevObjectVersion:   Dev-VR (D7296918-1DD6-4BDD-9DE2-64A83CC13884): 2
LogDevObjectVersion:   Dev-LoadTimes (C2A15278-BFE7-4AFE-6C17-90FF531DF755): 1
LogDevObjectVersion:   Private-Geometry (6EACA3D4-40EC-4CC1-B786-8BED09428FC5): 3
LogDevObjectVersion:   Dev-AnimPhys (29E575DD-E0A3-4627-9D10-D276232CDCEA): 17
LogDevObjectVersion:   Dev-Anim (AF43A65D-7FD3-4947-9873-3E8ED9C1BB05): 2
LogDevObjectVersion:   Dev-ReflectionCapture (6B266CEC-1EC7-4B8F-A30B-E4D90942FC07): 1
LogDevObjectVersion:   Dev-Automation (0DF73D61-A23F-47EA-B727-89E90C41499A): 1
LogDevObjectVersion:   FortniteMain (601D1886-AC64-4F84-AA16-D3DE0DEAC7D6): 17
LogDevObjectVersion:   Dev-Enterprise (9DFFBCD6-494F-0158-E221-12823C92A888): 4
LogDevObjectVersion:   Dev-Niagara (F2AED0AC-9AFE-416F-8664-AA7FFA26D6FC): 1
LogStreaming: Display: Took  0.028s to delete old logs.
LogInit: Presizing for max 8388607 objects, including 0 objects not considered by GC, pre-allocating 0 bytes for permanent pool.
LogInit: Object subsystem initialized
LogConfig: Setting CVar [[con.DebugEarlyDefault:1]]
LogConfig: Setting CVar [[r.setres:1280x720]]
[2019.02.26-10.06.35:294][  0]LogConfig: Setting CVar [[r.VSync:0]]
[2019.02.26-10.06.35:294][  0]LogConfig: Setting CVar [[r.RHICmdBypass:0]]
[2019.02.26-10.06.35:294][  0]LogConfig: Applying CVar settings from Section [/Script/Engine.RendererSettings] File [F:/SCAD/ITGM studio2/humanStuff/MyProject3/Saved/Config/Windows/Engine.ini]
[2019.02.26-10.06.35:295][  0]LogConfig: Setting CVar [[r.GPUCrashDebugging:0]]
[2019.02.26-10.06.35:295][  0]LogConfig: Applying CVar settings from Section [/Script/Engine.RendererOverrideSettings] File [F:/SCAD/ITGM studio2/humanStuff/MyProject3/Saved/Config/Windows/Engine.ini]
[2019.02.26-10.06.35:295][  0]LogConfig: Applying CVar settings from Section [/Script/Engine.StreamingSettings] File [F:/SCAD/ITGM studio2/humanStuff/MyProject3/Saved/Config/Windows/Engine.ini]
[2019.02.26-10.06.35:295][  0]LogConfig: Setting CVar [[s.MinBulkDataSizeForAsyncLoading:131072]]
[2019.02.26-10.06.35:295][  0]LogConfig: Setting CVar [[s.AsyncLoadingThreadEnabled:0]]
[2019.02.26-10.06.35:295][  0]LogConfig: Setting CVar [[s.EventDrivenLoaderEnabled:1]]
[2019.02.26-10.06.35:295][  0]LogConfig: Setting CVar [[s.WarnIfTimeLimitExceeded:0]]
[2019.02.26-10.06.35:295][  0]LogConfig: Setting CVar [[s.TimeLimitExceededMultiplier:1.5]]
[2019.02.26-10.06.35:295][  0]LogConfig: Setting CVar [[s.TimeLimitExceededMinTime:0.005]]
[2019.02.26-10.06.35:295][  0]LogConfig: Setting CVar [[s.UseBackgroundLevelStreaming:1]]
[2019.02.26-10.06.35:295][  0]LogConfig: Setting CVar [[s.PriorityAsyncLoadingExtraTime:15.0]]
[2019.02.26-10.06.35:295][  0]LogConfig: Setting CVar [[s.LevelStreamingActorsUpdateTimeLimit:5.0]]
[2019.02.26-10.06.35:295][  0]LogConfig: Setting CVar [[s.PriorityLevelStreamingActorsUpdateExtraTime:5.0]]
[2019.02.26-10.06.35:295][  0]LogConfig: Setting CVar [[s.LevelStreamingComponentsRegistrationGranularity:10]]
[2019.02.26-10.06.35:295][  0]LogConfig: Setting CVar [[s.UnregisterComponentsTimeLimit:1.0]]
[2019.02.26-10.06.35:295][  0]LogConfig: Setting CVar [[s.LevelStreamingComponentsUnregistrationGranularity:5]]
[2019.02.26-10.06.35:295][  0]LogConfig: Applying CVar settings from Section [/Script/Engine.GarbageCollectionSettings] File [F:/SCAD/ITGM studio2/humanStuff/MyProject3/Saved/Config/Windows/Engine.ini]
[2019.02.26-10.06.35:295][  0]LogConfig: Setting CVar [[gc.MaxObjectsNotConsideredByGC:1]]
[2019.02.26-10.06.35:295][  0]LogConfig: Setting CVar [[gc.SizeOfPermanentObjectPool:0]]
[2019.02.26-10.06.35:295][  0]LogConfig: Setting CVar [[gc.FlushStreamingOnGC:0]]
[2019.02.26-10.06.35:295][  0]LogConfig: Setting CVar [[gc.NumRetriesBeforeForcingGC:10]]
[2019.02.26-10.06.35:295][  0]LogConfig: Setting CVar [[gc.AllowParallelGC:1]]
[2019.02.26-10.06.35:295][  0]LogConfig: Setting CVar [[gc.TimeBetweenPurgingPendingKillObjects:61.1]]
[2019.02.26-10.06.35:295][  0]LogConfig: Setting CVar [[gc.MaxObjectsInEditor:8388607]]
[2019.02.26-10.06.35:295][  0]LogConfig: Setting CVar [[gc.IncrementalBeginDestroyEnabled:1]]
[2019.02.26-10.06.35:295][  0]LogConfig: Setting CVar [[gc.CreateGCClusters:1]]
[2019.02.26-10.06.35:296][  0]LogConfig: Setting CVar [[gc.MergeGCClusters:0]]
[2019.02.26-10.06.35:296][  0]LogConfig: Setting CVar [[gc.MinGCClusterSize:5]]
[2019.02.26-10.06.35:296][  0]LogConfig: Setting CVar [[gc.ActorClusteringEnabled:0]]
[2019.02.26-10.06.35:296][  0]LogConfig: Setting CVar [[gc.BlueprintClusteringEnabled:0]]
[2019.02.26-10.06.35:296][  0]LogConfig: Setting CVar [[gc.UseDisregardForGCOnDedicatedServers:0]]
[2019.02.26-10.06.35:296][  0]LogConfig: Applying CVar settings from Section [/Script/Engine.NetworkSettings] File [F:/SCAD/ITGM studio2/humanStuff/MyProject3/Saved/Config/Windows/Engine.ini]
[2019.02.26-10.06.35:296][  0]LogConfig: Applying CVar settings from Section [/Script/UnrealEd.CookerSettings] File [F:/SCAD/ITGM studio2/humanStuff/MyProject3/Saved/Config/Windows/Engine.ini]
[2019.02.26-10.06.35:454][  0]LogConfig: Applying CVar settings from Section [ViewDistanceQuality@3] File [F:/SCAD/ITGM studio2/humanStuff/MyProject3/Saved/Config/Windows/Scalability.ini]
[2019.02.26-10.06.35:454][  0]LogConfig: Setting CVar [[r.SkeletalMeshLODBias:0]]
[2019.02.26-10.06.35:454][  0]LogConfig: Setting CVar [[r.ViewDistanceScale:1.0]]
[2019.02.26-10.06.35:454][  0]LogConfig: Applying CVar settings from Section [AntiAliasingQuality@3] File [F:/SCAD/ITGM studio2/humanStuff/MyProject3/Saved/Config/Windows/Scalability.ini]
[2019.02.26-10.06.35:454][  0]LogConfig: Setting CVar [[r.PostProcessAAQuality:3]]
[2019.02.26-10.06.35:454][  0]LogConfig: Applying CVar settings from Section [ShadowQuality@3] File [F:/SCAD/ITGM studio2/humanStuff/MyProject3/Saved/Config/Windows/Scalability.ini]
[2019.02.26-10.06.35:454][  0]LogConfig: Setting CVar [[r.LightFunctionQuality:1]]
[2019.02.26-10.06.35:454][  0]LogConfig: Setting CVar [[r.ShadowQuality:5]]
[2019.02.26-10.06.35:454][  0]LogConfig: Setting CVar [[r.Shadow.CSM.MaxCascades:10]]
[2019.02.26-10.06.35:454][  0]LogConfig: Setting CVar [[r.Shadow.MaxResolution:2048]]
[2019.02.26-10.06.35:454][  0]LogConfig: Setting CVar [[r.Shadow.MaxCSMResolution:2048]]
[2019.02.26-10.06.35:454][  0]LogConfig: Setting CVar [[r.Shadow.RadiusThreshold:0.01]]
[2019.02.26-10.06.35:454][  0]LogConfig: Setting CVar [[r.Shadow.DistanceScale:1.0]]
[2019.02.26-10.06.35:454][  0]LogConfig: Setting CVar [[r.Shadow.CSM.TransitionScale:1.0]]
[2019.02.26-10.06.35:454][  0]LogConfig: Setting CVar [[r.Shadow.PreShadowResolutionFactor:1.0]]
[2019.02.26-10.06.35:454][  0]LogConfig: Setting CVar [[r.DistanceFieldShadowing:1]]
[2019.02.26-10.06.35:454][  0]LogConfig: Setting CVar [[r.DistanceFieldAO:1]]
[2019.02.26-10.06.35:454][  0]LogConfig: Setting CVar [[r.AOQuality:2]]
[2019.02.26-10.06.35:454][  0]LogConfig: Setting CVar [[r.VolumetricFog:1]]
[2019.02.26-10.06.35:454][  0]LogConfig: Setting CVar [[r.VolumetricFog.GridPixelSize:8]]
[2019.02.26-10.06.35:454][  0]LogConfig: Setting CVar [[r.VolumetricFog.GridSizeZ:128]]
[2019.02.26-10.06.35:454][  0]LogConfig: Setting CVar [[r.VolumetricFog.HistoryMissSupersampleCount:4]]
[2019.02.26-10.06.35:454][  0]LogConfig: Setting CVar [[r.LightMaxDrawDistanceScale:1]]
[2019.02.26-10.06.35:454][  0]LogConfig: Setting CVar [[r.CapsuleShadows:1]]
[2019.02.26-10.06.35:454][  0]LogConfig: Applying CVar settings from Section [PostProcessQuality@3] File [F:/SCAD/ITGM studio2/humanStuff/MyProject3/Saved/Config/Windows/Scalability.ini]
[2019.02.26-10.06.35:454][  0]LogConfig: Setting CVar [[r.MotionBlurQuality:0]]
[2019.02.26-10.06.35:454][  0]LogConfig: Setting CVar [[r.AmbientOcclusionMipLevelFactor:0.4]]
[2019.02.26-10.06.35:454][  0]LogConfig: Setting CVar [[r.AmbientOcclusionMaxQuality:100]]
[2019.02.26-10.06.35:454][  0]LogConfig: Setting CVar [[r.AmbientOcclusionLevels:0]]
[2019.02.26-10.06.35:454][  0]LogConfig: Setting CVar [[r.AmbientOcclusionRadiusScale:1.0]]
[2019.02.26-10.06.35:454][  0]LogConfig: Setting CVar [[r.DepthOfFieldQuality:0]]
[2019.02.26-10.06.35:454][  0]LogConfig: Setting CVar [[r.RenderTargetPoolMin:400]]
[2019.02.26-10.06.35:454][  0]LogConfig: Setting CVar [[r.LensFlareQuality:0]]
[2019.02.26-10.06.35:454][  0]LogConfig: Setting CVar [[r.SceneColorFringeQuality:0]]
[2019.02.26-10.06.35:454][  0]LogConfig: Setting CVar [[r.EyeAdaptationQuality:2]]
[2019.02.26-10.06.35:454][  0]LogConfig: Setting CVar [[r.BloomQuality:1]]
[2019.02.26-10.06.35:454][  0]LogConfig: Setting CVar [[r.FastBlurThreshold:0]]
[2019.02.26-10.06.35:454][  0]LogConfig: Setting CVar [[r.Upscale.Quality:3]]
[2019.02.26-10.06.35:454][  0]LogConfig: Setting CVar [[r.Tonemapper.GrainQuantization:1]]
[2019.02.26-10.06.35:455][  0]LogConfig: Setting CVar [[r.LightShaftQuality:1]]
[2019.02.26-10.06.35:455][  0]LogConfig: Setting CVar [[r.Filter.SizeScale:1]]
[2019.02.26-10.06.35:455][  0]LogConfig: Setting CVar [[r.Tonemapper.Quality:5]]
[2019.02.26-10.06.35:455][  0]LogConfig: Setting CVar [[r.DOF.Gather.AccumulatorQuality:1        ; higher gathering accumulator quality]]
[2019.02.26-10.06.35:455][  0]LogConfig: Setting CVar [[r.DOF.Gather.PostfilterMethod:1          ; Median3x3 postfilering method]]
[2019.02.26-10.06.35:455][  0]LogConfig: Setting CVar [[r.DOF.Gather.EnableBokehSettings:0       ; no bokeh simulation when gathering]]
[2019.02.26-10.06.35:455][  0]LogConfig: Setting CVar [[r.DOF.Gather.RingCount:4                 ; medium number of samples when gathering]]
[2019.02.26-10.06.35:455][  0]LogConfig: Setting CVar [[r.DOF.Scatter.ForegroundCompositing:1    ; additive foreground scattering]]
[2019.02.26-10.06.35:455][  0]LogConfig: Setting CVar [[r.DOF.Scatter.BackgroundCompositing:2    ; additive background scattering]]
[2019.02.26-10.06.35:455][  0]LogConfig: Setting CVar [[r.DOF.Scatter.EnableBokehSettings:1      ; bokeh simulation when scattering]]
[2019.02.26-10.06.35:455][  0]LogConfig: Setting CVar [[r.DOF.Scatter.MaxSpriteRatio:0.1         ; only a maximum of 10% of scattered bokeh]]
[2019.02.26-10.06.35:455][  0]LogConfig: Setting CVar [[r.DOF.Recombine.Quality:1                ; cheap slight out of focus]]
[2019.02.26-10.06.35:455][  0]LogConfig: Setting CVar [[r.DOF.Recombine.EnableBokehSettings:0    ; no bokeh simulation on slight out of focus]]
[2019.02.26-10.06.35:455][  0]LogConfig: Setting CVar [[r.DOF.TemporalAAQuality:1                ; more stable temporal accumulation]]
[2019.02.26-10.06.35:455][  0]LogConfig: Setting CVar [[r.DOF.Kernel.MaxForegroundRadius:0.025]]
[2019.02.26-10.06.35:455][  0]LogConfig: Setting CVar [[r.DOF.Kernel.MaxBackgroundRadius:0.025]]
[2019.02.26-10.06.35:455][  0]LogConfig: Applying CVar settings from Section [TextureQuality@3] File [F:/SCAD/ITGM studio2/humanStuff/MyProject3/Saved/Config/Windows/Scalability.ini]
[2019.02.26-10.06.35:455][  0]LogConfig: Setting CVar [[r.Streaming.MipBias:0]]
[2019.02.26-10.06.35:455][  0]LogConfig: Setting CVar [[r.Streaming.AmortizeCPUToGPUCopy:0]]
[2019.02.26-10.06.35:455][  0]LogConfig: Setting CVar [[r.Streaming.MaxNumTexturesToStreamPerFrame:0]]
[2019.02.26-10.06.35:455][  0]LogConfig: Setting CVar [[r.Streaming.Boost:1]]
[2019.02.26-10.06.35:455][  0]LogConfig: Setting CVar [[r.MaxAnisotropy:8]]
[2019.02.26-10.06.35:455][  0]LogConfig: Setting CVar [[r.Streaming.LimitPoolSizeToVRAM:0]]
[2019.02.26-10.06.35:455][  0]LogConfig: Setting CVar [[r.Streaming.PoolSize:1000]]
[2019.02.26-10.06.35:455][  0]LogConfig: Setting CVar [[r.Streaming.MaxEffectiveScreenSize:0]]
[2019.02.26-10.06.35:455][  0]LogConfig: Applying CVar settings from Section [EffectsQuality@3] File [F:/SCAD/ITGM studio2/humanStuff/MyProject3/Saved/Config/Windows/Scalability.ini]
[2019.02.26-10.06.35:455][  0]LogConfig: Setting CVar [[r.TranslucencyLightingVolumeDim:4]]
[2019.02.26-10.06.35:455][  0]LogConfig: Setting CVar [[r.RefractionQuality:2]]
[2019.02.26-10.06.35:455][  0]LogConfig: Setting CVar [[r.SSR.Quality:0]]
[2019.02.26-10.06.35:455][  0]LogConfig: Setting CVar [[r.SceneColorFormat:2]]
[2019.02.26-10.06.35:455][  0]LogConfig: Setting CVar [[r.DetailMode:2]]
[2019.02.26-10.06.35:455][  0]LogConfig: Setting CVar [[r.TranslucencyVolumeBlur:0]]
[2019.02.26-10.06.35:455][  0]LogConfig: Setting CVar [[r.MaterialQualityLevel:1 ; High quality]]
[2019.02.26-10.06.35:455][  0]LogConfig: Setting CVar [[r.SSS.Scale:1]]
[2019.02.26-10.06.35:455][  0]LogConfig: Setting CVar [[r.SSS.SampleSet:2]]
[2019.02.26-10.06.35:455][  0]LogConfig: Setting CVar [[r.SSS.Quality:1]]
[2019.02.26-10.06.35:455][  0]LogConfig: Setting CVar [[r.SSS.HalfRes:1]]
[2019.02.26-10.06.35:455][  0]LogConfig: Setting CVar [[r.EmitterSpawnRateScale:1.0]]
[2019.02.26-10.06.35:455][  0]LogConfig: Setting CVar [[r.ParticleLightQuality:2]]
[2019.02.26-10.06.35:455][  0]LogConfig: Applying CVar settings from Section [FoliageQuality@3] File [F:/SCAD/ITGM studio2/humanStuff/MyProject3/Saved/Config/Windows/Scalability.ini]
[2019.02.26-10.06.35:455][  0]LogConfig: Setting CVar [[foliage.DensityScale:1.0]]
[2019.02.26-10.06.35:455][  0]LogConfig: Setting CVar [[grass.DensityScale:1.0]]
[2019.02.26-10.06.35:481][  0]LogInit: Selected Device Profile: [Windows]
[2019.02.26-10.06.35:481][  0]LogInit: Applying CVar settings loaded from the selected device profile: [Windows]
[2019.02.26-10.06.35:556][  0]LogHAL: Display: Platform has ~ 16 GB [17034178560 / 17179869184 / 16], which maps to Larger [LargestMinGB=32, LargerMinGB=12, DefaultMinGB=8, SmallerMinGB=6, SmallestMinGB=0)
[2019.02.26-10.06.35:583][  0]LogConfig: Setting CVar [[r.Vulkan.UseRealUBs:1]]
[2019.02.26-10.06.35:583][  0]LogInit: Going up to parent DeviceProfile []
[2019.02.26-10.06.35:583][  0]LogConfig: Applying CVar settings from Section [ViewDistanceQuality@3] File [F:/SCAD/ITGM studio2/humanStuff/MyProject3/Saved/Config/Windows/Scalability.ini]
[2019.02.26-10.06.35:583][  0]LogConfig: Setting CVar [[r.SkeletalMeshLODBias:0]]
[2019.02.26-10.06.35:583][  0]LogConfig: Setting CVar [[r.ViewDistanceScale:1.0]]
[2019.02.26-10.06.35:583][  0]LogConfig: Applying CVar settings from Section [AntiAliasingQuality@3] File [F:/SCAD/ITGM studio2/humanStuff/MyProject3/Saved/Config/Windows/Scalability.ini]
[2019.02.26-10.06.35:583][  0]LogConfig: Setting CVar [[r.PostProcessAAQuality:3]]
[2019.02.26-10.06.35:583][  0]LogConfig: Applying CVar settings from Section [ShadowQuality@3] File [F:/SCAD/ITGM studio2/humanStuff/MyProject3/Saved/Config/Windows/Scalability.ini]
[2019.02.26-10.06.35:583][  0]LogConfig: Setting CVar [[r.LightFunctionQuality:1]]
[2019.02.26-10.06.35:583][  0]LogConfig: Setting CVar [[r.ShadowQuality:5]]
[2019.02.26-10.06.35:583][  0]LogConfig: Setting CVar [[r.Shadow.CSM.MaxCascades:10]]
[2019.02.26-10.06.35:583][  0]LogConfig: Setting CVar [[r.Shadow.MaxResolution:2048]]
[2019.02.26-10.06.35:583][  0]LogConfig: Setting CVar [[r.Shadow.MaxCSMResolution:2048]]
[2019.02.26-10.06.35:583][  0]LogConfig: Setting CVar [[r.Shadow.RadiusThreshold:0.01]]
[2019.02.26-10.06.35:584][  0]LogConfig: Setting CVar [[r.Shadow.DistanceScale:1.0]]
[2019.02.26-10.06.35:584][  0]LogConfig: Setting CVar [[r.Shadow.CSM.TransitionScale:1.0]]
[2019.02.26-10.06.35:584][  0]LogConfig: Setting CVar [[r.Shadow.PreShadowResolutionFactor:1.0]]
[2019.02.26-10.06.35:584][  0]LogConfig: Setting CVar [[r.DistanceFieldShadowing:1]]
[2019.02.26-10.06.35:584][  0]LogConfig: Setting CVar [[r.DistanceFieldAO:1]]
[2019.02.26-10.06.35:584][  0]LogConfig: Setting CVar [[r.AOQuality:2]]
[2019.02.26-10.06.35:584][  0]LogConfig: Setting CVar [[r.VolumetricFog:1]]
[2019.02.26-10.06.35:584][  0]LogConfig: Setting CVar [[r.VolumetricFog.GridPixelSize:8]]
[2019.02.26-10.06.35:584][  0]LogConfig: Setting CVar [[r.VolumetricFog.GridSizeZ:128]]
[2019.02.26-10.06.35:584][  0]LogConfig: Setting CVar [[r.VolumetricFog.HistoryMissSupersampleCount:4]]
[2019.02.26-10.06.35:584][  0]LogConfig: Setting CVar [[r.LightMaxDrawDistanceScale:1]]
[2019.02.26-10.06.35:584][  0]LogConfig: Setting CVar [[r.CapsuleShadows:1]]
[2019.02.26-10.06.35:584][  0]LogConfig: Applying CVar settings from Section [PostProcessQuality@3] File [F:/SCAD/ITGM studio2/humanStuff/MyProject3/Saved/Config/Windows/Scalability.ini]
[2019.02.26-10.06.35:584][  0]LogConfig: Setting CVar [[r.MotionBlurQuality:0]]
[2019.02.26-10.06.35:584][  0]LogConfig: Setting CVar [[r.AmbientOcclusionMipLevelFactor:0.4]]
[2019.02.26-10.06.35:584][  0]LogConfig: Setting CVar [[r.AmbientOcclusionMaxQuality:100]]
[2019.02.26-10.06.35:584][  0]LogConfig: Setting CVar [[r.AmbientOcclusionLevels:0]]
[2019.02.26-10.06.35:584][  0]LogConfig: Setting CVar [[r.AmbientOcclusionRadiusScale:1.0]]
[2019.02.26-10.06.35:584][  0]LogConfig: Setting CVar [[r.DepthOfFieldQuality:0]]
[2019.02.26-10.06.35:584][  0]LogConfig: Setting CVar [[r.RenderTargetPoolMin:400]]
[2019.02.26-10.06.35:584][  0]LogConfig: Setting CVar [[r.LensFlareQuality:0]]
[2019.02.26-10.06.35:584][  0]LogConfig: Setting CVar [[r.SceneColorFringeQuality:0]]
[2019.02.26-10.06.35:584][  0]LogConfig: Setting CVar [[r.EyeAdaptationQuality:2]]
[2019.02.26-10.06.35:584][  0]LogConfig: Setting CVar [[r.BloomQuality:1]]
[2019.02.26-10.06.35:584][  0]LogConfig: Setting CVar [[r.FastBlurThreshold:0]]
[2019.02.26-10.06.35:584][  0]LogConfig: Setting CVar [[r.Upscale.Quality:3]]
[2019.02.26-10.06.35:584][  0]LogConfig: Setting CVar [[r.Tonemapper.GrainQuantization:1]]
[2019.02.26-10.06.35:584][  0]LogConfig: Setting CVar [[r.LightShaftQuality:1]]
[2019.02.26-10.06.35:584][  0]LogConfig: Setting CVar [[r.Filter.SizeScale:1]]
[2019.02.26-10.06.35:584][  0]LogConfig: Setting CVar [[r.Tonemapper.Quality:5]]
[2019.02.26-10.06.35:584][  0]LogConfig: Setting CVar [[r.DOF.Gather.AccumulatorQuality:1        ; higher gathering accumulator quality]]
[2019.02.26-10.06.35:584][  0]LogConfig: Setting CVar [[r.DOF.Gather.PostfilterMethod:1          ; Median3x3 postfilering method]]
[2019.02.26-10.06.35:584][  0]LogConfig: Setting CVar [[r.DOF.Gather.EnableBokehSettings:0       ; no bokeh simulation when gathering]]
[2019.02.26-10.06.35:584][  0]LogConfig: Setting CVar [[r.DOF.Gather.RingCount:4                 ; medium number of samples when gathering]]
[2019.02.26-10.06.35:584][  0]LogConfig: Setting CVar [[r.DOF.Scatter.ForegroundCompositing:1    ; additive foreground scattering]]
[2019.02.26-10.06.35:584][  0]LogConfig: Setting CVar [[r.DOF.Scatter.BackgroundCompositing:2    ; additive background scattering]]
[2019.02.26-10.06.35:584][  0]LogConfig: Setting CVar [[r.DOF.Scatter.EnableBokehSettings:1      ; bokeh simulation when scattering]]
[2019.02.26-10.06.35:584][  0]LogConfig: Setting CVar [[r.DOF.Scatter.MaxSpriteRatio:0.1         ; only a maximum of 10% of scattered bokeh]]
[2019.02.26-10.06.35:584][  0]LogConfig: Setting CVar [[r.DOF.Recombine.Quality:1                ; cheap slight out of focus]]
[2019.02.26-10.06.35:584][  0]LogConfig: Setting CVar [[r.DOF.Recombine.EnableBokehSettings:0    ; no bokeh simulation on slight out of focus]]
[2019.02.26-10.06.35:584][  0]LogConfig: Setting CVar [[r.DOF.TemporalAAQuality:1                ; more stable temporal accumulation]]
[2019.02.26-10.06.35:584][  0]LogConfig: Setting CVar [[r.DOF.Kernel.MaxForegroundRadius:0.025]]
[2019.02.26-10.06.35:585][  0]LogConfig: Setting CVar [[r.DOF.Kernel.MaxBackgroundRadius:0.025]]
[2019.02.26-10.06.35:585][  0]LogConfig: Applying CVar settings from Section [TextureQuality@3] File [F:/SCAD/ITGM studio2/humanStuff/MyProject3/Saved/Config/Windows/Scalability.ini]
[2019.02.26-10.06.35:585][  0]LogConfig: Setting CVar [[r.Streaming.MipBias:0]]
[2019.02.26-10.06.35:585][  0]LogConfig: Setting CVar [[r.Streaming.AmortizeCPUToGPUCopy:0]]
[2019.02.26-10.06.35:585][  0]LogConfig: Setting CVar [[r.Streaming.MaxNumTexturesToStreamPerFrame:0]]
[2019.02.26-10.06.35:585][  0]LogConfig: Setting CVar [[r.Streaming.Boost:1]]
[2019.02.26-10.06.35:585][  0]LogConfig: Setting CVar [[r.MaxAnisotropy:8]]
[2019.02.26-10.06.35:585][  0]LogConfig: Setting CVar [[r.Streaming.LimitPoolSizeToVRAM:0]]
[2019.02.26-10.06.35:585][  0]LogConfig: Setting CVar [[r.Streaming.PoolSize:1000]]
[2019.02.26-10.06.35:585][  0]LogConfig: Setting CVar [[r.Streaming.MaxEffectiveScreenSize:0]]
[2019.02.26-10.06.35:585][  0]LogConfig: Applying CVar settings from Section [EffectsQuality@3] File [F:/SCAD/ITGM studio2/humanStuff/MyProject3/Saved/Config/Windows/Scalability.ini]
[2019.02.26-10.06.35:585][  0]LogConfig: Setting CVar [[r.TranslucencyLightingVolumeDim:4]]
[2019.02.26-10.06.35:585][  0]LogConfig: Setting CVar [[r.RefractionQuality:2]]
[2019.02.26-10.06.35:585][  0]LogConfig: Setting CVar [[r.SSR.Quality:0]]
[2019.02.26-10.06.35:585][  0]LogConfig: Setting CVar [[r.SceneColorFormat:2]]
[2019.02.26-10.06.35:585][  0]LogConfig: Setting CVar [[r.DetailMode:2]]
[2019.02.26-10.06.35:585][  0]LogConfig: Setting CVar [[r.TranslucencyVolumeBlur:0]]
[2019.02.26-10.06.35:585][  0]LogConfig: Setting CVar [[r.MaterialQualityLevel:1 ; High quality]]
[2019.02.26-10.06.35:585][  0]LogConfig: Setting CVar [[r.SSS.Scale:1]]
[2019.02.26-10.06.35:585][  0]LogConfig: Setting CVar [[r.SSS.SampleSet:2]]
[2019.02.26-10.06.35:585][  0]LogConfig: Setting CVar [[r.SSS.Quality:1]]
[2019.02.26-10.06.35:585][  0]LogConfig: Setting CVar [[r.SSS.HalfRes:1]]
[2019.02.26-10.06.35:585][  0]LogConfig: Setting CVar [[r.EmitterSpawnRateScale:1.0]]
[2019.02.26-10.06.35:585][  0]LogConfig: Setting CVar [[r.ParticleLightQuality:2]]
[2019.02.26-10.06.35:585][  0]LogConfig: Applying CVar settings from Section [FoliageQuality@3] File [F:/SCAD/ITGM studio2/humanStuff/MyProject3/Saved/Config/Windows/Scalability.ini]
[2019.02.26-10.06.35:585][  0]LogConfig: Setting CVar [[foliage.DensityScale:1.0]]
[2019.02.26-10.06.35:585][  0]LogConfig: Setting CVar [[grass.DensityScale:1.0]]
[2019.02.26-10.06.35:585][  0]LogConfig: Applying CVar settings from Section [Startup] File [../../../Engine/Config/ConsoleVariables.ini]
[2019.02.26-10.06.35:587][  0]LogConfig: Setting CVar [[net.UseAdaptiveNetUpdateFrequency:0]]
[2019.02.26-10.06.35:587][  0]LogConfig: Applying CVar settings from Section [ConsoleVariables] File [F:/SCAD/ITGM studio2/humanStuff/MyProject3/Saved/Config/Windows/Engine.ini]
[2019.02.26-10.06.35:618][  0]LogInit: Computer: DESKTOP-Q8E4V8A
[2019.02.26-10.06.35:618][  0]LogInit: User: gretc
[2019.02.26-10.06.35:618][  0]LogInit: CPU Page size=4096, Cores=4
[2019.02.26-10.06.35:618][  0]LogInit: High frequency timer resolution =3.417969 MHz
[2019.02.26-10.06.35:629][  0]LogMemory: Memory total: Physical=15.9GB (16GB approx)
[2019.02.26-10.06.35:629][  0]LogMemory: Platform Memory Stats for Windows
[2019.02.26-10.06.35:629][  0]LogMemory: Process Physical Memory: 102.29 MB used, 102.29 MB peak
[2019.02.26-10.06.35:630][  0]LogMemory: Process Virtual Memory: 84.95 MB used, 84.95 MB peak
[2019.02.26-10.06.35:630][  0]LogMemory: Physical Memory: 6006.97 MB used,  10238.09 MB free, 16245.06 MB total
[2019.02.26-10.06.35:630][  0]LogMemory: Virtual Memory: 4633.93 MB used,  134213096.00 MB free, 134217728.00 MB total
[2019.02.26-10.06.36:269][  0]LogInit: Using OS detected language (en-US).
[2019.02.26-10.06.36:269][  0]LogInit: Using OS detected locale (en-US).
[2019.02.26-10.06.36:279][  0]LogTextLocalizationManager: No specific localization for 'en-US' exists, so the 'en' localization will be used.
[2019.02.26-10.06.37:021][  0]LogStreaming: Display: Took  0.756s to InitEngineTextLocalization.
[2019.02.26-10.06.37:033][  0]LogInit: Setting process to per monitor DPI aware
[2019.02.26-10.06.37:430][  0]LogSlate: New Slate User Created.  User Index 0, Is Virtual User: 0
[2019.02.26-10.06.37:430][  0]LogSlate: Slate User Registered.  User Index 0, Is Virtual User: 0
[2019.02.26-10.06.39:590][  0]LogHMD: Failed to initialize OpenVR with code 110
[2019.02.26-10.06.39:590][  0]LogD3D11RHI: D3D11 adapters:
[2019.02.26-10.06.39:652][  0]LogD3D11RHI:    0. 'AMD Radeon R9 200 Series' (Feature Level 11_0)
[2019.02.26-10.06.39:652][  0]LogD3D11RHI:       4072/0/8122 MB DedicatedVideo/DedicatedSystem/SharedSystem, Outputs:2, VendorId:0x1002
[2019.02.26-10.06.39:665][  0]LogD3D11RHI:    1. 'Intel(R) HD Graphics 4600' (Feature Level 11_0)
[2019.02.26-10.06.39:665][  0]LogD3D11RHI:       112/0/2048 MB DedicatedVideo/DedicatedSystem/SharedSystem, Outputs:0, VendorId:0x8086
[2019.02.26-10.06.39:667][  0]LogD3D11RHI:    2. 'Microsoft Basic Render Driver' (Feature Level 11_0)
[2019.02.26-10.06.39:667][  0]LogD3D11RHI:       0/0/8122 MB DedicatedVideo/DedicatedSystem/SharedSystem, Outputs:0, VendorId:0x1414
[2019.02.26-10.06.39:667][  0]LogD3D11RHI: Chosen D3D11 Adapter: 0
[2019.02.26-10.06.39:678][  0]LogD3D11RHI: Creating new Direct3DDevice
[2019.02.26-10.06.39:678][  0]LogD3D11RHI:     GPU DeviceId: 0x67b1 (for the marketing name, search the web for "GPU Device Id")
[2019.02.26-10.06.39:678][  0]LogWindows: EnumDisplayDevices:
[2019.02.26-10.06.39:679][  0]LogWindows:    0. 'AMD Radeon R9 200 Series' (P:0 D:1)
[2019.02.26-10.06.39:679][  0]LogWindows:    1. 'AMD Radeon R9 200 Series' (P:1 D:1)
[2019.02.26-10.06.39:680][  0]LogWindows:    2. 'AMD Radeon R9 200 Series' (P:0 D:0)
[2019.02.26-10.06.39:680][  0]LogWindows:    3. 'AMD Radeon R9 200 Series' (P:0 D:0)
[2019.02.26-10.06.39:681][  0]LogWindows:    4. 'AMD Radeon R9 200 Series' (P:0 D:0)
[2019.02.26-10.06.39:681][  0]LogWindows:    5. 'AMD Radeon R9 200 Series' (P:0 D:0)
[2019.02.26-10.06.39:682][  0]LogWindows:    6. 'AMD Radeon R9 200 Series' (P:0 D:0)
[2019.02.26-10.06.39:682][  0]LogWindows:    7. 'AMD Radeon R9 200 Series' (P:0 D:0)
[2019.02.26-10.06.39:683][  0]LogWindows:    8. 'AMD Radeon R9 200 Series' (P:0 D:0)
[2019.02.26-10.06.39:683][  0]LogWindows:    9. 'AMD Radeon R9 200 Series' (P:0 D:0)
[2019.02.26-10.06.39:684][  0]LogWindows:    10. 'AMD Radeon R9 200 Series' (P:0 D:0)
[2019.02.26-10.06.39:685][  0]LogWindows:    11. 'AMD Radeon R9 200 Series' (P:0 D:0)
[2019.02.26-10.06.39:685][  0]LogWindows:    12. 'AMD Radeon R9 200 Series' (P:0 D:0)
[2019.02.26-10.06.39:686][  0]LogWindows:    13. 'AMD Radeon R9 200 Series' (P:0 D:0)
[2019.02.26-10.06.39:686][  0]LogWindows:    14. 'AMD Radeon R9 200 Series' (P:0 D:0)
[2019.02.26-10.06.39:687][  0]LogWindows:    15. 'AMD Radeon R9 200 Series' (P:0 D:0)
[2019.02.26-10.06.39:687][  0]LogWindows:    16. 'Intel(R) HD Graphics 4600' (P:0 D:0)
[2019.02.26-10.06.39:688][  0]LogWindows:    17. 'Intel(R) HD Graphics 4600' (P:0 D:0)
[2019.02.26-10.06.39:688][  0]LogWindows:    18. 'Intel(R) HD Graphics 4600' (P:0 D:0)
[2019.02.26-10.06.39:688][  0]LogWindows: DebugString: PrimaryIsNotTheChoosenAdapter PrimaryIsNotTheChoosenAdapter PrimaryIsNotTheChoosenAdapter FoundDriverCount:16 
[2019.02.26-10.06.39:688][  0]LogD3D11RHI:     Adapter Name: AMD Radeon R9 200 Series
[2019.02.26-10.06.39:688][  0]LogD3D11RHI:   Driver Version: Adrenalin 18.4.1 (internal:24.20.11001.5003, unified:24.20.11001.5003)
[2019.02.26-10.06.39:688][  0]LogD3D11RHI:      Driver Date: 4-25-2018
[2019.02.26-10.06.39:689][  0]LogRHI: Texture pool is 2850 MB (70% of 4072 MB)
[2019.02.26-10.06.39:821][  0]LogD3D11RHI: Async texture creation enabled
[2019.02.26-10.06.40:162][  0]LogD3D11RHI: GPU Timing Frequency: 27.000000 (Debug: 2 1)
[2019.02.26-10.06.40:977][  0]LogTemp: Display: Loaded TP AllDesktopTargetPlatform
[2019.02.26-10.06.40:995][  0]LogTemp: Display: Loaded TP MacClientTargetPlatform
[2019.02.26-10.06.41:016][  0]LogTemp: Display: Loaded TP MacNoEditorTargetPlatform
[2019.02.26-10.06.41:040][  0]LogTemp: Display: Loaded TP MacServerTargetPlatform
[2019.02.26-10.06.41:075][  0]LogTemp: Display: Loaded TP MacTargetPlatform
[2019.02.26-10.06.41:106][  0]LogTemp: Display: Loaded TP WindowsClientTargetPlatform
[2019.02.26-10.06.41:121][  0]LogTemp: Display: Loaded TP WindowsNoEditorTargetPlatform
[2019.02.26-10.06.41:142][  0]LogTemp: Display: Loaded TP WindowsServerTargetPlatform
[2019.02.26-10.06.41:168][  0]LogTemp: Display: Loaded TP WindowsTargetPlatform
[2019.02.26-10.06.41:255][  0]LogTemp: Display: Loaded TP AndroidTargetPlatform
[2019.02.26-10.06.41:255][  0]LogTemp: Display: Loaded TP AndroidTargetPlatform
[2019.02.26-10.06.41:255][  0]LogTemp: Display: Loaded TP AndroidTargetPlatform
[2019.02.26-10.06.41:255][  0]LogTemp: Display: Loaded TP AndroidTargetPlatform
[2019.02.26-10.06.41:255][  0]LogTemp: Display: Loaded TP AndroidTargetPlatform
[2019.02.26-10.06.41:255][  0]LogTemp: Display: Loaded TP AndroidTargetPlatform
[2019.02.26-10.06.41:255][  0]LogTemp: Display: Loaded TP AndroidTargetPlatform
[2019.02.26-10.06.41:255][  0]LogTemp: Display: Loaded TP AndroidTargetPlatform
[2019.02.26-10.06.41:255][  0]LogTemp: Display: Loaded TP AndroidTargetPlatform
[2019.02.26-10.06.41:255][  0]LogTemp: Display: Loaded TP AndroidTargetPlatform
[2019.02.26-10.06.41:255][  0]LogTemp: Display: Loaded TP AndroidTargetPlatform
[2019.02.26-10.06.41:255][  0]LogTemp: Display: Loaded TP AndroidTargetPlatform
[2019.02.26-10.06.41:255][  0]LogTemp: Display: Loaded TP AndroidTargetPlatform
[2019.02.26-10.06.41:255][  0]LogTemp: Display: Loaded TP AndroidTargetPlatform
[2019.02.26-10.06.41:255][  0]LogTemp: Display: Loaded TP AndroidTargetPlatform
[2019.02.26-10.06.41:255][  0]LogTemp: Display: Loaded TP AndroidTargetPlatform
[2019.02.26-10.06.41:255][  0]LogTemp: Display: Loaded TP AndroidTargetPlatform
[2019.02.26-10.06.41:255][  0]LogTemp: Display: Loaded TP AndroidTargetPlatform
[2019.02.26-10.06.41:287][  0]LogTemp: Display: Loaded TP HTML5TargetPlatform
[2019.02.26-10.06.41:392][  0]LogTemp: Display: Loaded TP IOSTargetPlatform
[2019.02.26-10.06.41:392][  0]LogTemp: Display: Loaded TP IOSTargetPlatform
[2019.02.26-10.06.41:427][  0]LogTemp: Display: Loaded TP TVOSTargetPlatform
[2019.02.26-10.06.41:427][  0]LogTemp: Display: Loaded TP TVOSTargetPlatform
[2019.02.26-10.06.41:453][  0]LogTemp: Display: Loaded TP LinuxClientTargetPlatform
[2019.02.26-10.06.41:473][  0]LogTemp: Display: Loaded TP LinuxNoEditorTargetPlatform
[2019.02.26-10.06.41:506][  0]LogTemp: Display: Loaded TP LinuxServerTargetPlatform
[2019.02.26-10.06.41:521][  0]LogTemp: Display: Loaded TP LinuxTargetPlatform
[2019.02.26-10.06.41:567][  0]LogTemp: Display: Loaded TP LuminTargetPlatform
[2019.02.26-10.06.41:567][  0]LogTemp: Display: Loaded TP LuminTargetPlatform
[2019.02.26-10.06.41:567][  0]LogTargetPlatformManager: Display: Building Assets For Windows
[2019.02.26-10.06.42:120][  0]LogShaderCompilers: Guid format shader working directory is 3 characters bigger than the processId version (F:/SCAD/ITGM studio2/humanStuff/MyProject3/Intermediate/Shaders/WorkingDirectory/18680/).
[2019.02.26-10.06.42:120][  0]LogShaderCompilers: Cleaned the shader compiler working directory 'C:/Users/gretc/AppData/Local/Temp/UnrealShaderWorkingDir/9DE7D4EE4ED1F7FA9EB3598B34854DF0/'.
[2019.02.26-10.06.42:147][  0]LogXGEController: Cleaning working directory: C:/Users/gretc/AppData/Local/Temp/UnrealXGEWorkingDir/
[2019.02.26-10.06.42:147][  0]LogXGEController: Cannot use XGE Controller as Incredibuild is not installed on this machine.
[2019.02.26-10.06.42:147][  0]LogShaderCompilers: Cannot use XGE Shader Compiler as Incredibuild is not installed on this machine.
[2019.02.26-10.06.42:147][  0]LogShaderCompilers: Display: Using Local Shader Compiler.
[2019.02.26-10.06.44:547][  0]LogDerivedDataCache: Display: Max Cache Size: 512 MB
[2019.02.26-10.06.44:742][  0]LogDerivedDataCache: Loaded boot cache 0.19s 71MB C:/Users/gretc/AppData/Local/UnrealEngine/4.21/DerivedDataCache/Boot.ddc.
[2019.02.26-10.06.44:742][  0]LogDerivedDataCache: Display: Loaded Boot cache: C:/Users/gretc/AppData/Local/UnrealEngine/4.21/DerivedDataCache/Boot.ddc
[2019.02.26-10.06.44:742][  0]LogDerivedDataCache: FDerivedDataBackendGraph:  Pak pak cache file F:/SCAD/ITGM studio2/humanStuff/MyProject3/DerivedDataCache/DDC.ddp not found, will not use a pak cache.
[2019.02.26-10.06.44:742][  0]LogDerivedDataCache: Unable to find inner node Pak for hierarchical cache Hierarchy.
[2019.02.26-10.06.44:742][  0]LogDerivedDataCache: FDerivedDataBackendGraph:  CompressedPak pak cache file F:/SCAD/ITGM studio2/humanStuff/MyProject3/DerivedDataCache/Compressed.ddp not found, will not use a pak cache.
[2019.02.26-10.06.44:742][  0]LogDerivedDataCache: Unable to find inner node CompressedPak for hierarchical cache Hierarchy.
[2019.02.26-10.06.44:767][  0]LogDerivedDataCache: Display: Pak cache opened for reading ../../../Engine/DerivedDataCache/Compressed.ddp.
[2019.02.26-10.06.44:767][  0]LogDerivedDataCache: FDerivedDataBackendGraph:  EnterprisePak pak cache file ../../../Enterprise/DerivedDataCache/Compressed.ddp not found, will not use a pak cache.
[2019.02.26-10.06.44:767][  0]LogDerivedDataCache: Unable to find inner node EnterprisePak for hierarchical cache Hierarchy.
[2019.02.26-10.06.44:779][  0]LogDerivedDataCache: Using Local data cache path C:/Users/gretc/AppData/Local/UnrealEngine/Common/DerivedDataCache: Writable
[2019.02.26-10.06.44:779][  0]LogDerivedDataCache: Shared data cache path not found in *engine.ini, will not use an Shared cache.
[2019.02.26-10.06.44:779][  0]LogDerivedDataCache: Unable to find inner node Shared for hierarchical cache Hierarchy.
[2019.02.26-10.06.44:878][  0]LogMaterial: Verifying Global Shaders for PCD3D_SM5
[2019.02.26-10.06.44:964][  0]LogSlate: Using FreeType 2.6.0
[2019.02.26-10.06.45:020][  0]LogSlate: SlateFontServices - WITH_FREETYPE: 1, WITH_HARFBUZZ: 1
[2019.02.26-10.06.45:580][  0]LogAssetRegistry: FAssetRegistry took 0.0571 seconds to start up
[2019.02.26-10.06.50:109][  0]LogInit: Selected Device Profile: [Windows]
[2019.02.26-10.06.51:615][  0]LogSimplygon: Simplygon DLL not present - disabling.
[2019.02.26-10.06.51:748][  0]LogMeshReduction: Using SimplygonSwarm for distributed automatic mesh merging
[2019.02.26-10.06.51:748][  0]LogMeshReduction: Using ProxyLODMeshReduction for automatic mesh merging
[2019.02.26-10.06.51:758][  0]LogMeshReduction: Using QuadricMeshReduction for automatic static mesh reduction
[2019.02.26-10.06.51:758][  0]LogMeshReduction: No automatic skeletal mesh reduction module available
[2019.02.26-10.06.52:304][  0]LogNetVersion: HumanStuff 1.0.0, NetCL: 4541578, EngineNetVer: 5, GameNetVer: 0 (Checksum: 1645013271)
[2019.02.26-10.06.55:613][  0]LogPackageLocalizationCache: Processed 11 localized package path(s) for 2 prioritized culture(s) in 0.347417 seconds
[2019.02.26-10.06.55:646][  0]LogUObjectArray: 39775 objects as part of root set at end of initial load.
[2019.02.26-10.06.55:646][  0]LogUObjectAllocator: 6914656 out of 0 bytes used by permanent object pool.
[2019.02.26-10.06.55:646][  0]LogUObjectArray: CloseDisregardForGC: 0/0 objects in disregard for GC pool
[2019.02.26-10.07.03:691][  0]LogTcpMessaging: Initializing TcpMessaging bridge
[2019.02.26-10.07.03:717][  0]LogUdpMessaging: Initializing bridge on interface 0.0.0.0:0 to multicast group 230.0.0.1:6666.
[2019.02.26-10.07.05:211][  0]SourceControl: Source control is disabled
[2019.02.26-10.07.05:211][  0]SourceControl: Source control is disabled
[2019.02.26-10.07.05:284][  0]SourceControl: Source control is disabled
[2019.02.26-10.07.05:298][  0]SourceControl: Source control is disabled
[2019.02.26-10.07.06:349][  0]LogAndroidPermission: UAndroidPermissionCallbackProxy::GetInstance
[2019.02.26-10.07.06:544][  0]LogOcInput: OculusInput pre-init called
[2019.02.26-10.07.07:622][  0]LogEngine: Initializing Engine...
[2019.02.26-10.07.07:660][  0]LogHMD: Failed to initialize OpenVR with code 110
[2019.02.26-10.07.07:678][  0]LogStats: UGameplayTagsManager::ConstructGameplayTagTree: ImportINI prefixes -  0.000 s
[2019.02.26-10.07.07:678][  0]LogStats: UGameplayTagsManager::ConstructGameplayTagTree: Construct from data asset -  0.000 s
[2019.02.26-10.07.07:678][  0]LogStats: UGameplayTagsManager::ConstructGameplayTagTree: ImportINI -  0.000 s
[2019.02.26-10.07.07:679][  0]LogStats: UGameplayTagsManager::ConstructGameplayTagTree: GameplayTagTreeChangedEvent.Broadcast -  0.001 s
[2019.02.26-10.07.07:954][  0]LogInit: Initializing FReadOnlyCVARCache
[2019.02.26-10.07.08:374][  0]LogAIModule: Creating AISystem for world Untitled
[2019.02.26-10.07.08:553][  0]LogInit: XAudio2 using 'Headset Earphone (Razer Kraken 7.1 Chroma)' : 2 channels at 48 kHz using 16 bits per sample (channel mask 0x3)
[2019.02.26-10.07.08:618][  0]LogInit: FAudioDevice initialized.
[2019.02.26-10.07.08:618][  0]LogNetVersion: Set ProjectVersion to 1.0.0.0. Version Checksum will be recalculated on next use.
[2019.02.26-10.07.08:696][  0]LogDerivedDataCache: Saved boot cache 0.08s 71MB C:/Users/gretc/AppData/Local/UnrealEngine/4.21/DerivedDataCache/Boot.ddc.
[2019.02.26-10.07.08:712][  0]LogInit: Texture streaming: Enabled
[2019.02.26-10.07.08:793][  0]LogEngineSessionManager: EngineSessionManager initialized
[2019.02.26-10.07.08:960][  0]LogInit: Transaction tracking system initialized
[2019.02.26-10.07.09:366][  0]BlueprintLog: New page: Editor Load
[2019.02.26-10.07.10:585][  0]LocalizationService: Localization service is disabled
[2019.02.26-10.07.12:522][  0]LogFileCache: Scanning file cache for directory 'F:/SCAD/ITGM studio2/humanStuff/MyProject3/Content/' took 0.03s
[2019.02.26-10.07.12:522][  0]LogCook: Display: Max memory allowance for cook 16384mb min free memory 0mb
[2019.02.26-10.07.12:551][  0]LogCook: Display: Mobile HDR setting 1
[2019.02.26-10.07.12:551][  0]LogGameplayTags: Display: UGameplayTagsManager::DoneAddingNativeTags. DelegateIsBound: 0
[2019.02.26-10.07.12:551][  0]LogStats: UGameplayTagsManager::ConstructGameplayTagTree: ImportINI prefixes -  0.000 s
[2019.02.26-10.07.12:551][  0]LogStats: UGameplayTagsManager::ConstructGameplayTagTree: Construct from data asset -  0.000 s
[2019.02.26-10.07.12:551][  0]LogStats: UGameplayTagsManager::ConstructGameplayTagTree: ImportINI -  0.000 s
[2019.02.26-10.07.12:551][  0]LogStats: UGameplayTagsManager::ConstructGameplayTagTree: GameplayTagTreeChangedEvent.Broadcast -  0.000 s
[2019.02.26-10.07.13:961][  0]SourceControl: Source control is disabled
[2019.02.26-10.07.14:018][  0]Cmd: MAP LOAD FILE="F:/SCAD/ITGM studio2/humanStuff/MyProject3/Content/StarterContent/Maps/Minimal_Default_2.umap" TEMPLATE=0 SHOWPROGRESS=1 FEATURELEVEL=3
[2019.02.26-10.07.14:044][  0]LightingResults: New page: Lighting Build
[2019.02.26-10.07.14:221][  0]MapCheck: New page: Map Check
[2019.02.26-10.07.14:221][  0]LightingResults: New page: Lighting Build
[2019.02.26-10.07.18:169][  0]LoadErrors: Warning: hs_concreteBumper Min LOD value of 1 is out of range 0..0 and has been adjusted to 0. Please verify and resave the asset.
[2019.02.26-10.07.18:213][  0]LoadErrors: Warning: hs_groundPlane Min LOD value of 1 is out of range 0..0 and has been adjusted to 0. Please verify and resave the asset.
[2019.02.26-10.07.18:420][  0]LoadErrors: Warning: skybox2 Min LOD value of 1 is out of range 0..0 and has been adjusted to 0. Please verify and resave the asset.
[2019.02.26-10.07.18:445][  0]LoadErrors: Warning: shelves Min LOD value of 1 is out of range 0..0 and has been adjusted to 0. Please verify and resave the asset.
[2019.02.26-10.07.18:630][  0]LoadErrors: Warning: hs_lampTree Min LOD value of 1 is out of range 0..0 and has been adjusted to 0. Please verify and resave the asset.
[2019.02.26-10.07.18:640][  0]LoadErrors: Warning: hs_parkingMedian Min LOD value of 1 is out of range 0..0 and has been adjusted to 0. Please verify and resave the asset.
[2019.02.26-10.07.19:238][  0]LoadErrors: Warning: hs_cake Min LOD value of 1 is out of range 0..0 and has been adjusted to 0. Please verify and resave the asset.
[2019.02.26-10.07.19:261][  0]LoadErrors: Warning: hs_bomb Min LOD value of 1 is out of range 0..0 and has been adjusted to 0. Please verify and resave the asset.
[2019.02.26-10.07.19:438][  0]LogAIModule: Creating AISystem for world Minimal_Default_2
[2019.02.26-10.07.19:768][  0]LogSlate: New Slate User Created.  User Index 8, Is Virtual User: 1
[2019.02.26-10.07.19:768][  0]LogSlate: Slate User Registered.  User Index 8, Is Virtual User: 1
[2019.02.26-10.07.20:028][  0]LogEditorServer: Finished looking for orphan Actors (0.000 secs)
[2019.02.26-10.07.20:199][  0]Cmd: MAP CHECKDEP NOCLEARLOG
[2019.02.26-10.07.20:216][  0]MapCheck: Map check complete: 0 Error(s), 0 Warning(s), took 3.903ms to complete.
[2019.02.26-10.07.20:216][  0]LogFileHelpers: Loading map 'Minimal_Default_2' took 6.239
[2019.02.26-10.07.21:635][  0]LogSlate: Updating window title bar state: overlay mode, drag disabled, window buttons hidden, title bar hidden
[2019.02.26-10.07.21:652][  0]LogSlate: Updating window title bar state: overlay mode, drag disabled, window buttons hidden, title bar hidden
[2019.02.26-10.07.21:659][  0]LogSlate: Updating window title bar state: overlay mode, drag disabled, window buttons hidden, title bar hidden
[2019.02.26-10.07.21:665][  0]LogSlate: Updating window title bar state: overlay mode, drag disabled, window buttons hidden, title bar hidden
[2019.02.26-10.07.21:767][  0]LogCollectionManager: Loaded 0 collections in 0.001245 seconds
[2019.02.26-10.07.21:868][  0]LogFileCache: Scanning file cache for directory 'F:/SCAD/ITGM studio2/humanStuff/MyProject3/Saved/Collections/' took 0.01s
[2019.02.26-10.07.21:868][  0]LogFileCache: Scanning file cache for directory 'F:/SCAD/ITGM studio2/humanStuff/MyProject3/Content/Developers/gretc/Collections/' took 0.01s
[2019.02.26-10.07.21:868][  0]LogFileCache: Scanning file cache for directory 'F:/SCAD/ITGM studio2/humanStuff/MyProject3/Content/Collections/' took 0.00s
[2019.02.26-10.07.21:868][  0]LogCollectionManager: Rebuilt the GUID cache for 0 collections in 0.000000 seconds
[2019.02.26-10.07.21:878][  0]LogContentBrowser: Native class hierarchy populated in 0.0084 seconds. Added 2651 classes and 620 folders.
[2019.02.26-10.07.21:952][  0]LogContentBrowser: Native class hierarchy updated for 'WidgetCarousel' in 0.0002 seconds. Added 0 classes and 0 folders.
[2019.02.26-10.07.21:979][  0]LogPakFile: Registered encryption key '00000000000000000000000000000000': 0 pak files mounted, 0 remain pending
[2019.02.26-10.07.22:013][  0]LogPakFile: Registered encryption key '00000000000000000000000000000000': 0 pak files mounted, 0 remain pending
[2019.02.26-10.07.22:034][  0]LogPakFile: Registered encryption key '00000000000000000000000000000000': 0 pak files mounted, 0 remain pending
[2019.02.26-10.07.22:040][  0]LogPakFile: Registered encryption key '00000000000000000000000000000000': 0 pak files mounted, 0 remain pending
[2019.02.26-10.07.22:045][  0]LogPakFile: Registered encryption key '00000000000000000000000000000000': 0 pak files mounted, 0 remain pending
[2019.02.26-10.07.22:050][  0]LogPakFile: Registered encryption key '00000000000000000000000000000000': 0 pak files mounted, 0 remain pending
[2019.02.26-10.07.22:056][  0]LogPakFile: Registered encryption key '00000000000000000000000000000000': 0 pak files mounted, 0 remain pending
[2019.02.26-10.07.22:061][  0]LogPakFile: Registered encryption key '00000000000000000000000000000000': 0 pak files mounted, 0 remain pending
[2019.02.26-10.07.22:068][  0]LogPakFile: Registered encryption key '00000000000000000000000000000000': 0 pak files mounted, 0 remain pending
[2019.02.26-10.07.22:074][  0]LogPakFile: Registered encryption key '00000000000000000000000000000000': 0 pak files mounted, 0 remain pending
[2019.02.26-10.07.22:080][  0]LogPakFile: Registered encryption key '00000000000000000000000000000000': 0 pak files mounted, 0 remain pending
[2019.02.26-10.07.22:086][  0]LogPakFile: Registered encryption key '00000000000000000000000000000000': 0 pak files mounted, 0 remain pending
[2019.02.26-10.07.22:092][  0]LogPakFile: Registered encryption key '00000000000000000000000000000000': 0 pak files mounted, 0 remain pending
[2019.02.26-10.07.22:097][  0]LogPakFile: Registered encryption key '00000000000000000000000000000000': 0 pak files mounted, 0 remain pending
[2019.02.26-10.07.22:103][  0]LogPakFile: Registered encryption key '00000000000000000000000000000000': 0 pak files mounted, 0 remain pending
[2019.02.26-10.07.22:108][  0]LogPakFile: Registered encryption key '00000000000000000000000000000000': 0 pak files mounted, 0 remain pending
[2019.02.26-10.07.22:140][  0]LogPakFile: Registered encryption key '00000000000000000000000000000000': 0 pak files mounted, 0 remain pending
[2019.02.26-10.07.22:145][  0]LogPakFile: Registered encryption key '00000000000000000000000000000000': 0 pak files mounted, 0 remain pending
[2019.02.26-10.07.22:151][  0]LogPakFile: Registered encryption key '00000000000000000000000000000000': 0 pak files mounted, 0 remain pending
[2019.02.26-10.07.22:157][  0]LogPakFile: Registered encryption key '00000000000000000000000000000000': 0 pak files mounted, 0 remain pending
[2019.02.26-10.07.22:195][  0]LogPakFile: Registered encryption key '00000000000000000000000000000000': 0 pak files mounted, 0 remain pending
[2019.02.26-10.07.22:201][  0]LogPakFile: Registered encryption key '00000000000000000000000000000000': 0 pak files mounted, 0 remain pending
[2019.02.26-10.07.22:207][  0]LogPakFile: Registered encryption key '00000000000000000000000000000000': 0 pak files mounted, 0 remain pending
[2019.02.26-10.07.22:212][  0]LogPakFile: Registered encryption key '00000000000000000000000000000000': 0 pak files mounted, 0 remain pending
[2019.02.26-10.07.22:219][  0]LogPakFile: Registered encryption key '00000000000000000000000000000000': 0 pak files mounted, 0 remain pending
[2019.02.26-10.07.22:224][  0]LogPakFile: Registered encryption key '00000000000000000000000000000000': 0 pak files mounted, 0 remain pending
[2019.02.26-10.07.22:661][  0]LogContentBrowser: Native class hierarchy updated for 'AddContentDialog' in 0.0003 seconds. Added 0 classes and 0 folders.
[2019.02.26-10.07.22:735][  0]LogContentBrowser: Native class hierarchy updated for 'SceneOutliner' in 0.0003 seconds. Added 1 classes and 2 folders.
[2019.02.26-10.07.23:744][  0]LogSlate: Took 0.015465 seconds to synchronously load lazily loaded font '../../../Engine/Content/Slate/Fonts/Roboto-Regular.ttf' (155K)
[2019.02.26-10.07.23:783][  0]LogSlate: Took 0.022935 seconds to synchronously load lazily loaded font '../../../Engine/Content/Slate/Fonts/Roboto-Bold.ttf' (160K)
[2019.02.26-10.07.23:846][  0]LogSlate: Took 0.018101 seconds to synchronously load lazily loaded font '../../../Engine/Content/Editor/Slate/Fonts/FontAwesome.ttf' (139K)
[2019.02.26-10.07.24:157][  0]LogRenderer: Reallocating scene render targets to support 1136x600 Format 26 NumSamples 1 (Frame:1).
[2019.02.26-10.07.24:936][  0]LogContentBrowser: Native class hierarchy updated for 'HierarchicalLODOutliner' in 0.0002 seconds. Added 0 classes and 0 folders.
[2019.02.26-10.07.24:936][  0]LogLoad: (Engine Initialization) Total time: 58.85 seconds
[2019.02.26-10.07.24:936][  0]LogLoad: (Engine Initialization) Total Blueprint compile time: 0.00 seconds
[2019.02.26-10.07.25:204][  0]LogContentStreaming: Texture pool size now 1000 MB
[2019.02.26-10.07.25:236][  0]LogSlate: FSceneViewport::OnFocusLost() reason 2
[2019.02.26-10.07.25:325][  0]LogSlate: Took 0.018526 seconds to synchronously load lazily loaded font '../../../Engine/Content/Slate/Fonts/Roboto-Light.ttf' (167K)
[2019.02.26-10.07.25:935][  5]LogAssetRegistry: Asset discovery search completed in 40.3924 seconds
[2019.02.26-10.07.25:937][  5]LogCollectionManager: Rebuilt the object cache for 0 collections in 0.000000 seconds (found 0 objects)
[2019.02.26-10.07.25:937][  5]LogCollectionManager: Fixed up redirectors for 0 collections in 0.000050 seconds (updated 0 objects)
[2019.02.26-10.07.26:008][  8]LogSlate: Took 0.000225 seconds to synchronously load lazily loaded font '../../../Engine/Content/Slate/Fonts/Roboto-Light.ttf' (167K)
[2019.02.26-10.07.28:119][221]LogSlate: Window 'Message Log' being destroyed
[2019.02.26-10.07.28:123][221]LogSlate: Window 'Message Log' being destroyed
[2019.02.26-10.07.29:106][297]LogSlate: FSceneViewport::OnFocusLost() reason 0
[2019.02.26-10.07.29:198][303]LogAssetEditorManager: Opening Asset editor for Blueprint /Game/Blueprints/Spawner.Spawner
[2019.02.26-10.07.29:713][303]LogClass: Warning: Enum '/Game/VR_Essential_Kit/Blueprints/ENUM_InteractableActorType.ENUM_InteractableActorType' was upgraded to use FText to store its display name data. Please re-save this asset to avoid issues with localization and determinstic cooking.
[2019.02.26-10.07.29:714][303]LogClass: Warning: Enum '/Game/VR_Essential_Kit/Blueprints/ENUM_PickupObjectType.ENUM_PickupObjectType' was upgraded to use FText to store its display name data. Please re-save this asset to avoid issues with localization and determinstic cooking.
[2019.02.26-10.07.29:861][303]LogContentBrowser: Native class hierarchy updated for 'BlueprintGraph' in 0.0005 seconds. Added 117 classes and 0 folders.
[2019.02.26-10.07.30:983][303]LogSlate: Took 0.018958 seconds to synchronously load lazily loaded font '../../../Engine/Content/Slate/Fonts/Roboto-BoldCondensed.ttf' (158K)
[2019.02.26-10.07.31:413][304]LogSlate: Took 0.004471 seconds to synchronously load lazily loaded font '../../../Engine/Content/Slate/Fonts/Roboto-Italic.ttf' (157K)
[2019.02.26-10.07.38:122][820]LogEditorViewport: Clicking on Actor (LMB): CartSpline_C (CartSpline)
[2019.02.26-10.07.39:908][935]LogSlate: FSceneViewport::OnFocusLost() reason 2
[2019.02.26-10.07.43:867][231]LogSlate: FSceneViewport::OnFocusLost() reason 2
[2019.02.26-10.07.50:277][700]LogSlate: FSceneViewport::OnFocusLost() reason 2
[2019.02.26-10.07.55:752][ 52]LogSlate: FSceneViewport::OnFocusLost() reason 2
[2019.02.26-10.08.19:510][610]LogSlate: FSceneViewport::OnFocusLost() reason 2
[2019.02.26-10.08.31:042][438]LogSlate: FSceneViewport::OnFocusLost() reason 0
[2019.02.26-10.08.34:153][444]LogSavePackage: Moving 'F:/SCAD/ITGM studio2/humanStuff/MyProject3/Saved/Minimal_Default_2DABEE276422249E41065F4B6B9D46636.tmp' to 'F:/SCAD/ITGM studio2/humanStuff/MyProject3/Content/StarterContent/Maps/Minimal_Default_2.umap'
[2019.02.26-10.08.34:447][444]LogSavePackage: Moving 'F:/SCAD/ITGM studio2/humanStuff/MyProject3/Saved/Minimal_Default_2_BuiltDataE2F067A941E3B42B98F3B5A1C771DA84.tmp' to 'F:/SCAD/ITGM studio2/humanStuff/MyProject3/Content/StarterContent/Maps/Minimal_Default_2_BuiltData.uasset'
[2019.02.26-10.08.41:750][920]LogEditorViewport: Clicking on Actor (LMB): StaticMeshActor (hs_groundPlane7)
[2019.02.26-10.08.43:058][987]LogEditorViewport: Clicking on Actor (context menu): StaticMeshActor (hs_window4)
[2019.02.26-10.08.43:127][987]LogSlate: FSceneViewport::OnFocusLost() reason 2
[2019.02.26-10.08.44:055][ 53]LogEditorViewport: Clicking on Actor (LMB): StaticMeshActor (hs_window3)
[2019.02.26-10.08.46:246][193]LogSlate: FSceneViewport::OnFocusLost() reason 0
[2019.02.26-10.08.57:294][977]LogEditorViewport: Clicking on Actor (LMB): StaticMeshActor (hs_window4)
[2019.02.26-10.08.58:397][ 45]LogSlate: FSceneViewport::OnFocusLost() reason 2
[2019.02.26-10.09.11:270][931]LogEditorViewport: Clicking on Actor (LMB): StaticMeshActor (hs_window3)
[2019.02.26-10.09.30:717][406]LogSlate: FSceneViewport::OnFocusLost() reason 2
[2019.02.26-10.09.31:798][482]LogSlate: FSceneViewport::OnFocusLost() reason 2
[2019.02.26-10.09.34:629][482]LogSavePackage: Moving 'F:/SCAD/ITGM studio2/humanStuff/MyProject3/Saved/Minimal_Default_27DF9F5BE4164920E7FA0B58A74068AFB.tmp' to 'F:/SCAD/ITGM studio2/humanStuff/MyProject3/Content/StarterContent/Maps/Minimal_Default_2.umap'
[2019.02.26-10.09.34:683][482]LogFileHelpers: Saving map 'Minimal_Default_2' took 2.873
[2019.02.26-10.10.04:241][233]LogEditorViewport: Clicking on Actor (LMB): CartSpline_C (CartSpline)
[2019.02.26-10.10.06:520][399]LogSlate: FSceneViewport::OnFocusLost() reason 0
[2019.02.26-10.10.19:769][395]LogSlate: FSceneViewport::OnFocusLost() reason 0
[2019.02.26-10.10.22:676][403]LogSavePackage: Moving 'F:/SCAD/ITGM studio2/humanStuff/MyProject3/Saved/Minimal_Default_2E11A36E44A3753C83619928E3B263276.tmp' to 'F:/SCAD/ITGM studio2/humanStuff/MyProject3/Content/StarterContent/Maps/Minimal_Default_2.umap'
[2019.02.26-10.10.22:895][403]LogSavePackage: Moving 'F:/SCAD/ITGM studio2/humanStuff/MyProject3/Saved/Minimal_Default_2_BuiltDataEDAB9150452A95D9A8A8E69AD4361F79.tmp' to 'F:/SCAD/ITGM studio2/humanStuff/MyProject3/Content/StarterContent/Maps/Minimal_Default_2_BuiltData.uasset'
[2019.02.26-10.10.26:766][679]LogSlate: FSceneViewport::OnFocusLost() reason 0
[2019.02.26-10.10.48:962][524]LogSlate: FSceneViewport::OnFocusLost() reason 0
[2019.02.26-10.12.21:605][412]LogAssetEditorManager: Opening Asset editor for StaticMesh /Game/Geometry/Objects/hs_bomb.hs_bomb
[2019.02.26-10.12.22:881][413]LogRenderer: Reallocating scene render targets to support 1432x924 Format 26 NumSamples 1 (Frame:1).
[2019.02.26-10.12.28:388][786]LogSlate: FSceneViewport::OnFocusLost() reason 0
[2019.02.26-10.12.30:137][926]BlueprintLog: New page: Compile Spawner
[2019.02.26-10.13.15:607][732]LogSlate: Window 'Save Content' being destroyed
[2019.02.26-10.13.15:666][732]Cmd: OBJ SAVEPACKAGE PACKAGE="/Game/Blueprints/Spawner" FILE="F:/SCAD/ITGM studio2/humanStuff/MyProject3/Content/Blueprints/Spawner.uasset" SILENT=true
[2019.02.26-10.13.16:742][732]LogSavePackage: Moving 'F:/SCAD/ITGM studio2/humanStuff/MyProject3/Saved/Spawner8C5E443D4CE9A2CA54614A8ADC122CD3.tmp' to 'F:/SCAD/ITGM studio2/humanStuff/MyProject3/Content/Blueprints/Spawner.uasset'
[2019.02.26-10.13.19:914][732]LogSavePackage: Moving 'F:/SCAD/ITGM studio2/humanStuff/MyProject3/Saved/Minimal_Default_2CA756B0A41A83710693876A34ED43F6B.tmp' to 'F:/SCAD/ITGM studio2/humanStuff/MyProject3/Content/StarterContent/Maps/Minimal_Default_2.umap'
[2019.02.26-10.13.19:972][732]LogFileHelpers: Saving map 'Minimal_Default_2' took 3.200
[2019.02.26-10.16.13:321][ 76]LogEditorViewport: Clicking on Actor (LMB): CartSpawn_C (CartSpawn2)
[2019.02.26-10.16.23:617][844]LogSlate: FSceneViewport::OnFocusLost() reason 2
[2019.02.26-10.16.28:320][296]LogBlueprintUserMessages: Early PlayInEditor Detection: Level '/Game/StarterContent/Maps/Minimal_Default_2.Minimal_Default_2:PersistentLevel' has LevelScriptBlueprint '/Game/StarterContent/Maps/Minimal_Default_2.Minimal_Default_2:PersistentLevel.Minimal_Default_2' with GeneratedClass '/Game/StarterContent/Maps/Minimal_Default_2.Minimal_Default_2_C' with ClassGeneratedBy '/Game/StarterContent/Maps/Minimal_Default_2.Minimal_Default_2:PersistentLevel.Minimal_Default_2'
[2019.02.26-10.16.28:350][296]LogPlayLevel: PlayLevel: No blueprints needed recompiling
[2019.02.26-10.16.28:420][296]PIE: New page: SIE session: Minimal_Default_2 (Feb 26, 2019, 12:16:28 AM)
[2019.02.26-10.16.28:541][296]LogPlayLevel: Creating play world package: /Game/StarterContent/Maps/UEDPIE_0_Minimal_Default_2
[2019.02.26-10.16.28:600][296]LogPlayLevel: PIE: StaticDuplicateObject took: (0.058352s)
[2019.02.26-10.16.28:600][296]LogAIModule: Creating AISystem for world Minimal_Default_2
[2019.02.26-10.16.28:613][296]LogPlayLevel: PIE: World Init took: (0.013254s)
[2019.02.26-10.16.28:613][296]LogPlayLevel: PIE: Created PIE world by copying editor world from /Game/StarterContent/Maps/Minimal_Default_2.Minimal_Default_2 to /Game/StarterContent/Maps/UEDPIE_0_Minimal_Default_2.Minimal_Default_2 (0.072325s)
[2019.02.26-10.16.28:704][296]LogInit: XAudio2 using 'Headset Earphone (Razer Kraken 7.1 Chroma)' : 2 channels at 48 kHz using 16 bits per sample (channel mask 0x3)
[2019.02.26-10.16.28:747][296]LogInit: FAudioDevice initialized.
[2019.02.26-10.16.28:749][296]LogSlate: FSceneViewport::OnFocusLost() reason 2
[2019.02.26-10.16.28:823][296]LogLoad: Game class is 'GameModeBase'
[2019.02.26-10.16.28:947][296]LogWorld: Bringing World /Game/StarterContent/Maps/UEDPIE_0_Minimal_Default_2.Minimal_Default_2 up for play (max tick rate 0) at 2019.02.26-05.16.28
[2019.02.26-10.16.29:047][296]LogWorld: Bringing up level for play took: 0.114109
[2019.02.26-10.16.29:104][296]LogGameMode: FindPlayerStart: PATHS NOT DEFINED or NO PLAYERSTART with positive rating
[2019.02.26-10.16.29:262][296]LogContentBrowser: Native class hierarchy updated for 'MovieSceneCapture' in 0.0011 seconds. Added 20 classes and 0 folders.
[2019.02.26-10.16.29:390][296]LogBlueprintUserMessages: Warning: SetTimer passed a bad function (TimeFunctionTick) or object (MotionControllerPawn_2)
[2019.02.26-10.16.29:410][296]LogBlueprintUserMessages: [MotionControllerPawn_2] 















Make_Hands
[2019.02.26-10.16.29:551][296]LogBlueprintUserMessages: [MotionControllerPawn_2] 









Left
[2019.02.26-10.16.29:563][296]LogBlueprintUserMessages: [MotionControllerPawn_2] 











Right
[2019.02.26-10.16.29:573][296]PIE: Play in editor start time for /Game/StarterContent/Maps/UEDPIE_0_Minimal_Default_2 1.484
[2019.02.26-10.16.29:700][296]LogBlueprintUserMessages: Late PlayInEditor Detection: Level '/Game/StarterContent/Maps/Minimal_Default_2.Minimal_Default_2:PersistentLevel' has LevelScriptBlueprint '/Game/StarterContent/Maps/Minimal_Default_2.Minimal_Default_2:PersistentLevel.Minimal_Default_2' with GeneratedClass '/Game/StarterContent/Maps/Minimal_Default_2.Minimal_Default_2_C' with ClassGeneratedBy '/Game/StarterContent/Maps/Minimal_Default_2.Minimal_Default_2:PersistentLevel.Minimal_Default_2'
[2019.02.26-10.16.31:025][335]LogBlueprintUserMessages: [MotionControllerPawn_2] 109
[2019.02.26-10.16.31:039][336]LogScript: Warning: Accessed None trying to read property ScanVar
	Spawner_C /Game/StarterContent/Maps/UEDPIE_0_Minimal_Default_2.Minimal_Default_2:PersistentLevel.Spawner_2
	Function /Game/Blueprints/Spawner.Spawner_C:ExecuteUbergraph_Spawner:0F8D
[2019.02.26-10.16.31:039][336]PIE: Error: Blueprint Runtime Error: "Accessed None trying to read property ScanVar". Blueprint:  Spawner Function:  Execute Ubergraph Spawner Graph:  EventGraph Node:  Branch
[2019.02.26-10.16.32:237][405]LogBlueprintUserMessages: [MotionControllerPawn_2] 108
[2019.02.26-10.16.33:443][511]LogBlueprintUserMessages: [MotionControllerPawn_2] 107
[2019.02.26-10.16.34:681][619]LogBlueprintUserMessages: [MotionControllerPawn_2] 106
[2019.02.26-10.16.35:892][703]LogBlueprintUserMessages: [MotionControllerPawn_2] 105
[2019.02.26-10.16.35:904][703]LogBlueprintUserMessages: Early EndPlayMap Detection: Level '/Game/StarterContent/Maps/Minimal_Default_2.Minimal_Default_2:PersistentLevel' has LevelScriptBlueprint '/Game/StarterContent/Maps/Minimal_Default_2.Minimal_Default_2:PersistentLevel.Minimal_Default_2' with GeneratedClass '/Game/StarterContent/Maps/Minimal_Default_2.Minimal_Default_2_C' with ClassGeneratedBy '/Game/StarterContent/Maps/Minimal_Default_2.Minimal_Default_2:PersistentLevel.Minimal_Default_2'
[2019.02.26-10.16.35:921][703]LogSlate: Updating window title bar state: overlay mode, drag disabled, window buttons hidden, title bar hidden
[2019.02.26-10.16.36:080][703]LogPlayLevel: Display: Shutting down PIE online subsystems
[2019.02.26-10.16.36:094][703]LogBlueprintUserMessages: Late EndPlayMap Detection: Level '/Game/StarterContent/Maps/Minimal_Default_2.Minimal_Default_2:PersistentLevel' has LevelScriptBlueprint '/Game/StarterContent/Maps/Minimal_Default_2.Minimal_Default_2:PersistentLevel.Minimal_Default_2' with GeneratedClass '/Game/StarterContent/Maps/Minimal_Default_2.Minimal_Default_2_C' with ClassGeneratedBy '/Game/StarterContent/Maps/Minimal_Default_2.Minimal_Default_2:PersistentLevel.Minimal_Default_2'
[2019.02.26-10.16.36:184][703]LogSlate: Updating window title bar state: overlay mode, drag disabled, window buttons hidden, title bar hidden
[2019.02.26-10.16.36:313][703]LogSlate: FSceneViewport::OnFocusLost() reason 2
[2019.02.26-10.16.36:562][704]LogPlayLevel: Display: Destroying online subsystem :Context_13
[2019.02.26-10.16.37:966][836]LogSlate: Window 'Message Log' being destroyed
[2019.02.26-10.16.37:973][836]LogSlate: Window 'Message Log' being destroyed
[2019.02.26-10.16.40:746][ 94]LogEditorViewport: Clicking on Actor (LMB): CartSpline_C (CartSpline)
[2019.02.26-10.17.35:226][463]LogSlate: FSceneViewport::OnFocusLost() reason 0
[2019.02.26-10.17.35:437][474]LogAssetEditorManager: Opening Asset editor for Blueprint /Game/Blueprints/BabyCarts.BabyCarts
[2019.02.26-10.18.40:381][792]LogAssetEditorManager: Opening Asset editor for SoundWave /Game/Audio/bg_Elevator.bg_Elevator
[2019.02.26-10.18.55:912][933]LogAssetEditorManager: Opening Asset editor for SoundCue /Game/Audio/hs_backgroundMusic.hs_backgroundMusic
[2019.02.26-10.19.35:690][525]Cmd: OBJ SAVEPACKAGE PACKAGE="/Game/Audio/hs_backgroundMusic" FILE="F:/SCAD/ITGM studio2/humanStuff/MyProject3/Content/Audio/hs_backgroundMusic.uasset" SILENT=true
[2019.02.26-10.19.35:711][525]LogSavePackage: Moving 'F:/SCAD/ITGM studio2/humanStuff/MyProject3/Saved/hs_backgroundMusicF8ABE81641D5382370CC6D92F2BEE421.tmp' to 'F:/SCAD/ITGM studio2/humanStuff/MyProject3/Content/Audio/hs_backgroundMusic.uasset'
[2019.02.26-10.19.45:449][311]LogSlate: FSceneViewport::OnFocusLost() reason 0
[2019.02.26-10.19.46:362][357]LogSlate: FSceneViewport::OnFocusLost() reason 2
[2019.02.26-10.19.47:424][426]LogSlate: FSceneViewport::OnFocusLost() reason 0
[2019.02.26-10.19.47:509][433]LogTemp: Repeating last play command: Simulate
[2019.02.26-10.19.47:530][433]LogBlueprintUserMessages: Early PlayInEditor Detection: Level '/Game/StarterContent/Maps/Minimal_Default_2.Minimal_Default_2:PersistentLevel' has LevelScriptBlueprint '/Game/StarterContent/Maps/Minimal_Default_2.Minimal_Default_2:PersistentLevel.Minimal_Default_2' with GeneratedClass '/Game/StarterContent/Maps/Minimal_Default_2.Minimal_Default_2_C' with ClassGeneratedBy '/Game/StarterContent/Maps/Minimal_Default_2.Minimal_Default_2:PersistentLevel.Minimal_Default_2'
[2019.02.26-10.19.47:531][433]LogPlayLevel: PlayLevel: No blueprints needed recompiling
[2019.02.26-10.19.47:531][433]PIE: New page: SIE session: Minimal_Default_2 (Feb 26, 2019, 12:19:47 AM)
[2019.02.26-10.19.47:531][433]LogPlayLevel: Creating play world package: /Game/StarterContent/Maps/UEDPIE_0_Minimal_Default_2
[2019.02.26-10.19.47:546][433]LogPlayLevel: PIE: StaticDuplicateObject took: (0.014962s)
[2019.02.26-10.19.47:546][433]LogAIModule: Creating AISystem for world Minimal_Default_2
[2019.02.26-10.19.47:546][433]LogPlayLevel: PIE: World Init took: (0.000526s)
[2019.02.26-10.19.47:546][433]LogPlayLevel: PIE: Created PIE world by copying editor world from /Game/StarterContent/Maps/Minimal_Default_2.Minimal_Default_2 to /Game/StarterContent/Maps/UEDPIE_0_Minimal_Default_2.Minimal_Default_2 (0.015658s)
[2019.02.26-10.19.47:596][433]LogInit: XAudio2 using 'Headset Earphone (Razer Kraken 7.1 Chroma)' : 2 channels at 48 kHz using 16 bits per sample (channel mask 0x3)
[2019.02.26-10.19.47:639][433]LogInit: FAudioDevice initialized.
[2019.02.26-10.19.47:685][433]LogLoad: Game class is 'GameModeBase'
[2019.02.26-10.19.47:690][433]LogWorld: Bringing World /Game/StarterContent/Maps/UEDPIE_0_Minimal_Default_2.Minimal_Default_2 up for play (max tick rate 0) at 2019.02.26-05.19.47
[2019.02.26-10.19.47:690][433]LogWorld: Bringing up level for play took: 0.004712
[2019.02.26-10.19.47:702][433]LogGameMode: FindPlayerStart: PATHS NOT DEFINED or NO PLAYERSTART with positive rating
[2019.02.26-10.19.47:703][433]LogBlueprintUserMessages: Warning: SetTimer passed a bad function (TimeFunctionTick) or object (MotionControllerPawn_2)
[2019.02.26-10.19.47:703][433]LogBlueprintUserMessages: [MotionControllerPawn_2] 















Make_Hands
[2019.02.26-10.19.47:704][433]LogBlueprintUserMessages: [MotionControllerPawn_2] 









Left
[2019.02.26-10.19.47:705][433]LogBlueprintUserMessages: [MotionControllerPawn_2] 











Right
[2019.02.26-10.19.47:705][433]PIE: Play in editor start time for /Game/StarterContent/Maps/UEDPIE_0_Minimal_Default_2 -0.383
[2019.02.26-10.19.47:707][433]LogBlueprintUserMessages: Late PlayInEditor Detection: Level '/Game/StarterContent/Maps/Minimal_Default_2.Minimal_Default_2:PersistentLevel' has LevelScriptBlueprint '/Game/StarterContent/Maps/Minimal_Default_2.Minimal_Default_2:PersistentLevel.Minimal_Default_2' with GeneratedClass '/Game/StarterContent/Maps/Minimal_Default_2.Minimal_Default_2_C' with ClassGeneratedBy '/Game/StarterContent/Maps/Minimal_Default_2.Minimal_Default_2:PersistentLevel.Minimal_Default_2'
[2019.02.26-10.19.48:507][480]LogBlueprintUserMessages: [MotionControllerPawn_2] 109
[2019.02.26-10.19.48:520][481]LogScript: Warning: Accessed None trying to read property ScanVar
	Spawner_C /Game/StarterContent/Maps/UEDPIE_0_Minimal_Default_2.Minimal_Default_2:PersistentLevel.Spawner_2
	Function /Game/Blueprints/Spawner.Spawner_C:ExecuteUbergraph_Spawner:0F8D
[2019.02.26-10.19.48:520][481]PIE: Error: Blueprint Runtime Error: "Accessed None trying to read property ScanVar". Blueprint:  Spawner Function:  Execute Ubergraph Spawner Graph:  EventGraph Node:  Branch
[2019.02.26-10.19.49:718][581]LogBlueprintUserMessages: [MotionControllerPawn_2] 108
[2019.02.26-10.19.50:931][680]LogBlueprintUserMessages: [MotionControllerPawn_2] 107
[2019.02.26-10.19.52:152][778]LogBlueprintUserMessages: [MotionControllerPawn_2] 106
[2019.02.26-10.19.53:366][875]LogBlueprintUserMessages: [MotionControllerPawn_2] 105
[2019.02.26-10.19.53:969][924]LogBlueprintUserMessages: Early EndPlayMap Detection: Level '/Game/StarterContent/Maps/Minimal_Default_2.Minimal_Default_2:PersistentLevel' has LevelScriptBlueprint '/Game/StarterContent/Maps/Minimal_Default_2.Minimal_Default_2:PersistentLevel.Minimal_Default_2' with GeneratedClass '/Game/StarterContent/Maps/Minimal_Default_2.Minimal_Default_2_C' with ClassGeneratedBy '/Game/StarterContent/Maps/Minimal_Default_2.Minimal_Default_2:PersistentLevel.Minimal_Default_2'
[2019.02.26-10.19.53:970][924]LogSlate: Updating window title bar state: overlay mode, drag disabled, window buttons hidden, title bar hidden
[2019.02.26-10.19.54:021][924]LogPlayLevel: Display: Shutting down PIE online subsystems
[2019.02.26-10.19.54:021][924]LogBlueprintUserMessages: Late EndPlayMap Detection: Level '/Game/StarterContent/Maps/Minimal_Default_2.Minimal_Default_2:PersistentLevel' has LevelScriptBlueprint '/Game/StarterContent/Maps/Minimal_Default_2.Minimal_Default_2:PersistentLevel.Minimal_Default_2' with GeneratedClass '/Game/StarterContent/Maps/Minimal_Default_2.Minimal_Default_2_C' with ClassGeneratedBy '/Game/StarterContent/Maps/Minimal_Default_2.Minimal_Default_2:PersistentLevel.Minimal_Default_2'
[2019.02.26-10.19.54:049][924]LogSlate: Updating window title bar state: overlay mode, drag disabled, window buttons hidden, title bar hidden
[2019.02.26-10.19.54:092][925]LogPlayLevel: Display: Destroying online subsystem :Context_15
[2019.02.26-10.19.55:615][ 44]LogSlate: Window 'Message Log' being destroyed
[2019.02.26-10.19.55:620][ 44]LogSlate: Window 'Message Log' being destroyed
[2019.02.26-10.21.22:270][ 73]LogAudioDerivedData: Display: Building compressed audio format OGG hash OGG wave Alien_Voice_3...
[2019.02.26-10.21.22:361][ 73]LogAudioDerivedData: Display: Updated SoundWave->RawPCMDataSize from 0 to 273458 while cooking SoundWave /Game/Audio/Alien_Voice_3.Alien_Voice_3.
[2019.02.26-10.21.33:668][ 78]LogAssetEditorManager: Opening Asset editor for SoundCue /Game/Audio/hs_alienVoice.hs_alienVoice
[2019.02.26-10.21.39:236][572]LogAudioDerivedData: Display: Building compressed audio format OGG hash OGG wave Alien_Voice1c...
[2019.02.26-10.21.39:262][572]LogAudioDerivedData: Display: Updated SoundWave->RawPCMDataSize from 0 to 202292 while cooking SoundWave /Game/Audio/Alien_Voice1c.Alien_Voice1c.
[2019.02.26-10.21.39:265][572]LogAudioDerivedData: Display: Building compressed audio format OGG hash OGG wave Alien_Voice_1a...
[2019.02.26-10.21.39:292][572]LogAudioDerivedData: Display: Updated SoundWave->RawPCMDataSize from 0 to 274052 while cooking SoundWave /Game/Audio/Alien_Voice_1a.Alien_Voice_1a.
[2019.02.26-10.21.39:294][572]LogAudioDerivedData: Display: Building compressed audio format OGG hash OGG wave Alien_Voice_2a...
[2019.02.26-10.21.39:324][572]LogAudioDerivedData: Display: Updated SoundWave->RawPCMDataSize from 0 to 299758 while cooking SoundWave /Game/Audio/Alien_Voice_2a.Alien_Voice_2a.
[2019.02.26-10.21.39:326][572]LogAudioDerivedData: Display: Building compressed audio format OGG hash OGG wave Alien_Voice_2b...
[2019.02.26-10.21.39:338][572]LogAudioDerivedData: Display: Updated SoundWave->RawPCMDataSize from 0 to 111856 while cooking SoundWave /Game/Audio/Alien_Voice_2b.Alien_Voice_2b.
[2019.02.26-10.23.32:562][983]LogAssetEditorManager: Opening Asset editor for AnimSequence /Game/aliens/slugHead_cartPush.slugHead_cartPush
[2019.02.26-10.23.32:843][983]LogContentBrowser: Native class hierarchy updated for 'SkeletonEditor' in 0.0003 seconds. Added 1 classes and 2 folders.
[2019.02.26-10.23.32:945][983]LogActorComponent: RegisterComponentWithWorld: (/Engine/Transient.World_13:PersistentLevel.AnimationEditorPreviewActor_0.DebugSkelMeshComponent_0) Already registered. Aborting.
[2019.02.26-10.23.32:961][983]LogContentBrowser: Native class hierarchy updated for 'PinnedCommandList' in 0.0003 seconds. Added 1 classes and 0 folders.
[2019.02.26-10.23.33:295][983]LogSkeletalMesh: USkeletalMeshComponent::InitArticulated : Bodies already created (/Engine/Transient.World_13:PersistentLevel.AnimationEditorPreviewActor_0.DebugSkelMeshComponent_0) - call TermArticulated first.
[2019.02.26-10.23.34:098][983]LogContentBrowser: Native class hierarchy updated for 'ClothingSystemEditorInterface' in 0.0002 seconds. Added 1 classes and 0 folders.
[2019.02.26-10.23.34:139][983]LogContentBrowser: Verbose: The majority of assets in the view are of type: AnimSequence
[2019.02.26-10.24.09:363][818]Cmd: OBJ SAVEPACKAGE PACKAGE="/Game/Audio/hs_alienVoice" FILE="F:/SCAD/ITGM studio2/humanStuff/MyProject3/Content/Audio/hs_alienVoice.uasset" SILENT=true
[2019.02.26-10.24.09:428][818]LogSavePackage: Moving 'F:/SCAD/ITGM studio2/humanStuff/MyProject3/Saved/hs_alienVoice4591FA6041EDB769083A83929F101FB0.tmp' to 'F:/SCAD/ITGM studio2/humanStuff/MyProject3/Content/Audio/hs_alienVoice.uasset'
[2019.02.26-10.24.13:298][132]Cmd: OBJ SAVEPACKAGE PACKAGE="/Game/Audio/hs_backgroundMusic" FILE="F:/SCAD/ITGM studio2/humanStuff/MyProject3/Content/Audio/hs_backgroundMusic.uasset" SILENT=true
[2019.02.26-10.24.13:392][132]LogSavePackage: Moving 'F:/SCAD/ITGM studio2/humanStuff/MyProject3/Saved/hs_backgroundMusic436E76C9435247C9C86688916A39CE25.tmp' to 'F:/SCAD/ITGM studio2/humanStuff/MyProject3/Content/Audio/hs_backgroundMusic.uasset'
[2019.02.26-10.24.23:359][922]LogAssetEditorManager: Opening Asset editor for Blueprint /Game/Blueprints/BabyCarts.BabyCarts
[2019.02.26-10.24.37:784][243]BlueprintLog: New page: Compile BabyCarts
[2019.02.26-10.25.01:000][176]LogAssetEditorManager: Opening Asset editor for Blueprint /Game/Blueprints/ShoppingCarts.ShoppingCarts
[2019.02.26-10.25.49:012][401]LogTemp: Repeating last play command: Simulate
[2019.02.26-10.25.49:036][401]LogBlueprintUserMessages: Early PlayInEditor Detection: Level '/Game/StarterContent/Maps/Minimal_Default_2.Minimal_Default_2:PersistentLevel' has LevelScriptBlueprint '/Game/StarterContent/Maps/Minimal_Default_2.Minimal_Default_2:PersistentLevel.Minimal_Default_2' with GeneratedClass '/Game/StarterContent/Maps/Minimal_Default_2.Minimal_Default_2_C' with ClassGeneratedBy '/Game/StarterContent/Maps/Minimal_Default_2.Minimal_Default_2:PersistentLevel.Minimal_Default_2'
[2019.02.26-10.25.49:036][401]BlueprintLog: New page: Pre-Play auto-recompile
[2019.02.26-10.25.49:062][401]LogPlayLevel: [PlayLevel] Compiling BabyCarts before play...
[2019.02.26-10.25.49:245][401]LogPlayLevel: PlayLevel: Blueprint regeneration took 209 ms (1 blueprints)
[2019.02.26-10.25.49:245][401]PIE: New page: SIE session: Minimal_Default_2 (Feb 26, 2019, 12:25:49 AM)
[2019.02.26-10.25.49:245][401]LogPlayLevel: Creating play world package: /Game/StarterContent/Maps/UEDPIE_0_Minimal_Default_2
[2019.02.26-10.25.49:260][401]LogPlayLevel: PIE: StaticDuplicateObject took: (0.014153s)
[2019.02.26-10.25.49:260][401]LogAIModule: Creating AISystem for world Minimal_Default_2
[2019.02.26-10.25.49:260][401]LogPlayLevel: PIE: World Init took: (0.000506s)
[2019.02.26-10.25.49:260][401]LogPlayLevel: PIE: Created PIE world by copying editor world from /Game/StarterContent/Maps/Minimal_Default_2.Minimal_Default_2 to /Game/StarterContent/Maps/UEDPIE_0_Minimal_Default_2.Minimal_Default_2 (0.014814s)
[2019.02.26-10.25.49:307][401]LogInit: XAudio2 using 'Headset Earphone (Razer Kraken 7.1 Chroma)' : 2 channels at 48 kHz using 16 bits per sample (channel mask 0x3)
[2019.02.26-10.25.49:350][401]LogInit: FAudioDevice initialized.
[2019.02.26-10.25.49:382][401]LogLoad: Game class is 'GameModeBase'
[2019.02.26-10.25.49:387][401]LogWorld: Bringing World /Game/StarterContent/Maps/UEDPIE_0_Minimal_Default_2.Minimal_Default_2 up for play (max tick rate 0) at 2019.02.26-05.25.49
[2019.02.26-10.25.49:387][401]LogWorld: Bringing up level for play took: 0.004555
[2019.02.26-10.25.49:399][401]LogGameMode: FindPlayerStart: PATHS NOT DEFINED or NO PLAYERSTART with positive rating
[2019.02.26-10.25.49:400][401]LogBlueprintUserMessages: Warning: SetTimer passed a bad function (TimeFunctionTick) or object (MotionControllerPawn_2)
[2019.02.26-10.25.49:400][401]LogBlueprintUserMessages: [MotionControllerPawn_2] 















Make_Hands
[2019.02.26-10.25.49:402][401]LogBlueprintUserMessages: [MotionControllerPawn_2] 









Left
[2019.02.26-10.25.49:403][401]LogBlueprintUserMessages: [MotionControllerPawn_2] 











Right
[2019.02.26-10.25.49:403][401]PIE: Play in editor start time for /Game/StarterContent/Maps/UEDPIE_0_Minimal_Default_2 1.314
[2019.02.26-10.25.49:405][401]LogBlueprintUserMessages: Late PlayInEditor Detection: Level '/Game/StarterContent/Maps/Minimal_Default_2.Minimal_Default_2:PersistentLevel' has LevelScriptBlueprint '/Game/StarterContent/Maps/Minimal_Default_2.Minimal_Default_2:PersistentLevel.Minimal_Default_2' with GeneratedClass '/Game/StarterContent/Maps/Minimal_Default_2.Minimal_Default_2_C' with ClassGeneratedBy '/Game/StarterContent/Maps/Minimal_Default_2.Minimal_Default_2:PersistentLevel.Minimal_Default_2'
[2019.02.26-10.25.50:079][438]LogBlueprintUserMessages: [MotionControllerPawn_2] 109
[2019.02.26-10.25.50:090][439]LogScript: Warning: Accessed None trying to read property ScanVar
	Spawner_C /Game/StarterContent/Maps/UEDPIE_0_Minimal_Default_2.Minimal_Default_2:PersistentLevel.Spawner_2
	Function /Game/Blueprints/Spawner.Spawner_C:ExecuteUbergraph_Spawner:0F8D
[2019.02.26-10.25.50:090][439]PIE: Error: Blueprint Runtime Error: "Accessed None trying to read property ScanVar". Blueprint:  Spawner Function:  Execute Ubergraph Spawner Graph:  EventGraph Node:  Branch
[2019.02.26-10.25.51:286][544]LogBlueprintUserMessages: [MotionControllerPawn_2] 108
[2019.02.26-10.25.52:505][629]LogBlueprintUserMessages: [MotionControllerPawn_2] 107
[2019.02.26-10.25.53:719][704]LogBlueprintUserMessages: [MotionControllerPawn_2] 106
[2019.02.26-10.25.58:175][727]LogScript: Warning: Runaway loop detected (over 1,000,000 iterations) - see log for stack trace
	BabyCarts_C /Game/StarterContent/Maps/UEDPIE_0_Minimal_Default_2.Minimal_Default_2:PersistentLevel.BabyCarts_C_0
	Function /Game/Blueprints/BabyCarts.BabyCarts_C:ExecuteUbergraph_BabyCarts:0022
[2019.02.26-10.25.58:175][727]PIE: Error: Infinite loop detected. Blueprint:  BabyCarts Function:  Play Sound at Location Call Stack:  Show
[2019.02.26-10.26.02:313][727]LogScript: Warning: Runaway loop detected (over 1,000,000 iterations) - see log for stack trace
	BabyCarts_C /Game/StarterContent/Maps/UEDPIE_0_Minimal_Default_2.Minimal_Default_2:PersistentLevel.BabyCarts_C_1
	Function /Game/Blueprints/BabyCarts.BabyCarts_C:ExecuteUbergraph_BabyCarts:0022
[2019.02.26-10.26.02:313][727]PIE: Error: Infinite loop detected. Blueprint:  BabyCarts Function:  Play Sound at Location Call Stack:  Show
[2019.02.26-10.26.06:621][727]LogScript: Warning: Runaway loop detected (over 1,000,000 iterations) - see log for stack trace
	BabyCarts_C /Game/StarterContent/Maps/UEDPIE_0_Minimal_Default_2.Minimal_Default_2:PersistentLevel.BabyCarts_C_2
	Function /Game/Blueprints/BabyCarts.BabyCarts_C:ExecuteUbergraph_BabyCarts:0022
[2019.02.26-10.26.06:621][727]PIE: Error: Infinite loop detected. Blueprint:  BabyCarts Function:  Play Sound at Location Call Stack:  Show
[2019.02.26-10.26.10:798][727]LogScript: Warning: Runaway loop detected (over 1,000,000 iterations) - see log for stack trace
	BabyCarts_C /Game/StarterContent/Maps/UEDPIE_0_Minimal_Default_2.Minimal_Default_2:PersistentLevel.BabyCarts_C_3
	Function /Game/Blueprints/BabyCarts.BabyCarts_C:ExecuteUbergraph_BabyCarts:0022
[2019.02.26-10.26.10:799][727]PIE: Error: Infinite loop detected. Blueprint:  BabyCarts Function:  Play Sound at Location Call Stack:  Show
[2019.02.26-10.26.15:176][727]LogScript: Warning: Runaway loop detected (over 1,000,000 iterations) - see log for stack trace
	BabyCarts_C /Game/StarterContent/Maps/UEDPIE_0_Minimal_Default_2.Minimal_Default_2:PersistentLevel.BabyCarts_C_4
	Function /Game/Blueprints/BabyCarts.BabyCarts_C:ExecuteUbergraph_BabyCarts:0022
[2019.02.26-10.26.15:176][727]PIE: Error: Infinite loop detected. Blueprint:  BabyCarts Function:  Play Sound at Location Call Stack:  Show
