Log file open, 02/26/19 03:26:41
LogWindows: Failed to load 'aqProf.dll' (GetLastError=126)
LogWindows: File 'aqProf.dll' does not exist
LogWindows: Failed to load 'VtuneApi.dll' (GetLastError=126)
LogWindows: File 'VtuneApi.dll' does not exist
LogWindows: Failed to load 'VtuneApi32e.dll' (GetLastError=126)
LogWindows: File 'VtuneApi32e.dll' does not exist
LogConsoleResponse: Display: Failed to find resolution value strings in scalability ini. Falling back to default.
LogInit: Display: Running engine for game: HumanStuff
LogPakFile: Registered encryption key '00000000000000000000000000000000': 0 pak files mounted, 0 remain pending
LogPlatformFile: Not using cached read wrapper
LogTaskGraph: Started task graph with 5 named threads and 11 total threads with 3 sets of task threads.
LogStats: Stats thread started at 0.614499
LogD3D11RHI: Loaded GFSDK_Aftermath_Lib.x64.dll
LogICUInternationalization: ICU TimeZone Detection - Raw Offset: -5:00, Platform Override: ''
LogPluginManager: Mounting plugin Paper2D
LogPluginManager: Mounting plugin AISupport
LogPluginManager: Mounting plugin LightPropagationVolume
LogPluginManager: Mounting plugin ActorLayerUtilities
LogPluginManager: Mounting plugin CLionSourceCodeAccess
LogPluginManager: Mounting plugin CodeLiteSourceCodeAccess
LogPluginManager: Mounting plugin GitSourceControl
LogPluginManager: Mounting plugin KDevelopSourceCodeAccess
LogPluginManager: Mounting plugin NullSourceCodeAccess
LogPluginManager: Mounting plugin PerforceSourceControl
LogPluginManager: Mounting plugin SubversionSourceControl
LogPluginManager: Mounting plugin UObjectPlugin
LogPluginManager: Mounting plugin VisualStudioCodeSourceCodeAccess
LogPluginManager: Mounting plugin VisualStudioSourceCodeAccess
LogPluginManager: Mounting plugin XCodeSourceCodeAccess
LogPluginManager: Mounting plugin AssetManagerEditor
LogPluginManager: Mounting plugin CryptoKeys
LogPluginManager: Mounting plugin DataValidation
LogPluginManager: Mounting plugin FacialAnimation
LogPluginManager: Mounting plugin GameplayTagsEditor
LogPluginManager: Mounting plugin MacGraphicsSwitching
LogPluginManager: Mounting plugin MeshEditor
LogPluginManager: Mounting plugin MobileLauncherProfileWizard
LogPluginManager: Mounting plugin PluginBrowser
LogPluginManager: Mounting plugin SpeedTreeImporter
LogPluginManager: Mounting plugin DatasmithContent
LogPluginManager: Mounting plugin VariantManagerContent
LogPluginManager: Mounting plugin AlembicImporter
LogPluginManager: Mounting plugin AppleImageUtils
LogPluginManager: Mounting plugin AppleVision
LogPluginManager: Mounting plugin BackChannel
LogPluginManager: Mounting plugin CharacterAI
LogPluginManager: Mounting plugin GeometryCache
LogPluginManager: Mounting plugin HTML5Networking
LogPluginManager: Mounting plugin ProxyLODPlugin
LogPluginManager: Mounting plugin MagicLeap
LogPluginManager: Mounting plugin MagicLeapMedia
LogPluginManager: Mounting plugin AndroidMedia
LogPluginManager: Mounting plugin AvfMedia
LogPluginManager: Mounting plugin ImgMedia
LogPluginManager: Mounting plugin LinearTimecode
LogPluginManager: Mounting plugin MediaCompositing
LogPluginManager: Mounting plugin MediaPlayerEditor
LogPluginManager: Mounting plugin WebMMedia
LogPluginManager: Mounting plugin WmfMedia
LogPluginManager: Mounting plugin TcpMessaging
LogPluginManager: Mounting plugin UdpMessaging
LogPluginManager: Mounting plugin ActorSequence
LogPluginManager: Mounting plugin LevelSequenceEditor
LogPluginManager: Mounting plugin MatineeToLevelSequence
LogPluginManager: Mounting plugin NetcodeUnitTest
LogPluginManager: Mounting plugin NUTUnrealEngine4
LogPluginManager: Mounting plugin OnlineSubsystemGooglePlay
LogPluginManager: Mounting plugin OnlineSubsystemIOS
LogPluginManager: Mounting plugin OnlineSubsystem
LogPluginManager: Mounting plugin OnlineSubsystemNull
LogPluginManager: Mounting plugin OnlineSubsystemUtils
LogPluginManager: Mounting plugin LauncherChunkInstaller
LogPluginManager: Mounting plugin AndroidDeviceProfileSelector
LogPluginManager: Mounting plugin AndroidMoviePlayer
LogPluginManager: Mounting plugin AndroidPermission
LogPluginManager: Mounting plugin AppleMoviePlayer
LogPluginManager: Mounting plugin ArchVisCharacter
LogPluginManager: Mounting plugin AudioCapture
LogPluginManager: Mounting plugin CableComponent
LogPluginManager: Mounting plugin CustomMeshComponent
LogPluginManager: Mounting plugin EditableMesh
LogPluginManager: Mounting plugin ExampleDeviceProfileSelector
LogPluginManager: Mounting plugin Firebase
LogPluginManager: Mounting plugin GoogleCloudMessaging
LogPluginManager: Mounting plugin IOSDeviceProfileSelector
LogPluginManager: Mounting plugin LinuxDeviceProfileSelector
LogPluginManager: Mounting plugin LocationServicesBPLibrary
LogPluginManager: Mounting plugin MobilePatchingUtils
LogPluginManager: Mounting plugin OculusVR
LogPluginManager: Mounting plugin PhysXVehicles
LogPluginManager: Mounting plugin ProceduralMeshComponent
LogPluginManager: Mounting plugin RuntimePhysXCooking
LogPluginManager: Mounting plugin SteamVR
LogPluginManager: Mounting plugin WebMMoviePlayer
LogPluginManager: Mounting plugin WindowsMoviePlayer
LogStreaming: Display: Took  0.201s to configure plugins.
LogInit: Using libcurl 7.55.1-DEV
LogInit:  - built for x86_64-pc-win32
LogInit:  - supports SSL with OpenSSL/1.0.2h
LogInit:  - supports HTTP deflate (compression) using libz 1.2.8
LogInit:  - other features:
LogInit:      CURL_VERSION_SSL
LogInit:      CURL_VERSION_LIBZ
LogInit:      CURL_VERSION_IPV6
LogInit:      CURL_VERSION_ASYNCHDNS
LogInit:      CURL_VERSION_LARGEFILE
LogInit:      CURL_VERSION_IDN
LogInit:  CurlRequestOptions (configurable via config and command line):
LogInit:  - bVerifyPeer = true  - Libcurl will verify peer certificate
LogInit:  - bUseHttpProxy = false  - Libcurl will NOT use HTTP proxy
LogInit:  - bDontReuseConnections = false  - Libcurl will reuse connections
LogInit:  - MaxHostConnections = 16  - Libcurl will limit the number of connections to a host
LogInit:  - LocalHostAddr = Default
LogInit:  - BufferSize = 65536
LogInit: WinSock: version 1.1 (2.2), MaxSocks=32767, MaxUdp=65467
LogInit: Build: ++UE4+Release-4.21-CL-4753647
LogInit: Engine Version: 4.21.2-4753647+++UE4+Release-4.21
LogInit: Compatible Engine Version: 4.21.0-4541578+++UE4+Release-4.21
LogInit: Net CL: 4541578
LogInit: OS: Windows 10 (), CPU: Intel(R) Core(TM) i5-4210H CPU @ 2.90GHz, GPU: Intel(R) HD Graphics 4600
LogInit: Compiled (64-bit): Jan 19 2019 02:07:31
LogInit: Compiled with Visual C++: 19.13.26129.00
LogInit: Build Configuration: Development
LogInit: Branch Name: ++UE4+Release-4.21
LogInit: Command Line: 
LogInit: Base Directory: E:/UE_4.21/Engine/Binaries/Win64/
LogInit: Installed Engine Build: 1
LogDevObjectVersion: Number of dev versions registered: 22
LogDevObjectVersion:   Dev-Blueprints (B0D832E4-1F89-4F0D-ACCF-7EB736FD4AA2): 10
LogDevObjectVersion:   Dev-Build (E1C64328-A22C-4D53-A36C-8E866417BD8C): 0
LogDevObjectVersion:   Dev-Core (375EC13C-06E4-48FB-B500-84F0262A717E): 2
LogDevObjectVersion:   Dev-Editor (E4B068ED-F494-42E9-A231-DA0B2E46BB41): 26
LogDevObjectVersion:   Dev-Framework (CFFC743F-43B0-4480-9391-14DF171D2073): 34
LogDevObjectVersion:   Dev-Mobile (B02B49B5-BB20-44E9-A304-32B752E40360): 2
LogDevObjectVersion:   Dev-Networking (A4E4105C-59A1-49B5-A7C5-40C4547EDFEE): 0
LogDevObjectVersion:   Dev-Online (39C831C9-5AE6-47DC-9A44-9C173E1C8E7C): 0
LogDevObjectVersion:   Dev-Physics (78F01B33-EBEA-4F98-B9B4-84EACCB95AA2): 0
LogDevObjectVersion:   Dev-Platform (6631380F-2D4D-43E0-8009-CF276956A95A): 0
LogDevObjectVersion:   Dev-Rendering (12F88B9F-8875-4AFC-A67C-D90C383ABD29): 27
LogDevObjectVersion:   Dev-Sequencer (7B5AE74C-D270-4C10-A958-57980B212A5A): 9
LogDevObjectVersion:   Dev-VR (D7296918-1DD6-4BDD-9DE2-64A83CC13884): 2
LogDevObjectVersion:   Dev-LoadTimes (C2A15278-BFE7-4AFE-6C17-90FF531DF755): 1
LogDevObjectVersion:   Private-Geometry (6EACA3D4-40EC-4CC1-B786-8BED09428FC5): 3
LogDevObjectVersion:   Dev-AnimPhys (29E575DD-E0A3-4627-9D10-D276232CDCEA): 17
LogDevObjectVersion:   Dev-Anim (AF43A65D-7FD3-4947-9873-3E8ED9C1BB05): 2
LogDevObjectVersion:   Dev-ReflectionCapture (6B266CEC-1EC7-4B8F-A30B-E4D90942FC07): 1
LogDevObjectVersion:   Dev-Automation (0DF73D61-A23F-47EA-B727-89E90C41499A): 1
LogDevObjectVersion:   FortniteMain (601D1886-AC64-4F84-AA16-D3DE0DEAC7D6): 17
LogDevObjectVersion:   Dev-Enterprise (9DFFBCD6-494F-0158-E221-12823C92A888): 4
LogDevObjectVersion:   Dev-Niagara (F2AED0AC-9AFE-416F-8664-AA7FFA26D6FC): 1
LogStreaming: Display: Took  0.021s to delete old logs.
LogInit: Presizing for max 8388607 objects, including 0 objects not considered by GC, pre-allocating 0 bytes for permanent pool.
LogInit: Object subsystem initialized
LogConfig: Setting CVar [[con.DebugEarlyDefault:1]]
LogConfig: Setting CVar [[r.setres:1280x720]]
[2019.02.26-08.26.42:299][  0]LogConfig: Setting CVar [[r.VSync:0]]
[2019.02.26-08.26.42:299][  0]LogConfig: Setting CVar [[r.RHICmdBypass:0]]
[2019.02.26-08.26.42:300][  0]LogConfig: Applying CVar settings from Section [/Script/Engine.RendererSettings] File [C:/Users/Ailsa/Documents/GitHub/humanStuff/MyProject3/Saved/Config/Windows/Engine.ini]
[2019.02.26-08.26.42:300][  0]LogConfig: Setting CVar [[r.GPUCrashDebugging:0]]
[2019.02.26-08.26.42:300][  0]LogConfig: Applying CVar settings from Section [/Script/Engine.RendererOverrideSettings] File [C:/Users/Ailsa/Documents/GitHub/humanStuff/MyProject3/Saved/Config/Windows/Engine.ini]
[2019.02.26-08.26.42:300][  0]LogConfig: Applying CVar settings from Section [/Script/Engine.StreamingSettings] File [C:/Users/Ailsa/Documents/GitHub/humanStuff/MyProject3/Saved/Config/Windows/Engine.ini]
[2019.02.26-08.26.42:300][  0]LogConfig: Setting CVar [[s.MinBulkDataSizeForAsyncLoading:131072]]
[2019.02.26-08.26.42:300][  0]LogConfig: Setting CVar [[s.AsyncLoadingThreadEnabled:0]]
[2019.02.26-08.26.42:300][  0]LogConfig: Setting CVar [[s.EventDrivenLoaderEnabled:1]]
[2019.02.26-08.26.42:300][  0]LogConfig: Setting CVar [[s.WarnIfTimeLimitExceeded:0]]
[2019.02.26-08.26.42:300][  0]LogConfig: Setting CVar [[s.TimeLimitExceededMultiplier:1.5]]
[2019.02.26-08.26.42:300][  0]LogConfig: Setting CVar [[s.TimeLimitExceededMinTime:0.005]]
[2019.02.26-08.26.42:300][  0]LogConfig: Setting CVar [[s.UseBackgroundLevelStreaming:1]]
[2019.02.26-08.26.42:300][  0]LogConfig: Setting CVar [[s.PriorityAsyncLoadingExtraTime:15.0]]
[2019.02.26-08.26.42:300][  0]LogConfig: Setting CVar [[s.LevelStreamingActorsUpdateTimeLimit:5.0]]
[2019.02.26-08.26.42:300][  0]LogConfig: Setting CVar [[s.PriorityLevelStreamingActorsUpdateExtraTime:5.0]]
[2019.02.26-08.26.42:300][  0]LogConfig: Setting CVar [[s.LevelStreamingComponentsRegistrationGranularity:10]]
[2019.02.26-08.26.42:300][  0]LogConfig: Setting CVar [[s.UnregisterComponentsTimeLimit:1.0]]
[2019.02.26-08.26.42:300][  0]LogConfig: Setting CVar [[s.LevelStreamingComponentsUnregistrationGranularity:5]]
[2019.02.26-08.26.42:301][  0]LogConfig: Applying CVar settings from Section [/Script/Engine.GarbageCollectionSettings] File [C:/Users/Ailsa/Documents/GitHub/humanStuff/MyProject3/Saved/Config/Windows/Engine.ini]
[2019.02.26-08.26.42:301][  0]LogConfig: Setting CVar [[gc.MaxObjectsNotConsideredByGC:1]]
[2019.02.26-08.26.42:301][  0]LogConfig: Setting CVar [[gc.SizeOfPermanentObjectPool:0]]
[2019.02.26-08.26.42:301][  0]LogConfig: Setting CVar [[gc.FlushStreamingOnGC:0]]
[2019.02.26-08.26.42:301][  0]LogConfig: Setting CVar [[gc.NumRetriesBeforeForcingGC:10]]
[2019.02.26-08.26.42:301][  0]LogConfig: Setting CVar [[gc.AllowParallelGC:1]]
[2019.02.26-08.26.42:301][  0]LogConfig: Setting CVar [[gc.TimeBetweenPurgingPendingKillObjects:61.1]]
[2019.02.26-08.26.42:301][  0]LogConfig: Setting CVar [[gc.MaxObjectsInEditor:8388607]]
[2019.02.26-08.26.42:301][  0]LogConfig: Setting CVar [[gc.IncrementalBeginDestroyEnabled:1]]
[2019.02.26-08.26.42:301][  0]LogConfig: Setting CVar [[gc.CreateGCClusters:1]]
[2019.02.26-08.26.42:301][  0]LogConfig: Setting CVar [[gc.MergeGCClusters:0]]
[2019.02.26-08.26.42:301][  0]LogConfig: Setting CVar [[gc.MinGCClusterSize:5]]
[2019.02.26-08.26.42:301][  0]LogConfig: Setting CVar [[gc.ActorClusteringEnabled:0]]
[2019.02.26-08.26.42:301][  0]LogConfig: Setting CVar [[gc.BlueprintClusteringEnabled:0]]
[2019.02.26-08.26.42:301][  0]LogConfig: Setting CVar [[gc.UseDisregardForGCOnDedicatedServers:0]]
[2019.02.26-08.26.42:301][  0]LogConfig: Applying CVar settings from Section [/Script/Engine.NetworkSettings] File [C:/Users/Ailsa/Documents/GitHub/humanStuff/MyProject3/Saved/Config/Windows/Engine.ini]
[2019.02.26-08.26.42:301][  0]LogConfig: Applying CVar settings from Section [/Script/UnrealEd.CookerSettings] File [C:/Users/Ailsa/Documents/GitHub/humanStuff/MyProject3/Saved/Config/Windows/Engine.ini]
[2019.02.26-08.26.42:307][  0]LogConfig: Applying CVar settings from Section [ViewDistanceQuality@3] File [C:/Users/Ailsa/Documents/GitHub/humanStuff/MyProject3/Saved/Config/Windows/Scalability.ini]
[2019.02.26-08.26.42:307][  0]LogConfig: Setting CVar [[r.SkeletalMeshLODBias:0]]
[2019.02.26-08.26.42:307][  0]LogConfig: Setting CVar [[r.ViewDistanceScale:1.0]]
[2019.02.26-08.26.42:307][  0]LogConfig: Applying CVar settings from Section [AntiAliasingQuality@3] File [C:/Users/Ailsa/Documents/GitHub/humanStuff/MyProject3/Saved/Config/Windows/Scalability.ini]
[2019.02.26-08.26.42:307][  0]LogConfig: Setting CVar [[r.PostProcessAAQuality:3]]
[2019.02.26-08.26.42:307][  0]LogConfig: Applying CVar settings from Section [ShadowQuality@3] File [C:/Users/Ailsa/Documents/GitHub/humanStuff/MyProject3/Saved/Config/Windows/Scalability.ini]
[2019.02.26-08.26.42:307][  0]LogConfig: Setting CVar [[r.LightFunctionQuality:1]]
[2019.02.26-08.26.42:307][  0]LogConfig: Setting CVar [[r.ShadowQuality:5]]
[2019.02.26-08.26.42:307][  0]LogConfig: Setting CVar [[r.Shadow.CSM.MaxCascades:10]]
[2019.02.26-08.26.42:307][  0]LogConfig: Setting CVar [[r.Shadow.MaxResolution:2048]]
[2019.02.26-08.26.42:307][  0]LogConfig: Setting CVar [[r.Shadow.MaxCSMResolution:2048]]
[2019.02.26-08.26.42:307][  0]LogConfig: Setting CVar [[r.Shadow.RadiusThreshold:0.01]]
[2019.02.26-08.26.42:307][  0]LogConfig: Setting CVar [[r.Shadow.DistanceScale:1.0]]
[2019.02.26-08.26.42:308][  0]LogConfig: Setting CVar [[r.Shadow.CSM.TransitionScale:1.0]]
[2019.02.26-08.26.42:308][  0]LogConfig: Setting CVar [[r.Shadow.PreShadowResolutionFactor:1.0]]
[2019.02.26-08.26.42:308][  0]LogConfig: Setting CVar [[r.DistanceFieldShadowing:1]]
[2019.02.26-08.26.42:308][  0]LogConfig: Setting CVar [[r.DistanceFieldAO:1]]
[2019.02.26-08.26.42:308][  0]LogConfig: Setting CVar [[r.AOQuality:2]]
[2019.02.26-08.26.42:308][  0]LogConfig: Setting CVar [[r.VolumetricFog:1]]
[2019.02.26-08.26.42:308][  0]LogConfig: Setting CVar [[r.VolumetricFog.GridPixelSize:8]]
[2019.02.26-08.26.42:308][  0]LogConfig: Setting CVar [[r.VolumetricFog.GridSizeZ:128]]
[2019.02.26-08.26.42:308][  0]LogConfig: Setting CVar [[r.VolumetricFog.HistoryMissSupersampleCount:4]]
[2019.02.26-08.26.42:308][  0]LogConfig: Setting CVar [[r.LightMaxDrawDistanceScale:1]]
[2019.02.26-08.26.42:308][  0]LogConfig: Setting CVar [[r.CapsuleShadows:1]]
[2019.02.26-08.26.42:308][  0]LogConfig: Applying CVar settings from Section [PostProcessQuality@3] File [C:/Users/Ailsa/Documents/GitHub/humanStuff/MyProject3/Saved/Config/Windows/Scalability.ini]
[2019.02.26-08.26.42:308][  0]LogConfig: Setting CVar [[r.MotionBlurQuality:0]]
[2019.02.26-08.26.42:308][  0]LogConfig: Setting CVar [[r.AmbientOcclusionMipLevelFactor:0.4]]
[2019.02.26-08.26.42:308][  0]LogConfig: Setting CVar [[r.AmbientOcclusionMaxQuality:100]]
[2019.02.26-08.26.42:308][  0]LogConfig: Setting CVar [[r.AmbientOcclusionLevels:0]]
[2019.02.26-08.26.42:308][  0]LogConfig: Setting CVar [[r.AmbientOcclusionRadiusScale:1.0]]
[2019.02.26-08.26.42:308][  0]LogConfig: Setting CVar [[r.DepthOfFieldQuality:0]]
[2019.02.26-08.26.42:308][  0]LogConfig: Setting CVar [[r.RenderTargetPoolMin:400]]
[2019.02.26-08.26.42:308][  0]LogConfig: Setting CVar [[r.LensFlareQuality:0]]
[2019.02.26-08.26.42:308][  0]LogConfig: Setting CVar [[r.SceneColorFringeQuality:0]]
[2019.02.26-08.26.42:308][  0]LogConfig: Setting CVar [[r.EyeAdaptationQuality:2]]
[2019.02.26-08.26.42:308][  0]LogConfig: Setting CVar [[r.BloomQuality:1]]
[2019.02.26-08.26.42:308][  0]LogConfig: Setting CVar [[r.FastBlurThreshold:0]]
[2019.02.26-08.26.42:308][  0]LogConfig: Setting CVar [[r.Upscale.Quality:3]]
[2019.02.26-08.26.42:308][  0]LogConfig: Setting CVar [[r.Tonemapper.GrainQuantization:1]]
[2019.02.26-08.26.42:308][  0]LogConfig: Setting CVar [[r.LightShaftQuality:1]]
[2019.02.26-08.26.42:308][  0]LogConfig: Setting CVar [[r.Filter.SizeScale:1]]
[2019.02.26-08.26.42:308][  0]LogConfig: Setting CVar [[r.Tonemapper.Quality:5]]
[2019.02.26-08.26.42:308][  0]LogConfig: Setting CVar [[r.DOF.Gather.AccumulatorQuality:1        ; higher gathering accumulator quality]]
[2019.02.26-08.26.42:308][  0]LogConfig: Setting CVar [[r.DOF.Gather.PostfilterMethod:1          ; Median3x3 postfilering method]]
[2019.02.26-08.26.42:308][  0]LogConfig: Setting CVar [[r.DOF.Gather.EnableBokehSettings:0       ; no bokeh simulation when gathering]]
[2019.02.26-08.26.42:308][  0]LogConfig: Setting CVar [[r.DOF.Gather.RingCount:4                 ; medium number of samples when gathering]]
[2019.02.26-08.26.42:308][  0]LogConfig: Setting CVar [[r.DOF.Scatter.ForegroundCompositing:1    ; additive foreground scattering]]
[2019.02.26-08.26.42:308][  0]LogConfig: Setting CVar [[r.DOF.Scatter.BackgroundCompositing:2    ; additive background scattering]]
[2019.02.26-08.26.42:308][  0]LogConfig: Setting CVar [[r.DOF.Scatter.EnableBokehSettings:1      ; bokeh simulation when scattering]]
[2019.02.26-08.26.42:308][  0]LogConfig: Setting CVar [[r.DOF.Scatter.MaxSpriteRatio:0.1         ; only a maximum of 10% of scattered bokeh]]
[2019.02.26-08.26.42:308][  0]LogConfig: Setting CVar [[r.DOF.Recombine.Quality:1                ; cheap slight out of focus]]
[2019.02.26-08.26.42:308][  0]LogConfig: Setting CVar [[r.DOF.Recombine.EnableBokehSettings:0    ; no bokeh simulation on slight out of focus]]
[2019.02.26-08.26.42:309][  0]LogConfig: Setting CVar [[r.DOF.TemporalAAQuality:1                ; more stable temporal accumulation]]
[2019.02.26-08.26.42:309][  0]LogConfig: Setting CVar [[r.DOF.Kernel.MaxForegroundRadius:0.025]]
[2019.02.26-08.26.42:309][  0]LogConfig: Setting CVar [[r.DOF.Kernel.MaxBackgroundRadius:0.025]]
[2019.02.26-08.26.42:309][  0]LogConfig: Applying CVar settings from Section [TextureQuality@3] File [C:/Users/Ailsa/Documents/GitHub/humanStuff/MyProject3/Saved/Config/Windows/Scalability.ini]
[2019.02.26-08.26.42:309][  0]LogConfig: Setting CVar [[r.Streaming.MipBias:0]]
[2019.02.26-08.26.42:309][  0]LogConfig: Setting CVar [[r.Streaming.AmortizeCPUToGPUCopy:0]]
[2019.02.26-08.26.42:309][  0]LogConfig: Setting CVar [[r.Streaming.MaxNumTexturesToStreamPerFrame:0]]
[2019.02.26-08.26.42:309][  0]LogConfig: Setting CVar [[r.Streaming.Boost:1]]
[2019.02.26-08.26.42:309][  0]LogConfig: Setting CVar [[r.MaxAnisotropy:8]]
[2019.02.26-08.26.42:309][  0]LogConfig: Setting CVar [[r.Streaming.LimitPoolSizeToVRAM:0]]
[2019.02.26-08.26.42:309][  0]LogConfig: Setting CVar [[r.Streaming.PoolSize:1000]]
[2019.02.26-08.26.42:309][  0]LogConfig: Setting CVar [[r.Streaming.MaxEffectiveScreenSize:0]]
[2019.02.26-08.26.42:309][  0]LogConfig: Applying CVar settings from Section [EffectsQuality@3] File [C:/Users/Ailsa/Documents/GitHub/humanStuff/MyProject3/Saved/Config/Windows/Scalability.ini]
[2019.02.26-08.26.42:309][  0]LogConfig: Setting CVar [[r.TranslucencyLightingVolumeDim:4]]
[2019.02.26-08.26.42:309][  0]LogConfig: Setting CVar [[r.RefractionQuality:2]]
[2019.02.26-08.26.42:309][  0]LogConfig: Setting CVar [[r.SSR.Quality:0]]
[2019.02.26-08.26.42:309][  0]LogConfig: Setting CVar [[r.SceneColorFormat:2]]
[2019.02.26-08.26.42:309][  0]LogConfig: Setting CVar [[r.DetailMode:2]]
[2019.02.26-08.26.42:309][  0]LogConfig: Setting CVar [[r.TranslucencyVolumeBlur:0]]
[2019.02.26-08.26.42:309][  0]LogConfig: Setting CVar [[r.MaterialQualityLevel:1 ; High quality]]
[2019.02.26-08.26.42:309][  0]LogConfig: Setting CVar [[r.SSS.Scale:1]]
[2019.02.26-08.26.42:309][  0]LogConfig: Setting CVar [[r.SSS.SampleSet:2]]
[2019.02.26-08.26.42:309][  0]LogConfig: Setting CVar [[r.SSS.Quality:1]]
[2019.02.26-08.26.42:309][  0]LogConfig: Setting CVar [[r.SSS.HalfRes:1]]
[2019.02.26-08.26.42:309][  0]LogConfig: Setting CVar [[r.EmitterSpawnRateScale:1.0]]
[2019.02.26-08.26.42:309][  0]LogConfig: Setting CVar [[r.ParticleLightQuality:2]]
[2019.02.26-08.26.42:309][  0]LogConfig: Applying CVar settings from Section [FoliageQuality@3] File [C:/Users/Ailsa/Documents/GitHub/humanStuff/MyProject3/Saved/Config/Windows/Scalability.ini]
[2019.02.26-08.26.42:309][  0]LogConfig: Setting CVar [[foliage.DensityScale:1.0]]
[2019.02.26-08.26.42:309][  0]LogConfig: Setting CVar [[grass.DensityScale:1.0]]
[2019.02.26-08.26.42:309][  0]LogInit: Selected Device Profile: [Windows]
[2019.02.26-08.26.42:309][  0]LogInit: Applying CVar settings loaded from the selected device profile: [Windows]
[2019.02.26-08.26.42:344][  0]LogHAL: Display: Platform has ~ 16 GB [17087881216 / 17179869184 / 16], which maps to Larger [LargestMinGB=32, LargerMinGB=12, DefaultMinGB=8, SmallerMinGB=6, SmallestMinGB=0)
[2019.02.26-08.26.42:344][  0]LogConfig: Setting CVar [[r.Vulkan.UseRealUBs:1]]
[2019.02.26-08.26.42:344][  0]LogInit: Going up to parent DeviceProfile []
[2019.02.26-08.26.42:344][  0]LogConfig: Applying CVar settings from Section [ViewDistanceQuality@3] File [C:/Users/Ailsa/Documents/GitHub/humanStuff/MyProject3/Saved/Config/Windows/Scalability.ini]
[2019.02.26-08.26.42:344][  0]LogConfig: Setting CVar [[r.SkeletalMeshLODBias:0]]
[2019.02.26-08.26.42:344][  0]LogConfig: Setting CVar [[r.ViewDistanceScale:1.0]]
[2019.02.26-08.26.42:344][  0]LogConfig: Applying CVar settings from Section [AntiAliasingQuality@3] File [C:/Users/Ailsa/Documents/GitHub/humanStuff/MyProject3/Saved/Config/Windows/Scalability.ini]
[2019.02.26-08.26.42:344][  0]LogConfig: Setting CVar [[r.PostProcessAAQuality:3]]
[2019.02.26-08.26.42:344][  0]LogConfig: Applying CVar settings from Section [ShadowQuality@3] File [C:/Users/Ailsa/Documents/GitHub/humanStuff/MyProject3/Saved/Config/Windows/Scalability.ini]
[2019.02.26-08.26.42:344][  0]LogConfig: Setting CVar [[r.LightFunctionQuality:1]]
[2019.02.26-08.26.42:344][  0]LogConfig: Setting CVar [[r.ShadowQuality:5]]
[2019.02.26-08.26.42:344][  0]LogConfig: Setting CVar [[r.Shadow.CSM.MaxCascades:10]]
[2019.02.26-08.26.42:344][  0]LogConfig: Setting CVar [[r.Shadow.MaxResolution:2048]]
[2019.02.26-08.26.42:344][  0]LogConfig: Setting CVar [[r.Shadow.MaxCSMResolution:2048]]
[2019.02.26-08.26.42:344][  0]LogConfig: Setting CVar [[r.Shadow.RadiusThreshold:0.01]]
[2019.02.26-08.26.42:344][  0]LogConfig: Setting CVar [[r.Shadow.DistanceScale:1.0]]
[2019.02.26-08.26.42:344][  0]LogConfig: Setting CVar [[r.Shadow.CSM.TransitionScale:1.0]]
[2019.02.26-08.26.42:344][  0]LogConfig: Setting CVar [[r.Shadow.PreShadowResolutionFactor:1.0]]
[2019.02.26-08.26.42:344][  0]LogConfig: Setting CVar [[r.DistanceFieldShadowing:1]]
[2019.02.26-08.26.42:344][  0]LogConfig: Setting CVar [[r.DistanceFieldAO:1]]
[2019.02.26-08.26.42:344][  0]LogConfig: Setting CVar [[r.AOQuality:2]]
[2019.02.26-08.26.42:344][  0]LogConfig: Setting CVar [[r.VolumetricFog:1]]
[2019.02.26-08.26.42:344][  0]LogConfig: Setting CVar [[r.VolumetricFog.GridPixelSize:8]]
[2019.02.26-08.26.42:344][  0]LogConfig: Setting CVar [[r.VolumetricFog.GridSizeZ:128]]
[2019.02.26-08.26.42:344][  0]LogConfig: Setting CVar [[r.VolumetricFog.HistoryMissSupersampleCount:4]]
[2019.02.26-08.26.42:344][  0]LogConfig: Setting CVar [[r.LightMaxDrawDistanceScale:1]]
[2019.02.26-08.26.42:345][  0]LogConfig: Setting CVar [[r.CapsuleShadows:1]]
[2019.02.26-08.26.42:345][  0]LogConfig: Applying CVar settings from Section [PostProcessQuality@3] File [C:/Users/Ailsa/Documents/GitHub/humanStuff/MyProject3/Saved/Config/Windows/Scalability.ini]
[2019.02.26-08.26.42:345][  0]LogConfig: Setting CVar [[r.MotionBlurQuality:0]]
[2019.02.26-08.26.42:345][  0]LogConfig: Setting CVar [[r.AmbientOcclusionMipLevelFactor:0.4]]
[2019.02.26-08.26.42:345][  0]LogConfig: Setting CVar [[r.AmbientOcclusionMaxQuality:100]]
[2019.02.26-08.26.42:345][  0]LogConfig: Setting CVar [[r.AmbientOcclusionLevels:0]]
[2019.02.26-08.26.42:345][  0]LogConfig: Setting CVar [[r.AmbientOcclusionRadiusScale:1.0]]
[2019.02.26-08.26.42:345][  0]LogConfig: Setting CVar [[r.DepthOfFieldQuality:0]]
[2019.02.26-08.26.42:345][  0]LogConfig: Setting CVar [[r.RenderTargetPoolMin:400]]
[2019.02.26-08.26.42:345][  0]LogConfig: Setting CVar [[r.LensFlareQuality:0]]
[2019.02.26-08.26.42:345][  0]LogConfig: Setting CVar [[r.SceneColorFringeQuality:0]]
[2019.02.26-08.26.42:345][  0]LogConfig: Setting CVar [[r.EyeAdaptationQuality:2]]
[2019.02.26-08.26.42:345][  0]LogConfig: Setting CVar [[r.BloomQuality:1]]
[2019.02.26-08.26.42:345][  0]LogConfig: Setting CVar [[r.FastBlurThreshold:0]]
[2019.02.26-08.26.42:345][  0]LogConfig: Setting CVar [[r.Upscale.Quality:3]]
[2019.02.26-08.26.42:345][  0]LogConfig: Setting CVar [[r.Tonemapper.GrainQuantization:1]]
[2019.02.26-08.26.42:345][  0]LogConfig: Setting CVar [[r.LightShaftQuality:1]]
[2019.02.26-08.26.42:345][  0]LogConfig: Setting CVar [[r.Filter.SizeScale:1]]
[2019.02.26-08.26.42:345][  0]LogConfig: Setting CVar [[r.Tonemapper.Quality:5]]
[2019.02.26-08.26.42:345][  0]LogConfig: Setting CVar [[r.DOF.Gather.AccumulatorQuality:1        ; higher gathering accumulator quality]]
[2019.02.26-08.26.42:345][  0]LogConfig: Setting CVar [[r.DOF.Gather.PostfilterMethod:1          ; Median3x3 postfilering method]]
[2019.02.26-08.26.42:345][  0]LogConfig: Setting CVar [[r.DOF.Gather.EnableBokehSettings:0       ; no bokeh simulation when gathering]]
[2019.02.26-08.26.42:345][  0]LogConfig: Setting CVar [[r.DOF.Gather.RingCount:4                 ; medium number of samples when gathering]]
[2019.02.26-08.26.42:345][  0]LogConfig: Setting CVar [[r.DOF.Scatter.ForegroundCompositing:1    ; additive foreground scattering]]
[2019.02.26-08.26.42:345][  0]LogConfig: Setting CVar [[r.DOF.Scatter.BackgroundCompositing:2    ; additive background scattering]]
[2019.02.26-08.26.42:345][  0]LogConfig: Setting CVar [[r.DOF.Scatter.EnableBokehSettings:1      ; bokeh simulation when scattering]]
[2019.02.26-08.26.42:345][  0]LogConfig: Setting CVar [[r.DOF.Scatter.MaxSpriteRatio:0.1         ; only a maximum of 10% of scattered bokeh]]
[2019.02.26-08.26.42:345][  0]LogConfig: Setting CVar [[r.DOF.Recombine.Quality:1                ; cheap slight out of focus]]
[2019.02.26-08.26.42:345][  0]LogConfig: Setting CVar [[r.DOF.Recombine.EnableBokehSettings:0    ; no bokeh simulation on slight out of focus]]
[2019.02.26-08.26.42:345][  0]LogConfig: Setting CVar [[r.DOF.TemporalAAQuality:1                ; more stable temporal accumulation]]
[2019.02.26-08.26.42:345][  0]LogConfig: Setting CVar [[r.DOF.Kernel.MaxForegroundRadius:0.025]]
[2019.02.26-08.26.42:345][  0]LogConfig: Setting CVar [[r.DOF.Kernel.MaxBackgroundRadius:0.025]]
[2019.02.26-08.26.42:345][  0]LogConfig: Applying CVar settings from Section [TextureQuality@3] File [C:/Users/Ailsa/Documents/GitHub/humanStuff/MyProject3/Saved/Config/Windows/Scalability.ini]
[2019.02.26-08.26.42:346][  0]LogConfig: Setting CVar [[r.Streaming.MipBias:0]]
[2019.02.26-08.26.42:346][  0]LogConfig: Setting CVar [[r.Streaming.AmortizeCPUToGPUCopy:0]]
[2019.02.26-08.26.42:346][  0]LogConfig: Setting CVar [[r.Streaming.MaxNumTexturesToStreamPerFrame:0]]
[2019.02.26-08.26.42:346][  0]LogConfig: Setting CVar [[r.Streaming.Boost:1]]
[2019.02.26-08.26.42:346][  0]LogConfig: Setting CVar [[r.MaxAnisotropy:8]]
[2019.02.26-08.26.42:346][  0]LogConfig: Setting CVar [[r.Streaming.LimitPoolSizeToVRAM:0]]
[2019.02.26-08.26.42:346][  0]LogConfig: Setting CVar [[r.Streaming.PoolSize:1000]]
[2019.02.26-08.26.42:346][  0]LogConfig: Setting CVar [[r.Streaming.MaxEffectiveScreenSize:0]]
[2019.02.26-08.26.42:346][  0]LogConfig: Applying CVar settings from Section [EffectsQuality@3] File [C:/Users/Ailsa/Documents/GitHub/humanStuff/MyProject3/Saved/Config/Windows/Scalability.ini]
[2019.02.26-08.26.42:346][  0]LogConfig: Setting CVar [[r.TranslucencyLightingVolumeDim:4]]
[2019.02.26-08.26.42:346][  0]LogConfig: Setting CVar [[r.RefractionQuality:2]]
[2019.02.26-08.26.42:346][  0]LogConfig: Setting CVar [[r.SSR.Quality:0]]
[2019.02.26-08.26.42:346][  0]LogConfig: Setting CVar [[r.SceneColorFormat:2]]
[2019.02.26-08.26.42:346][  0]LogConfig: Setting CVar [[r.DetailMode:2]]
[2019.02.26-08.26.42:346][  0]LogConfig: Setting CVar [[r.TranslucencyVolumeBlur:0]]
[2019.02.26-08.26.42:346][  0]LogConfig: Setting CVar [[r.MaterialQualityLevel:1 ; High quality]]
[2019.02.26-08.26.42:346][  0]LogConfig: Setting CVar [[r.SSS.Scale:1]]
[2019.02.26-08.26.42:346][  0]LogConfig: Setting CVar [[r.SSS.SampleSet:2]]
[2019.02.26-08.26.42:346][  0]LogConfig: Setting CVar [[r.SSS.Quality:1]]
[2019.02.26-08.26.42:346][  0]LogConfig: Setting CVar [[r.SSS.HalfRes:1]]
[2019.02.26-08.26.42:346][  0]LogConfig: Setting CVar [[r.EmitterSpawnRateScale:1.0]]
[2019.02.26-08.26.42:346][  0]LogConfig: Setting CVar [[r.ParticleLightQuality:2]]
[2019.02.26-08.26.42:346][  0]LogConfig: Applying CVar settings from Section [FoliageQuality@3] File [C:/Users/Ailsa/Documents/GitHub/humanStuff/MyProject3/Saved/Config/Windows/Scalability.ini]
[2019.02.26-08.26.42:346][  0]LogConfig: Setting CVar [[foliage.DensityScale:1.0]]
[2019.02.26-08.26.42:346][  0]LogConfig: Setting CVar [[grass.DensityScale:1.0]]
[2019.02.26-08.26.42:346][  0]LogConfig: Applying CVar settings from Section [Startup] File [../../../Engine/Config/ConsoleVariables.ini]
[2019.02.26-08.26.42:355][  0]LogConfig: Setting CVar [[net.UseAdaptiveNetUpdateFrequency:0]]
[2019.02.26-08.26.42:355][  0]LogConfig: Applying CVar settings from Section [ConsoleVariables] File [C:/Users/Ailsa/Documents/GitHub/humanStuff/MyProject3/Saved/Config/Windows/Engine.ini]
[2019.02.26-08.26.42:355][  0]LogInit: Computer: LANCE
[2019.02.26-08.26.42:355][  0]LogInit: User: Ailsa
[2019.02.26-08.26.42:355][  0]LogInit: CPU Page size=4096, Cores=2
[2019.02.26-08.26.42:355][  0]LogInit: High frequency timer resolution =2.825503 MHz
[2019.02.26-08.26.42:356][  0]LogMemory: Memory total: Physical=15.9GB (16GB approx)
[2019.02.26-08.26.42:356][  0]LogMemory: Platform Memory Stats for Windows
[2019.02.26-08.26.42:356][  0]LogMemory: Process Physical Memory: 104.48 MB used, 104.48 MB peak
[2019.02.26-08.26.42:356][  0]LogMemory: Process Virtual Memory: 102.64 MB used, 102.64 MB peak
[2019.02.26-08.26.42:356][  0]LogMemory: Physical Memory: 5683.69 MB used,  10612.59 MB free, 16296.27 MB total
[2019.02.26-08.26.42:356][  0]LogMemory: Virtual Memory: 4646.99 MB used,  134213080.00 MB free, 134217728.00 MB total
[2019.02.26-08.26.43:256][  0]LogInit: Using OS detected language (en-US).
[2019.02.26-08.26.43:256][  0]LogInit: Using OS detected locale (en-US).
[2019.02.26-08.26.43:258][  0]LogTextLocalizationManager: No specific localization for 'en-US' exists, so the 'en' localization will be used.
[2019.02.26-08.26.44:107][  0]LogStreaming: Display: Took  0.849s to InitEngineTextLocalization.
[2019.02.26-08.26.44:107][  0]LogInit: Setting process to per monitor DPI aware
[2019.02.26-08.26.44:205][  0]LogSlate: New Slate User Created.  User Index 0, Is Virtual User: 0
[2019.02.26-08.26.44:205][  0]LogSlate: Slate User Registered.  User Index 0, Is Virtual User: 0
[2019.02.26-08.26.49:146][  0]LogHMD: Failed to initialize OpenVR with code 105
[2019.02.26-08.26.49:146][  0]LogD3D11RHI: D3D11 adapters:
[2019.02.26-08.26.49:244][  0]LogD3D11RHI:    0. 'NVIDIA GeForce GTX 960M' (Feature Level 11_0)
[2019.02.26-08.26.49:244][  0]LogD3D11RHI:       4064/0/8148 MB DedicatedVideo/DedicatedSystem/SharedSystem, Outputs:1, VendorId:0x10de
[2019.02.26-08.26.49:255][  0]LogD3D11RHI:    1. 'Intel(R) HD Graphics 4600' (Feature Level 11_0)
[2019.02.26-08.26.49:255][  0]LogD3D11RHI:       112/0/2048 MB DedicatedVideo/DedicatedSystem/SharedSystem, Outputs:0, VendorId:0x8086
[2019.02.26-08.26.49:261][  0]LogD3D11RHI:    2. 'Microsoft Basic Render Driver' (Feature Level 11_0)
[2019.02.26-08.26.49:261][  0]LogD3D11RHI:       0/0/8148 MB DedicatedVideo/DedicatedSystem/SharedSystem, Outputs:0, VendorId:0x1414
[2019.02.26-08.26.49:261][  0]LogD3D11RHI: Chosen D3D11 Adapter: 0
[2019.02.26-08.26.49:320][  0]LogD3D11RHI: Creating new Direct3DDevice
[2019.02.26-08.26.49:320][  0]LogD3D11RHI:     GPU DeviceId: 0x139b (for the marketing name, search the web for "GPU Device Id")
[2019.02.26-08.26.49:320][  0]LogWindows: EnumDisplayDevices:
[2019.02.26-08.26.49:321][  0]LogWindows:    0. 'Intel(R) HD Graphics 4600' (P:1 D:1)
[2019.02.26-08.26.49:322][  0]LogWindows:    1. 'Intel(R) HD Graphics 4600' (P:0 D:0)
[2019.02.26-08.26.49:323][  0]LogWindows:    2. 'Intel(R) HD Graphics 4600' (P:0 D:0)
[2019.02.26-08.26.49:324][  0]LogWindows: DebugString: PrimaryIsNotTheChoosenAdapter PrimaryIsNotTheChoosenAdapter PrimaryIsNotTheChoosenAdapter FoundDriverCount:0 
[2019.02.26-08.26.49:324][  0]LogD3D11RHI:     Adapter Name: NVIDIA GeForce GTX 960M
[2019.02.26-08.26.49:324][  0]LogD3D11RHI:   Driver Version: Unknown (internal:Unknown, unified:Unknown)
[2019.02.26-08.26.49:324][  0]LogD3D11RHI:      Driver Date: Unknown
[2019.02.26-08.26.49:324][  0]LogRHI: Texture pool is 2845 MB (70% of 4064 MB)
[2019.02.26-08.26.49:360][  0]LogD3D11RHI: Async texture creation enabled
[2019.02.26-08.26.49:383][  0]LogD3D11RHI: GPU Timing Frequency: 1000.000000 (Debug: 2 1)
[2019.02.26-08.26.50:648][  0]LogTemp: Display: Loaded TP AllDesktopTargetPlatform
[2019.02.26-08.26.50:669][  0]LogTemp: Display: Loaded TP MacClientTargetPlatform
[2019.02.26-08.26.50:690][  0]LogTemp: Display: Loaded TP MacNoEditorTargetPlatform
[2019.02.26-08.26.50:711][  0]LogTemp: Display: Loaded TP MacServerTargetPlatform
[2019.02.26-08.26.50:741][  0]LogTemp: Display: Loaded TP MacTargetPlatform
[2019.02.26-08.26.50:761][  0]LogTemp: Display: Loaded TP WindowsClientTargetPlatform
[2019.02.26-08.26.50:780][  0]LogTemp: Display: Loaded TP WindowsNoEditorTargetPlatform
[2019.02.26-08.26.50:800][  0]LogTemp: Display: Loaded TP WindowsServerTargetPlatform
[2019.02.26-08.26.50:811][  0]LogTemp: Display: Loaded TP WindowsTargetPlatform
[2019.02.26-08.26.50:956][  0]LogTemp: Display: Loaded TP AndroidTargetPlatform
[2019.02.26-08.26.50:956][  0]LogTemp: Display: Loaded TP AndroidTargetPlatform
[2019.02.26-08.26.50:956][  0]LogTemp: Display: Loaded TP AndroidTargetPlatform
[2019.02.26-08.26.50:956][  0]LogTemp: Display: Loaded TP AndroidTargetPlatform
[2019.02.26-08.26.50:956][  0]LogTemp: Display: Loaded TP AndroidTargetPlatform
[2019.02.26-08.26.50:956][  0]LogTemp: Display: Loaded TP AndroidTargetPlatform
[2019.02.26-08.26.50:956][  0]LogTemp: Display: Loaded TP AndroidTargetPlatform
[2019.02.26-08.26.50:956][  0]LogTemp: Display: Loaded TP AndroidTargetPlatform
[2019.02.26-08.26.50:956][  0]LogTemp: Display: Loaded TP AndroidTargetPlatform
[2019.02.26-08.26.50:956][  0]LogTemp: Display: Loaded TP AndroidTargetPlatform
[2019.02.26-08.26.50:956][  0]LogTemp: Display: Loaded TP AndroidTargetPlatform
[2019.02.26-08.26.50:956][  0]LogTemp: Display: Loaded TP AndroidTargetPlatform
[2019.02.26-08.26.50:956][  0]LogTemp: Display: Loaded TP AndroidTargetPlatform
[2019.02.26-08.26.50:956][  0]LogTemp: Display: Loaded TP AndroidTargetPlatform
[2019.02.26-08.26.50:957][  0]LogTemp: Display: Loaded TP AndroidTargetPlatform
[2019.02.26-08.26.50:957][  0]LogTemp: Display: Loaded TP AndroidTargetPlatform
[2019.02.26-08.26.50:957][  0]LogTemp: Display: Loaded TP AndroidTargetPlatform
[2019.02.26-08.26.50:957][  0]LogTemp: Display: Loaded TP AndroidTargetPlatform
[2019.02.26-08.26.50:960][  0]LogTemp: Display: Loaded TP HTML5TargetPlatform
[2019.02.26-08.26.51:060][  0]LogTemp: Display: Loaded TP IOSTargetPlatform
[2019.02.26-08.26.51:060][  0]LogTemp: Display: Loaded TP IOSTargetPlatform
[2019.02.26-08.26.51:100][  0]LogTemp: Display: Loaded TP TVOSTargetPlatform
[2019.02.26-08.26.51:100][  0]LogTemp: Display: Loaded TP TVOSTargetPlatform
[2019.02.26-08.26.51:123][  0]LogTemp: Display: Loaded TP LinuxClientTargetPlatform
[2019.02.26-08.26.51:149][  0]LogTemp: Display: Loaded TP LinuxNoEditorTargetPlatform
[2019.02.26-08.26.51:174][  0]LogTemp: Display: Loaded TP LinuxServerTargetPlatform
[2019.02.26-08.26.51:214][  0]LogTemp: Display: Loaded TP LinuxTargetPlatform
[2019.02.26-08.26.51:300][  0]LogTemp: Display: Loaded TP LuminTargetPlatform
[2019.02.26-08.26.51:301][  0]LogTemp: Display: Loaded TP LuminTargetPlatform
[2019.02.26-08.26.51:301][  0]LogTargetPlatformManager: Display: Building Assets For Windows
[2019.02.26-08.26.51:433][  0]LogShaderCompilers: Guid format shader working directory is -8 characters bigger than the processId version (C:/Users/Ailsa/Documents/GitHub/humanStuff/MyProject3/Intermediate/Shaders/WorkingDirectory/43552/).
[2019.02.26-08.26.51:433][  0]LogShaderCompilers: Cleaned the shader compiler working directory 'C:/Users/Ailsa/AppData/Local/Temp/UnrealShaderWorkingDir/83301108421B587B56E1B5B26DCBE4DF/'.
[2019.02.26-08.26.51:436][  0]LogXGEController: Cleaning working directory: C:/Users/Ailsa/AppData/Local/Temp/UnrealXGEWorkingDir/
[2019.02.26-08.26.51:436][  0]LogXGEController: Cannot use XGE Controller as Incredibuild is not installed on this machine.
[2019.02.26-08.26.51:436][  0]LogShaderCompilers: Cannot use XGE Shader Compiler as Incredibuild is not installed on this machine.
[2019.02.26-08.26.51:436][  0]LogShaderCompilers: Display: Using Local Shader Compiler.
[2019.02.26-08.26.54:310][  0]LogDerivedDataCache: Display: Max Cache Size: 512 MB
[2019.02.26-08.26.54:727][  0]LogDerivedDataCache: Loaded boot cache 0.41s 71MB C:/Users/Ailsa/AppData/Local/UnrealEngine/4.21/DerivedDataCache/Boot.ddc.
[2019.02.26-08.26.54:728][  0]LogDerivedDataCache: Display: Loaded Boot cache: C:/Users/Ailsa/AppData/Local/UnrealEngine/4.21/DerivedDataCache/Boot.ddc
[2019.02.26-08.26.54:728][  0]LogDerivedDataCache: FDerivedDataBackendGraph:  Pak pak cache file C:/Users/Ailsa/Documents/GitHub/humanStuff/MyProject3/DerivedDataCache/DDC.ddp not found, will not use a pak cache.
[2019.02.26-08.26.54:728][  0]LogDerivedDataCache: Unable to find inner node Pak for hierarchical cache Hierarchy.
[2019.02.26-08.26.54:728][  0]LogDerivedDataCache: FDerivedDataBackendGraph:  CompressedPak pak cache file C:/Users/Ailsa/Documents/GitHub/humanStuff/MyProject3/DerivedDataCache/Compressed.ddp not found, will not use a pak cache.
[2019.02.26-08.26.54:728][  0]LogDerivedDataCache: Unable to find inner node CompressedPak for hierarchical cache Hierarchy.
[2019.02.26-08.26.54:751][  0]LogDerivedDataCache: Display: Pak cache opened for reading ../../../Engine/DerivedDataCache/Compressed.ddp.
[2019.02.26-08.26.54:751][  0]LogDerivedDataCache: FDerivedDataBackendGraph:  EnterprisePak pak cache file ../../../Enterprise/DerivedDataCache/Compressed.ddp not found, will not use a pak cache.
[2019.02.26-08.26.54:751][  0]LogDerivedDataCache: Unable to find inner node EnterprisePak for hierarchical cache Hierarchy.
[2019.02.26-08.26.54:764][  0]LogDerivedDataCache: Using Local data cache path C:/Users/Ailsa/AppData/Local/UnrealEngine/Common/DerivedDataCache: Writable
[2019.02.26-08.26.54:764][  0]LogDerivedDataCache: Shared data cache path not found in *engine.ini, will not use an Shared cache.
[2019.02.26-08.26.54:764][  0]LogDerivedDataCache: Unable to find inner node Shared for hierarchical cache Hierarchy.
[2019.02.26-08.26.54:810][  0]LogMaterial: Verifying Global Shaders for PCD3D_SM5
[2019.02.26-08.26.54:813][  0]LogSlate: Using FreeType 2.6.0
[2019.02.26-08.26.54:845][  0]LogSlate: SlateFontServices - WITH_FREETYPE: 1, WITH_HARFBUZZ: 1
[2019.02.26-08.26.55:344][  0]LogAssetRegistry: FAssetRegistry took 0.0413 seconds to start up
[2019.02.26-08.26.56:013][  0]LogInit: Selected Device Profile: [Windows]
[2019.02.26-08.26.56:428][  0]LogSimplygon: Simplygon DLL not present - disabling.
[2019.02.26-08.26.56:445][  0]LogMeshReduction: Using SimplygonSwarm for distributed automatic mesh merging
[2019.02.26-08.26.56:446][  0]LogMeshReduction: Using ProxyLODMeshReduction for automatic mesh merging
[2019.02.26-08.26.56:446][  0]LogMeshReduction: Using QuadricMeshReduction for automatic static mesh reduction
[2019.02.26-08.26.56:446][  0]LogMeshReduction: No automatic skeletal mesh reduction module available
[2019.02.26-08.26.56:512][  0]LogNetVersion: HumanStuff 1.0.0, NetCL: 4541578, EngineNetVer: 5, GameNetVer: 0 (Checksum: 1645013271)
[2019.02.26-08.26.58:317][  0]LogPackageLocalizationCache: Processed 11 localized package path(s) for 2 prioritized culture(s) in 0.151498 seconds
[2019.02.26-08.26.58:326][  0]LogUObjectArray: 39775 objects as part of root set at end of initial load.
[2019.02.26-08.26.58:327][  0]LogUObjectAllocator: 6914656 out of 0 bytes used by permanent object pool.
[2019.02.26-08.26.58:327][  0]LogUObjectArray: CloseDisregardForGC: 0/0 objects in disregard for GC pool
[2019.02.26-08.27.03:749][  0]LogTcpMessaging: Initializing TcpMessaging bridge
[2019.02.26-08.27.03:764][  0]LogUdpMessaging: Initializing bridge on interface 0.0.0.0:0 to multicast group 230.0.0.1:6666.
[2019.02.26-08.27.05:115][  0]SourceControl: Source control is disabled
[2019.02.26-08.27.05:115][  0]SourceControl: Source control is disabled
[2019.02.26-08.27.05:124][  0]SourceControl: Source control is disabled
[2019.02.26-08.27.05:127][  0]SourceControl: Source control is disabled
[2019.02.26-08.27.05:434][  0]LogAndroidPermission: UAndroidPermissionCallbackProxy::GetInstance
[2019.02.26-08.27.05:614][  0]LogOcInput: OculusInput pre-init called
[2019.02.26-08.27.05:825][  0]LogEngine: Initializing Engine...
[2019.02.26-08.27.05:834][  0]LogHMD: Failed to initialize OpenVR with code 105
[2019.02.26-08.27.05:836][  0]LogStats: UGameplayTagsManager::ConstructGameplayTagTree: ImportINI prefixes -  0.000 s
[2019.02.26-08.27.05:836][  0]LogStats: UGameplayTagsManager::ConstructGameplayTagTree: Construct from data asset -  0.000 s
[2019.02.26-08.27.05:837][  0]LogStats: UGameplayTagsManager::ConstructGameplayTagTree: ImportINI -  0.000 s
[2019.02.26-08.27.05:837][  0]LogStats: UGameplayTagsManager::ConstructGameplayTagTree: GameplayTagTreeChangedEvent.Broadcast -  0.000 s
[2019.02.26-08.27.06:402][  0]LogInit: Initializing FReadOnlyCVARCache
[2019.02.26-08.27.06:424][  0]LogAIModule: Creating AISystem for world Untitled
[2019.02.26-08.27.06:461][  0]LogInit: XAudio2 using 'Speakers (Realtek High Definition Audio)' : 2 channels at 48 kHz using 32 bits per sample (channel mask 0x3)
[2019.02.26-08.27.06:512][  0]LogInit: FAudioDevice initialized.
[2019.02.26-08.27.06:512][  0]LogNetVersion: Set ProjectVersion to 1.0.0.0. Version Checksum will be recalculated on next use.
[2019.02.26-08.27.06:718][  0]LogDerivedDataCache: Saved boot cache 0.21s 71MB C:/Users/Ailsa/AppData/Local/UnrealEngine/4.21/DerivedDataCache/Boot.ddc.
[2019.02.26-08.27.06:741][  0]LogInit: Texture streaming: Enabled
[2019.02.26-08.27.06:773][  0]LogEngineSessionManager: EngineSessionManager initialized
[2019.02.26-08.27.06:773][  0]LogEngineSessionManager: EngineSessionManager sent abnormal shutdown report. Type=AbnormalShutdown, SessionId={E8EF372F-4DC4-136F-554F-5382F14F5136}
[2019.02.26-08.27.06:806][  0]LogInit: Transaction tracking system initialized
[2019.02.26-08.27.06:853][  0]BlueprintLog: New page: Editor Load
[2019.02.26-08.27.07:056][  0]LocalizationService: Localization service is disabled
[2019.02.26-08.27.08:271][  0]LogFileCache: Scanning file cache for directory 'C:/Users/Ailsa/Documents/GitHub/humanStuff/MyProject3/Content/' took 0.04s
[2019.02.26-08.27.08:272][  0]LogCook: Display: Max memory allowance for cook 16384mb min free memory 0mb
[2019.02.26-08.27.08:272][  0]LogCook: Display: Mobile HDR setting 1
[2019.02.26-08.27.08:272][  0]LogGameplayTags: Display: UGameplayTagsManager::DoneAddingNativeTags. DelegateIsBound: 0
[2019.02.26-08.27.08:272][  0]LogStats: UGameplayTagsManager::ConstructGameplayTagTree: ImportINI prefixes -  0.000 s
[2019.02.26-08.27.08:272][  0]LogStats: UGameplayTagsManager::ConstructGameplayTagTree: Construct from data asset -  0.000 s
[2019.02.26-08.27.08:272][  0]LogStats: UGameplayTagsManager::ConstructGameplayTagTree: ImportINI -  0.000 s
[2019.02.26-08.27.08:272][  0]LogStats: UGameplayTagsManager::ConstructGameplayTagTree: GameplayTagTreeChangedEvent.Broadcast -  0.000 s
[2019.02.26-08.27.08:686][  0]SourceControl: Source control is disabled
[2019.02.26-08.27.08:796][  0]LogSlate: Took 0.007427 seconds to synchronously load lazily loaded font '../../../Engine/Content/Slate/Fonts/Roboto-Regular.ttf' (155K)
[2019.02.26-08.27.14:553][  0]LogSlate: Window 'Restore Packages' being destroyed
[2019.02.26-08.27.14:554][  0]LogWindowsTextInputMethodSystem: Display: IME system now deactivated.
[2019.02.26-08.27.14:575][  0]LogWindowsTextInputMethodSystem: Display: IME system now deactivated.
[2019.02.26-08.27.16:248][  0]LogSlate: Window 'Unable to Check Out From Source Control!' being destroyed
[2019.02.26-08.27.16:248][  0]LogWindowsTextInputMethodSystem: Display: IME system now deactivated.
[2019.02.26-08.27.16:354][  0]LogWindowsTextInputMethodSystem: Display: IME system now deactivated.
[2019.02.26-08.27.16:357][  0]Cmd: MAP LOAD FILE="C:/Users/Ailsa/Documents/GitHub/humanStuff/MyProject3/Content/StarterContent/Maps/Minimal_Default_2.umap" TEMPLATE=0 SHOWPROGRESS=1 FEATURELEVEL=3
[2019.02.26-08.27.16:358][  0]LightingResults: New page: Lighting Build
[2019.02.26-08.27.16:363][  0]MapCheck: New page: Map Check
[2019.02.26-08.27.16:363][  0]LightingResults: New page: Lighting Build
[2019.02.26-08.27.22:093][  0]LoadErrors: Warning: hs_concreteBumper Min LOD value of 1 is out of range 0..0 and has been adjusted to 0. Please verify and resave the asset.
[2019.02.26-08.27.22:117][  0]LoadErrors: Warning: hs_groundPlane Min LOD value of 1 is out of range 0..0 and has been adjusted to 0. Please verify and resave the asset.
[2019.02.26-08.27.22:168][  0]LoadErrors: Warning: hs_lampTree Min LOD value of 1 is out of range 0..0 and has been adjusted to 0. Please verify and resave the asset.
[2019.02.26-08.27.22:221][  0]LoadErrors: Warning: hs_parkingMedian Min LOD value of 1 is out of range 0..0 and has been adjusted to 0. Please verify and resave the asset.
[2019.02.26-08.27.22:368][  0]LoadErrors: Warning: shelves Min LOD value of 1 is out of range 0..0 and has been adjusted to 0. Please verify and resave the asset.
[2019.02.26-08.27.22:399][  0]LoadErrors: Warning: skybox2 Min LOD value of 1 is out of range 0..0 and has been adjusted to 0. Please verify and resave the asset.
[2019.02.26-08.27.24:330][  0]LoadErrors: Warning: hs_bomb Min LOD value of 1 is out of range 0..0 and has been adjusted to 0. Please verify and resave the asset.
[2019.02.26-08.27.25:903][  0]LogAIModule: Creating AISystem for world Minimal_Default_2
[2019.02.26-08.27.25:944][  0]LogSlate: New Slate User Created.  User Index 8, Is Virtual User: 1
[2019.02.26-08.27.25:944][  0]LogSlate: Slate User Registered.  User Index 8, Is Virtual User: 1
[2019.02.26-08.27.25:976][  0]LogEditorServer: Finished looking for orphan Actors (0.000 secs)
[2019.02.26-08.27.26:389][  0]Cmd: MAP CHECKDEP NOCLEARLOG
[2019.02.26-08.27.26:389][  0]MapCheck: Map check complete: 0 Error(s), 0 Warning(s), took 0.467ms to complete.
[2019.02.26-08.27.26:389][  0]LogFileHelpers: Loading map 'Minimal_Default_2' took 10.033
[2019.02.26-08.27.26:583][  0]LogSlate: Updating window title bar state: overlay mode, drag disabled, window buttons hidden, title bar hidden
[2019.02.26-08.27.26:602][  0]LogSlate: Updating window title bar state: overlay mode, drag disabled, window buttons hidden, title bar hidden
[2019.02.26-08.27.26:623][  0]LogSlate: Updating window title bar state: overlay mode, drag disabled, window buttons hidden, title bar hidden
[2019.02.26-08.27.26:648][  0]LogSlate: Updating window title bar state: overlay mode, drag disabled, window buttons hidden, title bar hidden
[2019.02.26-08.27.26:672][  0]LogCollectionManager: Loaded 0 collections in 0.002624 seconds
[2019.02.26-08.27.26:710][  0]LogFileCache: Scanning file cache for directory 'C:/Users/Ailsa/Documents/GitHub/humanStuff/MyProject3/Saved/Collections/' took 0.01s
[2019.02.26-08.27.26:710][  0]LogFileCache: Scanning file cache for directory 'C:/Users/Ailsa/Documents/GitHub/humanStuff/MyProject3/Content/Developers/Ailsa/Collections/' took 0.01s
[2019.02.26-08.27.26:710][  0]LogFileCache: Scanning file cache for directory 'C:/Users/Ailsa/Documents/GitHub/humanStuff/MyProject3/Content/Collections/' took 0.00s
[2019.02.26-08.27.26:710][  0]LogCollectionManager: Rebuilt the GUID cache for 0 collections in 0.000000 seconds
[2019.02.26-08.27.26:730][  0]LogContentBrowser: Native class hierarchy populated in 0.0190 seconds. Added 2651 classes and 620 folders.
[2019.02.26-08.27.26:743][  0]LogContentBrowser: Native class hierarchy updated for 'WidgetCarousel' in 0.0009 seconds. Added 0 classes and 0 folders.
[2019.02.26-08.27.26:759][  0]LogPakFile: Registered encryption key '00000000000000000000000000000000': 0 pak files mounted, 0 remain pending
[2019.02.26-08.27.26:772][  0]LogPakFile: Registered encryption key '00000000000000000000000000000000': 0 pak files mounted, 0 remain pending
[2019.02.26-08.27.26:807][  0]LogPakFile: Registered encryption key '00000000000000000000000000000000': 0 pak files mounted, 0 remain pending
[2019.02.26-08.27.26:815][  0]LogPakFile: Registered encryption key '00000000000000000000000000000000': 0 pak files mounted, 0 remain pending
[2019.02.26-08.27.26:823][  0]LogPakFile: Registered encryption key '00000000000000000000000000000000': 0 pak files mounted, 0 remain pending
[2019.02.26-08.27.26:831][  0]LogPakFile: Registered encryption key '00000000000000000000000000000000': 0 pak files mounted, 0 remain pending
[2019.02.26-08.27.26:839][  0]LogPakFile: Registered encryption key '00000000000000000000000000000000': 0 pak files mounted, 0 remain pending
[2019.02.26-08.27.26:846][  0]LogPakFile: Registered encryption key '00000000000000000000000000000000': 0 pak files mounted, 0 remain pending
[2019.02.26-08.27.26:856][  0]LogPakFile: Registered encryption key '00000000000000000000000000000000': 0 pak files mounted, 0 remain pending
[2019.02.26-08.27.26:865][  0]LogPakFile: Registered encryption key '00000000000000000000000000000000': 0 pak files mounted, 0 remain pending
[2019.02.26-08.27.26:873][  0]LogPakFile: Registered encryption key '00000000000000000000000000000000': 0 pak files mounted, 0 remain pending
[2019.02.26-08.27.26:880][  0]LogPakFile: Registered encryption key '00000000000000000000000000000000': 0 pak files mounted, 0 remain pending
[2019.02.26-08.27.26:888][  0]LogPakFile: Registered encryption key '00000000000000000000000000000000': 0 pak files mounted, 0 remain pending
[2019.02.26-08.27.26:895][  0]LogPakFile: Registered encryption key '00000000000000000000000000000000': 0 pak files mounted, 0 remain pending
[2019.02.26-08.27.26:902][  0]LogPakFile: Registered encryption key '00000000000000000000000000000000': 0 pak files mounted, 0 remain pending
[2019.02.26-08.27.26:909][  0]LogPakFile: Registered encryption key '00000000000000000000000000000000': 0 pak files mounted, 0 remain pending
[2019.02.26-08.27.26:976][  0]LogPakFile: Registered encryption key '00000000000000000000000000000000': 0 pak files mounted, 0 remain pending
[2019.02.26-08.27.26:987][  0]LogPakFile: Registered encryption key '00000000000000000000000000000000': 0 pak files mounted, 0 remain pending
[2019.02.26-08.27.26:996][  0]LogPakFile: Registered encryption key '00000000000000000000000000000000': 0 pak files mounted, 0 remain pending
[2019.02.26-08.27.27:006][  0]LogPakFile: Registered encryption key '00000000000000000000000000000000': 0 pak files mounted, 0 remain pending
[2019.02.26-08.27.27:085][  0]LogPakFile: Registered encryption key '00000000000000000000000000000000': 0 pak files mounted, 0 remain pending
[2019.02.26-08.27.27:093][  0]LogPakFile: Registered encryption key '00000000000000000000000000000000': 0 pak files mounted, 0 remain pending
[2019.02.26-08.27.27:100][  0]LogPakFile: Registered encryption key '00000000000000000000000000000000': 0 pak files mounted, 0 remain pending
[2019.02.26-08.27.27:108][  0]LogPakFile: Registered encryption key '00000000000000000000000000000000': 0 pak files mounted, 0 remain pending
[2019.02.26-08.27.27:116][  0]LogPakFile: Registered encryption key '00000000000000000000000000000000': 0 pak files mounted, 0 remain pending
[2019.02.26-08.27.27:124][  0]LogPakFile: Registered encryption key '00000000000000000000000000000000': 0 pak files mounted, 0 remain pending
[2019.02.26-08.27.27:365][  0]LogContentBrowser: Native class hierarchy updated for 'AddContentDialog' in 0.0006 seconds. Added 0 classes and 0 folders.
[2019.02.26-08.27.27:377][  0]LogContentBrowser: Native class hierarchy updated for 'SceneOutliner' in 0.0004 seconds. Added 1 classes and 2 folders.
[2019.02.26-08.27.27:561][  0]LogSlate: Took 0.011247 seconds to synchronously load lazily loaded font '../../../Engine/Content/Slate/Fonts/Roboto-Bold.ttf' (160K)
[2019.02.26-08.27.27:578][  0]LogSlate: Took 0.009742 seconds to synchronously load lazily loaded font '../../../Engine/Content/Editor/Slate/Fonts/FontAwesome.ttf' (139K)
[2019.02.26-08.27.27:718][  0]LogRenderer: Reallocating scene render targets to support 1124x404 Format 26 NumSamples 1 (Frame:1).
[2019.02.26-08.27.27:959][  0]LogContentBrowser: Native class hierarchy updated for 'HierarchicalLODOutliner' in 0.0004 seconds. Added 0 classes and 0 folders.
[2019.02.26-08.27.27:959][  0]LogLoad: (Engine Initialization) Total time: 51.73 seconds
[2019.02.26-08.27.27:959][  0]LogLoad: (Engine Initialization) Total Blueprint compile time: 0.00 seconds
[2019.02.26-08.27.28:141][  0]LogContentStreaming: Texture pool size now 1000 MB
[2019.02.26-08.27.28:146][  0]LogSlate: FSceneViewport::OnFocusLost() reason 2
[2019.02.26-08.27.29:222][  9]LogAssetRegistry: Asset discovery search completed in 33.8999 seconds
[2019.02.26-08.27.29:224][  9]LogCollectionManager: Rebuilt the object cache for 0 collections in 0.000001 seconds (found 0 objects)
[2019.02.26-08.27.29:224][  9]LogCollectionManager: Fixed up redirectors for 0 collections in 0.000071 seconds (updated 0 objects)
[2019.02.26-08.27.29:249][  9]LogSlate: Took 0.011079 seconds to synchronously load lazily loaded font '../../../Engine/Content/Slate/Fonts/Roboto-Light.ttf' (167K)
[2019.02.26-08.27.30:182][ 57]LogSlate: Window 'Message Log' being destroyed
[2019.02.26-08.27.30:189][ 57]LogSlate: Window 'Message Log' being destroyed
[2019.02.26-08.27.40:768][657]LogEditorViewport: Clicking on Actor (context menu): StaticMeshActor (hs_wall10)
[2019.02.26-08.27.40:866][657]LogSlate: FSceneViewport::OnFocusLost() reason 2
[2019.02.26-08.27.42:100][726]LogEditorViewport: Clicking on Actor (LMB): StaticMeshActor (shelves10)
[2019.02.26-08.27.51:799][145]LogSlate: FSceneViewport::OnFocusLost() reason 0
[2019.02.26-08.28.00:237][238]LogSlate: FSceneViewport::OnFocusLost() reason 2
[2019.02.26-08.28.00:273][238]LogFactory: FactoryCreateFile: StaticMesh with FbxFactory (0 0 C:/Users/Ailsa/Pictures/arts/3d/humanStuff/hs_boombox.obj)
[2019.02.26-08.28.00:316][238]LogFbx: Loading FBX Scene from C:/Users/Ailsa/Pictures/arts/3d/humanStuff/hs_boombox.obj
[2019.02.26-08.28.00:340][238]LogFbx: FBX Scene Loaded Succesfully
[2019.02.26-08.28.02:089][238]LogSlate: Window 'FBX Import Options' being destroyed
[2019.02.26-08.28.02:425][238]LogFbx: Warning: Triangulating static mesh pCylinder16
[2019.02.26-08.28.02:513][238]LogStaticMesh: Building static mesh hs_boombox...
[2019.02.26-08.28.02:539][238]LogStaticMesh: Built static mesh [0.03s] /Game/Geometry/Objects/hs_boombox.hs_boombox
[2019.02.26-08.37.40:385][877]LogSlate: FSceneViewport::OnFocusLost() reason 2
[2019.02.26-08.37.40:409][877]LogFactory: FactoryCreateFile: Texture with ReimportTextureFactory (0 0 C:/Users/Ailsa/Pictures/arts/3d/humanStuff/hs_boombox_baseColor.png)
[2019.02.26-08.37.40:461][877]LogTexture: Display: Building textures: hs_boombox_baseColor (AutoDXT, 1024X1024)
[2019.02.26-08.37.40:969][878]LogUnrealEdMisc: Warning: Heartbeat event firing too frequently (0.000 sec). This should never happen. Something is wrong with the timer delegate!
[2019.02.26-08.37.40:970][878]LogUnrealEdMisc: Warning: Heartbeat event firing too frequently (0.000 sec). This should never happen. Something is wrong with the timer delegate!
[2019.02.26-08.37.40:970][878]LogUnrealEdMisc: Warning: Heartbeat event firing too frequently (0.000 sec). This should never happen. Something is wrong with the timer delegate!
[2019.02.26-08.37.40:970][878]LogUnrealEdMisc: Warning: Heartbeat event firing too frequently (0.000 sec). This should never happen. Something is wrong with the timer delegate!
[2019.02.26-08.37.40:970][878]LogUnrealEdMisc: Warning: Heartbeat event firing too frequently (0.000 sec). This should never happen. Something is wrong with the timer delegate!
[2019.02.26-08.37.40:970][878]LogUnrealEdMisc: Warning: Heartbeat event firing too frequently (0.000 sec). This should never happen. Something is wrong with the timer delegate!
[2019.02.26-08.37.40:970][878]LogUnrealEdMisc: Warning: Heartbeat event firing too frequently (0.000 sec). This should never happen. Something is wrong with the timer delegate!
[2019.02.26-08.37.40:970][878]LogUnrealEdMisc: Warning: Heartbeat event firing too frequently (0.000 sec). This should never happen. Something is wrong with the timer delegate!
[2019.02.26-08.37.40:970][878]LogUnrealEdMisc: Warning: Heartbeat event firing too frequently (0.000 sec). This should never happen. Something is wrong with the timer delegate!
[2019.02.26-08.37.45:479][ 47]LogMaterial: Display: Missing cached shader map for material hs_boombox_baseColor_Mat, compiling. 
[2019.02.26-08.37.45:559][ 48]LogShaderCompilers: Display: Shaders left to compile 22
[2019.02.26-08.37.45:559][ 48]LogShaderCompilers: Display: Shaders left to compile 12
[2019.02.26-08.37.45:559][ 48]LogShaderCompilers: Display: Shaders left to compile 2
[2019.02.26-08.38.22:623][829]LogSlate: Window 'Message' being destroyed
[2019.02.26-08.38.25:792][939]LogFileHelpers: Editor autosave (incl. sublevels) for '/Game/StarterContent/Maps/Minimal_Default_2' took 0.031
[2019.02.26-08.38.25:796][939]OBJ SavePackage: Generating thumbnails for [1] asset(s) in package [/Game/Geometry/Objects/hs_boombox] ([1] browsable assets)...
[2019.02.26-08.38.25:814][939]OBJ SavePackage:     Rendered thumbnail for [StaticMesh /Game/Geometry/Objects/hs_boombox.hs_boombox]
[2019.02.26-08.38.25:814][939]OBJ SavePackage: Finished generating thumbnails for package [/Game/Geometry/Objects/hs_boombox]
[2019.02.26-08.38.25:836][939]LogSavePackage: Moving 'C:/Users/Ailsa/Documents/GitHub/humanStuff/MyProject3/Saved/hs_boombox_Auto1E956120A4842D424709719B423115152.tmp' to 'C:/Users/Ailsa/Documents/GitHub/humanStuff/MyProject3/Saved/Autosaves/Game/Geometry/Objects/hs_boombox_Auto1.uasset'
[2019.02.26-08.38.25:838][939]OBJ SavePackage: Generating thumbnails for [1] asset(s) in package [/Game/Textures/hs_boombox_baseColor] ([1] browsable assets)...
[2019.02.26-08.38.25:847][939]OBJ SavePackage:     Rendered thumbnail for [Texture2D /Game/Textures/hs_boombox_baseColor.hs_boombox_baseColor]
[2019.02.26-08.38.25:847][939]OBJ SavePackage: Finished generating thumbnails for package [/Game/Textures/hs_boombox_baseColor]
[2019.02.26-08.38.25:870][939]LogSavePackage: Moving 'C:/Users/Ailsa/Documents/GitHub/humanStuff/MyProject3/Saved/hs_boombox_baseColor_Auto16614F4CB47966C3CC7E7C79D3DC6A270.tmp' to 'C:/Users/Ailsa/Documents/GitHub/humanStuff/MyProject3/Saved/Autosaves/Game/Textures/hs_boombox_baseColor_Auto1.uasset'
[2019.02.26-08.38.25:872][939]OBJ SavePackage: Generating thumbnails for [1] asset(s) in package [/Game/Textures/hs_boombox_baseColor_Mat] ([1] browsable assets)...
[2019.02.26-08.38.25:885][939]OBJ SavePackage:     Rendered thumbnail for [Material /Game/Textures/hs_boombox_baseColor_Mat.hs_boombox_baseColor_Mat]
[2019.02.26-08.38.25:885][939]OBJ SavePackage: Finished generating thumbnails for package [/Game/Textures/hs_boombox_baseColor_Mat]
[2019.02.26-08.38.25:906][939]LogSavePackage: Moving 'C:/Users/Ailsa/Documents/GitHub/humanStuff/MyProject3/Saved/hs_boombox_baseColor_Mat_Auto12A691AB6458DD8609CF90DBC276B8EDF.tmp' to 'C:/Users/Ailsa/Documents/GitHub/humanStuff/MyProject3/Saved/Autosaves/Game/Textures/hs_boombox_baseColor_Mat_Auto1.uasset'
[2019.02.26-08.38.25:908][939]LogFileHelpers: Auto-saving content packages took 0.113
[2019.02.26-08.38.28:020][ 14]LogUnrealEdMisc: Warning: Heartbeat event firing too frequently (47.050 sec). This should never happen. Something is wrong with the timer delegate!
[2019.02.26-08.38.30:222][108]LogAssetEditorManager: Opening Asset editor for StaticMesh /Game/Geometry/Objects/hs_boombox.hs_boombox
[2019.02.26-08.38.31:062][108]LogRenderer: Reallocating scene render targets to support 1220x764 Format 26 NumSamples 1 (Frame:1).
[2019.02.26-08.38.31:062][108]LogSlate: Took 0.012406 seconds to synchronously load lazily loaded font '../../../Engine/Content/Slate/Fonts/Roboto-Italic.ttf' (157K)
[2019.02.26-08.38.43:152][533]LogSlate: FSceneViewport::OnFocusLost() reason 0
[2019.02.26-08.38.43:326][538]Cmd: OBJ SAVEPACKAGE PACKAGE="/Game/Geometry/Objects/hs_boombox" FILE="C:/Users/Ailsa/Documents/GitHub/humanStuff/MyProject3/Content/Geometry/Objects/hs_boombox.uasset" SILENT=true
[2019.02.26-08.38.43:356][538]LogSavePackage: Moving 'C:/Users/Ailsa/Documents/GitHub/humanStuff/MyProject3/Saved/hs_boomboxF48233E6494D6D4B5A1272AC0C7D6B28.tmp' to 'C:/Users/Ailsa/Documents/GitHub/humanStuff/MyProject3/Content/Geometry/Objects/hs_boombox.uasset'
[2019.02.26-08.38.44:889][595]LogSlate: Window 'hs_boombox' being destroyed
[2019.02.26-08.53.09:332][587]LogFactory: FactoryCreateFile: StaticMesh with FbxFactory (0 0 C:/Users/Ailsa/Pictures/arts/3d/humanStuff/hs_alienBomb.obj)
[2019.02.26-08.53.09:355][587]LogFbx: Loading FBX Scene from C:/Users/Ailsa/Pictures/arts/3d/humanStuff/hs_alienBomb.obj
[2019.02.26-08.53.09:384][587]LogFbx: FBX Scene Loaded Succesfully
[2019.02.26-08.53.10:786][587]LogSlate: Window 'FBX Import Options' being destroyed
[2019.02.26-08.53.10:828][587]LogFbx: Warning: Triangulating static mesh pSphere8
[2019.02.26-08.53.11:041][587]LogStaticMesh: Building static mesh hs_alienBomb...
[2019.02.26-08.53.11:068][587]LogStaticMesh: Built static mesh [0.03s] /Game/Geometry/Objects/hs_alienBomb.hs_alienBomb
[2019.02.26-08.53.37:468][768]LogFileHelpers: Editor autosave (incl. sublevels) for '/Game/StarterContent/Maps/Minimal_Default_2' took 0.040
[2019.02.26-08.53.37:470][768]OBJ SavePackage: Generating thumbnails for [1] asset(s) in package [/Game/Geometry/Objects/hs_alienBomb] ([1] browsable assets)...
[2019.02.26-08.53.37:510][768]OBJ SavePackage:     Rendered thumbnail for [StaticMesh /Game/Geometry/Objects/hs_alienBomb.hs_alienBomb]
[2019.02.26-08.53.37:510][768]OBJ SavePackage: Finished generating thumbnails for package [/Game/Geometry/Objects/hs_alienBomb]
[2019.02.26-08.53.37:558][768]LogSavePackage: Moving 'C:/Users/Ailsa/Documents/GitHub/humanStuff/MyProject3/Saved/hs_alienBomb_Auto269CFD5E641A9BF718C8AA0AE2CD87F85.tmp' to 'C:/Users/Ailsa/Documents/GitHub/humanStuff/MyProject3/Saved/Autosaves/Game/Geometry/Objects/hs_alienBomb_Auto2.uasset'
[2019.02.26-08.53.37:561][768]LogFileHelpers: Auto-saving content packages took 0.091
[2019.02.26-09.06.12:282][113]LogAssetEditorManager: Opening Asset editor for StaticMesh /Game/Geometry/Objects/hs_alienBomb.hs_alienBomb
[2019.02.26-09.06.15:132][215]LogSlate: Window 'hs_alienBomb*' being destroyed
[2019.02.26-09.06.15:145][215]LogSlate: Window 'hs_alienBomb*' being destroyed
[2019.02.26-09.06.18:089][341]LogEditorFactories: Performing atomic reimport of [C:/Users/Ailsa/Pictures/arts/3d/humanStuff/hs_alienBomb.obj]
[2019.02.26-09.06.18:130][341]LogFbx: Loading FBX Scene from C:/Users/Ailsa/Pictures/arts/3d/humanStuff/hs_alienBomb.obj
[2019.02.26-09.06.18:150][341]LogFbx: FBX Scene Loaded Succesfully
[2019.02.26-09.06.18:153][341]LogFbx: Warning: Triangulating static mesh pSphere8
[2019.02.26-09.06.18:388][341]LogStaticMesh: Building static mesh hs_alienBomb...
[2019.02.26-09.06.18:413][341]LogStaticMesh: Built static mesh [0.03s] /Game/Geometry/Objects/hs_alienBomb.hs_alienBomb
[2019.02.26-09.06.18:439][341]LogEditorFactories: -- imported successfully
[2019.02.26-09.06.30:091][736]LogFactory: FactoryCreateFile: Texture with ReimportTextureFactory (0 0 C:/Users/Ailsa/Pictures/arts/3d/humanStuff/hs_alienBombTexture.png)
[2019.02.26-09.06.30:128][736]LogTexture: Display: Building textures: hs_alienBombTexture (AutoDXT, 1024X1024)
[2019.02.26-09.06.35:051][948]LogMaterial: Display: Missing cached shader map for material hs_alienBombTexture_Mat, compiling. 
[2019.02.26-09.06.35:088][949]LogShaderCompilers: Display: Shaders left to compile 22
[2019.02.26-09.06.35:088][949]LogShaderCompilers: Display: Shaders left to compile 12
[2019.02.26-09.06.35:088][949]LogShaderCompilers: Display: Shaders left to compile 2
[2019.02.26-09.06.43:387][220]LogAssetEditorManager: Opening Asset editor for StaticMesh /Game/Geometry/Objects/hs_alienBomb.hs_alienBomb
[2019.02.26-09.07.00:267][684]LogSlate: FSceneViewport::OnFocusLost() reason 0
[2019.02.26-09.07.00:435][688]Cmd: OBJ SAVEPACKAGE PACKAGE="/Game/Geometry/Objects/hs_alienBomb" FILE="C:/Users/Ailsa/Documents/GitHub/humanStuff/MyProject3/Content/Geometry/Objects/hs_alienBomb.uasset" SILENT=true
[2019.02.26-09.07.00:484][688]LogSavePackage: Moving 'C:/Users/Ailsa/Documents/GitHub/humanStuff/MyProject3/Saved/hs_alienBomb1011B7E1479B3909AF5C26AA8002C8DB.tmp' to 'C:/Users/Ailsa/Documents/GitHub/humanStuff/MyProject3/Content/Geometry/Objects/hs_alienBomb.uasset'
[2019.02.26-09.07.31:362][ 72]LogSlate: FSceneViewport::OnFocusLost() reason 2
[2019.02.26-09.07.31:445][ 72]LogFileHelpers: Editor autosave (incl. sublevels) for '/Game/StarterContent/Maps/Minimal_Default_2' took 0.047
[2019.02.26-09.07.31:451][ 72]OBJ SavePackage: Generating thumbnails for [1] asset(s) in package [/Game/Textures/hs_alienBombTexture] ([1] browsable assets)...
[2019.02.26-09.07.31:462][ 72]OBJ SavePackage:     Rendered thumbnail for [Texture2D /Game/Textures/hs_alienBombTexture.hs_alienBombTexture]
[2019.02.26-09.07.31:462][ 72]OBJ SavePackage: Finished generating thumbnails for package [/Game/Textures/hs_alienBombTexture]
[2019.02.26-09.07.31:482][ 72]LogSavePackage: Moving 'C:/Users/Ailsa/Documents/GitHub/humanStuff/MyProject3/Saved/hs_alienBombTexture_Auto3A5A11FA14813B05006F68BBE5D3758F1.tmp' to 'C:/Users/Ailsa/Documents/GitHub/humanStuff/MyProject3/Saved/Autosaves/Game/Textures/hs_alienBombTexture_Auto3.uasset'
[2019.02.26-09.07.31:484][ 72]OBJ SavePackage: Generating thumbnails for [1] asset(s) in package [/Game/Textures/hs_alienBombTexture_Mat] ([1] browsable assets)...
[2019.02.26-09.07.31:498][ 72]OBJ SavePackage:     Rendered thumbnail for [Material /Game/Textures/hs_alienBombTexture_Mat.hs_alienBombTexture_Mat]
[2019.02.26-09.07.31:498][ 72]OBJ SavePackage: Finished generating thumbnails for package [/Game/Textures/hs_alienBombTexture_Mat]
[2019.02.26-09.07.31:519][ 72]LogSavePackage: Moving 'C:/Users/Ailsa/Documents/GitHub/humanStuff/MyProject3/Saved/hs_alienBombTexture_Mat_Auto3710B24F74E5CD443791922A0BF49FA79.tmp' to 'C:/Users/Ailsa/Documents/GitHub/humanStuff/MyProject3/Saved/Autosaves/Game/Textures/hs_alienBombTexture_Mat_Auto3.uasset'
[2019.02.26-09.07.31:521][ 72]LogFileHelpers: Auto-saving content packages took 0.071
[2019.02.26-09.07.33:517][145]LogSlate: Window 'hs_alienBomb' being destroyed
[2019.02.26-09.07.40:627][474]LogSlate: FSceneViewport::OnFocusLost() reason 2
[2019.02.26-09.07.42:942][606]LogSlate: FSceneViewport::OnFocusLost() reason 2
[2019.02.26-09.07.42:959][606]Cmd: OBJ SAVEPACKAGE PACKAGE="/Game/Textures/hs_boombox_baseColor" FILE="C:/Users/Ailsa/Documents/GitHub/humanStuff/MyProject3/Content/Textures/hs_boombox_baseColor.uasset" SILENT=true
[2019.02.26-09.07.43:081][606]LogSavePackage: Moving 'C:/Users/Ailsa/Documents/GitHub/humanStuff/MyProject3/Saved/hs_boombox_baseColor17C24539463B7F1F9D65D9996BB6F2A9.tmp' to 'C:/Users/Ailsa/Documents/GitHub/humanStuff/MyProject3/Content/Textures/hs_boombox_baseColor.uasset'
[2019.02.26-09.07.43:097][606]Cmd: OBJ SAVEPACKAGE PACKAGE="/Game/Textures/hs_boombox_baseColor_Mat" FILE="C:/Users/Ailsa/Documents/GitHub/humanStuff/MyProject3/Content/Textures/hs_boombox_baseColor_Mat.uasset" SILENT=true
[2019.02.26-09.07.43:108][606]LogSavePackage: Moving 'C:/Users/Ailsa/Documents/GitHub/humanStuff/MyProject3/Saved/hs_boombox_baseColor_Mat46572FAF4075CC3A803CA09AA95E7112.tmp' to 'C:/Users/Ailsa/Documents/GitHub/humanStuff/MyProject3/Content/Textures/hs_boombox_baseColor_Mat.uasset'
[2019.02.26-09.07.43:121][606]Cmd: OBJ SAVEPACKAGE PACKAGE="/Game/Textures/hs_alienBombTexture" FILE="C:/Users/Ailsa/Documents/GitHub/humanStuff/MyProject3/Content/Textures/hs_alienBombTexture.uasset" SILENT=true
[2019.02.26-09.07.43:211][606]LogSavePackage: Moving 'C:/Users/Ailsa/Documents/GitHub/humanStuff/MyProject3/Saved/hs_alienBombTexture9F1C94904C7814B681F0768DC11FCFE6.tmp' to 'C:/Users/Ailsa/Documents/GitHub/humanStuff/MyProject3/Content/Textures/hs_alienBombTexture.uasset'
[2019.02.26-09.07.43:223][606]Cmd: OBJ SAVEPACKAGE PACKAGE="/Game/Textures/hs_alienBombTexture_Mat" FILE="C:/Users/Ailsa/Documents/GitHub/humanStuff/MyProject3/Content/Textures/hs_alienBombTexture_Mat.uasset" SILENT=true
[2019.02.26-09.07.43:235][606]LogSavePackage: Moving 'C:/Users/Ailsa/Documents/GitHub/humanStuff/MyProject3/Saved/hs_alienBombTexture_Mat57436D20489C4A95FD901EA1E72824B5.tmp' to 'C:/Users/Ailsa/Documents/GitHub/humanStuff/MyProject3/Content/Textures/hs_alienBombTexture_Mat.uasset'
