Log file open, 02/26/19 05:42:02
LogWindows: Failed to load 'aqProf.dll' (GetLastError=126)
LogWindows: File 'aqProf.dll' does not exist
LogWindows: Failed to load 'VtuneApi.dll' (GetLastError=126)
LogWindows: File 'VtuneApi.dll' does not exist
LogWindows: Failed to load 'VtuneApi32e.dll' (GetLastError=126)
LogWindows: File 'VtuneApi32e.dll' does not exist
LogConsoleResponse: Display: Failed to find resolution value strings in scalability ini. Falling back to default.
LogInit: Display: Running engine for game: HumanStuff
LogPakFile: Registered encryption key '00000000000000000000000000000000': 0 pak files mounted, 0 remain pending
LogPlatformFile: Not using cached read wrapper
LogTaskGraph: Started task graph with 5 named threads and 14 total threads with 3 sets of task threads.
LogStats: Stats thread started at 0.219773
LogD3D11RHI: Loaded GFSDK_Aftermath_Lib.x64.dll
LogICUInternationalization: ICU TimeZone Detection - Raw Offset: -5:00, Platform Override: ''
LogPluginManager: Mounting plugin Paper2D
LogPluginManager: Mounting plugin AISupport
LogPluginManager: Mounting plugin LightPropagationVolume
LogPluginManager: Mounting plugin ActorLayerUtilities
LogPluginManager: Mounting plugin CLionSourceCodeAccess
LogPluginManager: Mounting plugin CodeLiteSourceCodeAccess
LogPluginManager: Mounting plugin GitSourceControl
LogPluginManager: Mounting plugin KDevelopSourceCodeAccess
LogPluginManager: Mounting plugin NullSourceCodeAccess
LogPluginManager: Mounting plugin PerforceSourceControl
LogPluginManager: Mounting plugin SubversionSourceControl
LogPluginManager: Mounting plugin UObjectPlugin
LogPluginManager: Mounting plugin VisualStudioCodeSourceCodeAccess
LogPluginManager: Mounting plugin VisualStudioSourceCodeAccess
LogPluginManager: Mounting plugin XCodeSourceCodeAccess
LogPluginManager: Mounting plugin AssetManagerEditor
LogPluginManager: Mounting plugin CryptoKeys
LogPluginManager: Mounting plugin DataValidation
LogPluginManager: Mounting plugin FacialAnimation
LogPluginManager: Mounting plugin GameplayTagsEditor
LogPluginManager: Mounting plugin MacGraphicsSwitching
LogPluginManager: Mounting plugin MeshEditor
LogPluginManager: Mounting plugin MobileLauncherProfileWizard
LogPluginManager: Mounting plugin PluginBrowser
LogPluginManager: Mounting plugin SpeedTreeImporter
LogPluginManager: Mounting plugin DatasmithContent
LogPluginManager: Mounting plugin VariantManagerContent
LogPluginManager: Mounting plugin AlembicImporter
LogPluginManager: Mounting plugin AppleImageUtils
LogPluginManager: Mounting plugin AppleVision
LogPluginManager: Mounting plugin BackChannel
LogPluginManager: Mounting plugin CharacterAI
LogPluginManager: Mounting plugin GeometryCache
LogPluginManager: Mounting plugin HTML5Networking
LogPluginManager: Mounting plugin ProxyLODPlugin
LogPluginManager: Mounting plugin MagicLeap
LogPluginManager: Mounting plugin MagicLeapMedia
LogPluginManager: Mounting plugin AndroidMedia
LogPluginManager: Mounting plugin AvfMedia
LogPluginManager: Mounting plugin ImgMedia
LogPluginManager: Mounting plugin LinearTimecode
LogPluginManager: Mounting plugin MediaCompositing
LogPluginManager: Mounting plugin MediaPlayerEditor
LogPluginManager: Mounting plugin WebMMedia
LogPluginManager: Mounting plugin WmfMedia
LogPluginManager: Mounting plugin TcpMessaging
LogPluginManager: Mounting plugin UdpMessaging
LogPluginManager: Mounting plugin ActorSequence
LogPluginManager: Mounting plugin LevelSequenceEditor
LogPluginManager: Mounting plugin MatineeToLevelSequence
LogPluginManager: Mounting plugin NetcodeUnitTest
LogPluginManager: Mounting plugin NUTUnrealEngine4
LogPluginManager: Mounting plugin OnlineSubsystemGooglePlay
LogPluginManager: Mounting plugin OnlineSubsystemIOS
LogPluginManager: Mounting plugin OnlineSubsystem
LogPluginManager: Mounting plugin OnlineSubsystemNull
LogPluginManager: Mounting plugin OnlineSubsystemUtils
LogPluginManager: Mounting plugin LauncherChunkInstaller
LogPluginManager: Mounting plugin AndroidDeviceProfileSelector
LogPluginManager: Mounting plugin AndroidMoviePlayer
LogPluginManager: Mounting plugin AndroidPermission
LogPluginManager: Mounting plugin AppleMoviePlayer
LogPluginManager: Mounting plugin ArchVisCharacter
LogPluginManager: Mounting plugin AudioCapture
LogPluginManager: Mounting plugin CableComponent
LogPluginManager: Mounting plugin CustomMeshComponent
LogPluginManager: Mounting plugin EditableMesh
LogPluginManager: Mounting plugin ExampleDeviceProfileSelector
LogPluginManager: Mounting plugin Firebase
LogPluginManager: Mounting plugin GoogleCloudMessaging
LogPluginManager: Mounting plugin IOSDeviceProfileSelector
LogPluginManager: Mounting plugin LinuxDeviceProfileSelector
LogPluginManager: Mounting plugin LocationServicesBPLibrary
LogPluginManager: Mounting plugin MobilePatchingUtils
LogPluginManager: Mounting plugin OculusVR
LogPluginManager: Mounting plugin PhysXVehicles
LogPluginManager: Mounting plugin ProceduralMeshComponent
LogPluginManager: Mounting plugin RuntimePhysXCooking
LogPluginManager: Mounting plugin SteamVR
LogPluginManager: Mounting plugin WebMMoviePlayer
LogPluginManager: Mounting plugin WindowsMoviePlayer
LogStreaming: Display: Took  0.199s to configure plugins.
LogInit: Using libcurl 7.55.1-DEV
LogInit:  - built for x86_64-pc-win32
LogInit:  - supports SSL with OpenSSL/1.0.2h
LogInit:  - supports HTTP deflate (compression) using libz 1.2.8
LogInit:  - other features:
LogInit:      CURL_VERSION_SSL
LogInit:      CURL_VERSION_LIBZ
LogInit:      CURL_VERSION_IPV6
LogInit:      CURL_VERSION_ASYNCHDNS
LogInit:      CURL_VERSION_LARGEFILE
LogInit:      CURL_VERSION_IDN
LogInit:  CurlRequestOptions (configurable via config and command line):
LogInit:  - bVerifyPeer = true  - Libcurl will verify peer certificate
LogInit:  - bUseHttpProxy = false  - Libcurl will NOT use HTTP proxy
LogInit:  - bDontReuseConnections = false  - Libcurl will reuse connections
LogInit:  - MaxHostConnections = 16  - Libcurl will limit the number of connections to a host
LogInit:  - LocalHostAddr = Default
LogInit:  - BufferSize = 65536
LogInit: WinSock: version 1.1 (2.2), MaxSocks=32767, MaxUdp=65467
LogInit: Build: ++UE4+Release-4.21-CL-4753647
LogInit: Engine Version: 4.21.2-4753647+++UE4+Release-4.21
LogInit: Compatible Engine Version: 4.21.0-4541578+++UE4+Release-4.21
LogInit: Net CL: 4541578
LogInit: OS: Windows 10 (), CPU: Intel(R) Core(TM) i5-4690K CPU @ 3.50GHz, GPU: AMD Radeon R9 200 Series
LogInit: Compiled (64-bit): Jan 19 2019 02:07:31
LogInit: Compiled with Visual C++: 19.13.26129.00
LogInit: Build Configuration: Development
LogInit: Branch Name: ++UE4+Release-4.21
LogInit: Command Line:  /Game/StarterContent/Maps/Minimal_Default_2 -game -PIEVIACONSOLE -ResX=1280 -ResY=720 -Multiprocess -messaging -SessionName="Play in Standalone Game" -windowed
LogInit: Base Directory: D:/Program Files (x86)/Unreal Engine/UE_4.21/Engine/Binaries/Win64/
LogInit: Installed Engine Build: 1
LogDevObjectVersion: Number of dev versions registered: 22
LogDevObjectVersion:   Dev-Blueprints (B0D832E4-1F89-4F0D-ACCF-7EB736FD4AA2): 10
LogDevObjectVersion:   Dev-Build (E1C64328-A22C-4D53-A36C-8E866417BD8C): 0
LogDevObjectVersion:   Dev-Core (375EC13C-06E4-48FB-B500-84F0262A717E): 2
LogDevObjectVersion:   Dev-Editor (E4B068ED-F494-42E9-A231-DA0B2E46BB41): 26
LogDevObjectVersion:   Dev-Framework (CFFC743F-43B0-4480-9391-14DF171D2073): 34
LogDevObjectVersion:   Dev-Mobile (B02B49B5-BB20-44E9-A304-32B752E40360): 2
LogDevObjectVersion:   Dev-Networking (A4E4105C-59A1-49B5-A7C5-40C4547EDFEE): 0
LogDevObjectVersion:   Dev-Online (39C831C9-5AE6-47DC-9A44-9C173E1C8E7C): 0
LogDevObjectVersion:   Dev-Physics (78F01B33-EBEA-4F98-B9B4-84EACCB95AA2): 0
LogDevObjectVersion:   Dev-Platform (6631380F-2D4D-43E0-8009-CF276956A95A): 0
LogDevObjectVersion:   Dev-Rendering (12F88B9F-8875-4AFC-A67C-D90C383ABD29): 27
LogDevObjectVersion:   Dev-Sequencer (7B5AE74C-D270-4C10-A958-57980B212A5A): 9
LogDevObjectVersion:   Dev-VR (D7296918-1DD6-4BDD-9DE2-64A83CC13884): 2
LogDevObjectVersion:   Dev-LoadTimes (C2A15278-BFE7-4AFE-6C17-90FF531DF755): 1
LogDevObjectVersion:   Private-Geometry (6EACA3D4-40EC-4CC1-B786-8BED09428FC5): 3
LogDevObjectVersion:   Dev-AnimPhys (29E575DD-E0A3-4627-9D10-D276232CDCEA): 17
LogDevObjectVersion:   Dev-Anim (AF43A65D-7FD3-4947-9873-3E8ED9C1BB05): 2
LogDevObjectVersion:   Dev-ReflectionCapture (6B266CEC-1EC7-4B8F-A30B-E4D90942FC07): 1
LogDevObjectVersion:   Dev-Automation (0DF73D61-A23F-47EA-B727-89E90C41499A): 1
LogDevObjectVersion:   FortniteMain (601D1886-AC64-4F84-AA16-D3DE0DEAC7D6): 17
LogDevObjectVersion:   Dev-Enterprise (9DFFBCD6-494F-0158-E221-12823C92A888): 4
LogDevObjectVersion:   Dev-Niagara (F2AED0AC-9AFE-416F-8664-AA7FFA26D6FC): 1
LogStreaming: Display: Took  0.082s to delete old logs.
LogInit: Presizing for max 8388607 objects, including 0 objects not considered by GC, pre-allocating 0 bytes for permanent pool.
LogInit: Object subsystem initialized
LogConfig: Setting CVar [[con.DebugEarlyDefault:1]]
LogConfig: Setting CVar [[r.setres:1280x720]]
[2019.02.26-10.42.03:411][  0]LogConfig: Setting CVar [[con.DebugEarlyDefault:1]]
[2019.02.26-10.42.03:411][  0]LogConfig: Setting CVar [[r.setres:1280x720]]
[2019.02.26-10.42.03:411][  0]LogConfig: Applying CVar settings from Section [/Script/Engine.RendererSettings] File [F:/SCAD/ITGM studio2/humanStuff/MyProject3/Saved/Config/Windows/Engine.ini]
[2019.02.26-10.42.03:411][  0]LogConfig: Setting CVar [[r.GPUCrashDebugging:0]]
[2019.02.26-10.42.03:411][  0]LogConfig: Applying CVar settings from Section [/Script/Engine.RendererOverrideSettings] File [F:/SCAD/ITGM studio2/humanStuff/MyProject3/Saved/Config/Windows/Engine.ini]
[2019.02.26-10.42.03:411][  0]LogConfig: Applying CVar settings from Section [/Script/Engine.StreamingSettings] File [F:/SCAD/ITGM studio2/humanStuff/MyProject3/Saved/Config/Windows/Engine.ini]
[2019.02.26-10.42.03:411][  0]LogConfig: Setting CVar [[s.MinBulkDataSizeForAsyncLoading:131072]]
[2019.02.26-10.42.03:411][  0]LogConfig: Setting CVar [[s.AsyncLoadingThreadEnabled:0]]
[2019.02.26-10.42.03:411][  0]LogConfig: Setting CVar [[s.EventDrivenLoaderEnabled:1]]
[2019.02.26-10.42.03:411][  0]LogConfig: Setting CVar [[s.WarnIfTimeLimitExceeded:0]]
[2019.02.26-10.42.03:411][  0]LogConfig: Setting CVar [[s.TimeLimitExceededMultiplier:1.5]]
[2019.02.26-10.42.03:411][  0]LogConfig: Setting CVar [[s.TimeLimitExceededMinTime:0.005]]
[2019.02.26-10.42.03:411][  0]LogConfig: Setting CVar [[s.UseBackgroundLevelStreaming:1]]
[2019.02.26-10.42.03:411][  0]LogConfig: Setting CVar [[s.PriorityAsyncLoadingExtraTime:15.0]]
[2019.02.26-10.42.03:411][  0]LogConfig: Setting CVar [[s.LevelStreamingActorsUpdateTimeLimit:5.0]]
[2019.02.26-10.42.03:411][  0]LogConfig: Setting CVar [[s.PriorityLevelStreamingActorsUpdateExtraTime:5.0]]
[2019.02.26-10.42.03:411][  0]LogConfig: Setting CVar [[s.LevelStreamingComponentsRegistrationGranularity:10]]
[2019.02.26-10.42.03:411][  0]LogConfig: Setting CVar [[s.UnregisterComponentsTimeLimit:1.0]]
[2019.02.26-10.42.03:411][  0]LogConfig: Setting CVar [[s.LevelStreamingComponentsUnregistrationGranularity:5]]
[2019.02.26-10.42.03:411][  0]LogConfig: Applying CVar settings from Section [/Script/Engine.GarbageCollectionSettings] File [F:/SCAD/ITGM studio2/humanStuff/MyProject3/Saved/Config/Windows/Engine.ini]
[2019.02.26-10.42.03:411][  0]LogConfig: Setting CVar [[gc.MaxObjectsNotConsideredByGC:1]]
[2019.02.26-10.42.03:411][  0]LogConfig: Setting CVar [[gc.SizeOfPermanentObjectPool:0]]
[2019.02.26-10.42.03:411][  0]LogConfig: Setting CVar [[gc.FlushStreamingOnGC:0]]
[2019.02.26-10.42.03:411][  0]LogConfig: Setting CVar [[gc.NumRetriesBeforeForcingGC:10]]
[2019.02.26-10.42.03:411][  0]LogConfig: Setting CVar [[gc.AllowParallelGC:1]]
[2019.02.26-10.42.03:411][  0]LogConfig: Setting CVar [[gc.TimeBetweenPurgingPendingKillObjects:61.1]]
[2019.02.26-10.42.03:411][  0]LogConfig: Setting CVar [[gc.MaxObjectsInEditor:8388607]]
[2019.02.26-10.42.03:411][  0]LogConfig: Setting CVar [[gc.IncrementalBeginDestroyEnabled:1]]
[2019.02.26-10.42.03:411][  0]LogConfig: Setting CVar [[gc.CreateGCClusters:1]]
[2019.02.26-10.42.03:411][  0]LogConfig: Setting CVar [[gc.MergeGCClusters:0]]
[2019.02.26-10.42.03:411][  0]LogConfig: Setting CVar [[gc.MinGCClusterSize:5]]
[2019.02.26-10.42.03:411][  0]LogConfig: Setting CVar [[gc.ActorClusteringEnabled:0]]
[2019.02.26-10.42.03:411][  0]LogConfig: Setting CVar [[gc.BlueprintClusteringEnabled:0]]
[2019.02.26-10.42.03:411][  0]LogConfig: Setting CVar [[gc.UseDisregardForGCOnDedicatedServers:0]]
[2019.02.26-10.42.03:411][  0]LogConfig: Applying CVar settings from Section [/Script/Engine.NetworkSettings] File [F:/SCAD/ITGM studio2/humanStuff/MyProject3/Saved/Config/Windows/Engine.ini]
[2019.02.26-10.42.03:411][  0]LogConfig: Applying CVar settings from Section [/Script/UnrealEd.CookerSettings] File [F:/SCAD/ITGM studio2/humanStuff/MyProject3/Saved/Config/Windows/Engine.ini]
[2019.02.26-10.42.03:432][  0]LogConfig: Applying CVar settings from Section [ViewDistanceQuality@3] File [F:/SCAD/ITGM studio2/humanStuff/MyProject3/Saved/Config/Windows/Scalability.ini]
[2019.02.26-10.42.03:432][  0]LogConfig: Setting CVar [[r.SkeletalMeshLODBias:0]]
[2019.02.26-10.42.03:432][  0]LogConfig: Setting CVar [[r.ViewDistanceScale:1.0]]
[2019.02.26-10.42.03:432][  0]LogConfig: Applying CVar settings from Section [AntiAliasingQuality@3] File [F:/SCAD/ITGM studio2/humanStuff/MyProject3/Saved/Config/Windows/Scalability.ini]
[2019.02.26-10.42.03:432][  0]LogConfig: Setting CVar [[r.PostProcessAAQuality:3]]
[2019.02.26-10.42.03:432][  0]LogConfig: Applying CVar settings from Section [ShadowQuality@3] File [F:/SCAD/ITGM studio2/humanStuff/MyProject3/Saved/Config/Windows/Scalability.ini]
[2019.02.26-10.42.03:432][  0]LogConfig: Setting CVar [[r.LightFunctionQuality:1]]
[2019.02.26-10.42.03:432][  0]LogConfig: Setting CVar [[r.ShadowQuality:5]]
[2019.02.26-10.42.03:433][  0]LogConfig: Setting CVar [[r.Shadow.CSM.MaxCascades:10]]
[2019.02.26-10.42.03:433][  0]LogConfig: Setting CVar [[r.Shadow.MaxResolution:2048]]
[2019.02.26-10.42.03:433][  0]LogConfig: Setting CVar [[r.Shadow.MaxCSMResolution:2048]]
[2019.02.26-10.42.03:433][  0]LogConfig: Setting CVar [[r.Shadow.RadiusThreshold:0.01]]
[2019.02.26-10.42.03:433][  0]LogConfig: Setting CVar [[r.Shadow.DistanceScale:1.0]]
[2019.02.26-10.42.03:433][  0]LogConfig: Setting CVar [[r.Shadow.CSM.TransitionScale:1.0]]
[2019.02.26-10.42.03:433][  0]LogConfig: Setting CVar [[r.Shadow.PreShadowResolutionFactor:1.0]]
[2019.02.26-10.42.03:433][  0]LogConfig: Setting CVar [[r.DistanceFieldShadowing:1]]
[2019.02.26-10.42.03:433][  0]LogConfig: Setting CVar [[r.DistanceFieldAO:1]]
[2019.02.26-10.42.03:433][  0]LogConfig: Setting CVar [[r.AOQuality:2]]
[2019.02.26-10.42.03:433][  0]LogConfig: Setting CVar [[r.VolumetricFog:1]]
[2019.02.26-10.42.03:433][  0]LogConfig: Setting CVar [[r.VolumetricFog.GridPixelSize:8]]
[2019.02.26-10.42.03:433][  0]LogConfig: Setting CVar [[r.VolumetricFog.GridSizeZ:128]]
[2019.02.26-10.42.03:433][  0]LogConfig: Setting CVar [[r.VolumetricFog.HistoryMissSupersampleCount:4]]
[2019.02.26-10.42.03:433][  0]LogConfig: Setting CVar [[r.LightMaxDrawDistanceScale:1]]
[2019.02.26-10.42.03:433][  0]LogConfig: Setting CVar [[r.CapsuleShadows:1]]
[2019.02.26-10.42.03:433][  0]LogConfig: Applying CVar settings from Section [PostProcessQuality@3] File [F:/SCAD/ITGM studio2/humanStuff/MyProject3/Saved/Config/Windows/Scalability.ini]
[2019.02.26-10.42.03:433][  0]LogConfig: Setting CVar [[r.MotionBlurQuality:0]]
[2019.02.26-10.42.03:433][  0]LogConfig: Setting CVar [[r.AmbientOcclusionMipLevelFactor:0.4]]
[2019.02.26-10.42.03:433][  0]LogConfig: Setting CVar [[r.AmbientOcclusionMaxQuality:100]]
[2019.02.26-10.42.03:433][  0]LogConfig: Setting CVar [[r.AmbientOcclusionLevels:0]]
[2019.02.26-10.42.03:433][  0]LogConfig: Setting CVar [[r.AmbientOcclusionRadiusScale:1.0]]
[2019.02.26-10.42.03:433][  0]LogConfig: Setting CVar [[r.DepthOfFieldQuality:0]]
[2019.02.26-10.42.03:433][  0]LogConfig: Setting CVar [[r.RenderTargetPoolMin:400]]
[2019.02.26-10.42.03:433][  0]LogConfig: Setting CVar [[r.LensFlareQuality:0]]
[2019.02.26-10.42.03:433][  0]LogConfig: Setting CVar [[r.SceneColorFringeQuality:0]]
[2019.02.26-10.42.03:433][  0]LogConfig: Setting CVar [[r.EyeAdaptationQuality:2]]
[2019.02.26-10.42.03:433][  0]LogConfig: Setting CVar [[r.BloomQuality:1]]
[2019.02.26-10.42.03:433][  0]LogConfig: Setting CVar [[r.FastBlurThreshold:0]]
[2019.02.26-10.42.03:433][  0]LogConfig: Setting CVar [[r.Upscale.Quality:3]]
[2019.02.26-10.42.03:433][  0]LogConfig: Setting CVar [[r.Tonemapper.GrainQuantization:1]]
[2019.02.26-10.42.03:433][  0]LogConfig: Setting CVar [[r.LightShaftQuality:1]]
[2019.02.26-10.42.03:433][  0]LogConfig: Setting CVar [[r.Filter.SizeScale:1]]
[2019.02.26-10.42.03:433][  0]LogConfig: Setting CVar [[r.Tonemapper.Quality:5]]
[2019.02.26-10.42.03:433][  0]LogConfig: Setting CVar [[r.DOF.Gather.AccumulatorQuality:1        ; higher gathering accumulator quality]]
[2019.02.26-10.42.03:433][  0]LogConfig: Setting CVar [[r.DOF.Gather.PostfilterMethod:1          ; Median3x3 postfilering method]]
[2019.02.26-10.42.03:433][  0]LogConfig: Setting CVar [[r.DOF.Gather.EnableBokehSettings:0       ; no bokeh simulation when gathering]]
[2019.02.26-10.42.03:433][  0]LogConfig: Setting CVar [[r.DOF.Gather.RingCount:4                 ; medium number of samples when gathering]]
[2019.02.26-10.42.03:433][  0]LogConfig: Setting CVar [[r.DOF.Scatter.ForegroundCompositing:1    ; additive foreground scattering]]
[2019.02.26-10.42.03:433][  0]LogConfig: Setting CVar [[r.DOF.Scatter.BackgroundCompositing:2    ; additive background scattering]]
[2019.02.26-10.42.03:433][  0]LogConfig: Setting CVar [[r.DOF.Scatter.EnableBokehSettings:1      ; bokeh simulation when scattering]]
[2019.02.26-10.42.03:433][  0]LogConfig: Setting CVar [[r.DOF.Scatter.MaxSpriteRatio:0.1         ; only a maximum of 10% of scattered bokeh]]
[2019.02.26-10.42.03:433][  0]LogConfig: Setting CVar [[r.DOF.Recombine.Quality:1                ; cheap slight out of focus]]
[2019.02.26-10.42.03:433][  0]LogConfig: Setting CVar [[r.DOF.Recombine.EnableBokehSettings:0    ; no bokeh simulation on slight out of focus]]
[2019.02.26-10.42.03:433][  0]LogConfig: Setting CVar [[r.DOF.TemporalAAQuality:1                ; more stable temporal accumulation]]
[2019.02.26-10.42.03:433][  0]LogConfig: Setting CVar [[r.DOF.Kernel.MaxForegroundRadius:0.025]]
[2019.02.26-10.42.03:433][  0]LogConfig: Setting CVar [[r.DOF.Kernel.MaxBackgroundRadius:0.025]]
[2019.02.26-10.42.03:433][  0]LogConfig: Applying CVar settings from Section [TextureQuality@3] File [F:/SCAD/ITGM studio2/humanStuff/MyProject3/Saved/Config/Windows/Scalability.ini]
[2019.02.26-10.42.03:433][  0]LogConfig: Setting CVar [[r.Streaming.MipBias:0]]
[2019.02.26-10.42.03:433][  0]LogConfig: Setting CVar [[r.Streaming.AmortizeCPUToGPUCopy:0]]
[2019.02.26-10.42.03:433][  0]LogConfig: Setting CVar [[r.Streaming.MaxNumTexturesToStreamPerFrame:0]]
[2019.02.26-10.42.03:433][  0]LogConfig: Setting CVar [[r.Streaming.Boost:1]]
[2019.02.26-10.42.03:433][  0]LogConfig: Setting CVar [[r.MaxAnisotropy:8]]
[2019.02.26-10.42.03:433][  0]LogConfig: Setting CVar [[r.Streaming.LimitPoolSizeToVRAM:0]]
[2019.02.26-10.42.03:433][  0]LogConfig: Setting CVar [[r.Streaming.PoolSize:1000]]
[2019.02.26-10.42.03:433][  0]LogConfig: Setting CVar [[r.Streaming.MaxEffectiveScreenSize:0]]
[2019.02.26-10.42.03:433][  0]LogConfig: Applying CVar settings from Section [EffectsQuality@3] File [F:/SCAD/ITGM studio2/humanStuff/MyProject3/Saved/Config/Windows/Scalability.ini]
[2019.02.26-10.42.03:433][  0]LogConfig: Setting CVar [[r.TranslucencyLightingVolumeDim:4]]
[2019.02.26-10.42.03:433][  0]LogConfig: Setting CVar [[r.RefractionQuality:2]]
[2019.02.26-10.42.03:433][  0]LogConfig: Setting CVar [[r.SSR.Quality:0]]
[2019.02.26-10.42.03:433][  0]LogConfig: Setting CVar [[r.SceneColorFormat:2]]
[2019.02.26-10.42.03:433][  0]LogConfig: Setting CVar [[r.DetailMode:2]]
[2019.02.26-10.42.03:433][  0]LogConfig: Setting CVar [[r.TranslucencyVolumeBlur:0]]
[2019.02.26-10.42.03:433][  0]LogConfig: Setting CVar [[r.MaterialQualityLevel:1 ; High quality]]
[2019.02.26-10.42.03:433][  0]LogConfig: Setting CVar [[r.SSS.Scale:1]]
[2019.02.26-10.42.03:433][  0]LogConfig: Setting CVar [[r.SSS.SampleSet:2]]
[2019.02.26-10.42.03:433][  0]LogConfig: Setting CVar [[r.SSS.Quality:1]]
[2019.02.26-10.42.03:433][  0]LogConfig: Setting CVar [[r.SSS.HalfRes:1]]
[2019.02.26-10.42.03:433][  0]LogConfig: Setting CVar [[r.EmitterSpawnRateScale:1.0]]
[2019.02.26-10.42.03:433][  0]LogConfig: Setting CVar [[r.ParticleLightQuality:2]]
[2019.02.26-10.42.03:433][  0]LogConfig: Applying CVar settings from Section [FoliageQuality@3] File [F:/SCAD/ITGM studio2/humanStuff/MyProject3/Saved/Config/Windows/Scalability.ini]
[2019.02.26-10.42.03:433][  0]LogConfig: Setting CVar [[foliage.DensityScale:1.0]]
[2019.02.26-10.42.03:433][  0]LogConfig: Setting CVar [[grass.DensityScale:1.0]]
[2019.02.26-10.42.03:433][  0]LogInit: Selected Device Profile: [Windows]
[2019.02.26-10.42.03:434][  0]LogInit: Applying CVar settings loaded from the selected device profile: [Windows]
[2019.02.26-10.42.03:437][  0]LogHAL: Display: Platform has ~ 16 GB [17034178560 / 17179869184 / 16], which maps to Larger [LargestMinGB=32, LargerMinGB=12, DefaultMinGB=8, SmallerMinGB=6, SmallestMinGB=0)
[2019.02.26-10.42.03:437][  0]LogConfig: Setting CVar [[r.Vulkan.UseRealUBs:1]]
[2019.02.26-10.42.03:437][  0]LogInit: Going up to parent DeviceProfile []
[2019.02.26-10.42.03:437][  0]LogConfig: Applying CVar settings from Section [ViewDistanceQuality@3] File [F:/SCAD/ITGM studio2/humanStuff/MyProject3/Saved/Config/Windows/Scalability.ini]
[2019.02.26-10.42.03:437][  0]LogConfig: Setting CVar [[r.SkeletalMeshLODBias:0]]
[2019.02.26-10.42.03:437][  0]LogConfig: Setting CVar [[r.ViewDistanceScale:1.0]]
[2019.02.26-10.42.03:437][  0]LogConfig: Applying CVar settings from Section [AntiAliasingQuality@3] File [F:/SCAD/ITGM studio2/humanStuff/MyProject3/Saved/Config/Windows/Scalability.ini]
[2019.02.26-10.42.03:437][  0]LogConfig: Setting CVar [[r.PostProcessAAQuality:3]]
[2019.02.26-10.42.03:438][  0]LogConfig: Applying CVar settings from Section [ShadowQuality@3] File [F:/SCAD/ITGM studio2/humanStuff/MyProject3/Saved/Config/Windows/Scalability.ini]
[2019.02.26-10.42.03:438][  0]LogConfig: Setting CVar [[r.LightFunctionQuality:1]]
[2019.02.26-10.42.03:438][  0]LogConfig: Setting CVar [[r.ShadowQuality:5]]
[2019.02.26-10.42.03:438][  0]LogConfig: Setting CVar [[r.Shadow.CSM.MaxCascades:10]]
[2019.02.26-10.42.03:438][  0]LogConfig: Setting CVar [[r.Shadow.MaxResolution:2048]]
[2019.02.26-10.42.03:438][  0]LogConfig: Setting CVar [[r.Shadow.MaxCSMResolution:2048]]
[2019.02.26-10.42.03:438][  0]LogConfig: Setting CVar [[r.Shadow.RadiusThreshold:0.01]]
[2019.02.26-10.42.03:438][  0]LogConfig: Setting CVar [[r.Shadow.DistanceScale:1.0]]
[2019.02.26-10.42.03:438][  0]LogConfig: Setting CVar [[r.Shadow.CSM.TransitionScale:1.0]]
[2019.02.26-10.42.03:438][  0]LogConfig: Setting CVar [[r.Shadow.PreShadowResolutionFactor:1.0]]
[2019.02.26-10.42.03:438][  0]LogConfig: Setting CVar [[r.DistanceFieldShadowing:1]]
[2019.02.26-10.42.03:438][  0]LogConfig: Setting CVar [[r.DistanceFieldAO:1]]
[2019.02.26-10.42.03:438][  0]LogConfig: Setting CVar [[r.AOQuality:2]]
[2019.02.26-10.42.03:438][  0]LogConfig: Setting CVar [[r.VolumetricFog:1]]
[2019.02.26-10.42.03:438][  0]LogConfig: Setting CVar [[r.VolumetricFog.GridPixelSize:8]]
[2019.02.26-10.42.03:438][  0]LogConfig: Setting CVar [[r.VolumetricFog.GridSizeZ:128]]
[2019.02.26-10.42.03:438][  0]LogConfig: Setting CVar [[r.VolumetricFog.HistoryMissSupersampleCount:4]]
[2019.02.26-10.42.03:438][  0]LogConfig: Setting CVar [[r.LightMaxDrawDistanceScale:1]]
[2019.02.26-10.42.03:438][  0]LogConfig: Setting CVar [[r.CapsuleShadows:1]]
[2019.02.26-10.42.03:438][  0]LogConfig: Applying CVar settings from Section [PostProcessQuality@3] File [F:/SCAD/ITGM studio2/humanStuff/MyProject3/Saved/Config/Windows/Scalability.ini]
[2019.02.26-10.42.03:438][  0]LogConfig: Setting CVar [[r.MotionBlurQuality:0]]
[2019.02.26-10.42.03:438][  0]LogConfig: Setting CVar [[r.AmbientOcclusionMipLevelFactor:0.4]]
[2019.02.26-10.42.03:438][  0]LogConfig: Setting CVar [[r.AmbientOcclusionMaxQuality:100]]
[2019.02.26-10.42.03:438][  0]LogConfig: Setting CVar [[r.AmbientOcclusionLevels:0]]
[2019.02.26-10.42.03:438][  0]LogConfig: Setting CVar [[r.AmbientOcclusionRadiusScale:1.0]]
[2019.02.26-10.42.03:438][  0]LogConfig: Setting CVar [[r.DepthOfFieldQuality:0]]
[2019.02.26-10.42.03:438][  0]LogConfig: Setting CVar [[r.RenderTargetPoolMin:400]]
[2019.02.26-10.42.03:438][  0]LogConfig: Setting CVar [[r.LensFlareQuality:0]]
[2019.02.26-10.42.03:438][  0]LogConfig: Setting CVar [[r.SceneColorFringeQuality:0]]
[2019.02.26-10.42.03:438][  0]LogConfig: Setting CVar [[r.EyeAdaptationQuality:2]]
[2019.02.26-10.42.03:438][  0]LogConfig: Setting CVar [[r.BloomQuality:1]]
[2019.02.26-10.42.03:438][  0]LogConfig: Setting CVar [[r.FastBlurThreshold:0]]
[2019.02.26-10.42.03:438][  0]LogConfig: Setting CVar [[r.Upscale.Quality:3]]
[2019.02.26-10.42.03:438][  0]LogConfig: Setting CVar [[r.Tonemapper.GrainQuantization:1]]
[2019.02.26-10.42.03:438][  0]LogConfig: Setting CVar [[r.LightShaftQuality:1]]
[2019.02.26-10.42.03:438][  0]LogConfig: Setting CVar [[r.Filter.SizeScale:1]]
[2019.02.26-10.42.03:438][  0]LogConfig: Setting CVar [[r.Tonemapper.Quality:5]]
[2019.02.26-10.42.03:438][  0]LogConfig: Setting CVar [[r.DOF.Gather.AccumulatorQuality:1        ; higher gathering accumulator quality]]
[2019.02.26-10.42.03:438][  0]LogConfig: Setting CVar [[r.DOF.Gather.PostfilterMethod:1          ; Median3x3 postfilering method]]
[2019.02.26-10.42.03:438][  0]LogConfig: Setting CVar [[r.DOF.Gather.EnableBokehSettings:0       ; no bokeh simulation when gathering]]
[2019.02.26-10.42.03:438][  0]LogConfig: Setting CVar [[r.DOF.Gather.RingCount:4                 ; medium number of samples when gathering]]
[2019.02.26-10.42.03:438][  0]LogConfig: Setting CVar [[r.DOF.Scatter.ForegroundCompositing:1    ; additive foreground scattering]]
[2019.02.26-10.42.03:438][  0]LogConfig: Setting CVar [[r.DOF.Scatter.BackgroundCompositing:2    ; additive background scattering]]
[2019.02.26-10.42.03:438][  0]LogConfig: Setting CVar [[r.DOF.Scatter.EnableBokehSettings:1      ; bokeh simulation when scattering]]
[2019.02.26-10.42.03:438][  0]LogConfig: Setting CVar [[r.DOF.Scatter.MaxSpriteRatio:0.1         ; only a maximum of 10% of scattered bokeh]]
[2019.02.26-10.42.03:438][  0]LogConfig: Setting CVar [[r.DOF.Recombine.Quality:1                ; cheap slight out of focus]]
[2019.02.26-10.42.03:438][  0]LogConfig: Setting CVar [[r.DOF.Recombine.EnableBokehSettings:0    ; no bokeh simulation on slight out of focus]]
[2019.02.26-10.42.03:438][  0]LogConfig: Setting CVar [[r.DOF.TemporalAAQuality:1                ; more stable temporal accumulation]]
[2019.02.26-10.42.03:438][  0]LogConfig: Setting CVar [[r.DOF.Kernel.MaxForegroundRadius:0.025]]
[2019.02.26-10.42.03:438][  0]LogConfig: Setting CVar [[r.DOF.Kernel.MaxBackgroundRadius:0.025]]
[2019.02.26-10.42.03:438][  0]LogConfig: Applying CVar settings from Section [TextureQuality@3] File [F:/SCAD/ITGM studio2/humanStuff/MyProject3/Saved/Config/Windows/Scalability.ini]
[2019.02.26-10.42.03:438][  0]LogConfig: Setting CVar [[r.Streaming.MipBias:0]]
[2019.02.26-10.42.03:438][  0]LogConfig: Setting CVar [[r.Streaming.AmortizeCPUToGPUCopy:0]]
[2019.02.26-10.42.03:438][  0]LogConfig: Setting CVar [[r.Streaming.MaxNumTexturesToStreamPerFrame:0]]
[2019.02.26-10.42.03:438][  0]LogConfig: Setting CVar [[r.Streaming.Boost:1]]
[2019.02.26-10.42.03:438][  0]LogConfig: Setting CVar [[r.MaxAnisotropy:8]]
[2019.02.26-10.42.03:438][  0]LogConfig: Setting CVar [[r.Streaming.LimitPoolSizeToVRAM:0]]
[2019.02.26-10.42.03:438][  0]LogConfig: Setting CVar [[r.Streaming.PoolSize:1000]]
[2019.02.26-10.42.03:438][  0]LogConfig: Setting CVar [[r.Streaming.MaxEffectiveScreenSize:0]]
[2019.02.26-10.42.03:438][  0]LogConfig: Applying CVar settings from Section [EffectsQuality@3] File [F:/SCAD/ITGM studio2/humanStuff/MyProject3/Saved/Config/Windows/Scalability.ini]
[2019.02.26-10.42.03:438][  0]LogConfig: Setting CVar [[r.TranslucencyLightingVolumeDim:4]]
[2019.02.26-10.42.03:438][  0]LogConfig: Setting CVar [[r.RefractionQuality:2]]
[2019.02.26-10.42.03:438][  0]LogConfig: Setting CVar [[r.SSR.Quality:0]]
[2019.02.26-10.42.03:438][  0]LogConfig: Setting CVar [[r.SceneColorFormat:2]]
[2019.02.26-10.42.03:438][  0]LogConfig: Setting CVar [[r.DetailMode:2]]
[2019.02.26-10.42.03:438][  0]LogConfig: Setting CVar [[r.TranslucencyVolumeBlur:0]]
[2019.02.26-10.42.03:438][  0]LogConfig: Setting CVar [[r.MaterialQualityLevel:1 ; High quality]]
[2019.02.26-10.42.03:438][  0]LogConfig: Setting CVar [[r.SSS.Scale:1]]
[2019.02.26-10.42.03:438][  0]LogConfig: Setting CVar [[r.SSS.SampleSet:2]]
[2019.02.26-10.42.03:438][  0]LogConfig: Setting CVar [[r.SSS.Quality:1]]
[2019.02.26-10.42.03:438][  0]LogConfig: Setting CVar [[r.SSS.HalfRes:1]]
[2019.02.26-10.42.03:439][  0]LogConfig: Setting CVar [[r.EmitterSpawnRateScale:1.0]]
[2019.02.26-10.42.03:439][  0]LogConfig: Setting CVar [[r.ParticleLightQuality:2]]
[2019.02.26-10.42.03:439][  0]LogConfig: Applying CVar settings from Section [FoliageQuality@3] File [F:/SCAD/ITGM studio2/humanStuff/MyProject3/Saved/Config/Windows/Scalability.ini]
[2019.02.26-10.42.03:439][  0]LogConfig: Setting CVar [[foliage.DensityScale:1.0]]
[2019.02.26-10.42.03:439][  0]LogConfig: Setting CVar [[grass.DensityScale:1.0]]
[2019.02.26-10.42.03:439][  0]LogConfig: Applying CVar settings from Section [Startup] File [../../../Engine/Config/ConsoleVariables.ini]
[2019.02.26-10.42.03:439][  0]LogConfig: Setting CVar [[net.UseAdaptiveNetUpdateFrequency:0]]
[2019.02.26-10.42.03:439][  0]LogConfig: Applying CVar settings from Section [ConsoleVariables] File [F:/SCAD/ITGM studio2/humanStuff/MyProject3/Saved/Config/Windows/Engine.ini]
[2019.02.26-10.42.03:439][  0]LogInit: Computer: DESKTOP-Q8E4V8A
[2019.02.26-10.42.03:439][  0]LogInit: User: gretc
[2019.02.26-10.42.03:439][  0]LogInit: CPU Page size=4096, Cores=4
[2019.02.26-10.42.03:439][  0]LogInit: High frequency timer resolution =3.417969 MHz
[2019.02.26-10.42.03:439][  0]LogMemory: Memory total: Physical=15.9GB (16GB approx)
[2019.02.26-10.42.03:439][  0]LogMemory: Platform Memory Stats for Windows
[2019.02.26-10.42.03:439][  0]LogMemory: Process Physical Memory: 101.89 MB used, 101.89 MB peak
[2019.02.26-10.42.03:439][  0]LogMemory: Process Virtual Memory: 91.03 MB used, 91.03 MB peak
[2019.02.26-10.42.03:439][  0]LogMemory: Physical Memory: 6188.13 MB used,  10056.93 MB free, 16245.06 MB total
[2019.02.26-10.42.03:439][  0]LogMemory: Virtual Memory: 4640.36 MB used,  134213088.00 MB free, 134217728.00 MB total
[2019.02.26-10.42.03:460][  0]LogInit: Using OS detected language (en-US).
[2019.02.26-10.42.03:460][  0]LogInit: Using OS detected locale (en-US).
[2019.02.26-10.42.03:461][  0]LogTextLocalizationManager: No specific localization for 'en-US' exists, so the 'en' localization will be used.
[2019.02.26-10.42.03:928][  0]LogStreaming: Display: Took  0.467s to InitEngineTextLocalization.
[2019.02.26-10.42.03:967][  0]LogSlate: New Slate User Created.  User Index 0, Is Virtual User: 0
[2019.02.26-10.42.03:967][  0]LogSlate: Slate User Registered.  User Index 0, Is Virtual User: 0
[2019.02.26-10.42.03:989][  0]LogHMD: Failed to initialize OpenVR with code 110
[2019.02.26-10.42.03:989][  0]LogD3D11RHI: D3D11 adapters:
[2019.02.26-10.42.04:012][  0]LogD3D11RHI:    0. 'AMD Radeon R9 200 Series' (Feature Level 11_0)
[2019.02.26-10.42.04:012][  0]LogD3D11RHI:       4072/0/8122 MB DedicatedVideo/DedicatedSystem/SharedSystem, Outputs:2, VendorId:0x1002
[2019.02.26-10.42.04:019][  0]LogD3D11RHI:    1. 'Intel(R) HD Graphics 4600' (Feature Level 11_0)
[2019.02.26-10.42.04:019][  0]LogD3D11RHI:       112/0/2048 MB DedicatedVideo/DedicatedSystem/SharedSystem, Outputs:0, VendorId:0x8086
[2019.02.26-10.42.04:021][  0]LogD3D11RHI:    2. 'Microsoft Basic Render Driver' (Feature Level 11_0)
[2019.02.26-10.42.04:021][  0]LogD3D11RHI:       0/0/8122 MB DedicatedVideo/DedicatedSystem/SharedSystem, Outputs:0, VendorId:0x1414
[2019.02.26-10.42.04:021][  0]LogD3D11RHI: Chosen D3D11 Adapter: 0
[2019.02.26-10.42.04:028][  0]LogD3D11RHI: Creating new Direct3DDevice
[2019.02.26-10.42.04:028][  0]LogD3D11RHI:     GPU DeviceId: 0x67b1 (for the marketing name, search the web for "GPU Device Id")
[2019.02.26-10.42.04:028][  0]LogWindows: EnumDisplayDevices:
[2019.02.26-10.42.04:028][  0]LogWindows:    0. 'AMD Radeon R9 200 Series' (P:0 D:1)
[2019.02.26-10.42.04:029][  0]LogWindows:    1. 'AMD Radeon R9 200 Series' (P:1 D:1)
[2019.02.26-10.42.04:029][  0]LogWindows:    2. 'AMD Radeon R9 200 Series' (P:0 D:0)
[2019.02.26-10.42.04:030][  0]LogWindows:    3. 'AMD Radeon R9 200 Series' (P:0 D:0)
[2019.02.26-10.42.04:030][  0]LogWindows:    4. 'AMD Radeon R9 200 Series' (P:0 D:0)
[2019.02.26-10.42.04:031][  0]LogWindows:    5. 'AMD Radeon R9 200 Series' (P:0 D:0)
[2019.02.26-10.42.04:032][  0]LogWindows:    6. 'AMD Radeon R9 200 Series' (P:0 D:0)
[2019.02.26-10.42.04:032][  0]LogWindows:    7. 'AMD Radeon R9 200 Series' (P:0 D:0)
[2019.02.26-10.42.04:033][  0]LogWindows:    8. 'AMD Radeon R9 200 Series' (P:0 D:0)
[2019.02.26-10.42.04:033][  0]LogWindows:    9. 'AMD Radeon R9 200 Series' (P:0 D:0)
[2019.02.26-10.42.04:034][  0]LogWindows:    10. 'AMD Radeon R9 200 Series' (P:0 D:0)
[2019.02.26-10.42.04:034][  0]LogWindows:    11. 'AMD Radeon R9 200 Series' (P:0 D:0)
[2019.02.26-10.42.04:035][  0]LogWindows:    12. 'AMD Radeon R9 200 Series' (P:0 D:0)
[2019.02.26-10.42.04:035][  0]LogWindows:    13. 'AMD Radeon R9 200 Series' (P:0 D:0)
[2019.02.26-10.42.04:036][  0]LogWindows:    14. 'AMD Radeon R9 200 Series' (P:0 D:0)
[2019.02.26-10.42.04:036][  0]LogWindows:    15. 'AMD Radeon R9 200 Series' (P:0 D:0)
[2019.02.26-10.42.04:037][  0]LogWindows:    16. 'Intel(R) HD Graphics 4600' (P:0 D:0)
[2019.02.26-10.42.04:037][  0]LogWindows:    17. 'Intel(R) HD Graphics 4600' (P:0 D:0)
[2019.02.26-10.42.04:038][  0]LogWindows:    18. 'Intel(R) HD Graphics 4600' (P:0 D:0)
[2019.02.26-10.42.04:038][  0]LogWindows: DebugString: PrimaryIsNotTheChoosenAdapter PrimaryIsNotTheChoosenAdapter PrimaryIsNotTheChoosenAdapter FoundDriverCount:16 
[2019.02.26-10.42.04:038][  0]LogD3D11RHI:     Adapter Name: AMD Radeon R9 200 Series
[2019.02.26-10.42.04:038][  0]LogD3D11RHI:   Driver Version: Adrenalin 18.4.1 (internal:24.20.11001.5003, unified:24.20.11001.5003)
[2019.02.26-10.42.04:038][  0]LogD3D11RHI:      Driver Date: 4-25-2018
[2019.02.26-10.42.04:038][  0]LogRHI: Texture pool is 2850 MB (70% of 4072 MB)
[2019.02.26-10.42.04:130][  0]LogD3D11RHI: Async texture creation enabled
[2019.02.26-10.42.04:141][  0]LogD3D11RHI: GPU Timing Frequency: 27.000000 (Debug: 2 1)
[2019.02.26-10.42.04:436][  0]LogTemp: Display: Loaded TP WindowsClientTargetPlatform
[2019.02.26-10.42.04:447][  0]LogTemp: Display: Loaded TP WindowsNoEditorTargetPlatform
[2019.02.26-10.42.04:459][  0]LogTemp: Display: Loaded TP WindowsServerTargetPlatform
[2019.02.26-10.42.04:464][  0]LogTemp: Display: Loaded TP WindowsTargetPlatform
[2019.02.26-10.42.04:464][  0]LogTargetPlatformManager: Display: Building Assets For Windows
[2019.02.26-10.42.04:541][  0]LogShaderCompilers: Guid format shader working directory is 3 characters bigger than the processId version (F:/SCAD/ITGM studio2/humanStuff/MyProject3/Intermediate/Shaders/WorkingDirectory/16740/).
[2019.02.26-10.42.04:541][  0]LogShaderCompilers: Cleaned the shader compiler working directory 'C:/Users/gretc/AppData/Local/Temp/UnrealShaderWorkingDir/098DFBBE470C28D3D52A9D933775AD5D/'.
[2019.02.26-10.42.04:542][  0]LogXGEController: Cannot use XGE Controller as Incredibuild is not installed on this machine.
[2019.02.26-10.42.04:542][  0]LogShaderCompilers: Cannot use XGE Shader Compiler as Incredibuild is not installed on this machine.
[2019.02.26-10.42.04:542][  0]LogShaderCompilers: Display: Using Local Shader Compiler.
[2019.02.26-10.42.05:043][  0]LogDerivedDataCache: Display: Max Cache Size: 512 MB
[2019.02.26-10.42.05:098][  0]LogDerivedDataCache: Loaded boot cache 0.06s 71MB C:/Users/gretc/AppData/Local/UnrealEngine/4.21/DerivedDataCache/Boot.ddc.
[2019.02.26-10.42.05:098][  0]LogDerivedDataCache: Display: Loaded Boot cache: C:/Users/gretc/AppData/Local/UnrealEngine/4.21/DerivedDataCache/Boot.ddc
[2019.02.26-10.42.05:098][  0]LogDerivedDataCache: FDerivedDataBackendGraph:  Pak pak cache file F:/SCAD/ITGM studio2/humanStuff/MyProject3/DerivedDataCache/DDC.ddp not found, will not use a pak cache.
[2019.02.26-10.42.05:098][  0]LogDerivedDataCache: Unable to find inner node Pak for hierarchical cache Hierarchy.
[2019.02.26-10.42.05:098][  0]LogDerivedDataCache: FDerivedDataBackendGraph:  CompressedPak pak cache file F:/SCAD/ITGM studio2/humanStuff/MyProject3/DerivedDataCache/Compressed.ddp not found, will not use a pak cache.
[2019.02.26-10.42.05:098][  0]LogDerivedDataCache: Unable to find inner node CompressedPak for hierarchical cache Hierarchy.
[2019.02.26-10.42.05:110][  0]LogDerivedDataCache: Display: Pak cache opened for reading ../../../Engine/DerivedDataCache/Compressed.ddp.
[2019.02.26-10.42.05:110][  0]LogDerivedDataCache: FDerivedDataBackendGraph:  EnterprisePak pak cache file ../../../Enterprise/DerivedDataCache/Compressed.ddp not found, will not use a pak cache.
[2019.02.26-10.42.05:110][  0]LogDerivedDataCache: Unable to find inner node EnterprisePak for hierarchical cache Hierarchy.
[2019.02.26-10.42.05:124][  0]LogDerivedDataCache: Using Local data cache path C:/Users/gretc/AppData/Local/UnrealEngine/Common/DerivedDataCache: Writable
[2019.02.26-10.42.05:124][  0]LogDerivedDataCache: Shared data cache path not found in *engine.ini, will not use an Shared cache.
[2019.02.26-10.42.05:124][  0]LogDerivedDataCache: Unable to find inner node Shared for hierarchical cache Hierarchy.
[2019.02.26-10.42.05:144][  0]LogMaterial: Verifying Global Shaders for PCD3D_SM5
[2019.02.26-10.42.05:145][  0]LogSlate: Using FreeType 2.6.0
[2019.02.26-10.42.05:146][  0]LogSlate: SlateFontServices - WITH_FREETYPE: 1, WITH_HARFBUZZ: 1
[2019.02.26-10.42.05:266][  0]LogInit: Using OS detected language (en-US).
[2019.02.26-10.42.05:266][  0]LogInit: Using OS detected locale (en-US).
[2019.02.26-10.42.05:266][  0]LogTextLocalizationManager: No localization for 'en-US' exists, so 'en' will be used for the language.
[2019.02.26-10.42.05:266][  0]LogTextLocalizationManager: No localization for 'en-US' exists, so 'en' will be used for the locale.
[2019.02.26-10.42.05:267][  0]LogSlate: FontCache flush requested. Reason: Culture for localization was changed
[2019.02.26-10.42.05:267][  0]LogSlate: FontCache flush requested. Reason: Culture for localization was changed
[2019.02.26-10.42.05:568][  0]LogStreaming: Display: Took  0.301s to InitGameTextLocalization.
[2019.02.26-10.42.05:573][  0]LogAssetRegistry: FAssetRegistry took 0.0035 seconds to start up
[2019.02.26-10.42.05:757][  0]LogPackageLocalizationCache: Processed 11 localized package path(s) for 1 prioritized culture(s) in 0.012429 seconds
[2019.02.26-10.42.05:851][  0]LogInit: Selected Device Profile: [Windows]
[2019.02.26-10.42.05:915][  0]LogSimplygon: Simplygon DLL not present - disabling.
[2019.02.26-10.42.05:918][  0]LogMeshReduction: Using SimplygonSwarm for distributed automatic mesh merging
[2019.02.26-10.42.05:918][  0]LogMeshReduction: Using ProxyLODMeshReduction for automatic mesh merging
[2019.02.26-10.42.05:919][  0]LogMeshReduction: Using QuadricMeshReduction for automatic static mesh reduction
[2019.02.26-10.42.05:919][  0]LogMeshReduction: No automatic skeletal mesh reduction module available
[2019.02.26-10.42.06:004][  0]LogNetVersion: HumanStuff 1.0.0, NetCL: 4541578, EngineNetVer: 5, GameNetVer: 0 (Checksum: 1645013271)
[2019.02.26-10.42.06:580][  0]LogMoviePlayer: Initializing movie player
[2019.02.26-10.42.06:691][  0]LogTcpMessaging: Initializing TcpMessaging bridge
[2019.02.26-10.42.06:703][  0]LogUdpMessaging: Initializing bridge on interface 0.0.0.0:0 to multicast group 230.0.0.1:6666.
[2019.02.26-10.42.06:794][  0]SourceControl: Source control is disabled
[2019.02.26-10.42.06:794][  0]SourceControl: Source control is disabled
[2019.02.26-10.42.06:795][  0]SourceControl: Source control is disabled
[2019.02.26-10.42.06:940][  0]LogAndroidPermission: UAndroidPermissionCallbackProxy::GetInstance
[2019.02.26-10.42.07:078][  0]LogOcInput: OculusInput pre-init called
[2019.02.26-10.42.07:085][  0]LogUObjectArray: 43226 objects as part of root set at end of initial load.
[2019.02.26-10.42.07:085][  0]LogUObjectAllocator: 7590216 out of 0 bytes used by permanent object pool.
[2019.02.26-10.42.07:085][  0]LogUObjectArray: CloseDisregardForGC: 0/0 objects in disregard for GC pool
[2019.02.26-10.42.07:205][  0]LogEngine: Initializing Engine...
[2019.02.26-10.42.07:206][  0]LogHMD: Failed to initialize OpenVR with code 110
[2019.02.26-10.42.07:218][  0]LogStats: UGameplayTagsManager::ConstructGameplayTagTree: ImportINI prefixes -  0.000 s
[2019.02.26-10.42.07:218][  0]LogStats: UGameplayTagsManager::ConstructGameplayTagTree: Construct from data asset -  0.000 s
[2019.02.26-10.42.07:218][  0]LogStats: UGameplayTagsManager::ConstructGameplayTagTree: ImportINI -  0.000 s
[2019.02.26-10.42.07:218][  0]LogStats: UGameplayTagsManager::ConstructGameplayTagTree: GameplayTagTreeChangedEvent.Broadcast -  0.000 s
[2019.02.26-10.42.07:383][  0]LogInit: Initializing FReadOnlyCVARCache
[2019.02.26-10.42.07:414][  0]LogInit: XAudio2 using 'Headset Earphone (Razer Kraken 7.1 Chroma)' : 2 channels at 48 kHz using 16 bits per sample (channel mask 0x3)
[2019.02.26-10.42.07:465][  0]LogInit: FAudioDevice initialized.
[2019.02.26-10.42.07:477][  0]LogNetVersion: Set ProjectVersion to 1.0.0.0. Version Checksum will be recalculated on next use.
[2019.02.26-10.42.07:477][  0]LogInit: Texture streaming: Enabled
[2019.02.26-10.42.07:619][  0]LogSlate: Updating window title bar state: overlay mode, drag disabled, window buttons hidden, title bar hidden
[2019.02.26-10.42.07:619][  0]LogInit: Display: Game Engine Initialized.
[2019.02.26-10.42.07:619][  0]LogGameplayTags: Display: UGameplayTagsManager::DoneAddingNativeTags. DelegateIsBound: 0
[2019.02.26-10.42.07:619][  0]LogStats: UGameplayTagsManager::ConstructGameplayTagTree: ImportINI prefixes -  0.000 s
[2019.02.26-10.42.07:619][  0]LogStats: UGameplayTagsManager::ConstructGameplayTagTree: Construct from data asset -  0.000 s
[2019.02.26-10.42.07:619][  0]LogStats: UGameplayTagsManager::ConstructGameplayTagTree: ImportINI -  0.000 s
[2019.02.26-10.42.07:619][  0]LogStats: UGameplayTagsManager::ConstructGameplayTagTree: GameplayTagTreeChangedEvent.Broadcast -  0.000 s
[2019.02.26-10.42.07:644][  0]LogInit: Display: Starting Game.
[2019.02.26-10.42.07:644][  0]LogNet: Browse: /Game/StarterContent/Maps/Minimal_Default_2?Name=Player
[2019.02.26-10.42.07:644][  0]LogLoad: LoadMap: /Game/StarterContent/Maps/Minimal_Default_2?Name=Player
[2019.02.26-10.42.09:214][  0]LoadErrors: Warning: hs_concreteBumper Min LOD value of 1 is out of range 0..0 and has been adjusted to 0. Please verify and resave the asset.
[2019.02.26-10.42.09:219][  0]LoadErrors: Warning: hs_parkingMedian Min LOD value of 1 is out of range 0..0 and has been adjusted to 0. Please verify and resave the asset.
[2019.02.26-10.42.09:221][  0]LoadErrors: Warning: hs_lampTree Min LOD value of 1 is out of range 0..0 and has been adjusted to 0. Please verify and resave the asset.
[2019.02.26-10.42.09:223][  0]LoadErrors: Warning: hs_groundPlane Min LOD value of 1 is out of range 0..0 and has been adjusted to 0. Please verify and resave the asset.
[2019.02.26-10.42.09:224][  0]LoadErrors: Warning: skybox2 Min LOD value of 1 is out of range 0..0 and has been adjusted to 0. Please verify and resave the asset.
[2019.02.26-10.42.09:225][  0]LoadErrors: Warning: shelves Min LOD value of 1 is out of range 0..0 and has been adjusted to 0. Please verify and resave the asset.
[2019.02.26-10.42.09:259][  0]LoadErrors: Warning: hs_cake Min LOD value of 1 is out of range 0..0 and has been adjusted to 0. Please verify and resave the asset.
[2019.02.26-10.42.09:260][  0]LoadErrors: Warning: hs_bomb Min LOD value of 1 is out of range 0..0 and has been adjusted to 0. Please verify and resave the asset.
[2019.02.26-10.42.09:442][  0]LogAIModule: Creating AISystem for world Minimal_Default_2
[2019.02.26-10.42.09:442][  0]LogLoad: Game class is 'GameModeBase'
[2019.02.26-10.42.09:454][  0]LogWorld: Bringing World /Game/StarterContent/Maps/Minimal_Default_2.Minimal_Default_2 up for play (max tick rate 0) at 2019.02.26-05.42.09
[2019.02.26-10.42.09:454][  0]LogSlate: New Slate User Created.  User Index 8, Is Virtual User: 1
[2019.02.26-10.42.09:454][  0]LogSlate: Slate User Registered.  User Index 8, Is Virtual User: 1
[2019.02.26-10.42.09:455][  0]LogWorld: Bringing up level for play took: 0.011873
[2019.02.26-10.42.09:455][  0]LogGameMode: FindPlayerStart: PATHS NOT DEFINED or NO PLAYERSTART with positive rating
[2019.02.26-10.42.09:458][  0]LogBlueprintUserMessages: Warning: SetTimer passed a bad function (TimeFunctionTick) or object (MotionControllerPawn_2)
[2019.02.26-10.42.09:458][  0]LogBlueprintUserMessages: [MotionControllerPawn_2] 















Make_Hands
[2019.02.26-10.42.09:460][  0]LogBlueprintUserMessages: [MotionControllerPawn_2] 









Left
[2019.02.26-10.42.09:461][  0]LogBlueprintUserMessages: [MotionControllerPawn_2] 











Right
[2019.02.26-10.42.09:461][  0]LogLoad: Took 1.817421 seconds to LoadMap(/Game/StarterContent/Maps/Minimal_Default_2)
[2019.02.26-10.42.09:524][  0]LogRenderer: Reallocating scene render targets to support 1280x720 Format 26 NumSamples 1 (Frame:1).
[2019.02.26-10.42.09:524][  0]LogLoad: (Engine Initialization) Total time: 8.95 seconds
[2019.02.26-10.42.09:524][  0]LogLoad: (Engine Initialization) Total Blueprint compile time: 0.00 seconds
[2019.02.26-10.42.09:565][  0]LogWindowsTextInputMethodSystem: Display: IME system now deactivated.
[2019.02.26-10.42.09:568][  0]LogContentStreaming: Texture pool size now 1000 MB
[2019.02.26-10.42.10:561][ 57]LogBlueprintUserMessages: [MotionControllerPawn_2] 109
[2019.02.26-10.42.10:577][ 58]LogScript: Warning: Accessed None trying to read property ScanVar
	Spawner_C /Game/StarterContent/Maps/Minimal_Default_2.Minimal_Default_2:PersistentLevel.Spawner_2
	Function /Game/Blueprints/Spawner.Spawner_C:ExecuteUbergraph_Spawner:0F0C
[2019.02.26-10.42.10:577][ 58]LogScript: Warning: Script call stack:
	Function /Game/Blueprints/Spawner.Spawner_C:SpawnItem
	Function /Game/Blueprints/Spawner.Spawner_C:ExecuteUbergraph_Spawner

[2019.02.26-10.42.11:771][132]LogBlueprintUserMessages: [MotionControllerPawn_2] 108
[2019.02.26-10.42.12:980][207]LogBlueprintUserMessages: [MotionControllerPawn_2] 107
[2019.02.26-10.42.14:191][282]LogBlueprintUserMessages: [MotionControllerPawn_2] 106
[2019.02.26-10.42.15:400][357]LogBlueprintUserMessages: [MotionControllerPawn_2] 105
[2019.02.26-10.42.18:439][429]LogScript: Warning: Runaway loop detected (over 1,000,000 iterations) - see log for stack trace
	BabyCarts_C /Game/StarterContent/Maps/Minimal_Default_2.Minimal_Default_2:PersistentLevel.BabyCarts_C_0
	Function /Game/Blueprints/BabyCarts.BabyCarts_C:ExecuteUbergraph_BabyCarts:001E
[2019.02.26-10.42.18:439][429]LogScript: Warning: Script call stack:
	Function /Game/Blueprints/BabyCarts.BabyCarts_C:ExecuteUbergraph_BabyCarts
	Function /Game/Blueprints/BabyCarts.BabyCarts_C:AddAlien
	Function /Game/Blueprints/BabyCarts.BabyCarts_C:ExecuteUbergraph_BabyCarts

[2019.02.26-10.42.20:435][429]LogScript: Warning: Runaway loop detected (over 1,000,000 iterations) - see log for stack trace
	BabyCarts_C /Game/StarterContent/Maps/Minimal_Default_2.Minimal_Default_2:PersistentLevel.BabyCarts_C_1
	Function /Game/Blueprints/BabyCarts.BabyCarts_C:ExecuteUbergraph_BabyCarts:001E
[2019.02.26-10.42.20:435][429]LogScript: Warning: Script call stack:
	Function /Game/Blueprints/BabyCarts.BabyCarts_C:ExecuteUbergraph_BabyCarts
	Function /Game/Blueprints/BabyCarts.BabyCarts_C:AddAlien
	Function /Game/Blueprints/BabyCarts.BabyCarts_C:ExecuteUbergraph_BabyCarts

[2019.02.26-10.42.20:439][430]LogBlueprintUserMessages: [MotionControllerPawn_2] 104
[2019.02.26-10.42.20:512][430]LogAudio: Warning: Waited 71.262497ms for audio thread.
[2019.02.26-10.42.20:548][430]LogAudio: Warning: Waited 107.261360ms for audio thread.
[2019.02.26-10.42.20:584][430]LogAudio: Warning: Waited 143.249695ms for audio thread.
[2019.02.26-10.42.20:620][430]LogAudio: Warning: Waited 179.235977ms for audio thread.
[2019.02.26-10.42.20:656][430]LogAudio: Warning: Waited 215.212891ms for audio thread.
[2019.02.26-10.42.20:692][430]LogAudio: Warning: Waited 251.205627ms for audio thread.
[2019.02.26-10.42.20:728][430]LogAudio: Warning: Waited 287.229065ms for audio thread.
[2019.02.26-10.42.20:764][430]LogAudio: Warning: Waited 323.188416ms for audio thread.
[2019.02.26-10.42.20:800][430]LogAudio: Warning: Waited 359.202515ms for audio thread.
[2019.02.26-10.42.20:836][430]LogAudio: Warning: Waited 395.175293ms for audio thread.
[2019.02.26-10.42.20:872][430]LogAudio: Warning: Waited 431.149902ms for audio thread.
[2019.02.26-10.42.20:908][430]LogAudio: Warning: Waited 467.148193ms for audio thread.
[2019.02.26-10.42.20:944][430]LogAudio: Warning: Waited 503.126862ms for audio thread.
[2019.02.26-10.42.20:980][430]LogAudio: Warning: Waited 539.114868ms for audio thread.
[2019.02.26-10.42.21:016][430]LogAudio: Warning: Waited 575.118103ms for audio thread.
[2019.02.26-10.42.21:052][430]LogAudio: Warning: Waited 611.121399ms for audio thread.
[2019.02.26-10.42.21:088][430]LogAudio: Warning: Waited 647.094238ms for audio thread.
[2019.02.26-10.42.21:124][430]LogAudio: Warning: Waited 683.095459ms for audio thread.
[2019.02.26-10.42.21:160][430]LogAudio: Warning: Waited 719.081116ms for audio thread.
[2019.02.26-10.42.21:196][430]LogAudio: Warning: Waited 755.059570ms for audio thread.
[2019.02.26-10.42.21:232][430]LogAudio: Warning: Waited 791.049622ms for audio thread.
[2019.02.26-10.42.21:268][430]LogAudio: Warning: Waited 827.028259ms for audio thread.
[2019.02.26-10.42.21:304][430]LogAudio: Warning: Waited 863.062256ms for audio thread.
[2019.02.26-10.42.21:340][430]LogAudio: Warning: Waited 899.002319ms for audio thread.
[2019.02.26-10.42.21:376][430]LogAudio: Warning: Waited 934.992981ms for audio thread.
[2019.02.26-10.42.21:412][430]LogAudio: Warning: Waited 970.981873ms for audio thread.
[2019.02.26-10.42.21:448][430]LogAudio: Warning: Waited 1006.969910ms for audio thread.
[2019.02.26-10.42.21:484][430]LogAudio: Warning: Waited 1042.959106ms for audio thread.
[2019.02.26-10.42.21:520][430]LogAudio: Warning: Waited 1078.946777ms for audio thread.
[2019.02.26-10.42.21:556][430]LogAudio: Warning: Waited 1114.958618ms for audio thread.
[2019.02.26-10.42.21:592][430]LogAudio: Warning: Waited 1150.945801ms for audio thread.
[2019.02.26-10.42.21:628][430]LogAudio: Warning: Waited 1186.914185ms for audio thread.
[2019.02.26-10.42.21:664][430]LogAudio: Warning: Waited 1222.903931ms for audio thread.
[2019.02.26-10.42.21:700][430]LogAudio: Warning: Waited 1258.928711ms for audio thread.
[2019.02.26-10.42.21:736][430]LogAudio: Warning: Waited 1294.884766ms for audio thread.
[2019.02.26-10.42.21:772][430]LogAudio: Warning: Waited 1330.877563ms for audio thread.
[2019.02.26-10.42.21:808][430]LogAudio: Warning: Waited 1366.886841ms for audio thread.
[2019.02.26-10.42.21:844][430]LogAudio: Warning: Waited 1402.839233ms for audio thread.
[2019.02.26-10.42.21:880][430]LogAudio: Warning: Waited 1438.847778ms for audio thread.
[2019.02.26-10.42.21:916][430]LogAudio: Warning: Waited 1474.819092ms for audio thread.
[2019.02.26-10.42.21:952][430]LogAudio: Warning: Waited 1510.851440ms for audio thread.
[2019.02.26-10.42.21:988][430]LogAudio: Warning: Waited 1546.807983ms for audio thread.
[2019.02.26-10.42.22:024][430]LogAudio: Warning: Waited 1582.816284ms for audio thread.
[2019.02.26-10.42.22:060][430]LogAudio: Warning: Waited 1618.790894ms for audio thread.
[2019.02.26-10.42.22:096][430]LogAudio: Warning: Waited 1654.772217ms for audio thread.
[2019.02.26-10.42.22:131][430]LogAudio: Warning: Waited 1690.771973ms for audio thread.
[2019.02.26-10.42.22:167][430]LogAudio: Warning: Waited 1726.754639ms for audio thread.
[2019.02.26-10.42.22:202][430]LogAudio: Warning: Waited 1761.739868ms for audio thread.
[2019.02.26-10.42.22:238][430]LogAudio: Warning: Waited 1797.726074ms for audio thread.
[2019.02.26-10.42.22:274][430]LogAudio: Warning: Waited 1833.721191ms for audio thread.
[2019.02.26-10.42.22:310][430]LogAudio: Warning: Waited 1869.724121ms for audio thread.
[2019.02.26-10.42.22:346][430]LogAudio: Warning: Waited 1905.744507ms for audio thread.
[2019.02.26-10.42.22:382][430]LogAudio: Warning: Waited 1941.668579ms for audio thread.
[2019.02.26-10.42.22:418][430]LogAudio: Warning: Waited 1977.723633ms for audio thread.
[2019.02.26-10.42.22:454][430]LogAudio: Warning: Waited 2013.655151ms for audio thread.
[2019.02.26-10.42.22:490][430]LogAudio: Warning: Waited 2049.645264ms for audio thread.
[2019.02.26-10.42.22:526][430]LogAudio: Warning: Waited 2085.737549ms for audio thread.
[2019.02.26-10.42.22:562][430]LogAudio: Warning: Waited 2121.635498ms for audio thread.
[2019.02.26-10.42.22:598][430]LogAudio: Warning: Waited 2157.696045ms for audio thread.
[2019.02.26-10.42.22:634][430]LogAudio: Warning: Waited 2193.629395ms for audio thread.
[2019.02.26-10.42.22:670][430]LogAudio: Warning: Waited 2229.586426ms for audio thread.
[2019.02.26-10.42.22:706][430]LogAudio: Warning: Waited 2265.563965ms for audio thread.
[2019.02.26-10.42.22:742][430]LogAudio: Warning: Waited 2301.567383ms for audio thread.
[2019.02.26-10.42.22:778][430]LogAudio: Warning: Waited 2337.541992ms for audio thread.
[2019.02.26-10.42.22:814][430]LogAudio: Warning: Waited 2373.562012ms for audio thread.
[2019.02.26-10.42.22:850][430]LogAudio: Warning: Waited 2409.551025ms for audio thread.
[2019.02.26-10.42.22:886][430]LogAudio: Warning: Waited 2445.520020ms for audio thread.
[2019.02.26-10.42.22:922][430]LogAudio: Warning: Waited 2481.515137ms for audio thread.
[2019.02.26-10.42.22:958][430]LogAudio: Warning: Waited 2517.509521ms for audio thread.
[2019.02.26-10.42.22:994][430]LogAudio: Warning: Waited 2553.492920ms for audio thread.
[2019.02.26-10.42.23:030][430]LogAudio: Warning: Waited 2589.476318ms for audio thread.
[2019.02.26-10.42.23:066][430]LogAudio: Warning: Waited 2625.449219ms for audio thread.
[2019.02.26-10.42.23:102][430]LogAudio: Warning: Waited 2661.438721ms for audio thread.
[2019.02.26-10.42.23:138][430]LogAudio: Warning: Waited 2697.451416ms for audio thread.
[2019.02.26-10.42.23:174][430]LogAudio: Warning: Waited 2733.415771ms for audio thread.
[2019.02.26-10.42.23:210][430]LogAudio: Warning: Waited 2769.427246ms for audio thread.
[2019.02.26-10.42.23:246][430]LogAudio: Warning: Waited 2805.405762ms for audio thread.
[2019.02.26-10.42.23:282][430]LogAudio: Warning: Waited 2841.382080ms for audio thread.
[2019.02.26-10.42.23:318][430]LogAudio: Warning: Waited 2877.374756ms for audio thread.
[2019.02.26-10.42.23:354][430]LogAudio: Warning: Waited 2913.406250ms for audio thread.
[2019.02.26-10.42.23:390][430]LogAudio: Warning: Waited 2949.352295ms for audio thread.
[2019.02.26-10.42.23:426][430]LogAudio: Warning: Waited 2985.337646ms for audio thread.
[2019.02.26-10.42.23:462][430]LogAudio: Warning: Waited 3021.323486ms for audio thread.
[2019.02.26-10.42.23:498][430]LogAudio: Warning: Waited 3057.321045ms for audio thread.
[2019.02.26-10.42.23:534][430]LogAudio: Warning: Waited 3093.324951ms for audio thread.
[2019.02.26-10.42.23:570][430]LogAudio: Warning: Waited 3129.291748ms for audio thread.
[2019.02.26-10.42.23:606][430]LogAudio: Warning: Waited 3165.298828ms for audio thread.
[2019.02.26-10.42.23:642][430]LogAudio: Warning: Waited 3201.268066ms for audio thread.
[2019.02.26-10.42.23:678][430]LogAudio: Warning: Waited 3237.260498ms for audio thread.
[2019.02.26-10.42.23:714][430]LogAudio: Warning: Waited 3273.253418ms for audio thread.
[2019.02.26-10.42.23:750][430]LogAudio: Warning: Waited 3309.251953ms for audio thread.
[2019.02.26-10.42.23:786][430]LogAudio: Warning: Waited 3345.239990ms for audio thread.
[2019.02.26-10.42.23:822][430]LogAudio: Warning: Waited 3381.214111ms for audio thread.
[2019.02.26-10.42.23:858][430]LogAudio: Warning: Waited 3417.237549ms for audio thread.
[2019.02.26-10.42.23:894][430]LogAudio: Warning: Waited 3453.189697ms for audio thread.
[2019.02.26-10.42.23:930][430]LogAudio: Warning: Waited 3489.201172ms for audio thread.
[2019.02.26-10.42.23:966][430]LogAudio: Warning: Waited 3525.165039ms for audio thread.
[2019.02.26-10.42.24:002][430]LogAudio: Warning: Waited 3561.166504ms for audio thread.
[2019.02.26-10.42.24:038][430]LogAudio: Warning: Waited 3597.143799ms for audio thread.
[2019.02.26-10.42.24:074][430]LogAudio: Warning: Waited 3633.211182ms for audio thread.
[2019.02.26-10.42.24:110][430]LogAudio: Warning: Waited 3669.131348ms for audio thread.
[2019.02.26-10.42.24:146][430]LogAudio: Warning: Waited 3705.115479ms for audio thread.
[2019.02.26-10.42.24:182][430]LogAudio: Warning: Waited 3741.113525ms for audio thread.
[2019.02.26-10.42.24:218][430]LogAudio: Warning: Waited 3777.097412ms for audio thread.
[2019.02.26-10.42.24:254][430]LogAudio: Warning: Waited 3813.106201ms for audio thread.
[2019.02.26-10.42.24:290][430]LogAudio: Warning: Waited 3849.075684ms for audio thread.
[2019.02.26-10.42.24:326][430]LogAudio: Warning: Waited 3885.079102ms for audio thread.
[2019.02.26-10.42.24:362][430]LogAudio: Warning: Waited 3921.085938ms for audio thread.
[2019.02.26-10.42.24:398][430]LogAudio: Warning: Waited 3957.041260ms for audio thread.
[2019.02.26-10.42.24:434][430]LogAudio: Warning: Waited 3993.027588ms for audio thread.
[2019.02.26-10.42.24:470][430]LogAudio: Warning: Waited 4029.030273ms for audio thread.
[2019.02.26-10.42.24:506][430]LogAudio: Warning: Waited 4065.012451ms for audio thread.
[2019.02.26-10.42.24:542][430]LogAudio: Warning: Waited 4100.994141ms for audio thread.
[2019.02.26-10.42.24:578][430]LogAudio: Warning: Waited 4137.028320ms for audio thread.
[2019.02.26-10.42.24:614][430]LogAudio: Warning: Waited 4173.001465ms for audio thread.
[2019.02.26-10.42.24:650][430]LogAudio: Warning: Waited 4208.969727ms for audio thread.
[2019.02.26-10.42.24:686][430]LogAudio: Warning: Waited 4244.965820ms for audio thread.
[2019.02.26-10.42.24:722][430]LogAudio: Warning: Waited 4280.956543ms for audio thread.
[2019.02.26-10.42.24:758][430]LogAudio: Warning: Waited 4316.934570ms for audio thread.
[2019.02.26-10.42.24:794][430]LogAudio: Warning: Waited 4352.935059ms for audio thread.
[2019.02.26-10.42.24:830][430]LogAudio: Warning: Waited 4388.903320ms for audio thread.
[2019.02.26-10.42.24:866][430]LogAudio: Warning: Waited 4424.981934ms for audio thread.
[2019.02.26-10.42.24:902][430]LogAudio: Warning: Waited 4460.905273ms for audio thread.
[2019.02.26-10.42.24:938][430]LogAudio: Warning: Waited 4496.868164ms for audio thread.
[2019.02.26-10.42.24:974][430]LogAudio: Warning: Waited 4532.866211ms for audio thread.
[2019.02.26-10.42.25:010][430]LogAudio: Warning: Waited 4568.845215ms for audio thread.
[2019.02.26-10.42.25:046][430]LogAudio: Warning: Waited 4604.837891ms for audio thread.
[2019.02.26-10.42.25:082][430]LogAudio: Warning: Waited 4640.845703ms for audio thread.
[2019.02.26-10.42.25:118][430]LogAudio: Warning: Waited 4676.879883ms for audio thread.
[2019.02.26-10.42.25:154][430]LogAudio: Warning: Waited 4712.806641ms for audio thread.
[2019.02.26-10.42.25:190][430]LogAudio: Warning: Waited 4748.791504ms for audio thread.
[2019.02.26-10.42.25:226][430]LogAudio: Warning: Waited 4784.781250ms for audio thread.
[2019.02.26-10.42.25:261][430]LogAudio: Warning: Waited 4820.786133ms for audio thread.
[2019.02.26-10.42.25:297][430]LogAudio: Warning: Waited 4856.762207ms for audio thread.
[2019.02.26-10.42.25:333][430]LogAudio: Warning: Waited 4892.749512ms for audio thread.
[2019.02.26-10.42.25:369][430]LogAudio: Warning: Waited 4928.747070ms for audio thread.
[2019.02.26-10.42.25:405][430]LogAudio: Warning: Waited 4964.735840ms for audio thread.
[2019.02.26-10.42.25:441][430]LogAudio: Warning: Waited 5000.708008ms for audio thread.
[2019.02.26-10.42.25:477][430]LogAudio: Warning: Waited 5036.831543ms for audio thread.
[2019.02.26-10.42.25:513][430]LogAudio: Warning: Waited 5072.728516ms for audio thread.
[2019.02.26-10.42.25:549][430]LogAudio: Warning: Waited 5108.683105ms for audio thread.
[2019.02.26-10.42.25:585][430]LogAudio: Warning: Waited 5144.666504ms for audio thread.
[2019.02.26-10.42.25:621][430]LogAudio: Warning: Waited 5180.678223ms for audio thread.
[2019.02.26-10.42.25:657][430]LogAudio: Warning: Waited 5216.636719ms for audio thread.
[2019.02.26-10.42.25:693][430]LogAudio: Warning: Waited 5252.641113ms for audio thread.
[2019.02.26-10.42.25:729][430]LogAudio: Warning: Waited 5288.610840ms for audio thread.
[2019.02.26-10.42.25:765][430]LogAudio: Warning: Waited 5324.601074ms for audio thread.
[2019.02.26-10.42.25:801][430]LogAudio: Warning: Waited 5360.594727ms for audio thread.
[2019.02.26-10.42.25:837][430]LogAudio: Warning: Waited 5396.594727ms for audio thread.
[2019.02.26-10.42.25:873][430]LogAudio: Warning: Waited 5432.569336ms for audio thread.
[2019.02.26-10.42.25:909][430]LogAudio: Warning: Waited 5468.602051ms for audio thread.
[2019.02.26-10.42.25:945][430]LogAudio: Warning: Waited 5504.553223ms for audio thread.
[2019.02.26-10.42.25:981][430]LogAudio: Warning: Waited 5540.575684ms for audio thread.
[2019.02.26-10.42.26:017][430]LogAudio: Warning: Waited 5576.522949ms for audio thread.
[2019.02.26-10.42.26:053][430]LogAudio: Warning: Waited 5612.510742ms for audio thread.
[2019.02.26-10.42.26:089][430]LogAudio: Warning: Waited 5648.525879ms for audio thread.
[2019.02.26-10.42.26:125][430]LogAudio: Warning: Waited 5684.490723ms for audio thread.
[2019.02.26-10.42.26:161][430]LogAudio: Warning: Waited 5720.512695ms for audio thread.
[2019.02.26-10.42.26:197][430]LogAudio: Warning: Waited 5756.462891ms for audio thread.
[2019.02.26-10.42.26:233][430]LogAudio: Warning: Waited 5792.452148ms for audio thread.
[2019.02.26-10.42.26:269][430]LogAudio: Warning: Waited 5828.440430ms for audio thread.
[2019.02.26-10.42.26:305][430]LogAudio: Warning: Waited 5864.474121ms for audio thread.
[2019.02.26-10.42.26:341][430]LogAudio: Warning: Waited 5900.508789ms for audio thread.
[2019.02.26-10.42.26:377][430]LogAudio: Warning: Waited 5936.428711ms for audio thread.
[2019.02.26-10.42.26:413][430]LogAudio: Warning: Waited 5972.400391ms for audio thread.
[2019.02.26-10.42.26:449][430]LogAudio: Warning: Waited 6008.389160ms for audio thread.
[2019.02.26-10.42.26:485][430]LogAudio: Warning: Waited 6044.373535ms for audio thread.
[2019.02.26-10.42.26:521][430]LogAudio: Warning: Waited 6080.367188ms for audio thread.
[2019.02.26-10.42.26:557][430]LogAudio: Warning: Waited 6116.349121ms for audio thread.
[2019.02.26-10.42.26:593][430]LogAudio: Warning: Waited 6152.336914ms for audio thread.
[2019.02.26-10.42.26:629][430]LogAudio: Warning: Waited 6188.333008ms for audio thread.
[2019.02.26-10.42.26:665][430]LogAudio: Warning: Waited 6224.322266ms for audio thread.
[2019.02.26-10.42.26:701][430]LogAudio: Warning: Waited 6260.317871ms for audio thread.
[2019.02.26-10.42.26:737][430]LogAudio: Warning: Waited 6296.292480ms for audio thread.
[2019.02.26-10.42.26:773][430]LogAudio: Warning: Waited 6332.291016ms for audio thread.
[2019.02.26-10.42.26:809][430]LogAudio: Warning: Waited 6368.279297ms for audio thread.
[2019.02.26-10.42.26:845][430]LogAudio: Warning: Waited 6404.260254ms for audio thread.
[2019.02.26-10.42.26:881][430]LogAudio: Warning: Waited 6440.274902ms for audio thread.
[2019.02.26-10.42.26:917][430]LogAudio: Warning: Waited 6476.483887ms for audio thread.
[2019.02.26-10.42.26:953][430]LogAudio: Warning: Waited 6512.239258ms for audio thread.
