Log file open, 02/26/19 04:56:24
LogWindows: Failed to load 'aqProf.dll' (GetLastError=126)
LogWindows: File 'aqProf.dll' does not exist
LogWindows: Failed to load 'VtuneApi.dll' (GetLastError=126)
LogWindows: File 'VtuneApi.dll' does not exist
LogWindows: Failed to load 'VtuneApi32e.dll' (GetLastError=126)
LogWindows: File 'VtuneApi32e.dll' does not exist
LogConsoleResponse: Display: Failed to find resolution value strings in scalability ini. Falling back to default.
LogInit: Display: Running engine for game: HumanStuff
LogPakFile: Registered encryption key '00000000000000000000000000000000': 0 pak files mounted, 0 remain pending
LogPlatformFile: Not using cached read wrapper
LogTaskGraph: Started task graph with 5 named threads and 14 total threads with 3 sets of task threads.
LogStats: Stats thread started at 0.187108
LogD3D11RHI: Loaded GFSDK_Aftermath_Lib.x64.dll
LogICUInternationalization: ICU TimeZone Detection - Raw Offset: -5:00, Platform Override: ''
LogPluginManager: Mounting plugin Paper2D
LogPluginManager: Mounting plugin AISupport
LogPluginManager: Mounting plugin LightPropagationVolume
LogPluginManager: Mounting plugin ActorLayerUtilities
LogPluginManager: Mounting plugin CLionSourceCodeAccess
LogPluginManager: Mounting plugin CodeLiteSourceCodeAccess
LogPluginManager: Mounting plugin GitSourceControl
LogPluginManager: Mounting plugin KDevelopSourceCodeAccess
LogPluginManager: Mounting plugin NullSourceCodeAccess
LogPluginManager: Mounting plugin PerforceSourceControl
LogPluginManager: Mounting plugin SubversionSourceControl
LogPluginManager: Mounting plugin UObjectPlugin
LogPluginManager: Mounting plugin VisualStudioCodeSourceCodeAccess
LogPluginManager: Mounting plugin VisualStudioSourceCodeAccess
LogPluginManager: Mounting plugin XCodeSourceCodeAccess
LogPluginManager: Mounting plugin AssetManagerEditor
LogPluginManager: Mounting plugin CryptoKeys
LogPluginManager: Mounting plugin DataValidation
LogPluginManager: Mounting plugin FacialAnimation
LogPluginManager: Mounting plugin GameplayTagsEditor
LogPluginManager: Mounting plugin MacGraphicsSwitching
LogPluginManager: Mounting plugin MeshEditor
LogPluginManager: Mounting plugin MobileLauncherProfileWizard
LogPluginManager: Mounting plugin PluginBrowser
LogPluginManager: Mounting plugin SpeedTreeImporter
LogPluginManager: Mounting plugin DatasmithContent
LogPluginManager: Mounting plugin VariantManagerContent
LogPluginManager: Mounting plugin AlembicImporter
LogPluginManager: Mounting plugin AppleImageUtils
LogPluginManager: Mounting plugin AppleVision
LogPluginManager: Mounting plugin BackChannel
LogPluginManager: Mounting plugin CharacterAI
LogPluginManager: Mounting plugin GeometryCache
LogPluginManager: Mounting plugin HTML5Networking
LogPluginManager: Mounting plugin ProxyLODPlugin
LogPluginManager: Mounting plugin MagicLeap
LogPluginManager: Mounting plugin MagicLeapMedia
LogPluginManager: Mounting plugin AndroidMedia
LogPluginManager: Mounting plugin AvfMedia
LogPluginManager: Mounting plugin ImgMedia
LogPluginManager: Mounting plugin LinearTimecode
LogPluginManager: Mounting plugin MediaCompositing
LogPluginManager: Mounting plugin MediaPlayerEditor
LogPluginManager: Mounting plugin WebMMedia
LogPluginManager: Mounting plugin WmfMedia
LogPluginManager: Mounting plugin TcpMessaging
LogPluginManager: Mounting plugin UdpMessaging
LogPluginManager: Mounting plugin ActorSequence
LogPluginManager: Mounting plugin LevelSequenceEditor
LogPluginManager: Mounting plugin MatineeToLevelSequence
LogPluginManager: Mounting plugin NetcodeUnitTest
LogPluginManager: Mounting plugin NUTUnrealEngine4
LogPluginManager: Mounting plugin OnlineSubsystemGooglePlay
LogPluginManager: Mounting plugin OnlineSubsystemIOS
LogPluginManager: Mounting plugin OnlineSubsystem
LogPluginManager: Mounting plugin OnlineSubsystemNull
LogPluginManager: Mounting plugin OnlineSubsystemUtils
LogPluginManager: Mounting plugin LauncherChunkInstaller
LogPluginManager: Mounting plugin AndroidDeviceProfileSelector
LogPluginManager: Mounting plugin AndroidMoviePlayer
LogPluginManager: Mounting plugin AndroidPermission
LogPluginManager: Mounting plugin AppleMoviePlayer
LogPluginManager: Mounting plugin ArchVisCharacter
LogPluginManager: Mounting plugin AudioCapture
LogPluginManager: Mounting plugin CableComponent
LogPluginManager: Mounting plugin CustomMeshComponent
LogPluginManager: Mounting plugin EditableMesh
LogPluginManager: Mounting plugin ExampleDeviceProfileSelector
LogPluginManager: Mounting plugin Firebase
LogPluginManager: Mounting plugin GoogleCloudMessaging
LogPluginManager: Mounting plugin IOSDeviceProfileSelector
LogPluginManager: Mounting plugin LinuxDeviceProfileSelector
LogPluginManager: Mounting plugin LocationServicesBPLibrary
LogPluginManager: Mounting plugin MobilePatchingUtils
LogPluginManager: Mounting plugin OculusVR
LogPluginManager: Mounting plugin PhysXVehicles
LogPluginManager: Mounting plugin ProceduralMeshComponent
LogPluginManager: Mounting plugin RuntimePhysXCooking
LogPluginManager: Mounting plugin SteamVR
LogPluginManager: Mounting plugin WebMMoviePlayer
LogPluginManager: Mounting plugin WindowsMoviePlayer
LogStreaming: Display: Took  0.129s to configure plugins.
LogInit: Using libcurl 7.55.1-DEV
LogInit:  - built for x86_64-pc-win32
LogInit:  - supports SSL with OpenSSL/1.0.2h
LogInit:  - supports HTTP deflate (compression) using libz 1.2.8
LogInit:  - other features:
LogInit:      CURL_VERSION_SSL
LogInit:      CURL_VERSION_LIBZ
LogInit:      CURL_VERSION_IPV6
LogInit:      CURL_VERSION_ASYNCHDNS
LogInit:      CURL_VERSION_LARGEFILE
LogInit:      CURL_VERSION_IDN
LogInit:  CurlRequestOptions (configurable via config and command line):
LogInit:  - bVerifyPeer = true  - Libcurl will verify peer certificate
LogInit:  - bUseHttpProxy = false  - Libcurl will NOT use HTTP proxy
LogInit:  - bDontReuseConnections = false  - Libcurl will reuse connections
LogInit:  - MaxHostConnections = 16  - Libcurl will limit the number of connections to a host
LogInit:  - LocalHostAddr = Default
LogInit:  - BufferSize = 65536
LogInit: WinSock: version 1.1 (2.2), MaxSocks=32767, MaxUdp=65467
LogInit: Build: ++UE4+Release-4.21-CL-4753647
LogInit: Engine Version: 4.21.2-4753647+++UE4+Release-4.21
LogInit: Compatible Engine Version: 4.21.0-4541578+++UE4+Release-4.21
LogInit: Net CL: 4541578
LogInit: OS: Windows 10 (), CPU: Intel(R) Core(TM) i5-4690K CPU @ 3.50GHz, GPU: AMD Radeon R9 200 Series
LogInit: Compiled (64-bit): Jan 19 2019 02:07:31
LogInit: Compiled with Visual C++: 19.13.26129.00
LogInit: Build Configuration: Development
LogInit: Branch Name: ++UE4+Release-4.21
LogInit: Command Line: 
LogInit: Base Directory: D:/Program Files (x86)/Unreal Engine/UE_4.21/Engine/Binaries/Win64/
LogInit: Installed Engine Build: 1
LogDevObjectVersion: Number of dev versions registered: 22
LogDevObjectVersion:   Dev-Blueprints (B0D832E4-1F89-4F0D-ACCF-7EB736FD4AA2): 10
LogDevObjectVersion:   Dev-Build (E1C64328-A22C-4D53-A36C-8E866417BD8C): 0
LogDevObjectVersion:   Dev-Core (375EC13C-06E4-48FB-B500-84F0262A717E): 2
LogDevObjectVersion:   Dev-Editor (E4B068ED-F494-42E9-A231-DA0B2E46BB41): 26
LogDevObjectVersion:   Dev-Framework (CFFC743F-43B0-4480-9391-14DF171D2073): 34
LogDevObjectVersion:   Dev-Mobile (B02B49B5-BB20-44E9-A304-32B752E40360): 2
LogDevObjectVersion:   Dev-Networking (A4E4105C-59A1-49B5-A7C5-40C4547EDFEE): 0
LogDevObjectVersion:   Dev-Online (39C831C9-5AE6-47DC-9A44-9C173E1C8E7C): 0
LogDevObjectVersion:   Dev-Physics (78F01B33-EBEA-4F98-B9B4-84EACCB95AA2): 0
LogDevObjectVersion:   Dev-Platform (6631380F-2D4D-43E0-8009-CF276956A95A): 0
LogDevObjectVersion:   Dev-Rendering (12F88B9F-8875-4AFC-A67C-D90C383ABD29): 27
LogDevObjectVersion:   Dev-Sequencer (7B5AE74C-D270-4C10-A958-57980B212A5A): 9
LogDevObjectVersion:   Dev-VR (D7296918-1DD6-4BDD-9DE2-64A83CC13884): 2
LogDevObjectVersion:   Dev-LoadTimes (C2A15278-BFE7-4AFE-6C17-90FF531DF755): 1
LogDevObjectVersion:   Private-Geometry (6EACA3D4-40EC-4CC1-B786-8BED09428FC5): 3
LogDevObjectVersion:   Dev-AnimPhys (29E575DD-E0A3-4627-9D10-D276232CDCEA): 17
LogDevObjectVersion:   Dev-Anim (AF43A65D-7FD3-4947-9873-3E8ED9C1BB05): 2
LogDevObjectVersion:   Dev-ReflectionCapture (6B266CEC-1EC7-4B8F-A30B-E4D90942FC07): 1
LogDevObjectVersion:   Dev-Automation (0DF73D61-A23F-47EA-B727-89E90C41499A): 1
LogDevObjectVersion:   FortniteMain (601D1886-AC64-4F84-AA16-D3DE0DEAC7D6): 17
LogDevObjectVersion:   Dev-Enterprise (9DFFBCD6-494F-0158-E221-12823C92A888): 4
LogDevObjectVersion:   Dev-Niagara (F2AED0AC-9AFE-416F-8664-AA7FFA26D6FC): 1
LogStreaming: Display: Took  0.151s to delete old logs.
LogInit: Presizing for max 8388607 objects, including 0 objects not considered by GC, pre-allocating 0 bytes for permanent pool.
LogInit: Object subsystem initialized
LogConfig: Setting CVar [[con.DebugEarlyDefault:1]]
LogConfig: Setting CVar [[r.setres:1280x720]]
[2019.02.26-09.56.25:245][  0]LogConfig: Setting CVar [[r.VSync:0]]
[2019.02.26-09.56.25:245][  0]LogConfig: Setting CVar [[r.RHICmdBypass:0]]
[2019.02.26-09.56.25:245][  0]LogConfig: Applying CVar settings from Section [/Script/Engine.RendererSettings] File [F:/SCAD/ITGM studio2/humanStuff/MyProject3/Saved/Config/Windows/Engine.ini]
[2019.02.26-09.56.25:245][  0]LogConfig: Setting CVar [[r.GPUCrashDebugging:0]]
[2019.02.26-09.56.25:245][  0]LogConfig: Applying CVar settings from Section [/Script/Engine.RendererOverrideSettings] File [F:/SCAD/ITGM studio2/humanStuff/MyProject3/Saved/Config/Windows/Engine.ini]
[2019.02.26-09.56.25:245][  0]LogConfig: Applying CVar settings from Section [/Script/Engine.StreamingSettings] File [F:/SCAD/ITGM studio2/humanStuff/MyProject3/Saved/Config/Windows/Engine.ini]
[2019.02.26-09.56.25:245][  0]LogConfig: Setting CVar [[s.MinBulkDataSizeForAsyncLoading:131072]]
[2019.02.26-09.56.25:245][  0]LogConfig: Setting CVar [[s.AsyncLoadingThreadEnabled:0]]
[2019.02.26-09.56.25:245][  0]LogConfig: Setting CVar [[s.EventDrivenLoaderEnabled:1]]
[2019.02.26-09.56.25:245][  0]LogConfig: Setting CVar [[s.WarnIfTimeLimitExceeded:0]]
[2019.02.26-09.56.25:245][  0]LogConfig: Setting CVar [[s.TimeLimitExceededMultiplier:1.5]]
[2019.02.26-09.56.25:245][  0]LogConfig: Setting CVar [[s.TimeLimitExceededMinTime:0.005]]
[2019.02.26-09.56.25:245][  0]LogConfig: Setting CVar [[s.UseBackgroundLevelStreaming:1]]
[2019.02.26-09.56.25:245][  0]LogConfig: Setting CVar [[s.PriorityAsyncLoadingExtraTime:15.0]]
[2019.02.26-09.56.25:245][  0]LogConfig: Setting CVar [[s.LevelStreamingActorsUpdateTimeLimit:5.0]]
[2019.02.26-09.56.25:245][  0]LogConfig: Setting CVar [[s.PriorityLevelStreamingActorsUpdateExtraTime:5.0]]
[2019.02.26-09.56.25:245][  0]LogConfig: Setting CVar [[s.LevelStreamingComponentsRegistrationGranularity:10]]
[2019.02.26-09.56.25:245][  0]LogConfig: Setting CVar [[s.UnregisterComponentsTimeLimit:1.0]]
[2019.02.26-09.56.25:245][  0]LogConfig: Setting CVar [[s.LevelStreamingComponentsUnregistrationGranularity:5]]
[2019.02.26-09.56.25:245][  0]LogConfig: Applying CVar settings from Section [/Script/Engine.GarbageCollectionSettings] File [F:/SCAD/ITGM studio2/humanStuff/MyProject3/Saved/Config/Windows/Engine.ini]
[2019.02.26-09.56.25:245][  0]LogConfig: Setting CVar [[gc.MaxObjectsNotConsideredByGC:1]]
[2019.02.26-09.56.25:245][  0]LogConfig: Setting CVar [[gc.SizeOfPermanentObjectPool:0]]
[2019.02.26-09.56.25:245][  0]LogConfig: Setting CVar [[gc.FlushStreamingOnGC:0]]
[2019.02.26-09.56.25:245][  0]LogConfig: Setting CVar [[gc.NumRetriesBeforeForcingGC:10]]
[2019.02.26-09.56.25:245][  0]LogConfig: Setting CVar [[gc.AllowParallelGC:1]]
[2019.02.26-09.56.25:245][  0]LogConfig: Setting CVar [[gc.TimeBetweenPurgingPendingKillObjects:61.1]]
[2019.02.26-09.56.25:245][  0]LogConfig: Setting CVar [[gc.MaxObjectsInEditor:8388607]]
[2019.02.26-09.56.25:246][  0]LogConfig: Setting CVar [[gc.IncrementalBeginDestroyEnabled:1]]
[2019.02.26-09.56.25:246][  0]LogConfig: Setting CVar [[gc.CreateGCClusters:1]]
[2019.02.26-09.56.25:246][  0]LogConfig: Setting CVar [[gc.MergeGCClusters:0]]
[2019.02.26-09.56.25:246][  0]LogConfig: Setting CVar [[gc.MinGCClusterSize:5]]
[2019.02.26-09.56.25:246][  0]LogConfig: Setting CVar [[gc.ActorClusteringEnabled:0]]
[2019.02.26-09.56.25:246][  0]LogConfig: Setting CVar [[gc.BlueprintClusteringEnabled:0]]
[2019.02.26-09.56.25:246][  0]LogConfig: Setting CVar [[gc.UseDisregardForGCOnDedicatedServers:0]]
[2019.02.26-09.56.25:246][  0]LogConfig: Applying CVar settings from Section [/Script/Engine.NetworkSettings] File [F:/SCAD/ITGM studio2/humanStuff/MyProject3/Saved/Config/Windows/Engine.ini]
[2019.02.26-09.56.25:246][  0]LogConfig: Applying CVar settings from Section [/Script/UnrealEd.CookerSettings] File [F:/SCAD/ITGM studio2/humanStuff/MyProject3/Saved/Config/Windows/Engine.ini]
[2019.02.26-09.56.25:265][  0]LogConfig: Applying CVar settings from Section [ViewDistanceQuality@3] File [F:/SCAD/ITGM studio2/humanStuff/MyProject3/Saved/Config/Windows/Scalability.ini]
[2019.02.26-09.56.25:265][  0]LogConfig: Setting CVar [[r.SkeletalMeshLODBias:0]]
[2019.02.26-09.56.25:265][  0]LogConfig: Setting CVar [[r.ViewDistanceScale:1.0]]
[2019.02.26-09.56.25:265][  0]LogConfig: Applying CVar settings from Section [AntiAliasingQuality@3] File [F:/SCAD/ITGM studio2/humanStuff/MyProject3/Saved/Config/Windows/Scalability.ini]
[2019.02.26-09.56.25:265][  0]LogConfig: Setting CVar [[r.PostProcessAAQuality:3]]
[2019.02.26-09.56.25:265][  0]LogConfig: Applying CVar settings from Section [ShadowQuality@3] File [F:/SCAD/ITGM studio2/humanStuff/MyProject3/Saved/Config/Windows/Scalability.ini]
[2019.02.26-09.56.25:265][  0]LogConfig: Setting CVar [[r.LightFunctionQuality:1]]
[2019.02.26-09.56.25:265][  0]LogConfig: Setting CVar [[r.ShadowQuality:5]]
[2019.02.26-09.56.25:265][  0]LogConfig: Setting CVar [[r.Shadow.CSM.MaxCascades:10]]
[2019.02.26-09.56.25:265][  0]LogConfig: Setting CVar [[r.Shadow.MaxResolution:2048]]
[2019.02.26-09.56.25:265][  0]LogConfig: Setting CVar [[r.Shadow.MaxCSMResolution:2048]]
[2019.02.26-09.56.25:265][  0]LogConfig: Setting CVar [[r.Shadow.RadiusThreshold:0.01]]
[2019.02.26-09.56.25:265][  0]LogConfig: Setting CVar [[r.Shadow.DistanceScale:1.0]]
[2019.02.26-09.56.25:265][  0]LogConfig: Setting CVar [[r.Shadow.CSM.TransitionScale:1.0]]
[2019.02.26-09.56.25:265][  0]LogConfig: Setting CVar [[r.Shadow.PreShadowResolutionFactor:1.0]]
[2019.02.26-09.56.25:265][  0]LogConfig: Setting CVar [[r.DistanceFieldShadowing:1]]
[2019.02.26-09.56.25:265][  0]LogConfig: Setting CVar [[r.DistanceFieldAO:1]]
[2019.02.26-09.56.25:265][  0]LogConfig: Setting CVar [[r.AOQuality:2]]
[2019.02.26-09.56.25:265][  0]LogConfig: Setting CVar [[r.VolumetricFog:1]]
[2019.02.26-09.56.25:265][  0]LogConfig: Setting CVar [[r.VolumetricFog.GridPixelSize:8]]
[2019.02.26-09.56.25:265][  0]LogConfig: Setting CVar [[r.VolumetricFog.GridSizeZ:128]]
[2019.02.26-09.56.25:265][  0]LogConfig: Setting CVar [[r.VolumetricFog.HistoryMissSupersampleCount:4]]
[2019.02.26-09.56.25:265][  0]LogConfig: Setting CVar [[r.LightMaxDrawDistanceScale:1]]
[2019.02.26-09.56.25:265][  0]LogConfig: Setting CVar [[r.CapsuleShadows:1]]
[2019.02.26-09.56.25:265][  0]LogConfig: Applying CVar settings from Section [PostProcessQuality@3] File [F:/SCAD/ITGM studio2/humanStuff/MyProject3/Saved/Config/Windows/Scalability.ini]
[2019.02.26-09.56.25:265][  0]LogConfig: Setting CVar [[r.MotionBlurQuality:0]]
[2019.02.26-09.56.25:265][  0]LogConfig: Setting CVar [[r.AmbientOcclusionMipLevelFactor:0.4]]
[2019.02.26-09.56.25:265][  0]LogConfig: Setting CVar [[r.AmbientOcclusionMaxQuality:100]]
[2019.02.26-09.56.25:265][  0]LogConfig: Setting CVar [[r.AmbientOcclusionLevels:0]]
[2019.02.26-09.56.25:265][  0]LogConfig: Setting CVar [[r.AmbientOcclusionRadiusScale:1.0]]
[2019.02.26-09.56.25:265][  0]LogConfig: Setting CVar [[r.DepthOfFieldQuality:0]]
[2019.02.26-09.56.25:265][  0]LogConfig: Setting CVar [[r.RenderTargetPoolMin:400]]
[2019.02.26-09.56.25:265][  0]LogConfig: Setting CVar [[r.LensFlareQuality:0]]
[2019.02.26-09.56.25:265][  0]LogConfig: Setting CVar [[r.SceneColorFringeQuality:0]]
[2019.02.26-09.56.25:265][  0]LogConfig: Setting CVar [[r.EyeAdaptationQuality:2]]
[2019.02.26-09.56.25:265][  0]LogConfig: Setting CVar [[r.BloomQuality:1]]
[2019.02.26-09.56.25:265][  0]LogConfig: Setting CVar [[r.FastBlurThreshold:0]]
[2019.02.26-09.56.25:265][  0]LogConfig: Setting CVar [[r.Upscale.Quality:3]]
[2019.02.26-09.56.25:265][  0]LogConfig: Setting CVar [[r.Tonemapper.GrainQuantization:1]]
[2019.02.26-09.56.25:265][  0]LogConfig: Setting CVar [[r.LightShaftQuality:1]]
[2019.02.26-09.56.25:265][  0]LogConfig: Setting CVar [[r.Filter.SizeScale:1]]
[2019.02.26-09.56.25:265][  0]LogConfig: Setting CVar [[r.Tonemapper.Quality:5]]
[2019.02.26-09.56.25:265][  0]LogConfig: Setting CVar [[r.DOF.Gather.AccumulatorQuality:1        ; higher gathering accumulator quality]]
[2019.02.26-09.56.25:265][  0]LogConfig: Setting CVar [[r.DOF.Gather.PostfilterMethod:1          ; Median3x3 postfilering method]]
[2019.02.26-09.56.25:265][  0]LogConfig: Setting CVar [[r.DOF.Gather.EnableBokehSettings:0       ; no bokeh simulation when gathering]]
[2019.02.26-09.56.25:265][  0]LogConfig: Setting CVar [[r.DOF.Gather.RingCount:4                 ; medium number of samples when gathering]]
[2019.02.26-09.56.25:265][  0]LogConfig: Setting CVar [[r.DOF.Scatter.ForegroundCompositing:1    ; additive foreground scattering]]
[2019.02.26-09.56.25:265][  0]LogConfig: Setting CVar [[r.DOF.Scatter.BackgroundCompositing:2    ; additive background scattering]]
[2019.02.26-09.56.25:265][  0]LogConfig: Setting CVar [[r.DOF.Scatter.EnableBokehSettings:1      ; bokeh simulation when scattering]]
[2019.02.26-09.56.25:265][  0]LogConfig: Setting CVar [[r.DOF.Scatter.MaxSpriteRatio:0.1         ; only a maximum of 10% of scattered bokeh]]
[2019.02.26-09.56.25:265][  0]LogConfig: Setting CVar [[r.DOF.Recombine.Quality:1                ; cheap slight out of focus]]
[2019.02.26-09.56.25:265][  0]LogConfig: Setting CVar [[r.DOF.Recombine.EnableBokehSettings:0    ; no bokeh simulation on slight out of focus]]
[2019.02.26-09.56.25:266][  0]LogConfig: Setting CVar [[r.DOF.TemporalAAQuality:1                ; more stable temporal accumulation]]
[2019.02.26-09.56.25:266][  0]LogConfig: Setting CVar [[r.DOF.Kernel.MaxForegroundRadius:0.025]]
[2019.02.26-09.56.25:266][  0]LogConfig: Setting CVar [[r.DOF.Kernel.MaxBackgroundRadius:0.025]]
[2019.02.26-09.56.25:266][  0]LogConfig: Applying CVar settings from Section [TextureQuality@3] File [F:/SCAD/ITGM studio2/humanStuff/MyProject3/Saved/Config/Windows/Scalability.ini]
[2019.02.26-09.56.25:266][  0]LogConfig: Setting CVar [[r.Streaming.MipBias:0]]
[2019.02.26-09.56.25:266][  0]LogConfig: Setting CVar [[r.Streaming.AmortizeCPUToGPUCopy:0]]
[2019.02.26-09.56.25:266][  0]LogConfig: Setting CVar [[r.Streaming.MaxNumTexturesToStreamPerFrame:0]]
[2019.02.26-09.56.25:266][  0]LogConfig: Setting CVar [[r.Streaming.Boost:1]]
[2019.02.26-09.56.25:266][  0]LogConfig: Setting CVar [[r.MaxAnisotropy:8]]
[2019.02.26-09.56.25:266][  0]LogConfig: Setting CVar [[r.Streaming.LimitPoolSizeToVRAM:0]]
[2019.02.26-09.56.25:266][  0]LogConfig: Setting CVar [[r.Streaming.PoolSize:1000]]
[2019.02.26-09.56.25:266][  0]LogConfig: Setting CVar [[r.Streaming.MaxEffectiveScreenSize:0]]
[2019.02.26-09.56.25:266][  0]LogConfig: Applying CVar settings from Section [EffectsQuality@3] File [F:/SCAD/ITGM studio2/humanStuff/MyProject3/Saved/Config/Windows/Scalability.ini]
[2019.02.26-09.56.25:266][  0]LogConfig: Setting CVar [[r.TranslucencyLightingVolumeDim:4]]
[2019.02.26-09.56.25:266][  0]LogConfig: Setting CVar [[r.RefractionQuality:2]]
[2019.02.26-09.56.25:266][  0]LogConfig: Setting CVar [[r.SSR.Quality:0]]
[2019.02.26-09.56.25:266][  0]LogConfig: Setting CVar [[r.SceneColorFormat:2]]
[2019.02.26-09.56.25:266][  0]LogConfig: Setting CVar [[r.DetailMode:2]]
[2019.02.26-09.56.25:266][  0]LogConfig: Setting CVar [[r.TranslucencyVolumeBlur:0]]
[2019.02.26-09.56.25:266][  0]LogConfig: Setting CVar [[r.MaterialQualityLevel:1 ; High quality]]
[2019.02.26-09.56.25:266][  0]LogConfig: Setting CVar [[r.SSS.Scale:1]]
[2019.02.26-09.56.25:266][  0]LogConfig: Setting CVar [[r.SSS.SampleSet:2]]
[2019.02.26-09.56.25:266][  0]LogConfig: Setting CVar [[r.SSS.Quality:1]]
[2019.02.26-09.56.25:266][  0]LogConfig: Setting CVar [[r.SSS.HalfRes:1]]
[2019.02.26-09.56.25:266][  0]LogConfig: Setting CVar [[r.EmitterSpawnRateScale:1.0]]
[2019.02.26-09.56.25:266][  0]LogConfig: Setting CVar [[r.ParticleLightQuality:2]]
[2019.02.26-09.56.25:266][  0]LogConfig: Applying CVar settings from Section [FoliageQuality@3] File [F:/SCAD/ITGM studio2/humanStuff/MyProject3/Saved/Config/Windows/Scalability.ini]
[2019.02.26-09.56.25:266][  0]LogConfig: Setting CVar [[foliage.DensityScale:1.0]]
[2019.02.26-09.56.25:266][  0]LogConfig: Setting CVar [[grass.DensityScale:1.0]]
[2019.02.26-09.56.25:266][  0]LogInit: Selected Device Profile: [Windows]
[2019.02.26-09.56.25:266][  0]LogInit: Applying CVar settings loaded from the selected device profile: [Windows]
[2019.02.26-09.56.25:295][  0]LogHAL: Display: Platform has ~ 16 GB [17034178560 / 17179869184 / 16], which maps to Larger [LargestMinGB=32, LargerMinGB=12, DefaultMinGB=8, SmallerMinGB=6, SmallestMinGB=0)
[2019.02.26-09.56.25:295][  0]LogConfig: Setting CVar [[r.Vulkan.UseRealUBs:1]]
[2019.02.26-09.56.25:295][  0]LogInit: Going up to parent DeviceProfile []
[2019.02.26-09.56.25:295][  0]LogConfig: Applying CVar settings from Section [ViewDistanceQuality@3] File [F:/SCAD/ITGM studio2/humanStuff/MyProject3/Saved/Config/Windows/Scalability.ini]
[2019.02.26-09.56.25:295][  0]LogConfig: Setting CVar [[r.SkeletalMeshLODBias:0]]
[2019.02.26-09.56.25:295][  0]LogConfig: Setting CVar [[r.ViewDistanceScale:1.0]]
[2019.02.26-09.56.25:295][  0]LogConfig: Applying CVar settings from Section [AntiAliasingQuality@3] File [F:/SCAD/ITGM studio2/humanStuff/MyProject3/Saved/Config/Windows/Scalability.ini]
[2019.02.26-09.56.25:295][  0]LogConfig: Setting CVar [[r.PostProcessAAQuality:3]]
[2019.02.26-09.56.25:295][  0]LogConfig: Applying CVar settings from Section [ShadowQuality@3] File [F:/SCAD/ITGM studio2/humanStuff/MyProject3/Saved/Config/Windows/Scalability.ini]
[2019.02.26-09.56.25:295][  0]LogConfig: Setting CVar [[r.LightFunctionQuality:1]]
[2019.02.26-09.56.25:295][  0]LogConfig: Setting CVar [[r.ShadowQuality:5]]
[2019.02.26-09.56.25:295][  0]LogConfig: Setting CVar [[r.Shadow.CSM.MaxCascades:10]]
[2019.02.26-09.56.25:295][  0]LogConfig: Setting CVar [[r.Shadow.MaxResolution:2048]]
[2019.02.26-09.56.25:295][  0]LogConfig: Setting CVar [[r.Shadow.MaxCSMResolution:2048]]
[2019.02.26-09.56.25:295][  0]LogConfig: Setting CVar [[r.Shadow.RadiusThreshold:0.01]]
[2019.02.26-09.56.25:295][  0]LogConfig: Setting CVar [[r.Shadow.DistanceScale:1.0]]
[2019.02.26-09.56.25:295][  0]LogConfig: Setting CVar [[r.Shadow.CSM.TransitionScale:1.0]]
[2019.02.26-09.56.25:295][  0]LogConfig: Setting CVar [[r.Shadow.PreShadowResolutionFactor:1.0]]
[2019.02.26-09.56.25:295][  0]LogConfig: Setting CVar [[r.DistanceFieldShadowing:1]]
[2019.02.26-09.56.25:295][  0]LogConfig: Setting CVar [[r.DistanceFieldAO:1]]
[2019.02.26-09.56.25:295][  0]LogConfig: Setting CVar [[r.AOQuality:2]]
[2019.02.26-09.56.25:295][  0]LogConfig: Setting CVar [[r.VolumetricFog:1]]
[2019.02.26-09.56.25:295][  0]LogConfig: Setting CVar [[r.VolumetricFog.GridPixelSize:8]]
[2019.02.26-09.56.25:295][  0]LogConfig: Setting CVar [[r.VolumetricFog.GridSizeZ:128]]
[2019.02.26-09.56.25:296][  0]LogConfig: Setting CVar [[r.VolumetricFog.HistoryMissSupersampleCount:4]]
[2019.02.26-09.56.25:296][  0]LogConfig: Setting CVar [[r.LightMaxDrawDistanceScale:1]]
[2019.02.26-09.56.25:296][  0]LogConfig: Setting CVar [[r.CapsuleShadows:1]]
[2019.02.26-09.56.25:296][  0]LogConfig: Applying CVar settings from Section [PostProcessQuality@3] File [F:/SCAD/ITGM studio2/humanStuff/MyProject3/Saved/Config/Windows/Scalability.ini]
[2019.02.26-09.56.25:296][  0]LogConfig: Setting CVar [[r.MotionBlurQuality:0]]
[2019.02.26-09.56.25:296][  0]LogConfig: Setting CVar [[r.AmbientOcclusionMipLevelFactor:0.4]]
[2019.02.26-09.56.25:296][  0]LogConfig: Setting CVar [[r.AmbientOcclusionMaxQuality:100]]
[2019.02.26-09.56.25:296][  0]LogConfig: Setting CVar [[r.AmbientOcclusionLevels:0]]
[2019.02.26-09.56.25:296][  0]LogConfig: Setting CVar [[r.AmbientOcclusionRadiusScale:1.0]]
[2019.02.26-09.56.25:296][  0]LogConfig: Setting CVar [[r.DepthOfFieldQuality:0]]
[2019.02.26-09.56.25:296][  0]LogConfig: Setting CVar [[r.RenderTargetPoolMin:400]]
[2019.02.26-09.56.25:296][  0]LogConfig: Setting CVar [[r.LensFlareQuality:0]]
[2019.02.26-09.56.25:296][  0]LogConfig: Setting CVar [[r.SceneColorFringeQuality:0]]
[2019.02.26-09.56.25:296][  0]LogConfig: Setting CVar [[r.EyeAdaptationQuality:2]]
[2019.02.26-09.56.25:296][  0]LogConfig: Setting CVar [[r.BloomQuality:1]]
[2019.02.26-09.56.25:296][  0]LogConfig: Setting CVar [[r.FastBlurThreshold:0]]
[2019.02.26-09.56.25:296][  0]LogConfig: Setting CVar [[r.Upscale.Quality:3]]
[2019.02.26-09.56.25:296][  0]LogConfig: Setting CVar [[r.Tonemapper.GrainQuantization:1]]
[2019.02.26-09.56.25:296][  0]LogConfig: Setting CVar [[r.LightShaftQuality:1]]
[2019.02.26-09.56.25:296][  0]LogConfig: Setting CVar [[r.Filter.SizeScale:1]]
[2019.02.26-09.56.25:296][  0]LogConfig: Setting CVar [[r.Tonemapper.Quality:5]]
[2019.02.26-09.56.25:296][  0]LogConfig: Setting CVar [[r.DOF.Gather.AccumulatorQuality:1        ; higher gathering accumulator quality]]
[2019.02.26-09.56.25:296][  0]LogConfig: Setting CVar [[r.DOF.Gather.PostfilterMethod:1          ; Median3x3 postfilering method]]
[2019.02.26-09.56.25:296][  0]LogConfig: Setting CVar [[r.DOF.Gather.EnableBokehSettings:0       ; no bokeh simulation when gathering]]
[2019.02.26-09.56.25:296][  0]LogConfig: Setting CVar [[r.DOF.Gather.RingCount:4                 ; medium number of samples when gathering]]
[2019.02.26-09.56.25:296][  0]LogConfig: Setting CVar [[r.DOF.Scatter.ForegroundCompositing:1    ; additive foreground scattering]]
[2019.02.26-09.56.25:296][  0]LogConfig: Setting CVar [[r.DOF.Scatter.BackgroundCompositing:2    ; additive background scattering]]
[2019.02.26-09.56.25:296][  0]LogConfig: Setting CVar [[r.DOF.Scatter.EnableBokehSettings:1      ; bokeh simulation when scattering]]
[2019.02.26-09.56.25:296][  0]LogConfig: Setting CVar [[r.DOF.Scatter.MaxSpriteRatio:0.1         ; only a maximum of 10% of scattered bokeh]]
[2019.02.26-09.56.25:296][  0]LogConfig: Setting CVar [[r.DOF.Recombine.Quality:1                ; cheap slight out of focus]]
[2019.02.26-09.56.25:296][  0]LogConfig: Setting CVar [[r.DOF.Recombine.EnableBokehSettings:0    ; no bokeh simulation on slight out of focus]]
[2019.02.26-09.56.25:296][  0]LogConfig: Setting CVar [[r.DOF.TemporalAAQuality:1                ; more stable temporal accumulation]]
[2019.02.26-09.56.25:296][  0]LogConfig: Setting CVar [[r.DOF.Kernel.MaxForegroundRadius:0.025]]
[2019.02.26-09.56.25:296][  0]LogConfig: Setting CVar [[r.DOF.Kernel.MaxBackgroundRadius:0.025]]
[2019.02.26-09.56.25:296][  0]LogConfig: Applying CVar settings from Section [TextureQuality@3] File [F:/SCAD/ITGM studio2/humanStuff/MyProject3/Saved/Config/Windows/Scalability.ini]
[2019.02.26-09.56.25:296][  0]LogConfig: Setting CVar [[r.Streaming.MipBias:0]]
[2019.02.26-09.56.25:296][  0]LogConfig: Setting CVar [[r.Streaming.AmortizeCPUToGPUCopy:0]]
[2019.02.26-09.56.25:296][  0]LogConfig: Setting CVar [[r.Streaming.MaxNumTexturesToStreamPerFrame:0]]
[2019.02.26-09.56.25:296][  0]LogConfig: Setting CVar [[r.Streaming.Boost:1]]
[2019.02.26-09.56.25:296][  0]LogConfig: Setting CVar [[r.MaxAnisotropy:8]]
[2019.02.26-09.56.25:296][  0]LogConfig: Setting CVar [[r.Streaming.LimitPoolSizeToVRAM:0]]
[2019.02.26-09.56.25:296][  0]LogConfig: Setting CVar [[r.Streaming.PoolSize:1000]]
[2019.02.26-09.56.25:296][  0]LogConfig: Setting CVar [[r.Streaming.MaxEffectiveScreenSize:0]]
[2019.02.26-09.56.25:296][  0]LogConfig: Applying CVar settings from Section [EffectsQuality@3] File [F:/SCAD/ITGM studio2/humanStuff/MyProject3/Saved/Config/Windows/Scalability.ini]
[2019.02.26-09.56.25:296][  0]LogConfig: Setting CVar [[r.TranslucencyLightingVolumeDim:4]]
[2019.02.26-09.56.25:296][  0]LogConfig: Setting CVar [[r.RefractionQuality:2]]
[2019.02.26-09.56.25:296][  0]LogConfig: Setting CVar [[r.SSR.Quality:0]]
[2019.02.26-09.56.25:296][  0]LogConfig: Setting CVar [[r.SceneColorFormat:2]]
[2019.02.26-09.56.25:296][  0]LogConfig: Setting CVar [[r.DetailMode:2]]
[2019.02.26-09.56.25:296][  0]LogConfig: Setting CVar [[r.TranslucencyVolumeBlur:0]]
[2019.02.26-09.56.25:296][  0]LogConfig: Setting CVar [[r.MaterialQualityLevel:1 ; High quality]]
[2019.02.26-09.56.25:296][  0]LogConfig: Setting CVar [[r.SSS.Scale:1]]
[2019.02.26-09.56.25:296][  0]LogConfig: Setting CVar [[r.SSS.SampleSet:2]]
[2019.02.26-09.56.25:296][  0]LogConfig: Setting CVar [[r.SSS.Quality:1]]
[2019.02.26-09.56.25:296][  0]LogConfig: Setting CVar [[r.SSS.HalfRes:1]]
[2019.02.26-09.56.25:296][  0]LogConfig: Setting CVar [[r.EmitterSpawnRateScale:1.0]]
[2019.02.26-09.56.25:296][  0]LogConfig: Setting CVar [[r.ParticleLightQuality:2]]
[2019.02.26-09.56.25:296][  0]LogConfig: Applying CVar settings from Section [FoliageQuality@3] File [F:/SCAD/ITGM studio2/humanStuff/MyProject3/Saved/Config/Windows/Scalability.ini]
[2019.02.26-09.56.25:296][  0]LogConfig: Setting CVar [[foliage.DensityScale:1.0]]
[2019.02.26-09.56.25:296][  0]LogConfig: Setting CVar [[grass.DensityScale:1.0]]
[2019.02.26-09.56.25:296][  0]LogConfig: Applying CVar settings from Section [Startup] File [../../../Engine/Config/ConsoleVariables.ini]
[2019.02.26-09.56.25:297][  0]LogConfig: Setting CVar [[net.UseAdaptiveNetUpdateFrequency:0]]
[2019.02.26-09.56.25:297][  0]LogConfig: Applying CVar settings from Section [ConsoleVariables] File [F:/SCAD/ITGM studio2/humanStuff/MyProject3/Saved/Config/Windows/Engine.ini]
[2019.02.26-09.56.25:297][  0]LogInit: Computer: DESKTOP-Q8E4V8A
[2019.02.26-09.56.25:297][  0]LogInit: User: gretc
[2019.02.26-09.56.25:297][  0]LogInit: CPU Page size=4096, Cores=4
[2019.02.26-09.56.25:297][  0]LogInit: High frequency timer resolution =3.417969 MHz
[2019.02.26-09.56.25:297][  0]LogMemory: Memory total: Physical=15.9GB (16GB approx)
[2019.02.26-09.56.25:297][  0]LogMemory: Platform Memory Stats for Windows
[2019.02.26-09.56.25:297][  0]LogMemory: Process Physical Memory: 102.29 MB used, 102.29 MB peak
[2019.02.26-09.56.25:297][  0]LogMemory: Process Virtual Memory: 84.80 MB used, 84.80 MB peak
[2019.02.26-09.56.25:297][  0]LogMemory: Physical Memory: 6598.36 MB used,  9646.70 MB free, 16245.06 MB total
[2019.02.26-09.56.25:297][  0]LogMemory: Virtual Memory: 4633.93 MB used,  134213096.00 MB free, 134217728.00 MB total
[2019.02.26-09.56.25:319][  0]LogInit: Using OS detected language (en-US).
[2019.02.26-09.56.25:319][  0]LogInit: Using OS detected locale (en-US).
[2019.02.26-09.56.25:321][  0]LogTextLocalizationManager: No specific localization for 'en-US' exists, so the 'en' localization will be used.
[2019.02.26-09.56.25:731][  0]LogStreaming: Display: Took  0.411s to InitEngineTextLocalization.
[2019.02.26-09.56.25:731][  0]LogInit: Setting process to per monitor DPI aware
[2019.02.26-09.56.25:782][  0]LogSlate: New Slate User Created.  User Index 0, Is Virtual User: 0
[2019.02.26-09.56.25:782][  0]LogSlate: Slate User Registered.  User Index 0, Is Virtual User: 0
[2019.02.26-09.56.26:172][  0]LogHMD: Failed to initialize OpenVR with code 110
[2019.02.26-09.56.26:172][  0]LogD3D11RHI: D3D11 adapters:
[2019.02.26-09.56.26:195][  0]LogD3D11RHI:    0. 'AMD Radeon R9 200 Series' (Feature Level 11_0)
[2019.02.26-09.56.26:195][  0]LogD3D11RHI:       4072/0/8122 MB DedicatedVideo/DedicatedSystem/SharedSystem, Outputs:2, VendorId:0x1002
[2019.02.26-09.56.26:202][  0]LogD3D11RHI:    1. 'Intel(R) HD Graphics 4600' (Feature Level 11_0)
[2019.02.26-09.56.26:202][  0]LogD3D11RHI:       112/0/2048 MB DedicatedVideo/DedicatedSystem/SharedSystem, Outputs:0, VendorId:0x8086
[2019.02.26-09.56.26:204][  0]LogD3D11RHI:    2. 'Microsoft Basic Render Driver' (Feature Level 11_0)
[2019.02.26-09.56.26:204][  0]LogD3D11RHI:       0/0/8122 MB DedicatedVideo/DedicatedSystem/SharedSystem, Outputs:0, VendorId:0x1414
[2019.02.26-09.56.26:204][  0]LogD3D11RHI: Chosen D3D11 Adapter: 0
[2019.02.26-09.56.26:211][  0]LogD3D11RHI: Creating new Direct3DDevice
[2019.02.26-09.56.26:211][  0]LogD3D11RHI:     GPU DeviceId: 0x67b1 (for the marketing name, search the web for "GPU Device Id")
[2019.02.26-09.56.26:211][  0]LogWindows: EnumDisplayDevices:
[2019.02.26-09.56.26:212][  0]LogWindows:    0. 'AMD Radeon R9 200 Series' (P:0 D:1)
[2019.02.26-09.56.26:212][  0]LogWindows:    1. 'AMD Radeon R9 200 Series' (P:1 D:1)
[2019.02.26-09.56.26:213][  0]LogWindows:    2. 'AMD Radeon R9 200 Series' (P:0 D:0)
[2019.02.26-09.56.26:213][  0]LogWindows:    3. 'AMD Radeon R9 200 Series' (P:0 D:0)
[2019.02.26-09.56.26:214][  0]LogWindows:    4. 'AMD Radeon R9 200 Series' (P:0 D:0)
[2019.02.26-09.56.26:214][  0]LogWindows:    5. 'AMD Radeon R9 200 Series' (P:0 D:0)
[2019.02.26-09.56.26:215][  0]LogWindows:    6. 'AMD Radeon R9 200 Series' (P:0 D:0)
[2019.02.26-09.56.26:215][  0]LogWindows:    7. 'AMD Radeon R9 200 Series' (P:0 D:0)
[2019.02.26-09.56.26:216][  0]LogWindows:    8. 'AMD Radeon R9 200 Series' (P:0 D:0)
[2019.02.26-09.56.26:216][  0]LogWindows:    9. 'AMD Radeon R9 200 Series' (P:0 D:0)
[2019.02.26-09.56.26:217][  0]LogWindows:    10. 'AMD Radeon R9 200 Series' (P:0 D:0)
[2019.02.26-09.56.26:217][  0]LogWindows:    11. 'AMD Radeon R9 200 Series' (P:0 D:0)
[2019.02.26-09.56.26:218][  0]LogWindows:    12. 'AMD Radeon R9 200 Series' (P:0 D:0)
[2019.02.26-09.56.26:218][  0]LogWindows:    13. 'AMD Radeon R9 200 Series' (P:0 D:0)
[2019.02.26-09.56.26:219][  0]LogWindows:    14. 'AMD Radeon R9 200 Series' (P:0 D:0)
[2019.02.26-09.56.26:220][  0]LogWindows:    15. 'AMD Radeon R9 200 Series' (P:0 D:0)
[2019.02.26-09.56.26:220][  0]LogWindows:    16. 'Intel(R) HD Graphics 4600' (P:0 D:0)
[2019.02.26-09.56.26:220][  0]LogWindows:    17. 'Intel(R) HD Graphics 4600' (P:0 D:0)
[2019.02.26-09.56.26:221][  0]LogWindows:    18. 'Intel(R) HD Graphics 4600' (P:0 D:0)
[2019.02.26-09.56.26:221][  0]LogWindows: DebugString: PrimaryIsNotTheChoosenAdapter PrimaryIsNotTheChoosenAdapter PrimaryIsNotTheChoosenAdapter FoundDriverCount:16 
[2019.02.26-09.56.26:221][  0]LogD3D11RHI:     Adapter Name: AMD Radeon R9 200 Series
[2019.02.26-09.56.26:221][  0]LogD3D11RHI:   Driver Version: Adrenalin 18.4.1 (internal:24.20.11001.5003, unified:24.20.11001.5003)
[2019.02.26-09.56.26:221][  0]LogD3D11RHI:      Driver Date: 4-25-2018
[2019.02.26-09.56.26:221][  0]LogRHI: Texture pool is 2850 MB (70% of 4072 MB)
[2019.02.26-09.56.26:315][  0]LogD3D11RHI: Async texture creation enabled
[2019.02.26-09.56.26:327][  0]LogD3D11RHI: GPU Timing Frequency: 27.000000 (Debug: 2 1)
[2019.02.26-09.56.26:661][  0]LogTemp: Display: Loaded TP AllDesktopTargetPlatform
[2019.02.26-09.56.26:684][  0]LogTemp: Display: Loaded TP MacClientTargetPlatform
[2019.02.26-09.56.26:707][  0]LogTemp: Display: Loaded TP MacNoEditorTargetPlatform
[2019.02.26-09.56.26:729][  0]LogTemp: Display: Loaded TP MacServerTargetPlatform
[2019.02.26-09.56.26:751][  0]LogTemp: Display: Loaded TP MacTargetPlatform
[2019.02.26-09.56.26:772][  0]LogTemp: Display: Loaded TP WindowsClientTargetPlatform
[2019.02.26-09.56.26:797][  0]LogTemp: Display: Loaded TP WindowsNoEditorTargetPlatform
[2019.02.26-09.56.26:819][  0]LogTemp: Display: Loaded TP WindowsServerTargetPlatform
[2019.02.26-09.56.26:835][  0]LogTemp: Display: Loaded TP WindowsTargetPlatform
[2019.02.26-09.56.26:964][  0]LogTemp: Display: Loaded TP AndroidTargetPlatform
[2019.02.26-09.56.26:964][  0]LogTemp: Display: Loaded TP AndroidTargetPlatform
[2019.02.26-09.56.26:964][  0]LogTemp: Display: Loaded TP AndroidTargetPlatform
[2019.02.26-09.56.26:964][  0]LogTemp: Display: Loaded TP AndroidTargetPlatform
[2019.02.26-09.56.26:964][  0]LogTemp: Display: Loaded TP AndroidTargetPlatform
[2019.02.26-09.56.26:964][  0]LogTemp: Display: Loaded TP AndroidTargetPlatform
[2019.02.26-09.56.26:964][  0]LogTemp: Display: Loaded TP AndroidTargetPlatform
[2019.02.26-09.56.26:964][  0]LogTemp: Display: Loaded TP AndroidTargetPlatform
[2019.02.26-09.56.26:964][  0]LogTemp: Display: Loaded TP AndroidTargetPlatform
[2019.02.26-09.56.26:964][  0]LogTemp: Display: Loaded TP AndroidTargetPlatform
[2019.02.26-09.56.26:964][  0]LogTemp: Display: Loaded TP AndroidTargetPlatform
[2019.02.26-09.56.26:964][  0]LogTemp: Display: Loaded TP AndroidTargetPlatform
[2019.02.26-09.56.26:964][  0]LogTemp: Display: Loaded TP AndroidTargetPlatform
[2019.02.26-09.56.26:964][  0]LogTemp: Display: Loaded TP AndroidTargetPlatform
[2019.02.26-09.56.26:964][  0]LogTemp: Display: Loaded TP AndroidTargetPlatform
[2019.02.26-09.56.26:965][  0]LogTemp: Display: Loaded TP AndroidTargetPlatform
[2019.02.26-09.56.26:965][  0]LogTemp: Display: Loaded TP AndroidTargetPlatform
[2019.02.26-09.56.26:965][  0]LogTemp: Display: Loaded TP AndroidTargetPlatform
[2019.02.26-09.56.26:966][  0]LogTemp: Display: Loaded TP HTML5TargetPlatform
[2019.02.26-09.56.27:046][  0]LogTemp: Display: Loaded TP IOSTargetPlatform
[2019.02.26-09.56.27:046][  0]LogTemp: Display: Loaded TP IOSTargetPlatform
[2019.02.26-09.56.27:087][  0]LogTemp: Display: Loaded TP TVOSTargetPlatform
[2019.02.26-09.56.27:087][  0]LogTemp: Display: Loaded TP TVOSTargetPlatform
[2019.02.26-09.56.27:107][  0]LogTemp: Display: Loaded TP LinuxClientTargetPlatform
[2019.02.26-09.56.27:128][  0]LogTemp: Display: Loaded TP LinuxNoEditorTargetPlatform
[2019.02.26-09.56.27:151][  0]LogTemp: Display: Loaded TP LinuxServerTargetPlatform
[2019.02.26-09.56.27:174][  0]LogTemp: Display: Loaded TP LinuxTargetPlatform
[2019.02.26-09.56.27:250][  0]LogTemp: Display: Loaded TP LuminTargetPlatform
[2019.02.26-09.56.27:250][  0]LogTemp: Display: Loaded TP LuminTargetPlatform
[2019.02.26-09.56.27:250][  0]LogTargetPlatformManager: Display: Building Assets For Windows
[2019.02.26-09.56.27:305][  0]LogShaderCompilers: Guid format shader working directory is 4 characters bigger than the processId version (F:/SCAD/ITGM studio2/humanStuff/MyProject3/Intermediate/Shaders/WorkingDirectory/9560/).
[2019.02.26-09.56.27:305][  0]LogShaderCompilers: Cleaned the shader compiler working directory 'C:/Users/gretc/AppData/Local/Temp/UnrealShaderWorkingDir/6EC3D1C045A20926C661F286E815A275/'.
[2019.02.26-09.56.27:307][  0]LogXGEController: Cleaning working directory: C:/Users/gretc/AppData/Local/Temp/UnrealXGEWorkingDir/
[2019.02.26-09.56.27:307][  0]LogXGEController: Cannot use XGE Controller as Incredibuild is not installed on this machine.
[2019.02.26-09.56.27:307][  0]LogShaderCompilers: Cannot use XGE Shader Compiler as Incredibuild is not installed on this machine.
[2019.02.26-09.56.27:307][  0]LogShaderCompilers: Display: Using Local Shader Compiler.
[2019.02.26-09.56.27:814][  0]LogDerivedDataCache: Display: Max Cache Size: 512 MB
[2019.02.26-09.56.27:881][  0]LogDerivedDataCache: Loaded boot cache 0.07s 71MB C:/Users/gretc/AppData/Local/UnrealEngine/4.21/DerivedDataCache/Boot.ddc.
[2019.02.26-09.56.27:881][  0]LogDerivedDataCache: Display: Loaded Boot cache: C:/Users/gretc/AppData/Local/UnrealEngine/4.21/DerivedDataCache/Boot.ddc
[2019.02.26-09.56.27:881][  0]LogDerivedDataCache: FDerivedDataBackendGraph:  Pak pak cache file F:/SCAD/ITGM studio2/humanStuff/MyProject3/DerivedDataCache/DDC.ddp not found, will not use a pak cache.
[2019.02.26-09.56.27:881][  0]LogDerivedDataCache: Unable to find inner node Pak for hierarchical cache Hierarchy.
[2019.02.26-09.56.27:881][  0]LogDerivedDataCache: FDerivedDataBackendGraph:  CompressedPak pak cache file F:/SCAD/ITGM studio2/humanStuff/MyProject3/DerivedDataCache/Compressed.ddp not found, will not use a pak cache.
[2019.02.26-09.56.27:881][  0]LogDerivedDataCache: Unable to find inner node CompressedPak for hierarchical cache Hierarchy.
[2019.02.26-09.56.27:893][  0]LogDerivedDataCache: Display: Pak cache opened for reading ../../../Engine/DerivedDataCache/Compressed.ddp.
[2019.02.26-09.56.27:893][  0]LogDerivedDataCache: FDerivedDataBackendGraph:  EnterprisePak pak cache file ../../../Enterprise/DerivedDataCache/Compressed.ddp not found, will not use a pak cache.
[2019.02.26-09.56.27:893][  0]LogDerivedDataCache: Unable to find inner node EnterprisePak for hierarchical cache Hierarchy.
[2019.02.26-09.56.27:907][  0]LogDerivedDataCache: Using Local data cache path C:/Users/gretc/AppData/Local/UnrealEngine/Common/DerivedDataCache: Writable
[2019.02.26-09.56.27:907][  0]LogDerivedDataCache: Shared data cache path not found in *engine.ini, will not use an Shared cache.
[2019.02.26-09.56.27:907][  0]LogDerivedDataCache: Unable to find inner node Shared for hierarchical cache Hierarchy.
[2019.02.26-09.56.27:927][  0]LogMaterial: Verifying Global Shaders for PCD3D_SM5
[2019.02.26-09.56.27:928][  0]LogSlate: Using FreeType 2.6.0
[2019.02.26-09.56.27:930][  0]LogSlate: SlateFontServices - WITH_FREETYPE: 1, WITH_HARFBUZZ: 1
[2019.02.26-09.56.28:043][  0]LogAssetRegistry: FAssetRegistry took 0.0481 seconds to start up
[2019.02.26-09.56.28:873][  0]LogInit: Selected Device Profile: [Windows]
[2019.02.26-09.56.28:951][  0]LogSimplygon: Simplygon DLL not present - disabling.
[2019.02.26-09.56.28:955][  0]LogMeshReduction: Using SimplygonSwarm for distributed automatic mesh merging
[2019.02.26-09.56.28:955][  0]LogMeshReduction: Using ProxyLODMeshReduction for automatic mesh merging
[2019.02.26-09.56.28:955][  0]LogMeshReduction: Using QuadricMeshReduction for automatic static mesh reduction
[2019.02.26-09.56.28:955][  0]LogMeshReduction: No automatic skeletal mesh reduction module available
[2019.02.26-09.56.29:041][  0]LogNetVersion: HumanStuff 1.0.0, NetCL: 4541578, EngineNetVer: 5, GameNetVer: 0 (Checksum: 1645013271)
[2019.02.26-09.56.29:817][  0]LogPackageLocalizationCache: Processed 11 localized package path(s) for 2 prioritized culture(s) in 0.378162 seconds
[2019.02.26-09.56.29:822][  0]LogUObjectArray: 39775 objects as part of root set at end of initial load.
[2019.02.26-09.56.29:822][  0]LogUObjectAllocator: 6914656 out of 0 bytes used by permanent object pool.
[2019.02.26-09.56.29:822][  0]LogUObjectArray: CloseDisregardForGC: 0/0 objects in disregard for GC pool
[2019.02.26-09.56.30:783][  0]LogTcpMessaging: Initializing TcpMessaging bridge
[2019.02.26-09.56.30:797][  0]LogUdpMessaging: Initializing bridge on interface 0.0.0.0:0 to multicast group 230.0.0.1:6666.
[2019.02.26-09.56.31:630][  0]SourceControl: Source control is disabled
[2019.02.26-09.56.31:630][  0]SourceControl: Source control is disabled
[2019.02.26-09.56.31:632][  0]SourceControl: Source control is disabled
[2019.02.26-09.56.31:633][  0]SourceControl: Source control is disabled
[2019.02.26-09.56.31:795][  0]LogAndroidPermission: UAndroidPermissionCallbackProxy::GetInstance
[2019.02.26-09.56.31:914][  0]LogOcInput: OculusInput pre-init called
[2019.02.26-09.56.32:046][  0]LogEngine: Initializing Engine...
[2019.02.26-09.56.32:046][  0]LogHMD: Failed to initialize OpenVR with code 110
[2019.02.26-09.56.32:055][  0]LogStats: UGameplayTagsManager::ConstructGameplayTagTree: ImportINI prefixes -  0.000 s
[2019.02.26-09.56.32:055][  0]LogStats: UGameplayTagsManager::ConstructGameplayTagTree: Construct from data asset -  0.000 s
[2019.02.26-09.56.32:055][  0]LogStats: UGameplayTagsManager::ConstructGameplayTagTree: ImportINI -  0.000 s
[2019.02.26-09.56.32:055][  0]LogStats: UGameplayTagsManager::ConstructGameplayTagTree: GameplayTagTreeChangedEvent.Broadcast -  0.000 s
[2019.02.26-09.56.32:280][  0]LogInit: Initializing FReadOnlyCVARCache
[2019.02.26-09.56.32:291][  0]LogAIModule: Creating AISystem for world Untitled
[2019.02.26-09.56.32:333][  0]LogInit: XAudio2 using 'Headset Earphone (Razer Kraken 7.1 Chroma)' : 2 channels at 48 kHz using 16 bits per sample (channel mask 0x3)
[2019.02.26-09.56.32:386][  0]LogInit: FAudioDevice initialized.
[2019.02.26-09.56.32:386][  0]LogNetVersion: Set ProjectVersion to 1.0.0.0. Version Checksum will be recalculated on next use.
[2019.02.26-09.56.32:464][  0]LogDerivedDataCache: Saved boot cache 0.08s 71MB C:/Users/gretc/AppData/Local/UnrealEngine/4.21/DerivedDataCache/Boot.ddc.
[2019.02.26-09.56.32:476][  0]LogInit: Texture streaming: Enabled
[2019.02.26-09.56.32:492][  0]LogEngineSessionManager: EngineSessionManager initialized
[2019.02.26-09.56.32:492][  0]LogEngineSessionManager: EngineSessionManager sent abnormal shutdown report. Type=AbnormalShutdown, SessionId={890BDD2D-4CE1-8F91-1D34-3FAE0F6F8755}
[2019.02.26-09.56.32:504][  0]LogInit: Transaction tracking system initialized
[2019.02.26-09.56.32:523][  0]BlueprintLog: New page: Editor Load
[2019.02.26-09.56.32:587][  0]LocalizationService: Localization service is disabled
[2019.02.26-09.56.33:184][  0]LogCook: Display: Max memory allowance for cook 16384mb min free memory 0mb
[2019.02.26-09.56.33:184][  0]LogCook: Display: Mobile HDR setting 1
[2019.02.26-09.56.33:184][  0]LogGameplayTags: Display: UGameplayTagsManager::DoneAddingNativeTags. DelegateIsBound: 0
[2019.02.26-09.56.33:184][  0]LogStats: UGameplayTagsManager::ConstructGameplayTagTree: ImportINI prefixes -  0.000 s
[2019.02.26-09.56.33:184][  0]LogStats: UGameplayTagsManager::ConstructGameplayTagTree: Construct from data asset -  0.000 s
[2019.02.26-09.56.33:184][  0]LogStats: UGameplayTagsManager::ConstructGameplayTagTree: ImportINI -  0.000 s
[2019.02.26-09.56.33:184][  0]LogStats: UGameplayTagsManager::ConstructGameplayTagTree: GameplayTagTreeChangedEvent.Broadcast -  0.000 s
[2019.02.26-09.56.33:306][  0]LogFileCache: Scanning file cache for directory 'F:/SCAD/ITGM studio2/humanStuff/MyProject3/Content/' took 0.03s
[2019.02.26-09.56.33:306][  0]SourceControl: Source control is disabled
[2019.02.26-09.56.33:306][  0]Cmd: MAP LOAD FILE="F:/SCAD/ITGM studio2/humanStuff/MyProject3/Content/StarterContent/Maps/Minimal_Default_2.umap" TEMPLATE=0 SHOWPROGRESS=1 FEATURELEVEL=3
[2019.02.26-09.56.33:312][  0]LightingResults: New page: Lighting Build
[2019.02.26-09.56.33:315][  0]MapCheck: New page: Map Check
[2019.02.26-09.56.33:315][  0]LightingResults: New page: Lighting Build
[2019.02.26-09.56.35:993][  0]LogTexture: Display: Building textures: hs_alienGameTexture (AutoDXT, 1024X1024)
[2019.02.26-09.56.35:993][  0]LogTexture: Display: Building textures: hs_cakeTexture (AutoDXT, 1024X1024)
[2019.02.26-09.56.35:997][  0]LoadErrors: Warning: hs_concreteBumper Min LOD value of 1 is out of range 0..0 and has been adjusted to 0. Please verify and resave the asset.
[2019.02.26-09.56.35:997][  0]LoadErrors: Warning: hs_groundPlane Min LOD value of 1 is out of range 0..0 and has been adjusted to 0. Please verify and resave the asset.
[2019.02.26-09.56.35:999][  0]LoadErrors: Warning: hs_lampTree Min LOD value of 1 is out of range 0..0 and has been adjusted to 0. Please verify and resave the asset.
[2019.02.26-09.56.36:000][  0]LoadErrors: Warning: hs_parkingMedian Min LOD value of 1 is out of range 0..0 and has been adjusted to 0. Please verify and resave the asset.
[2019.02.26-09.56.36:003][  0]LoadErrors: Warning: shelves Min LOD value of 1 is out of range 0..0 and has been adjusted to 0. Please verify and resave the asset.
[2019.02.26-09.56.36:004][  0]LoadErrors: Warning: skybox2 Min LOD value of 1 is out of range 0..0 and has been adjusted to 0. Please verify and resave the asset.
[2019.02.26-09.56.36:333][  0]LogStaticMesh: Building static mesh hs_cake...
[2019.02.26-09.56.36:363][  0]LogStaticMesh: Built static mesh [0.03s] /Game/Geometry/Objects/hs_cake.hs_cake
[2019.02.26-09.56.36:363][  0]LoadErrors: Warning: hs_cake Min LOD value of 1 is out of range 0..0 and has been adjusted to 0. Please verify and resave the asset.
[2019.02.26-09.56.36:391][  0]LoadErrors: Warning: hs_bomb Min LOD value of 1 is out of range 0..0 and has been adjusted to 0. Please verify and resave the asset.
[2019.02.26-09.56.36:392][  0]LogStaticMesh: Building static mesh hs_AlienGame...
[2019.02.26-09.56.36:398][  0]LogStaticMesh: Built static mesh [0.01s] /Game/Geometry/Objects/hs_AlienGame.hs_AlienGame
[2019.02.26-09.56.36:415][  0]LogMaterial: Display: Missing cached shader map for material mat_game, compiling. 
[2019.02.26-09.56.36:483][  0]LogMaterial: Display: Missing cached shader map for material mat_cake, compiling. 
[2019.02.26-09.56.36:726][  0]LogShaderCompilers: Display: Shaders left to compile 22
[2019.02.26-09.56.36:726][  0]LogShaderCompilers: Display: Shaders left to compile 12
[2019.02.26-09.56.36:726][  0]LogShaderCompilers: Display: Shaders left to compile 2
[2019.02.26-09.56.36:726][  0]LogAIModule: Creating AISystem for world Minimal_Default_2
[2019.02.26-09.56.36:739][  0]LogSlate: New Slate User Created.  User Index 8, Is Virtual User: 1
[2019.02.26-09.56.36:739][  0]LogSlate: Slate User Registered.  User Index 8, Is Virtual User: 1
[2019.02.26-09.56.36:750][  0]LogEditorServer: Finished looking for orphan Actors (0.000 secs)
[2019.02.26-09.56.36:813][  0]Cmd: MAP CHECKDEP NOCLEARLOG
[2019.02.26-09.56.36:817][  0]MapCheck: Map check complete: 0 Error(s), 0 Warning(s), took 3.879ms to complete.
[2019.02.26-09.56.36:817][  0]LogFileHelpers: Loading map 'Minimal_Default_2' took 3.510
[2019.02.26-09.56.36:929][  0]LogSlate: Updating window title bar state: overlay mode, drag disabled, window buttons hidden, title bar hidden
[2019.02.26-09.56.36:935][  0]LogSlate: Updating window title bar state: overlay mode, drag disabled, window buttons hidden, title bar hidden
[2019.02.26-09.56.36:942][  0]LogSlate: Updating window title bar state: overlay mode, drag disabled, window buttons hidden, title bar hidden
[2019.02.26-09.56.36:948][  0]LogSlate: Updating window title bar state: overlay mode, drag disabled, window buttons hidden, title bar hidden
[2019.02.26-09.56.36:954][  0]LogCollectionManager: Loaded 0 collections in 0.001218 seconds
[2019.02.26-09.56.36:979][  0]LogFileCache: Scanning file cache for directory 'F:/SCAD/ITGM studio2/humanStuff/MyProject3/Saved/Collections/' took 0.01s
[2019.02.26-09.56.36:979][  0]LogFileCache: Scanning file cache for directory 'F:/SCAD/ITGM studio2/humanStuff/MyProject3/Content/Developers/gretc/Collections/' took 0.00s
[2019.02.26-09.56.36:979][  0]LogFileCache: Scanning file cache for directory 'F:/SCAD/ITGM studio2/humanStuff/MyProject3/Content/Collections/' took 0.01s
[2019.02.26-09.56.36:979][  0]LogCollectionManager: Rebuilt the GUID cache for 0 collections in 0.000000 seconds
[2019.02.26-09.56.36:987][  0]LogContentBrowser: Native class hierarchy populated in 0.0071 seconds. Added 2651 classes and 620 folders.
[2019.02.26-09.56.36:992][  0]LogContentBrowser: Native class hierarchy updated for 'WidgetCarousel' in 0.0002 seconds. Added 0 classes and 0 folders.
[2019.02.26-09.56.36:994][  0]LogPakFile: Registered encryption key '00000000000000000000000000000000': 0 pak files mounted, 0 remain pending
[2019.02.26-09.56.36:995][  0]LogPakFile: Registered encryption key '00000000000000000000000000000000': 0 pak files mounted, 0 remain pending
[2019.02.26-09.56.36:996][  0]LogPakFile: Registered encryption key '00000000000000000000000000000000': 0 pak files mounted, 0 remain pending
[2019.02.26-09.56.36:996][  0]LogPakFile: Registered encryption key '00000000000000000000000000000000': 0 pak files mounted, 0 remain pending
[2019.02.26-09.56.36:997][  0]LogPakFile: Registered encryption key '00000000000000000000000000000000': 0 pak files mounted, 0 remain pending
[2019.02.26-09.56.36:998][  0]LogPakFile: Registered encryption key '00000000000000000000000000000000': 0 pak files mounted, 0 remain pending
[2019.02.26-09.56.36:998][  0]LogPakFile: Registered encryption key '00000000000000000000000000000000': 0 pak files mounted, 0 remain pending
[2019.02.26-09.56.36:999][  0]LogPakFile: Registered encryption key '00000000000000000000000000000000': 0 pak files mounted, 0 remain pending
[2019.02.26-09.56.36:999][  0]LogPakFile: Registered encryption key '00000000000000000000000000000000': 0 pak files mounted, 0 remain pending
[2019.02.26-09.56.37:000][  0]LogPakFile: Registered encryption key '00000000000000000000000000000000': 0 pak files mounted, 0 remain pending
[2019.02.26-09.56.37:001][  0]LogPakFile: Registered encryption key '00000000000000000000000000000000': 0 pak files mounted, 0 remain pending
[2019.02.26-09.56.37:001][  0]LogPakFile: Registered encryption key '00000000000000000000000000000000': 0 pak files mounted, 0 remain pending
[2019.02.26-09.56.37:002][  0]LogPakFile: Registered encryption key '00000000000000000000000000000000': 0 pak files mounted, 0 remain pending
[2019.02.26-09.56.37:003][  0]LogPakFile: Registered encryption key '00000000000000000000000000000000': 0 pak files mounted, 0 remain pending
[2019.02.26-09.56.37:003][  0]LogPakFile: Registered encryption key '00000000000000000000000000000000': 0 pak files mounted, 0 remain pending
[2019.02.26-09.56.37:004][  0]LogPakFile: Registered encryption key '00000000000000000000000000000000': 0 pak files mounted, 0 remain pending
[2019.02.26-09.56.37:005][  0]LogPakFile: Registered encryption key '00000000000000000000000000000000': 0 pak files mounted, 0 remain pending
[2019.02.26-09.56.37:005][  0]LogPakFile: Registered encryption key '00000000000000000000000000000000': 0 pak files mounted, 0 remain pending
[2019.02.26-09.56.37:006][  0]LogPakFile: Registered encryption key '00000000000000000000000000000000': 0 pak files mounted, 0 remain pending
[2019.02.26-09.56.37:007][  0]LogPakFile: Registered encryption key '00000000000000000000000000000000': 0 pak files mounted, 0 remain pending
[2019.02.26-09.56.37:007][  0]LogPakFile: Registered encryption key '00000000000000000000000000000000': 0 pak files mounted, 0 remain pending
[2019.02.26-09.56.37:008][  0]LogPakFile: Registered encryption key '00000000000000000000000000000000': 0 pak files mounted, 0 remain pending
[2019.02.26-09.56.37:009][  0]LogPakFile: Registered encryption key '00000000000000000000000000000000': 0 pak files mounted, 0 remain pending
[2019.02.26-09.56.37:009][  0]LogPakFile: Registered encryption key '00000000000000000000000000000000': 0 pak files mounted, 0 remain pending
[2019.02.26-09.56.37:010][  0]LogPakFile: Registered encryption key '00000000000000000000000000000000': 0 pak files mounted, 0 remain pending
[2019.02.26-09.56.37:011][  0]LogPakFile: Registered encryption key '00000000000000000000000000000000': 0 pak files mounted, 0 remain pending
[2019.02.26-09.56.37:072][  0]LogContentBrowser: Native class hierarchy updated for 'AddContentDialog' in 0.0002 seconds. Added 0 classes and 0 folders.
[2019.02.26-09.56.37:076][  0]LogContentBrowser: Native class hierarchy updated for 'SceneOutliner' in 0.0002 seconds. Added 1 classes and 2 folders.
[2019.02.26-09.56.37:163][  0]LogSlate: Took 0.000245 seconds to synchronously load lazily loaded font '../../../Engine/Content/Slate/Fonts/Roboto-Regular.ttf' (155K)
[2019.02.26-09.56.37:164][  0]LogSlate: Took 0.000210 seconds to synchronously load lazily loaded font '../../../Engine/Content/Slate/Fonts/Roboto-Bold.ttf' (160K)
[2019.02.26-09.56.37:168][  0]LogSlate: Took 0.000236 seconds to synchronously load lazily loaded font '../../../Engine/Content/Editor/Slate/Fonts/FontAwesome.ttf' (139K)
[2019.02.26-09.56.37:242][  0]LogRenderer: Reallocating scene render targets to support 1136x600 Format 26 NumSamples 1 (Frame:1).
[2019.02.26-09.56.40:218][  0]LogShaderCompilers: Display: Shaders left to compile 22
[2019.02.26-09.56.40:218][  0]LogShaderCompilers: Display: Shaders left to compile 12
[2019.02.26-09.56.40:218][  0]LogShaderCompilers: Display: Shaders left to compile 2
[2019.02.26-09.56.40:232][  0]LogContentBrowser: Native class hierarchy updated for 'HierarchicalLODOutliner' in 0.0003 seconds. Added 0 classes and 0 folders.
[2019.02.26-09.56.40:232][  0]LogLoad: (Engine Initialization) Total time: 17.56 seconds
[2019.02.26-09.56.40:232][  0]LogLoad: (Engine Initialization) Total Blueprint compile time: 0.00 seconds
[2019.02.26-09.56.40:315][  0]LogContentStreaming: Texture pool size now 1000 MB
[2019.02.26-09.56.40:320][  0]LogSlate: FSceneViewport::OnFocusLost() reason 2
[2019.02.26-09.56.40:353][  0]LogSlate: Took 0.000290 seconds to synchronously load lazily loaded font '../../../Engine/Content/Slate/Fonts/Roboto-Light.ttf' (167K)
[2019.02.26-09.56.40:864][  6]LogAssetRegistry: Asset discovery search completed in 12.8427 seconds
[2019.02.26-09.56.40:865][  6]LogCollectionManager: Rebuilt the object cache for 0 collections in 0.000000 seconds (found 0 objects)
[2019.02.26-09.56.40:866][  6]LogCollectionManager: Fixed up redirectors for 0 collections in 0.000110 seconds (updated 0 objects)
[2019.02.26-09.57.23:790][381]LogSlate: Window 'Message Log' being destroyed
[2019.02.26-09.57.23:794][381]LogSlate: Window 'Message Log' being destroyed
[2019.02.26-09.57.31:723][244]LogEditorViewport: Clicking on Actor (LMB): CartSpline_C (CartSpline)
[2019.02.26-09.57.35:737][710]LogSlate: FSceneViewport::OnFocusLost() reason 2
[2019.02.26-09.57.40:588][275]LogSlate: FSceneViewport::OnFocusLost() reason 2
[2019.02.26-09.57.44:836][757]LogEditorViewport: Clicking on Actor (context menu): StaticMeshActor (SuperGrid_Box30)
[2019.02.26-09.57.45:143][757]LogSlate: FSceneViewport::OnFocusLost() reason 2
[2019.02.26-09.57.48:778][146]LogEditorViewport: Clicking on Actor (LMB): CartSpline_C (CartSpline)
[2019.02.26-09.57.50:979][399]LogSlate: FSceneViewport::OnFocusLost() reason 2
[2019.02.26-09.58.10:696][207]LogSlate: FSceneViewport::OnFocusLost() reason 2
[2019.02.26-09.58.12:650][425]LogSlate: Took 0.030981 seconds to synchronously load lazily loaded font '../../../Engine/Content/Slate/Fonts/Roboto-Italic.ttf' (157K)
[2019.02.26-09.58.24:374][466]LogSlate: FSceneViewport::OnFocusLost() reason 2
[2019.02.26-09.58.24:416][466]LogSlate: FSceneViewport::OnFocusLost() reason 2
[2019.02.26-09.58.38:243][959]LogEditorViewport: Clicking on Actor (LMB): Door_C (Door)
[2019.02.26-09.58.50:589][469]LogEditorViewport: Clicking on Actor (LMB): StaticMeshActor (skybox2)
[2019.02.26-09.58.52:512][627]LogEditorViewport: Clicking on Actor (LMB): StaticMeshActor (hs_window5)
[2019.02.26-09.58.53:734][760]LogEditorViewport: Clicking on Actor (LMB): StaticMeshActor (hs_window4)
[2019.02.26-09.58.58:951][279]LogSlate: FSceneViewport::OnFocusLost() reason 2
[2019.02.26-09.58.58:965][279]LogSlate: Took 0.000248 seconds to synchronously load lazily loaded font '../../../Engine/Content/Slate/Fonts/Roboto-Light.ttf' (167K)
[2019.02.26-09.59.10:593][529]Cmd: TRANSACTION UNDO
[2019.02.26-09.59.10:593][529]LogEditorTransaction: Undo Rotate Actors
[2019.02.26-09.59.11:744][639]LogSlate: FSceneViewport::OnFocusLost() reason 0
[2019.02.26-09.59.11:821][648]Cmd: MODE ROTGRID=1
[2019.02.26-09.59.27:819][243]LogEditorViewport: Clicking on Actor (LMB): StaticMeshActor (hs_groundPlane6)
[2019.02.26-09.59.30:081][447]LogEditorViewport: Clicking on Actor (LMB): StaticMeshActor (hs_window5)
[2019.02.26-09.59.31:573][586]LogSlate: FSceneViewport::OnFocusLost() reason 2
[2019.02.26-10.01.21:627][886]LogEditorViewport: Clicking on Actor (LMB): Door_C (Door)
[2019.02.26-10.01.31:835][936]LogEditorViewport: Clicking on Actor (LMB): Conveyor_C (Conveyor)
[2019.02.26-10.01.33:783][116]LogSlate: FSceneViewport::OnFocusLost() reason 2
[2019.02.26-10.01.35:032][261]LogSlate: FSceneViewport::OnFocusLost() reason 2
[2019.02.26-10.01.35:038][261]LogAssetEditorManager: Opening Asset editor for Blueprint /Game/Blueprints/Conveyor.Conveyor
[2019.02.26-10.01.35:712][261]LogClass: Warning: Enum '/Game/VR_Essential_Kit/Blueprints/ENUM_InteractableActorType.ENUM_InteractableActorType' was upgraded to use FText to store its display name data. Please re-save this asset to avoid issues with localization and determinstic cooking.
[2019.02.26-10.01.35:718][261]LogClass: Warning: Enum '/Game/VR_Essential_Kit/Blueprints/ENUM_PickupObjectType.ENUM_PickupObjectType' was upgraded to use FText to store its display name data. Please re-save this asset to avoid issues with localization and determinstic cooking.
[2019.02.26-10.01.35:910][261]LogContentBrowser: Native class hierarchy updated for 'BlueprintGraph' in 0.0006 seconds. Added 117 classes and 0 folders.
[2019.02.26-10.01.37:198][261]LogSlate: Took 0.020567 seconds to synchronously load lazily loaded font '../../../Engine/Content/Slate/Fonts/Roboto-BoldCondensed.ttf' (158K)
[2019.02.26-10.02.10:454][195]LogRenderer: Reallocating scene render targets to support 1324x712 Format 26 NumSamples 1 (Frame:1).
[2019.02.26-10.02.13:376][412]LogSlate: Window 'Conveyor' being destroyed
[2019.02.26-10.02.16:471][735]LogEditorViewport: Clicking on Actor (LMB): Trash_C (Trash3)
[2019.02.26-10.02.19:496][ 76]LogEditorViewport: Clicking on Actor (LMB): Timer_C (Timer)
[2019.02.26-10.02.23:521][474]LogEditorViewport: Clicking on Actor (LMB): TargetPoint (TargetPoint)
[2019.02.26-10.02.30:353][145]LogSlate: FSceneViewport::OnFocusLost() reason 0
[2019.02.26-10.02.32:130][278]LogSlate: Window 'Select Path' being destroyed
[2019.02.26-10.02.33:513][393]LogEditorViewport: Clicking on Actor (LMB): CartSpawn_C (CartSpawn)
[2019.02.26-10.02.37:936][745]LogEditorViewport: Clicking on Actor (LMB): CartSpawn_C (CartSpawn2)
[2019.02.26-10.02.39:826][901]LogEditorViewport: Clicking on Actor (LMB): CartCheck_C (CartCheck)
[2019.02.26-10.02.45:078][466]LogEditorViewport: Clicking on Actor (LMB): CartSpline_C (CartSpline)
[2019.02.26-10.02.46:633][646]LogSlate: FSceneViewport::OnFocusLost() reason 0
[2019.02.26-10.02.53:636][414]LogSlate: FSceneViewport::OnFocusLost() reason 0
[2019.02.26-10.03.15:103][683]LogEditorViewport: Clicking on Actor (context menu): StaticMeshActor (Convey2)
[2019.02.26-10.03.15:166][683]LogSlate: FSceneViewport::OnFocusLost() reason 2
[2019.02.26-10.03.17:158][894]LogEditorViewport: Clicking on Actor (LMB): Conveyor_C (Conveyor2)
[2019.02.26-10.03.19:603][132]LogSlate: FSceneViewport::OnFocusLost() reason 0
[2019.02.26-10.03.21:467][332]LogAssetEditorManager: Opening Asset editor for Blueprint /Game/Blueprints/Spawner.Spawner
[2019.02.26-10.04.54:025][724]LogTemp: Repeating last play command: Simulate
[2019.02.26-10.04.54:062][724]LogBlueprintUserMessages: Early PlayInEditor Detection: Level '/Game/StarterContent/Maps/Minimal_Default_2.Minimal_Default_2:PersistentLevel' has LevelScriptBlueprint '/Game/StarterContent/Maps/Minimal_Default_2.Minimal_Default_2:PersistentLevel.Minimal_Default_2' with GeneratedClass '/Game/StarterContent/Maps/Minimal_Default_2.Minimal_Default_2_C' with ClassGeneratedBy '/Game/StarterContent/Maps/Minimal_Default_2.Minimal_Default_2:PersistentLevel.Minimal_Default_2'
[2019.02.26-10.04.54:062][724]LogPlayLevel: PlayLevel: No blueprints needed recompiling
[2019.02.26-10.04.54:063][724]PIE: New page: SIE session: Minimal_Default_2 (Feb 26, 2019, 12:04:54 AM)
[2019.02.26-10.04.54:095][724]LogPlayLevel: Creating play world package: /Game/StarterContent/Maps/UEDPIE_0_Minimal_Default_2
[2019.02.26-10.04.54:111][724]LogPlayLevel: PIE: StaticDuplicateObject took: (0.015610s)
[2019.02.26-10.04.54:127][724]LogAIModule: Creating AISystem for world Minimal_Default_2
[2019.02.26-10.04.54:127][724]LogPlayLevel: PIE: World Init took: (0.000606s)
[2019.02.26-10.04.54:127][724]LogPlayLevel: PIE: Created PIE world by copying editor world from /Game/StarterContent/Maps/Minimal_Default_2.Minimal_Default_2 to /Game/StarterContent/Maps/UEDPIE_0_Minimal_Default_2.Minimal_Default_2 (0.031982s)
[2019.02.26-10.04.54:185][724]LogInit: XAudio2 using 'Headset Earphone (Razer Kraken 7.1 Chroma)' : 2 channels at 48 kHz using 16 bits per sample (channel mask 0x3)
[2019.02.26-10.04.54:228][724]LogInit: FAudioDevice initialized.
[2019.02.26-10.04.54:286][724]LogLoad: Game class is 'GameModeBase'
[2019.02.26-10.04.54:315][724]LogWorld: Bringing World /Game/StarterContent/Maps/UEDPIE_0_Minimal_Default_2.Minimal_Default_2 up for play (max tick rate 0) at 2019.02.26-05.04.54
[2019.02.26-10.04.54:350][724]LogWorld: Bringing up level for play took: 0.039512
[2019.02.26-10.04.54:385][724]LogGameMode: FindPlayerStart: PATHS NOT DEFINED or NO PLAYERSTART with positive rating
[2019.02.26-10.04.54:440][724]LogContentBrowser: Native class hierarchy updated for 'MovieSceneCapture' in 0.0007 seconds. Added 20 classes and 0 folders.
[2019.02.26-10.04.54:467][724]LogBlueprintUserMessages: Warning: SetTimer passed a bad function (TimeFunctionTick) or object (MotionControllerPawn_2)
[2019.02.26-10.04.54:490][724]LogBlueprintUserMessages: [MotionControllerPawn_2] 















Make_Hands
[2019.02.26-10.04.54:574][724]LogBlueprintUserMessages: [MotionControllerPawn_2] 









Left
[2019.02.26-10.04.54:577][724]LogBlueprintUserMessages: [MotionControllerPawn_2] 











Right
[2019.02.26-10.04.54:577][724]PIE: Play in editor start time for /Game/StarterContent/Maps/UEDPIE_0_Minimal_Default_2 0.488
[2019.02.26-10.04.54:626][724]LogBlueprintUserMessages: Late PlayInEditor Detection: Level '/Game/StarterContent/Maps/Minimal_Default_2.Minimal_Default_2:PersistentLevel' has LevelScriptBlueprint '/Game/StarterContent/Maps/Minimal_Default_2.Minimal_Default_2:PersistentLevel.Minimal_Default_2' with GeneratedClass '/Game/StarterContent/Maps/Minimal_Default_2.Minimal_Default_2_C' with ClassGeneratedBy '/Game/StarterContent/Maps/Minimal_Default_2.Minimal_Default_2:PersistentLevel.Minimal_Default_2'
[2019.02.26-10.04.55:313][773]LogBlueprintUserMessages: [MotionControllerPawn_2] 109
[2019.02.26-10.04.55:322][774]LogScript: Warning: Accessed None trying to read property ScanVar
	Spawner_C /Game/StarterContent/Maps/UEDPIE_0_Minimal_Default_2.Minimal_Default_2:PersistentLevel.Spawner_2
	Function /Game/Blueprints/Spawner.Spawner_C:ExecuteUbergraph_Spawner:0F8D
[2019.02.26-10.04.55:322][774]PIE: Error: Blueprint Runtime Error: "Accessed None trying to read property ScanVar". Blueprint:  Spawner Function:  Execute Ubergraph Spawner Graph:  EventGraph Node:  Branch
[2019.02.26-10.04.56:519][906]LogBlueprintUserMessages: [MotionControllerPawn_2] 108
[2019.02.26-10.04.57:723][ 49]LogBlueprintUserMessages: [MotionControllerPawn_2] 107
[2019.02.26-10.04.58:924][192]LogBlueprintUserMessages: [MotionControllerPawn_2] 106
[2019.02.26-10.05.00:126][319]LogBlueprintUserMessages: [MotionControllerPawn_2] 105
[2019.02.26-10.05.01:332][449]LogBlueprintUserMessages: [MotionControllerPawn_2] 104
[2019.02.26-10.05.02:541][578]LogBlueprintUserMessages: [MotionControllerPawn_2] 103
[2019.02.26-10.05.02:844][607]LogEditorViewport: Clicking on Actor (context menu): StaticMeshActor (shelves12)
[2019.02.26-10.05.02:913][607]LogSlate: FSceneViewport::OnFocusLost() reason 2
[2019.02.26-10.05.04:611][784]LogBlueprintUserMessages: [MotionControllerPawn_2] 102
[2019.02.26-10.05.05:818][882]LogBlueprintUserMessages: [MotionControllerPawn_2] 101
[2019.02.26-10.05.07:026][ 14]LogBlueprintUserMessages: [MotionControllerPawn_2] 100
[2019.02.26-10.05.08:234][155]LogBlueprintUserMessages: [MotionControllerPawn_2] 99
[2019.02.26-10.05.09:439][278]LogBlueprintUserMessages: [MotionControllerPawn_2] 98
[2019.02.26-10.05.10:651][395]LogBlueprintUserMessages: [MotionControllerPawn_2] 97
[2019.02.26-10.05.11:859][507]LogBlueprintUserMessages: [MotionControllerPawn_2] 96
[2019.02.26-10.05.13:067][621]LogBlueprintUserMessages: [MotionControllerPawn_2] 95
[2019.02.26-10.05.14:271][722]LogBlueprintUserMessages: [MotionControllerPawn_2] 94
[2019.02.26-10.05.15:484][805]LogBlueprintUserMessages: [MotionControllerPawn_2] 93
[2019.02.26-10.05.16:703][908]LogBlueprintUserMessages: [MotionControllerPawn_2] 92
[2019.02.26-10.05.17:918][ 14]LogBlueprintUserMessages: [MotionControllerPawn_2] 91
[2019.02.26-10.05.19:127][118]LogBlueprintUserMessages: [MotionControllerPawn_2] 90
[2019.02.26-10.05.20:346][224]LogBlueprintUserMessages: [MotionControllerPawn_2] 89
[2019.02.26-10.05.21:549][332]LogBlueprintUserMessages: [MotionControllerPawn_2] 88
[2019.02.26-10.05.22:767][433]LogBlueprintUserMessages: [MotionControllerPawn_2] 87
[2019.02.26-10.05.23:974][558]LogBlueprintUserMessages: [MotionControllerPawn_2] 86
[2019.02.26-10.05.25:184][653]LogBlueprintUserMessages: [MotionControllerPawn_2] 85
[2019.02.26-10.05.26:394][790]LogBlueprintUserMessages: [MotionControllerPawn_2] 84
[2019.02.26-10.05.29:723][840]LogScript: Warning: Runaway loop detected (over 1,000,000 iterations) - see log for stack trace
	BabyCarts_C /Game/StarterContent/Maps/UEDPIE_0_Minimal_Default_2.Minimal_Default_2:PersistentLevel.BabyCarts_C_0
	Function /Game/Blueprints/BabyCarts.BabyCarts_C:ExecuteUbergraph_BabyCarts:0022
[2019.02.26-10.05.29:723][840]PIE: Error: Infinite loop detected. Blueprint:  BabyCarts Function:  Play Sound at Location Call Stack:  Show
[2019.02.26-10.05.32:355][840]LogScript: Warning: Runaway loop detected (over 1,000,000 iterations) - see log for stack trace
	BabyCarts_C /Game/StarterContent/Maps/UEDPIE_0_Minimal_Default_2.Minimal_Default_2:PersistentLevel.BabyCarts_C_1
	Function /Game/Blueprints/BabyCarts.BabyCarts_C:ExecuteUbergraph_BabyCarts:0022
[2019.02.26-10.05.32:356][840]PIE: Error: Infinite loop detected. Blueprint:  BabyCarts Function:  Play Sound at Location Call Stack:  Show
[2019.02.26-10.05.34:938][840]LogScript: Warning: Runaway loop detected (over 1,000,000 iterations) - see log for stack trace
	BabyCarts_C /Game/StarterContent/Maps/UEDPIE_0_Minimal_Default_2.Minimal_Default_2:PersistentLevel.BabyCarts_C_2
	Function /Game/Blueprints/BabyCarts.BabyCarts_C:ExecuteUbergraph_BabyCarts:0022
[2019.02.26-10.05.34:939][840]PIE: Error: Infinite loop detected. Blueprint:  BabyCarts Function:  Play Sound at Location Call Stack:  Show
[2019.02.26-10.05.37:579][840]LogScript: Warning: Runaway loop detected (over 1,000,000 iterations) - see log for stack trace
	BabyCarts_C /Game/StarterContent/Maps/UEDPIE_0_Minimal_Default_2.Minimal_Default_2:PersistentLevel.BabyCarts_C_3
	Function /Game/Blueprints/BabyCarts.BabyCarts_C:ExecuteUbergraph_BabyCarts:0022
[2019.02.26-10.05.37:579][840]PIE: Error: Infinite loop detected. Blueprint:  BabyCarts Function:  Play Sound at Location Call Stack:  Show
[2019.02.26-10.05.55:637][840]LogScript: Warning: Runaway loop detected (over 1,000,000 iterations) - see log for stack trace
	BabyCarts_C /Game/StarterContent/Maps/UEDPIE_0_Minimal_Default_2.Minimal_Default_2:PersistentLevel.BabyCarts_C_4
	Function /Game/Blueprints/BabyCarts.BabyCarts_C:ExecuteUbergraph_BabyCarts:0022
[2019.02.26-10.05.56:180][840]PIE: Error: Infinite loop detected. Blueprint:  BabyCarts Function:  Play Sound at Location Call Stack:  Show
