Log file open, 02/25/19 22:16:27
LogWindows: Failed to load 'aqProf.dll' (GetLastError=126)
LogWindows: File 'aqProf.dll' does not exist
LogWindows: Failed to load 'VtuneApi.dll' (GetLastError=126)
LogWindows: File 'VtuneApi.dll' does not exist
LogWindows: Failed to load 'VtuneApi32e.dll' (GetLastError=126)
LogWindows: File 'VtuneApi32e.dll' does not exist
LogConsoleResponse: Display: Failed to find resolution value strings in scalability ini. Falling back to default.
LogInit: Display: Running engine for game: MyProject3
LogPakFile: Registered encryption key '00000000000000000000000000000000': 0 pak files mounted, 0 remain pending
LogPlatformFile: Not using cached read wrapper
LogTaskGraph: Started task graph with 5 named threads and 14 total threads with 3 sets of task threads.
LogStats: Stats thread started at 0.212768
LogD3D11RHI: Loaded GFSDK_Aftermath_Lib.x64.dll
LogICUInternationalization: ICU TimeZone Detection - Raw Offset: -5:00, Platform Override: ''
LogPluginManager: Mounting plugin Paper2D
LogPluginManager: Mounting plugin AISupport
LogPluginManager: Mounting plugin LightPropagationVolume
LogPluginManager: Mounting plugin ActorLayerUtilities
LogPluginManager: Mounting plugin CLionSourceCodeAccess
LogPluginManager: Mounting plugin CodeLiteSourceCodeAccess
LogPluginManager: Mounting plugin GitSourceControl
LogPluginManager: Mounting plugin KDevelopSourceCodeAccess
LogPluginManager: Mounting plugin NullSourceCodeAccess
LogPluginManager: Mounting plugin PerforceSourceControl
LogPluginManager: Mounting plugin SubversionSourceControl
LogPluginManager: Mounting plugin UObjectPlugin
LogPluginManager: Mounting plugin VisualStudioCodeSourceCodeAccess
LogPluginManager: Mounting plugin VisualStudioSourceCodeAccess
LogPluginManager: Mounting plugin XCodeSourceCodeAccess
LogPluginManager: Mounting plugin AssetManagerEditor
LogPluginManager: Mounting plugin CryptoKeys
LogPluginManager: Mounting plugin DataValidation
LogPluginManager: Mounting plugin FacialAnimation
LogPluginManager: Mounting plugin GameplayTagsEditor
LogPluginManager: Mounting plugin MacGraphicsSwitching
LogPluginManager: Mounting plugin MeshEditor
LogPluginManager: Mounting plugin MobileLauncherProfileWizard
LogPluginManager: Mounting plugin PluginBrowser
LogPluginManager: Mounting plugin SpeedTreeImporter
LogPluginManager: Mounting plugin DatasmithContent
LogPluginManager: Mounting plugin VariantManagerContent
LogPluginManager: Mounting plugin AlembicImporter
LogPluginManager: Mounting plugin AppleImageUtils
LogPluginManager: Mounting plugin AppleVision
LogPluginManager: Mounting plugin BackChannel
LogPluginManager: Mounting plugin CharacterAI
LogPluginManager: Mounting plugin GeometryCache
LogPluginManager: Mounting plugin HTML5Networking
LogPluginManager: Mounting plugin ProxyLODPlugin
LogPluginManager: Mounting plugin MagicLeap
LogPluginManager: Mounting plugin MagicLeapMedia
LogPluginManager: Mounting plugin AndroidMedia
LogPluginManager: Mounting plugin AvfMedia
LogPluginManager: Mounting plugin ImgMedia
LogPluginManager: Mounting plugin LinearTimecode
LogPluginManager: Mounting plugin MediaCompositing
LogPluginManager: Mounting plugin MediaPlayerEditor
LogPluginManager: Mounting plugin WebMMedia
LogPluginManager: Mounting plugin WmfMedia
LogPluginManager: Mounting plugin TcpMessaging
LogPluginManager: Mounting plugin UdpMessaging
LogPluginManager: Mounting plugin ActorSequence
LogPluginManager: Mounting plugin LevelSequenceEditor
LogPluginManager: Mounting plugin MatineeToLevelSequence
LogPluginManager: Mounting plugin NetcodeUnitTest
LogPluginManager: Mounting plugin NUTUnrealEngine4
LogPluginManager: Mounting plugin OnlineSubsystemGooglePlay
LogPluginManager: Mounting plugin OnlineSubsystemIOS
LogPluginManager: Mounting plugin OnlineSubsystem
LogPluginManager: Mounting plugin OnlineSubsystemNull
LogPluginManager: Mounting plugin OnlineSubsystemUtils
LogPluginManager: Mounting plugin LauncherChunkInstaller
LogPluginManager: Mounting plugin AndroidDeviceProfileSelector
LogPluginManager: Mounting plugin AndroidMoviePlayer
LogPluginManager: Mounting plugin AndroidPermission
LogPluginManager: Mounting plugin AppleMoviePlayer
LogPluginManager: Mounting plugin ArchVisCharacter
LogPluginManager: Mounting plugin AudioCapture
LogPluginManager: Mounting plugin CableComponent
LogPluginManager: Mounting plugin CustomMeshComponent
LogPluginManager: Mounting plugin EditableMesh
LogPluginManager: Mounting plugin ExampleDeviceProfileSelector
LogPluginManager: Mounting plugin Firebase
LogPluginManager: Mounting plugin GoogleCloudMessaging
LogPluginManager: Mounting plugin IOSDeviceProfileSelector
LogPluginManager: Mounting plugin LinuxDeviceProfileSelector
LogPluginManager: Mounting plugin LocationServicesBPLibrary
LogPluginManager: Mounting plugin MobilePatchingUtils
LogPluginManager: Mounting plugin OculusVR
LogPluginManager: Mounting plugin PhysXVehicles
LogPluginManager: Mounting plugin ProceduralMeshComponent
LogPluginManager: Mounting plugin RuntimePhysXCooking
LogPluginManager: Mounting plugin SteamVR
LogPluginManager: Mounting plugin WebMMoviePlayer
LogPluginManager: Mounting plugin WindowsMoviePlayer
LogStreaming: Display: Took  0.304s to configure plugins.
LogInit: Using libcurl 7.55.1-DEV
LogInit:  - built for x86_64-pc-win32
LogInit:  - supports SSL with OpenSSL/1.0.2h
LogInit:  - supports HTTP deflate (compression) using libz 1.2.8
LogInit:  - other features:
LogInit:      CURL_VERSION_SSL
LogInit:      CURL_VERSION_LIBZ
LogInit:      CURL_VERSION_IPV6
LogInit:      CURL_VERSION_ASYNCHDNS
LogInit:      CURL_VERSION_LARGEFILE
LogInit:      CURL_VERSION_IDN
LogInit:  CurlRequestOptions (configurable via config and command line):
LogInit:  - bVerifyPeer = true  - Libcurl will verify peer certificate
LogInit:  - bUseHttpProxy = false  - Libcurl will NOT use HTTP proxy
LogInit:  - bDontReuseConnections = false  - Libcurl will reuse connections
LogInit:  - MaxHostConnections = 16  - Libcurl will limit the number of connections to a host
LogInit:  - LocalHostAddr = Default
LogInit:  - BufferSize = 65536
LogInit: WinSock: version 1.1 (2.2), MaxSocks=32767, MaxUdp=65467
LogInit: Build: ++UE4+Release-4.21-CL-4613538
LogInit: Engine Version: 4.21.1-4613538+++UE4+Release-4.21
LogInit: Compatible Engine Version: 4.21.0-4541578+++UE4+Release-4.21
LogInit: Net CL: 4541578
LogInit: OS: Windows 10 (), CPU: Intel(R) Core(TM) i5-7300HQ CPU @ 2.50GHz, GPU: Intel(R) HD Graphics 630
LogInit: Compiled (64-bit): Nov 30 2018 04:13:25
LogInit: Compiled with Visual C++: 19.13.26129.00
LogInit: Build Configuration: Development
LogInit: Branch Name: ++UE4+Release-4.21
LogInit: Command Line: 
LogInit: Base Directory: D:/programs/UE_4.21/Engine/Binaries/Win64/
LogInit: Installed Engine Build: 1
LogDevObjectVersion: Number of dev versions registered: 22
LogDevObjectVersion:   Dev-Blueprints (B0D832E4-1F89-4F0D-ACCF-7EB736FD4AA2): 10
LogDevObjectVersion:   Dev-Build (E1C64328-A22C-4D53-A36C-8E866417BD8C): 0
LogDevObjectVersion:   Dev-Core (375EC13C-06E4-48FB-B500-84F0262A717E): 2
LogDevObjectVersion:   Dev-Editor (E4B068ED-F494-42E9-A231-DA0B2E46BB41): 26
LogDevObjectVersion:   Dev-Framework (CFFC743F-43B0-4480-9391-14DF171D2073): 34
LogDevObjectVersion:   Dev-Mobile (B02B49B5-BB20-44E9-A304-32B752E40360): 2
LogDevObjectVersion:   Dev-Networking (A4E4105C-59A1-49B5-A7C5-40C4547EDFEE): 0
LogDevObjectVersion:   Dev-Online (39C831C9-5AE6-47DC-9A44-9C173E1C8E7C): 0
LogDevObjectVersion:   Dev-Physics (78F01B33-EBEA-4F98-B9B4-84EACCB95AA2): 0
LogDevObjectVersion:   Dev-Platform (6631380F-2D4D-43E0-8009-CF276956A95A): 0
LogDevObjectVersion:   Dev-Rendering (12F88B9F-8875-4AFC-A67C-D90C383ABD29): 27
LogDevObjectVersion:   Dev-Sequencer (7B5AE74C-D270-4C10-A958-57980B212A5A): 9
LogDevObjectVersion:   Dev-VR (D7296918-1DD6-4BDD-9DE2-64A83CC13884): 2
LogDevObjectVersion:   Dev-LoadTimes (C2A15278-BFE7-4AFE-6C17-90FF531DF755): 1
LogDevObjectVersion:   Private-Geometry (6EACA3D4-40EC-4CC1-B786-8BED09428FC5): 3
LogDevObjectVersion:   Dev-AnimPhys (29E575DD-E0A3-4627-9D10-D276232CDCEA): 17
LogDevObjectVersion:   Dev-Anim (AF43A65D-7FD3-4947-9873-3E8ED9C1BB05): 2
LogDevObjectVersion:   Dev-ReflectionCapture (6B266CEC-1EC7-4B8F-A30B-E4D90942FC07): 1
LogDevObjectVersion:   Dev-Automation (0DF73D61-A23F-47EA-B727-89E90C41499A): 1
LogDevObjectVersion:   FortniteMain (601D1886-AC64-4F84-AA16-D3DE0DEAC7D6): 17
LogDevObjectVersion:   Dev-Enterprise (9DFFBCD6-494F-0158-E221-12823C92A888): 4
LogDevObjectVersion:   Dev-Niagara (F2AED0AC-9AFE-416F-8664-AA7FFA26D6FC): 1
LogStreaming: Display: Took  0.015s to delete old logs.
LogInit: Presizing for max 8388607 objects, including 0 objects not considered by GC, pre-allocating 0 bytes for permanent pool.
LogInit: Object subsystem initialized
LogConfig: Setting CVar [[con.DebugEarlyDefault:1]]
LogConfig: Setting CVar [[r.setres:1280x720]]
[2019.02.26-03.16.30:548][  0]LogConfig: Setting CVar [[r.VSync:0]]
[2019.02.26-03.16.30:548][  0]LogConfig: Setting CVar [[r.RHICmdBypass:0]]
[2019.02.26-03.16.30:548][  0]LogConfig: Applying CVar settings from Section [/Script/Engine.RendererSettings] File [D:/Docs/465/humanStuff/MyProject3/Saved/Config/Windows/Engine.ini]
[2019.02.26-03.16.30:548][  0]LogConfig: Setting CVar [[r.GPUCrashDebugging:0]]
[2019.02.26-03.16.30:548][  0]LogConfig: Applying CVar settings from Section [/Script/Engine.RendererOverrideSettings] File [D:/Docs/465/humanStuff/MyProject3/Saved/Config/Windows/Engine.ini]
[2019.02.26-03.16.30:548][  0]LogConfig: Applying CVar settings from Section [/Script/Engine.StreamingSettings] File [D:/Docs/465/humanStuff/MyProject3/Saved/Config/Windows/Engine.ini]
[2019.02.26-03.16.30:548][  0]LogConfig: Setting CVar [[s.MinBulkDataSizeForAsyncLoading:131072]]
[2019.02.26-03.16.30:548][  0]LogConfig: Setting CVar [[s.AsyncLoadingThreadEnabled:0]]
[2019.02.26-03.16.30:548][  0]LogConfig: Setting CVar [[s.EventDrivenLoaderEnabled:1]]
[2019.02.26-03.16.30:548][  0]LogConfig: Setting CVar [[s.WarnIfTimeLimitExceeded:0]]
[2019.02.26-03.16.30:548][  0]LogConfig: Setting CVar [[s.TimeLimitExceededMultiplier:1.5]]
[2019.02.26-03.16.30:548][  0]LogConfig: Setting CVar [[s.TimeLimitExceededMinTime:0.005]]
[2019.02.26-03.16.30:548][  0]LogConfig: Setting CVar [[s.UseBackgroundLevelStreaming:1]]
[2019.02.26-03.16.30:548][  0]LogConfig: Setting CVar [[s.PriorityAsyncLoadingExtraTime:15.0]]
[2019.02.26-03.16.30:548][  0]LogConfig: Setting CVar [[s.LevelStreamingActorsUpdateTimeLimit:5.0]]
[2019.02.26-03.16.30:548][  0]LogConfig: Setting CVar [[s.PriorityLevelStreamingActorsUpdateExtraTime:5.0]]
[2019.02.26-03.16.30:548][  0]LogConfig: Setting CVar [[s.LevelStreamingComponentsRegistrationGranularity:10]]
[2019.02.26-03.16.30:548][  0]LogConfig: Setting CVar [[s.UnregisterComponentsTimeLimit:1.0]]
[2019.02.26-03.16.30:548][  0]LogConfig: Setting CVar [[s.LevelStreamingComponentsUnregistrationGranularity:5]]
[2019.02.26-03.16.30:548][  0]LogConfig: Applying CVar settings from Section [/Script/Engine.GarbageCollectionSettings] File [D:/Docs/465/humanStuff/MyProject3/Saved/Config/Windows/Engine.ini]
[2019.02.26-03.16.30:548][  0]LogConfig: Setting CVar [[gc.MaxObjectsNotConsideredByGC:1]]
[2019.02.26-03.16.30:549][  0]LogConfig: Setting CVar [[gc.SizeOfPermanentObjectPool:0]]
[2019.02.26-03.16.30:549][  0]LogConfig: Setting CVar [[gc.FlushStreamingOnGC:0]]
[2019.02.26-03.16.30:549][  0]LogConfig: Setting CVar [[gc.NumRetriesBeforeForcingGC:10]]
[2019.02.26-03.16.30:549][  0]LogConfig: Setting CVar [[gc.AllowParallelGC:1]]
[2019.02.26-03.16.30:549][  0]LogConfig: Setting CVar [[gc.TimeBetweenPurgingPendingKillObjects:61.1]]
[2019.02.26-03.16.30:549][  0]LogConfig: Setting CVar [[gc.MaxObjectsInEditor:8388607]]
[2019.02.26-03.16.30:549][  0]LogConfig: Setting CVar [[gc.IncrementalBeginDestroyEnabled:1]]
[2019.02.26-03.16.30:549][  0]LogConfig: Setting CVar [[gc.CreateGCClusters:1]]
[2019.02.26-03.16.30:549][  0]LogConfig: Setting CVar [[gc.MergeGCClusters:0]]
[2019.02.26-03.16.30:549][  0]LogConfig: Setting CVar [[gc.MinGCClusterSize:5]]
[2019.02.26-03.16.30:549][  0]LogConfig: Setting CVar [[gc.ActorClusteringEnabled:0]]
[2019.02.26-03.16.30:549][  0]LogConfig: Setting CVar [[gc.BlueprintClusteringEnabled:0]]
[2019.02.26-03.16.30:549][  0]LogConfig: Setting CVar [[gc.UseDisregardForGCOnDedicatedServers:0]]
[2019.02.26-03.16.30:549][  0]LogConfig: Applying CVar settings from Section [/Script/Engine.NetworkSettings] File [D:/Docs/465/humanStuff/MyProject3/Saved/Config/Windows/Engine.ini]
[2019.02.26-03.16.30:549][  0]LogConfig: Applying CVar settings from Section [/Script/UnrealEd.CookerSettings] File [D:/Docs/465/humanStuff/MyProject3/Saved/Config/Windows/Engine.ini]
[2019.02.26-03.16.30:651][  0]LogConfig: Applying CVar settings from Section [ViewDistanceQuality@3] File [D:/Docs/465/humanStuff/MyProject3/Saved/Config/Windows/Scalability.ini]
[2019.02.26-03.16.30:651][  0]LogConfig: Setting CVar [[r.SkeletalMeshLODBias:0]]
[2019.02.26-03.16.30:651][  0]LogConfig: Setting CVar [[r.ViewDistanceScale:1.0]]
[2019.02.26-03.16.30:651][  0]LogConfig: Applying CVar settings from Section [AntiAliasingQuality@3] File [D:/Docs/465/humanStuff/MyProject3/Saved/Config/Windows/Scalability.ini]
[2019.02.26-03.16.30:651][  0]LogConfig: Setting CVar [[r.PostProcessAAQuality:3]]
[2019.02.26-03.16.30:651][  0]LogConfig: Applying CVar settings from Section [ShadowQuality@3] File [D:/Docs/465/humanStuff/MyProject3/Saved/Config/Windows/Scalability.ini]
[2019.02.26-03.16.30:651][  0]LogConfig: Setting CVar [[r.LightFunctionQuality:1]]
[2019.02.26-03.16.30:651][  0]LogConfig: Setting CVar [[r.ShadowQuality:5]]
[2019.02.26-03.16.30:651][  0]LogConfig: Setting CVar [[r.Shadow.CSM.MaxCascades:10]]
[2019.02.26-03.16.30:651][  0]LogConfig: Setting CVar [[r.Shadow.MaxResolution:2048]]
[2019.02.26-03.16.30:651][  0]LogConfig: Setting CVar [[r.Shadow.MaxCSMResolution:2048]]
[2019.02.26-03.16.30:651][  0]LogConfig: Setting CVar [[r.Shadow.RadiusThreshold:0.01]]
[2019.02.26-03.16.30:651][  0]LogConfig: Setting CVar [[r.Shadow.DistanceScale:1.0]]
[2019.02.26-03.16.30:651][  0]LogConfig: Setting CVar [[r.Shadow.CSM.TransitionScale:1.0]]
[2019.02.26-03.16.30:651][  0]LogConfig: Setting CVar [[r.Shadow.PreShadowResolutionFactor:1.0]]
[2019.02.26-03.16.30:651][  0]LogConfig: Setting CVar [[r.DistanceFieldShadowing:1]]
[2019.02.26-03.16.30:651][  0]LogConfig: Setting CVar [[r.DistanceFieldAO:1]]
[2019.02.26-03.16.30:651][  0]LogConfig: Setting CVar [[r.AOQuality:2]]
[2019.02.26-03.16.30:651][  0]LogConfig: Setting CVar [[r.VolumetricFog:1]]
[2019.02.26-03.16.30:651][  0]LogConfig: Setting CVar [[r.VolumetricFog.GridPixelSize:8]]
[2019.02.26-03.16.30:651][  0]LogConfig: Setting CVar [[r.VolumetricFog.GridSizeZ:128]]
[2019.02.26-03.16.30:651][  0]LogConfig: Setting CVar [[r.VolumetricFog.HistoryMissSupersampleCount:4]]
[2019.02.26-03.16.30:651][  0]LogConfig: Setting CVar [[r.LightMaxDrawDistanceScale:1]]
[2019.02.26-03.16.30:651][  0]LogConfig: Setting CVar [[r.CapsuleShadows:1]]
[2019.02.26-03.16.30:651][  0]LogConfig: Applying CVar settings from Section [PostProcessQuality@3] File [D:/Docs/465/humanStuff/MyProject3/Saved/Config/Windows/Scalability.ini]
[2019.02.26-03.16.30:651][  0]LogConfig: Setting CVar [[r.MotionBlurQuality:0]]
[2019.02.26-03.16.30:651][  0]LogConfig: Setting CVar [[r.AmbientOcclusionMipLevelFactor:0.4]]
[2019.02.26-03.16.30:651][  0]LogConfig: Setting CVar [[r.AmbientOcclusionMaxQuality:100]]
[2019.02.26-03.16.30:651][  0]LogConfig: Setting CVar [[r.AmbientOcclusionLevels:0]]
[2019.02.26-03.16.30:651][  0]LogConfig: Setting CVar [[r.AmbientOcclusionRadiusScale:1.0]]
[2019.02.26-03.16.30:651][  0]LogConfig: Setting CVar [[r.DepthOfFieldQuality:0]]
[2019.02.26-03.16.30:651][  0]LogConfig: Setting CVar [[r.RenderTargetPoolMin:400]]
[2019.02.26-03.16.30:651][  0]LogConfig: Setting CVar [[r.LensFlareQuality:0]]
[2019.02.26-03.16.30:651][  0]LogConfig: Setting CVar [[r.SceneColorFringeQuality:0]]
[2019.02.26-03.16.30:651][  0]LogConfig: Setting CVar [[r.EyeAdaptationQuality:2]]
[2019.02.26-03.16.30:651][  0]LogConfig: Setting CVar [[r.BloomQuality:1]]
[2019.02.26-03.16.30:651][  0]LogConfig: Setting CVar [[r.FastBlurThreshold:0]]
[2019.02.26-03.16.30:652][  0]LogConfig: Setting CVar [[r.Upscale.Quality:3]]
[2019.02.26-03.16.30:652][  0]LogConfig: Setting CVar [[r.Tonemapper.GrainQuantization:1]]
[2019.02.26-03.16.30:652][  0]LogConfig: Setting CVar [[r.LightShaftQuality:1]]
[2019.02.26-03.16.30:652][  0]LogConfig: Setting CVar [[r.Filter.SizeScale:1]]
[2019.02.26-03.16.30:652][  0]LogConfig: Setting CVar [[r.Tonemapper.Quality:5]]
[2019.02.26-03.16.30:652][  0]LogConfig: Setting CVar [[r.DOF.Gather.AccumulatorQuality:1        ; higher gathering accumulator quality]]
[2019.02.26-03.16.30:652][  0]LogConfig: Setting CVar [[r.DOF.Gather.PostfilterMethod:1          ; Median3x3 postfilering method]]
[2019.02.26-03.16.30:652][  0]LogConfig: Setting CVar [[r.DOF.Gather.EnableBokehSettings:0       ; no bokeh simulation when gathering]]
[2019.02.26-03.16.30:652][  0]LogConfig: Setting CVar [[r.DOF.Gather.RingCount:4                 ; medium number of samples when gathering]]
[2019.02.26-03.16.30:652][  0]LogConfig: Setting CVar [[r.DOF.Scatter.ForegroundCompositing:1    ; additive foreground scattering]]
[2019.02.26-03.16.30:652][  0]LogConfig: Setting CVar [[r.DOF.Scatter.BackgroundCompositing:2    ; additive background scattering]]
[2019.02.26-03.16.30:652][  0]LogConfig: Setting CVar [[r.DOF.Scatter.EnableBokehSettings:1      ; bokeh simulation when scattering]]
[2019.02.26-03.16.30:652][  0]LogConfig: Setting CVar [[r.DOF.Scatter.MaxSpriteRatio:0.1         ; only a maximum of 10% of scattered bokeh]]
[2019.02.26-03.16.30:652][  0]LogConfig: Setting CVar [[r.DOF.Recombine.Quality:1                ; cheap slight out of focus]]
[2019.02.26-03.16.30:652][  0]LogConfig: Setting CVar [[r.DOF.Recombine.EnableBokehSettings:0    ; no bokeh simulation on slight out of focus]]
[2019.02.26-03.16.30:652][  0]LogConfig: Setting CVar [[r.DOF.TemporalAAQuality:1                ; more stable temporal accumulation]]
[2019.02.26-03.16.30:652][  0]LogConfig: Setting CVar [[r.DOF.Kernel.MaxForegroundRadius:0.025]]
[2019.02.26-03.16.30:652][  0]LogConfig: Setting CVar [[r.DOF.Kernel.MaxBackgroundRadius:0.025]]
[2019.02.26-03.16.30:652][  0]LogConfig: Applying CVar settings from Section [TextureQuality@3] File [D:/Docs/465/humanStuff/MyProject3/Saved/Config/Windows/Scalability.ini]
[2019.02.26-03.16.30:652][  0]LogConfig: Setting CVar [[r.Streaming.MipBias:0]]
[2019.02.26-03.16.30:652][  0]LogConfig: Setting CVar [[r.Streaming.AmortizeCPUToGPUCopy:0]]
[2019.02.26-03.16.30:652][  0]LogConfig: Setting CVar [[r.Streaming.MaxNumTexturesToStreamPerFrame:0]]
[2019.02.26-03.16.30:652][  0]LogConfig: Setting CVar [[r.Streaming.Boost:1]]
[2019.02.26-03.16.30:652][  0]LogConfig: Setting CVar [[r.MaxAnisotropy:8]]
[2019.02.26-03.16.30:652][  0]LogConfig: Setting CVar [[r.Streaming.LimitPoolSizeToVRAM:0]]
[2019.02.26-03.16.30:652][  0]LogConfig: Setting CVar [[r.Streaming.PoolSize:1000]]
[2019.02.26-03.16.30:652][  0]LogConfig: Setting CVar [[r.Streaming.MaxEffectiveScreenSize:0]]
[2019.02.26-03.16.30:652][  0]LogConfig: Applying CVar settings from Section [EffectsQuality@3] File [D:/Docs/465/humanStuff/MyProject3/Saved/Config/Windows/Scalability.ini]
[2019.02.26-03.16.30:652][  0]LogConfig: Setting CVar [[r.TranslucencyLightingVolumeDim:4]]
[2019.02.26-03.16.30:652][  0]LogConfig: Setting CVar [[r.RefractionQuality:2]]
[2019.02.26-03.16.30:652][  0]LogConfig: Setting CVar [[r.SSR.Quality:0]]
[2019.02.26-03.16.30:652][  0]LogConfig: Setting CVar [[r.SceneColorFormat:2]]
[2019.02.26-03.16.30:652][  0]LogConfig: Setting CVar [[r.DetailMode:2]]
[2019.02.26-03.16.30:652][  0]LogConfig: Setting CVar [[r.TranslucencyVolumeBlur:0]]
[2019.02.26-03.16.30:652][  0]LogConfig: Setting CVar [[r.MaterialQualityLevel:1 ; High quality]]
[2019.02.26-03.16.30:652][  0]LogConfig: Setting CVar [[r.SSS.Scale:1]]
[2019.02.26-03.16.30:652][  0]LogConfig: Setting CVar [[r.SSS.SampleSet:2]]
[2019.02.26-03.16.30:652][  0]LogConfig: Setting CVar [[r.SSS.Quality:1]]
[2019.02.26-03.16.30:652][  0]LogConfig: Setting CVar [[r.SSS.HalfRes:1]]
[2019.02.26-03.16.30:652][  0]LogConfig: Setting CVar [[r.EmitterSpawnRateScale:1.0]]
[2019.02.26-03.16.30:652][  0]LogConfig: Setting CVar [[r.ParticleLightQuality:2]]
[2019.02.26-03.16.30:653][  0]LogConfig: Applying CVar settings from Section [FoliageQuality@3] File [D:/Docs/465/humanStuff/MyProject3/Saved/Config/Windows/Scalability.ini]
[2019.02.26-03.16.30:653][  0]LogConfig: Setting CVar [[foliage.DensityScale:1.0]]
[2019.02.26-03.16.30:653][  0]LogConfig: Setting CVar [[grass.DensityScale:1.0]]
[2019.02.26-03.16.30:665][  0]LogInit: Selected Device Profile: [Windows]
[2019.02.26-03.16.30:665][  0]LogInit: Applying CVar settings loaded from the selected device profile: [Windows]
[2019.02.26-03.16.30:725][  0]LogHAL: Display: Platform has ~ 8 GB [8448847872 / 8589934592 / 8], which maps to Default [LargestMinGB=32, LargerMinGB=12, DefaultMinGB=8, SmallerMinGB=6, SmallestMinGB=0)
[2019.02.26-03.16.30:747][  0]LogConfig: Setting CVar [[r.Vulkan.UseRealUBs:1]]
[2019.02.26-03.16.30:747][  0]LogInit: Going up to parent DeviceProfile []
[2019.02.26-03.16.30:748][  0]LogConfig: Applying CVar settings from Section [ViewDistanceQuality@0] File [D:/Docs/465/humanStuff/MyProject3/Saved/Config/Windows/Scalability.ini]
[2019.02.26-03.16.30:748][  0]LogConfig: Setting CVar [[r.SkeletalMeshLODBias:2]]
[2019.02.26-03.16.30:748][  0]LogConfig: Setting CVar [[r.ViewDistanceScale:0.4]]
[2019.02.26-03.16.30:748][  0]LogConfig: Applying CVar settings from Section [AntiAliasingQuality@0] File [D:/Docs/465/humanStuff/MyProject3/Saved/Config/Windows/Scalability.ini]
[2019.02.26-03.16.30:748][  0]LogConfig: Setting CVar [[r.PostProcessAAQuality:0]]
[2019.02.26-03.16.30:748][  0]LogConfig: Applying CVar settings from Section [ShadowQuality@0] File [D:/Docs/465/humanStuff/MyProject3/Saved/Config/Windows/Scalability.ini]
[2019.02.26-03.16.30:748][  0]LogConfig: Setting CVar [[r.LightFunctionQuality:0]]
[2019.02.26-03.16.30:748][  0]LogConfig: Setting CVar [[r.ShadowQuality:0]]
[2019.02.26-03.16.30:748][  0]LogConfig: Setting CVar [[r.Shadow.CSM.MaxCascades:1]]
[2019.02.26-03.16.30:748][  0]LogConfig: Setting CVar [[r.Shadow.MaxResolution:512]]
[2019.02.26-03.16.30:748][  0]LogConfig: Setting CVar [[r.Shadow.MaxCSMResolution:512]]
[2019.02.26-03.16.30:748][  0]LogConfig: Setting CVar [[r.Shadow.RadiusThreshold:0.06]]
[2019.02.26-03.16.30:748][  0]LogConfig: Setting CVar [[r.Shadow.DistanceScale:0.6]]
[2019.02.26-03.16.30:748][  0]LogConfig: Setting CVar [[r.Shadow.CSM.TransitionScale:0]]
[2019.02.26-03.16.30:748][  0]LogConfig: Setting CVar [[r.Shadow.PreShadowResolutionFactor:0.5]]
[2019.02.26-03.16.30:748][  0]LogConfig: Setting CVar [[r.DistanceFieldShadowing:0]]
[2019.02.26-03.16.30:748][  0]LogConfig: Setting CVar [[r.DistanceFieldAO:0]]
[2019.02.26-03.16.30:748][  0]LogConfig: Setting CVar [[r.VolumetricFog:0]]
[2019.02.26-03.16.30:748][  0]LogConfig: Setting CVar [[r.LightMaxDrawDistanceScale:0]]
[2019.02.26-03.16.30:748][  0]LogConfig: Setting CVar [[r.CapsuleShadows:0]]
[2019.02.26-03.16.30:748][  0]LogConfig: Applying CVar settings from Section [PostProcessQuality@0] File [D:/Docs/465/humanStuff/MyProject3/Saved/Config/Windows/Scalability.ini]
[2019.02.26-03.16.30:748][  0]LogConfig: Setting CVar [[r.MotionBlurQuality:0]]
[2019.02.26-03.16.30:748][  0]LogConfig: Setting CVar [[r.AmbientOcclusionMipLevelFactor:1.0]]
[2019.02.26-03.16.30:748][  0]LogConfig: Setting CVar [[r.AmbientOcclusionMaxQuality:0]]
[2019.02.26-03.16.30:748][  0]LogConfig: Setting CVar [[r.AmbientOcclusionLevels:0]]
[2019.02.26-03.16.30:748][  0]LogConfig: Setting CVar [[r.AmbientOcclusionRadiusScale:1.2]]
[2019.02.26-03.16.30:748][  0]LogConfig: Setting CVar [[r.DepthOfFieldQuality:0]]
[2019.02.26-03.16.30:748][  0]LogConfig: Setting CVar [[r.RenderTargetPoolMin:300]]
[2019.02.26-03.16.30:748][  0]LogConfig: Setting CVar [[r.LensFlareQuality:0]]
[2019.02.26-03.16.30:748][  0]LogConfig: Setting CVar [[r.SceneColorFringeQuality:0]]
[2019.02.26-03.16.30:748][  0]LogConfig: Setting CVar [[r.EyeAdaptationQuality:0]]
[2019.02.26-03.16.30:748][  0]LogConfig: Setting CVar [[r.BloomQuality:1]]
[2019.02.26-03.16.30:748][  0]LogConfig: Setting CVar [[r.FastBlurThreshold:0]]
[2019.02.26-03.16.30:748][  0]LogConfig: Setting CVar [[r.Upscale.Quality:1]]
[2019.02.26-03.16.30:748][  0]LogConfig: Setting CVar [[r.Tonemapper.GrainQuantization:0]]
[2019.02.26-03.16.30:748][  0]LogConfig: Setting CVar [[r.LightShaftQuality:0]]
[2019.02.26-03.16.30:748][  0]LogConfig: Setting CVar [[r.Filter.SizeScale:0.6]]
[2019.02.26-03.16.30:748][  0]LogConfig: Setting CVar [[r.Tonemapper.Quality:0]]
[2019.02.26-03.16.30:749][  0]LogConfig: Applying CVar settings from Section [TextureQuality@0] File [D:/Docs/465/humanStuff/MyProject3/Saved/Config/Windows/Scalability.ini]
[2019.02.26-03.16.30:749][  0]LogConfig: Setting CVar [[r.Streaming.MipBias:16]]
[2019.02.26-03.16.30:749][  0]LogConfig: Setting CVar [[r.Streaming.AmortizeCPUToGPUCopy:1]]
[2019.02.26-03.16.30:749][  0]LogConfig: Setting CVar [[r.Streaming.MaxNumTexturesToStreamPerFrame:1]]
[2019.02.26-03.16.30:749][  0]LogConfig: Setting CVar [[r.Streaming.Boost:0.3]]
[2019.02.26-03.16.30:749][  0]LogConfig: Setting CVar [[r.MaxAnisotropy:0]]
[2019.02.26-03.16.30:749][  0]LogConfig: Setting CVar [[r.Streaming.LimitPoolSizeToVRAM:1]]
[2019.02.26-03.16.30:749][  0]LogConfig: Setting CVar [[r.Streaming.PoolSize:400]]
[2019.02.26-03.16.30:749][  0]LogConfig: Setting CVar [[r.Streaming.MaxEffectiveScreenSize:0]]
[2019.02.26-03.16.30:749][  0]LogConfig: Applying CVar settings from Section [EffectsQuality@0] File [D:/Docs/465/humanStuff/MyProject3/Saved/Config/Windows/Scalability.ini]
[2019.02.26-03.16.30:749][  0]LogConfig: Setting CVar [[r.TranslucencyLightingVolumeDim:4]]
[2019.02.26-03.16.30:749][  0]LogConfig: Setting CVar [[r.RefractionQuality:0]]
[2019.02.26-03.16.30:749][  0]LogConfig: Setting CVar [[r.SSR.Quality:0]]
[2019.02.26-03.16.30:749][  0]LogConfig: Setting CVar [[r.SceneColorFormat:2]]
[2019.02.26-03.16.30:749][  0]LogConfig: Setting CVar [[r.DetailMode:0]]
[2019.02.26-03.16.30:749][  0]LogConfig: Setting CVar [[r.TranslucencyVolumeBlur:0]]
[2019.02.26-03.16.30:749][  0]LogConfig: Setting CVar [[r.MaterialQualityLevel:0 ; Low quality]]
[2019.02.26-03.16.30:749][  0]LogConfig: Setting CVar [[r.SSS.Scale:0]]
[2019.02.26-03.16.30:749][  0]LogConfig: Setting CVar [[r.SSS.SampleSet:0]]
[2019.02.26-03.16.30:749][  0]LogConfig: Setting CVar [[r.SSS.Quality:0]]
[2019.02.26-03.16.30:749][  0]LogConfig: Setting CVar [[r.SSS.HalfRes:1]]
[2019.02.26-03.16.30:749][  0]LogConfig: Setting CVar [[r.EmitterSpawnRateScale:0.125]]
[2019.02.26-03.16.30:749][  0]LogConfig: Setting CVar [[r.ParticleLightQuality:0]]
[2019.02.26-03.16.30:749][  0]LogConfig: Applying CVar settings from Section [FoliageQuality@0] File [D:/Docs/465/humanStuff/MyProject3/Saved/Config/Windows/Scalability.ini]
[2019.02.26-03.16.30:749][  0]LogConfig: Setting CVar [[foliage.DensityScale:0]]
[2019.02.26-03.16.30:749][  0]LogConfig: Setting CVar [[grass.DensityScale:0]]
[2019.02.26-03.16.30:749][  0]LogConfig: Applying CVar settings from Section [Startup] File [../../../Engine/Config/ConsoleVariables.ini]
[2019.02.26-03.16.30:759][  0]LogConfig: Setting CVar [[net.UseAdaptiveNetUpdateFrequency:0]]
[2019.02.26-03.16.30:759][  0]LogConfig: Applying CVar settings from Section [ConsoleVariables] File [D:/Docs/465/humanStuff/MyProject3/Saved/Config/Windows/Engine.ini]
[2019.02.26-03.16.30:808][  0]LogInit: Computer: DESKTOP-DKLOL69
[2019.02.26-03.16.30:809][  0]LogInit: User: 8pplh
[2019.02.26-03.16.30:809][  0]LogInit: CPU Page size=4096, Cores=4
[2019.02.26-03.16.30:809][  0]LogInit: High frequency timer resolution =2.437497 MHz
[2019.02.26-03.16.30:809][  0]LogMemory: Memory total: Physical=7.9GB (8GB approx)
[2019.02.26-03.16.30:809][  0]LogMemory: Platform Memory Stats for Windows
[2019.02.26-03.16.30:809][  0]LogMemory: Process Physical Memory: 104.30 MB used, 104.30 MB peak
[2019.02.26-03.16.30:809][  0]LogMemory: Process Virtual Memory: 87.61 MB used, 87.61 MB peak
[2019.02.26-03.16.30:809][  0]LogMemory: Physical Memory: 2656.59 MB used,  5400.86 MB free, 8057.45 MB total
[2019.02.26-03.16.30:809][  0]LogMemory: Virtual Memory: 4636.43 MB used,  134213088.00 MB free, 134217728.00 MB total
[2019.02.26-03.16.31:597][  0]LogInit: Using OS detected language (en-US).
[2019.02.26-03.16.31:597][  0]LogInit: Using OS detected locale (en-US).
[2019.02.26-03.16.31:723][  0]LogTextLocalizationManager: No specific localization for 'en-US' exists, so the 'en' localization will be used.
[2019.02.26-03.16.32:494][  0]LogStreaming: Display: Took  0.887s to InitEngineTextLocalization.
[2019.02.26-03.16.32:508][  0]LogInit: Setting process to per monitor DPI aware
[2019.02.26-03.16.33:121][  0]LogSlate: New Slate User Created.  User Index 0, Is Virtual User: 0
[2019.02.26-03.16.33:121][  0]LogSlate: Slate User Registered.  User Index 0, Is Virtual User: 0
[2019.02.26-03.16.35:308][  0]LogHMD: Failed to initialize OpenVR with code 126
[2019.02.26-03.16.35:308][  0]LogD3D11RHI: D3D11 adapters:
[2019.02.26-03.16.36:336][  0]LogD3D11RHI:    0. 'NVIDIA GeForce GTX 1060 with Max-Q Design' (Feature Level 11_0)
[2019.02.26-03.16.36:336][  0]LogD3D11RHI:       6052/0/4028 MB DedicatedVideo/DedicatedSystem/SharedSystem, Outputs:1, VendorId:0x10de
[2019.02.26-03.16.36:350][  0]LogD3D11RHI:    1. 'Intel(R) HD Graphics 630' (Feature Level 11_0)
[2019.02.26-03.16.36:350][  0]LogD3D11RHI:       128/0/4028 MB DedicatedVideo/DedicatedSystem/SharedSystem, Outputs:0, VendorId:0x8086
[2019.02.26-03.16.36:368][  0]LogD3D11RHI:    2. 'Microsoft Basic Render Driver' (Feature Level 11_0)
[2019.02.26-03.16.36:368][  0]LogD3D11RHI:       0/0/4028 MB DedicatedVideo/DedicatedSystem/SharedSystem, Outputs:0, VendorId:0x1414
[2019.02.26-03.16.36:368][  0]LogD3D11RHI: Chosen D3D11 Adapter: 0
[2019.02.26-03.16.36:541][  0]LogD3D11RHI: Creating new Direct3DDevice
[2019.02.26-03.16.36:541][  0]LogD3D11RHI:     GPU DeviceId: 0x1c20 (for the marketing name, search the web for "GPU Device Id")
[2019.02.26-03.16.36:541][  0]LogWindows: EnumDisplayDevices:
[2019.02.26-03.16.36:541][  0]LogWindows:    0. 'Intel(R) HD Graphics 630' (P:1 D:1)
[2019.02.26-03.16.36:541][  0]LogWindows:    1. 'Intel(R) HD Graphics 630' (P:0 D:0)
[2019.02.26-03.16.36:542][  0]LogWindows:    2. 'Intel(R) HD Graphics 630' (P:0 D:0)
[2019.02.26-03.16.36:542][  0]LogWindows:    3. 'NVIDIA GeForce GTX 1060 with Max-Q Design' (P:0 D:0)
[2019.02.26-03.16.36:542][  0]LogWindows: DebugString: PrimaryIsNotTheChoosenAdapter PrimaryIsNotTheChoosenAdapter PrimaryIsNotTheChoosenAdapter 
[2019.02.26-03.16.36:542][  0]LogD3D11RHI:     Adapter Name: NVIDIA GeForce GTX 1060 with Max-Q Design
[2019.02.26-03.16.36:548][  0]LogD3D11RHI:   Driver Version: 417.71 (internal:25.21.14.1771, unified:417.71)
[2019.02.26-03.16.36:548][  0]LogD3D11RHI:      Driver Date: 1-11-2019
[2019.02.26-03.16.36:549][  0]LogRHI: Texture pool is 4236 MB (70% of 6052 MB)
[2019.02.26-03.16.36:874][  0]LogD3D11RHI: Async texture creation enabled
[2019.02.26-03.16.37:313][  0]LogD3D11RHI: GPU Timing Frequency: 1000.000000 (Debug: 2 2)
[2019.02.26-03.16.40:199][  0]LogTemp: Display: Loaded TP AllDesktopTargetPlatform
[2019.02.26-03.16.40:231][  0]LogTemp: Display: Loaded TP MacClientTargetPlatform
[2019.02.26-03.16.40:267][  0]LogTemp: Display: Loaded TP MacNoEditorTargetPlatform
[2019.02.26-03.16.40:287][  0]LogTemp: Display: Loaded TP MacServerTargetPlatform
[2019.02.26-03.16.40:342][  0]LogTemp: Display: Loaded TP MacTargetPlatform
[2019.02.26-03.16.40:406][  0]LogTemp: Display: Loaded TP WindowsClientTargetPlatform
[2019.02.26-03.16.40:444][  0]LogTemp: Display: Loaded TP WindowsNoEditorTargetPlatform
[2019.02.26-03.16.40:464][  0]LogTemp: Display: Loaded TP WindowsServerTargetPlatform
[2019.02.26-03.16.40:475][  0]LogTemp: Display: Loaded TP WindowsTargetPlatform
[2019.02.26-03.16.40:587][  0]LogTemp: Display: Loaded TP AndroidTargetPlatform
[2019.02.26-03.16.40:587][  0]LogTemp: Display: Loaded TP AndroidTargetPlatform
[2019.02.26-03.16.40:587][  0]LogTemp: Display: Loaded TP AndroidTargetPlatform
[2019.02.26-03.16.40:587][  0]LogTemp: Display: Loaded TP AndroidTargetPlatform
[2019.02.26-03.16.40:587][  0]LogTemp: Display: Loaded TP AndroidTargetPlatform
[2019.02.26-03.16.40:587][  0]LogTemp: Display: Loaded TP AndroidTargetPlatform
[2019.02.26-03.16.40:587][  0]LogTemp: Display: Loaded TP AndroidTargetPlatform
[2019.02.26-03.16.40:587][  0]LogTemp: Display: Loaded TP AndroidTargetPlatform
[2019.02.26-03.16.40:587][  0]LogTemp: Display: Loaded TP AndroidTargetPlatform
[2019.02.26-03.16.40:587][  0]LogTemp: Display: Loaded TP AndroidTargetPlatform
[2019.02.26-03.16.40:587][  0]LogTemp: Display: Loaded TP AndroidTargetPlatform
[2019.02.26-03.16.40:587][  0]LogTemp: Display: Loaded TP AndroidTargetPlatform
[2019.02.26-03.16.40:587][  0]LogTemp: Display: Loaded TP AndroidTargetPlatform
[2019.02.26-03.16.40:588][  0]LogTemp: Display: Loaded TP AndroidTargetPlatform
[2019.02.26-03.16.40:588][  0]LogTemp: Display: Loaded TP AndroidTargetPlatform
[2019.02.26-03.16.40:588][  0]LogTemp: Display: Loaded TP AndroidTargetPlatform
[2019.02.26-03.16.40:588][  0]LogTemp: Display: Loaded TP AndroidTargetPlatform
[2019.02.26-03.16.40:588][  0]LogTemp: Display: Loaded TP AndroidTargetPlatform
[2019.02.26-03.16.40:788][  0]LogTemp: Display: Loaded TP HTML5TargetPlatform
[2019.02.26-03.16.41:094][  0]LogTemp: Display: Loaded TP IOSTargetPlatform
[2019.02.26-03.16.41:094][  0]LogTemp: Display: Loaded TP IOSTargetPlatform
[2019.02.26-03.16.41:203][  0]LogTemp: Display: Loaded TP TVOSTargetPlatform
[2019.02.26-03.16.41:203][  0]LogTemp: Display: Loaded TP TVOSTargetPlatform
[2019.02.26-03.16.41:345][  0]LogTemp: Display: Loaded TP LinuxClientTargetPlatform
[2019.02.26-03.16.41:370][  0]LogTemp: Display: Loaded TP LinuxNoEditorTargetPlatform
[2019.02.26-03.16.41:390][  0]LogTemp: Display: Loaded TP LinuxServerTargetPlatform
[2019.02.26-03.16.41:417][  0]LogTemp: Display: Loaded TP LinuxTargetPlatform
[2019.02.26-03.16.41:479][  0]LogTemp: Display: Loaded TP LuminTargetPlatform
[2019.02.26-03.16.41:480][  0]LogTemp: Display: Loaded TP LuminTargetPlatform
[2019.02.26-03.16.41:480][  0]LogTargetPlatformManager: Display: Building Assets For Windows
[2019.02.26-03.16.42:120][  0]LogShaderCompilers: Guid format shader working directory is 0 characters bigger than the processId version (../../../../../Docs/465/humanStuff/MyProject3/Intermediate/Shaders/WorkingDirectory/23244/).
[2019.02.26-03.16.42:120][  0]LogShaderCompilers: Cleaned the shader compiler working directory 'C:/Users/8pplh/AppData/Local/Temp/UnrealShaderWorkingDir/B9CD87C94FC702B29B3C998D8ADBCCE6/'.
[2019.02.26-03.16.42:150][  0]LogXGEController: Cleaning working directory: C:/Users/8pplh/AppData/Local/Temp/UnrealXGEWorkingDir/
[2019.02.26-03.16.42:154][  0]LogXGEController: Cannot use XGE Controller as Incredibuild is not installed on this machine.
[2019.02.26-03.16.42:154][  0]LogShaderCompilers: Cannot use XGE Shader Compiler as Incredibuild is not installed on this machine.
[2019.02.26-03.16.42:154][  0]LogShaderCompilers: Display: Using Local Shader Compiler.
[2019.02.26-03.16.45:145][  0]LogDerivedDataCache: Display: Max Cache Size: 512 MB
[2019.02.26-03.16.45:454][  0]LogDerivedDataCache: Loaded boot cache 0.31s 71MB C:/Users/8pplh/AppData/Local/UnrealEngine/4.21/DerivedDataCache/Boot.ddc.
[2019.02.26-03.16.45:455][  0]LogDerivedDataCache: Display: Loaded Boot cache: C:/Users/8pplh/AppData/Local/UnrealEngine/4.21/DerivedDataCache/Boot.ddc
[2019.02.26-03.16.45:455][  0]LogDerivedDataCache: FDerivedDataBackendGraph:  Pak pak cache file ../../../../../Docs/465/humanStuff/MyProject3/DerivedDataCache/DDC.ddp not found, will not use a pak cache.
[2019.02.26-03.16.45:455][  0]LogDerivedDataCache: Unable to find inner node Pak for hierarchical cache Hierarchy.
[2019.02.26-03.16.45:455][  0]LogDerivedDataCache: FDerivedDataBackendGraph:  CompressedPak pak cache file ../../../../../Docs/465/humanStuff/MyProject3/DerivedDataCache/Compressed.ddp not found, will not use a pak cache.
[2019.02.26-03.16.45:455][  0]LogDerivedDataCache: Unable to find inner node CompressedPak for hierarchical cache Hierarchy.
[2019.02.26-03.16.45:978][  0]LogDerivedDataCache: Display: Pak cache opened for reading ../../../Engine/DerivedDataCache/Compressed.ddp.
[2019.02.26-03.16.45:978][  0]LogDerivedDataCache: FDerivedDataBackendGraph:  EnterprisePak pak cache file ../../../Enterprise/DerivedDataCache/Compressed.ddp not found, will not use a pak cache.
[2019.02.26-03.16.45:978][  0]LogDerivedDataCache: Unable to find inner node EnterprisePak for hierarchical cache Hierarchy.
[2019.02.26-03.16.45:992][  0]LogDerivedDataCache: Using Local data cache path C:/Users/8pplh/AppData/Local/UnrealEngine/Common/DerivedDataCache: Writable
[2019.02.26-03.16.45:992][  0]LogDerivedDataCache: Shared data cache path not found in *engine.ini, will not use an Shared cache.
[2019.02.26-03.16.45:992][  0]LogDerivedDataCache: Unable to find inner node Shared for hierarchical cache Hierarchy.
[2019.02.26-03.16.46:686][  0]LogMaterial: Verifying Global Shaders for PCD3D_SM5
[2019.02.26-03.16.46:782][  0]LogSlate: Using FreeType 2.6.0
[2019.02.26-03.16.46:862][  0]LogSlate: SlateFontServices - WITH_FREETYPE: 1, WITH_HARFBUZZ: 1
[2019.02.26-03.16.49:056][  0]LogAssetRegistry: FAssetRegistry took 0.0420 seconds to start up
[2019.02.26-03.16.53:889][  0]LogInit: Selected Device Profile: [Windows]
[2019.02.26-03.16.56:012][  0]LogSimplygon: Simplygon DLL not present - disabling.
[2019.02.26-03.16.56:168][  0]LogMeshReduction: Using SimplygonSwarm for distributed automatic mesh merging
[2019.02.26-03.16.56:177][  0]LogMeshReduction: Using ProxyLODMeshReduction for automatic mesh merging
[2019.02.26-03.16.56:179][  0]LogMeshReduction: Using QuadricMeshReduction for automatic static mesh reduction
[2019.02.26-03.16.56:179][  0]LogMeshReduction: No automatic skeletal mesh reduction module available
[2019.02.26-03.16.56:472][  0]LogNetVersion: MyProject3 1.0.0, NetCL: 4541578, EngineNetVer: 5, GameNetVer: 0 (Checksum: 2916331349)
[2019.02.26-03.17.00:285][  0]LogPackageLocalizationCache: Processed 11 localized package path(s) for 2 prioritized culture(s) in 0.138342 seconds
[2019.02.26-03.17.00:312][  0]LogUObjectArray: 39775 objects as part of root set at end of initial load.
[2019.02.26-03.17.00:312][  0]LogUObjectAllocator: 6914656 out of 0 bytes used by permanent object pool.
[2019.02.26-03.17.00:312][  0]LogUObjectArray: CloseDisregardForGC: 0/0 objects in disregard for GC pool
[2019.02.26-03.17.14:271][  0]LogTcpMessaging: Initializing TcpMessaging bridge
[2019.02.26-03.17.14:310][  0]LogUdpMessaging: Initializing bridge on interface 0.0.0.0:0 to multicast group 230.0.0.1:6666.
[2019.02.26-03.17.17:452][  0]SourceControl: Source control is disabled
[2019.02.26-03.17.17:453][  0]SourceControl: Source control is disabled
[2019.02.26-03.17.17:573][  0]SourceControl: Source control is disabled
[2019.02.26-03.17.17:593][  0]SourceControl: Source control is disabled
[2019.02.26-03.17.18:863][  0]LogAndroidPermission: UAndroidPermissionCallbackProxy::GetInstance
[2019.02.26-03.17.19:060][  0]LogOcInput: OculusInput pre-init called
[2019.02.26-03.17.20:244][  0]LogEngine: Initializing Engine...
[2019.02.26-03.17.20:303][  0]LogHMD: Failed to initialize OpenVR with code 126
[2019.02.26-03.17.20:316][  0]LogStats: UGameplayTagsManager::ConstructGameplayTagTree: ImportINI prefixes -  0.000 s
[2019.02.26-03.17.20:316][  0]LogStats: UGameplayTagsManager::ConstructGameplayTagTree: Construct from data asset -  0.000 s
[2019.02.26-03.17.20:316][  0]LogStats: UGameplayTagsManager::ConstructGameplayTagTree: ImportINI -  0.000 s
[2019.02.26-03.17.20:317][  0]LogStats: UGameplayTagsManager::ConstructGameplayTagTree: GameplayTagTreeChangedEvent.Broadcast -  0.000 s
[2019.02.26-03.17.20:927][  0]LogInit: Initializing FReadOnlyCVARCache
[2019.02.26-03.17.21:407][  0]LogAIModule: Creating AISystem for world Untitled
[2019.02.26-03.17.21:568][  0]LogInit: XAudio2 using 'Speakers / Headphones (Realtek Audio)' : 2 channels at 48 kHz using 32 bits per sample (channel mask 0x3)
[2019.02.26-03.17.23:353][  0]LogInit: FAudioDevice initialized.
[2019.02.26-03.17.23:353][  0]LogNetVersion: Set ProjectVersion to 1.0.0.0. Version Checksum will be recalculated on next use.
[2019.02.26-03.17.23:533][  0]LogDerivedDataCache: Saved boot cache 0.18s 71MB C:/Users/8pplh/AppData/Local/UnrealEngine/4.21/DerivedDataCache/Boot.ddc.
[2019.02.26-03.17.23:540][  0]LogInit: Texture streaming: Enabled
[2019.02.26-03.17.24:185][  0]LogEngineSessionManager: EngineSessionManager initialized
[2019.02.26-03.17.24:185][  0]LogEngineSessionManager: EngineSessionManager sent abnormal shutdown report. Type=AbnormalShutdown, SessionId={A27FE023-41F0-4240-2D9D-A79AD14DC6A6}
[2019.02.26-03.17.24:482][  0]LogInit: Transaction tracking system initialized
[2019.02.26-03.17.26:305][  0]BlueprintLog: New page: Editor Load
[2019.02.26-03.17.28:498][  0]LocalizationService: Localization service is disabled
[2019.02.26-03.17.39:360][  0]LogFileCache: Scanning file cache for directory 'D:/Docs/465/humanStuff/MyProject3/Content/' took 0.03s
[2019.02.26-03.17.39:360][  0]LogCook: Display: Max memory allowance for cook 16384mb min free memory 0mb
[2019.02.26-03.17.39:360][  0]LogCook: Display: Mobile HDR setting 1
[2019.02.26-03.17.39:360][  0]LogGameplayTags: Display: UGameplayTagsManager::DoneAddingNativeTags. DelegateIsBound: 0
[2019.02.26-03.17.39:360][  0]LogStats: UGameplayTagsManager::ConstructGameplayTagTree: ImportINI prefixes -  0.000 s
[2019.02.26-03.17.39:360][  0]LogStats: UGameplayTagsManager::ConstructGameplayTagTree: Construct from data asset -  0.000 s
[2019.02.26-03.17.39:361][  0]LogStats: UGameplayTagsManager::ConstructGameplayTagTree: ImportINI -  0.001 s
[2019.02.26-03.17.39:361][  0]LogStats: UGameplayTagsManager::ConstructGameplayTagTree: GameplayTagTreeChangedEvent.Broadcast -  0.000 s
[2019.02.26-03.17.44:974][  0]SourceControl: Source control is disabled
[2019.02.26-03.17.44:985][  0]Cmd: MAP LOAD FILE="../../../../../Docs/465/humanStuff/MyProject3/Content/StarterContent/Maps/Minimal_Default_2.umap" TEMPLATE=0 SHOWPROGRESS=1 FEATURELEVEL=3
[2019.02.26-03.17.45:004][  0]LightingResults: New page: Lighting Build
[2019.02.26-03.17.45:394][  0]MapCheck: New page: Map Check
[2019.02.26-03.17.45:395][  0]LightingResults: New page: Lighting Build
[2019.02.26-03.18.01:675][  0]LoadErrors: Warning: hs_bomb Min LOD value of 1 is out of range 0..0 and has been adjusted to 0. Please verify and resave the asset.
[2019.02.26-03.18.01:678][  0]LogAudioDerivedData: Display: Building compressed audio format OGG hash OGG wave Meat_Slap_2_by_mwlandi...
[2019.02.26-03.18.01:820][  0]LogAudioDerivedData: Display: Updated SoundWave->RawPCMDataSize from 0 to 328224 while cooking SoundWave /Game/Audio/Meat_Slap_2_by_mwlandi.Meat_Slap_2_by_mwlandi.
[2019.02.26-03.18.02:454][  0]LoadErrors: Warning: skybox2 Min LOD value of 1 is out of range 0..0 and has been adjusted to 0. Please verify and resave the asset.
[2019.02.26-03.18.02:466][  0]LoadErrors: Warning: shelves Min LOD value of 1 is out of range 0..0 and has been adjusted to 0. Please verify and resave the asset.
[2019.02.26-03.18.02:701][  0]LogAIModule: Creating AISystem for world Minimal_Default_2
[2019.02.26-03.18.03:021][  0]LogSlate: New Slate User Created.  User Index 8, Is Virtual User: 1
[2019.02.26-03.18.03:022][  0]LogSlate: Slate User Registered.  User Index 8, Is Virtual User: 1
[2019.02.26-03.18.03:176][  0]LogEditorServer: Finished looking for orphan Actors (0.000 secs)
[2019.02.26-03.18.03:355][  0]Cmd: MAP CHECKDEP NOCLEARLOG
[2019.02.26-03.18.03:362][  0]MapCheck: Map check complete: 0 Error(s), 0 Warning(s), took 0.581ms to complete.
[2019.02.26-03.18.03:362][  0]LogFileHelpers: Loading map 'Minimal_Default_2' took 18.383
[2019.02.26-03.18.04:731][  0]LogSlate: Updating window title bar state: overlay mode, drag disabled, window buttons hidden, title bar hidden
[2019.02.26-03.18.04:746][  0]LogSlate: Updating window title bar state: overlay mode, drag disabled, window buttons hidden, title bar hidden
[2019.02.26-03.18.04:755][  0]LogSlate: Updating window title bar state: overlay mode, drag disabled, window buttons hidden, title bar hidden
[2019.02.26-03.18.04:763][  0]LogSlate: Updating window title bar state: overlay mode, drag disabled, window buttons hidden, title bar hidden
[2019.02.26-03.18.04:887][  0]LogCollectionManager: Loaded 0 collections in 0.002088 seconds
[2019.02.26-03.18.05:051][  0]LogFileCache: Scanning file cache for directory 'D:/Docs/465/humanStuff/MyProject3/Saved/Collections/' took 0.01s
[2019.02.26-03.18.05:051][  0]LogFileCache: Scanning file cache for directory 'D:/Docs/465/humanStuff/MyProject3/Content/Developers/8pplh/Collections/' took 0.01s
[2019.02.26-03.18.05:051][  0]LogFileCache: Scanning file cache for directory 'D:/Docs/465/humanStuff/MyProject3/Content/Collections/' took 0.01s
[2019.02.26-03.18.05:051][  0]LogCollectionManager: Rebuilt the GUID cache for 0 collections in 0.000001 seconds
[2019.02.26-03.18.05:072][  0]LogContentBrowser: Native class hierarchy populated in 0.0182 seconds. Added 2651 classes and 620 folders.
[2019.02.26-03.18.05:157][  0]LogContentBrowser: Native class hierarchy updated for 'WidgetCarousel' in 0.0005 seconds. Added 0 classes and 0 folders.
[2019.02.26-03.18.05:180][  0]LogPakFile: Registered encryption key '00000000000000000000000000000000': 0 pak files mounted, 0 remain pending
[2019.02.26-03.18.05:234][  0]LogPakFile: Registered encryption key '00000000000000000000000000000000': 0 pak files mounted, 0 remain pending
[2019.02.26-03.18.05:250][  0]LogPakFile: Registered encryption key '00000000000000000000000000000000': 0 pak files mounted, 0 remain pending
[2019.02.26-03.18.05:264][  0]LogPakFile: Registered encryption key '00000000000000000000000000000000': 0 pak files mounted, 0 remain pending
[2019.02.26-03.18.05:273][  0]LogPakFile: Registered encryption key '00000000000000000000000000000000': 0 pak files mounted, 0 remain pending
[2019.02.26-03.18.05:286][  0]LogPakFile: Registered encryption key '00000000000000000000000000000000': 0 pak files mounted, 0 remain pending
[2019.02.26-03.18.05:303][  0]LogPakFile: Registered encryption key '00000000000000000000000000000000': 0 pak files mounted, 0 remain pending
[2019.02.26-03.18.05:329][  0]LogPakFile: Registered encryption key '00000000000000000000000000000000': 0 pak files mounted, 0 remain pending
[2019.02.26-03.18.05:335][  0]LogPakFile: Registered encryption key '00000000000000000000000000000000': 0 pak files mounted, 0 remain pending
[2019.02.26-03.18.05:349][  0]LogPakFile: Registered encryption key '00000000000000000000000000000000': 0 pak files mounted, 0 remain pending
[2019.02.26-03.18.05:360][  0]LogPakFile: Registered encryption key '00000000000000000000000000000000': 0 pak files mounted, 0 remain pending
[2019.02.26-03.18.05:376][  0]LogPakFile: Registered encryption key '00000000000000000000000000000000': 0 pak files mounted, 0 remain pending
[2019.02.26-03.18.05:397][  0]LogPakFile: Registered encryption key '00000000000000000000000000000000': 0 pak files mounted, 0 remain pending
[2019.02.26-03.18.05:422][  0]LogPakFile: Registered encryption key '00000000000000000000000000000000': 0 pak files mounted, 0 remain pending
[2019.02.26-03.18.05:443][  0]LogPakFile: Registered encryption key '00000000000000000000000000000000': 0 pak files mounted, 0 remain pending
[2019.02.26-03.18.05:452][  0]LogPakFile: Registered encryption key '00000000000000000000000000000000': 0 pak files mounted, 0 remain pending
[2019.02.26-03.18.05:469][  0]LogPakFile: Registered encryption key '00000000000000000000000000000000': 0 pak files mounted, 0 remain pending
[2019.02.26-03.18.05:486][  0]LogPakFile: Registered encryption key '00000000000000000000000000000000': 0 pak files mounted, 0 remain pending
[2019.02.26-03.18.05:504][  0]LogPakFile: Registered encryption key '00000000000000000000000000000000': 0 pak files mounted, 0 remain pending
[2019.02.26-03.18.05:515][  0]LogPakFile: Registered encryption key '00000000000000000000000000000000': 0 pak files mounted, 0 remain pending
[2019.02.26-03.18.05:537][  0]LogPakFile: Registered encryption key '00000000000000000000000000000000': 0 pak files mounted, 0 remain pending
[2019.02.26-03.18.05:552][  0]LogPakFile: Registered encryption key '00000000000000000000000000000000': 0 pak files mounted, 0 remain pending
[2019.02.26-03.18.05:575][  0]LogPakFile: Registered encryption key '00000000000000000000000000000000': 0 pak files mounted, 0 remain pending
[2019.02.26-03.18.05:594][  0]LogPakFile: Registered encryption key '00000000000000000000000000000000': 0 pak files mounted, 0 remain pending
[2019.02.26-03.18.05:623][  0]LogPakFile: Registered encryption key '00000000000000000000000000000000': 0 pak files mounted, 0 remain pending
[2019.02.26-03.18.05:647][  0]LogPakFile: Registered encryption key '00000000000000000000000000000000': 0 pak files mounted, 0 remain pending
[2019.02.26-03.18.07:281][  0]LogContentBrowser: Native class hierarchy updated for 'AddContentDialog' in 0.0009 seconds. Added 0 classes and 0 folders.
[2019.02.26-03.18.07:373][  0]LogContentBrowser: Native class hierarchy updated for 'SceneOutliner' in 0.0010 seconds. Added 1 classes and 2 folders.
[2019.02.26-03.18.08:529][  0]LogSlate: Took 0.018546 seconds to synchronously load lazily loaded font '../../../Engine/Content/Slate/Fonts/Roboto-Regular.ttf' (155K)
[2019.02.26-03.18.08:555][  0]LogSlate: Took 0.012938 seconds to synchronously load lazily loaded font '../../../Engine/Content/Slate/Fonts/Roboto-Bold.ttf' (160K)
[2019.02.26-03.18.08:622][  0]LogSlate: Took 0.011218 seconds to synchronously load lazily loaded font '../../../Engine/Content/Editor/Slate/Fonts/FontAwesome.ttf' (139K)
[2019.02.26-03.18.09:210][  0]LogRenderer: Reallocating scene render targets to support 756x436 Format 26 NumSamples 1 (Frame:1).
[2019.02.26-03.18.09:776][  0]LogContentBrowser: Native class hierarchy updated for 'HierarchicalLODOutliner' in 0.0004 seconds. Added 0 classes and 0 folders.
[2019.02.26-03.18.09:776][  0]LogLoad: (Engine Initialization) Total time: 129.43 seconds
[2019.02.26-03.18.09:776][  0]LogLoad: (Engine Initialization) Total Blueprint compile time: 0.00 seconds
[2019.02.26-03.18.10:019][  0]LogContentStreaming: Texture pool size now 400 MB
[2019.02.26-03.18.10:037][  0]LogSlate: FSceneViewport::OnFocusLost() reason 2
[2019.02.26-03.18.10:745][  7]LogAssetRegistry: Asset discovery search completed in 81.7126 seconds
[2019.02.26-03.18.10:746][  7]LogCollectionManager: Rebuilt the object cache for 0 collections in 0.000000 seconds (found 0 objects)
[2019.02.26-03.18.10:746][  7]LogCollectionManager: Fixed up redirectors for 0 collections in 0.000044 seconds (updated 0 objects)
[2019.02.26-03.18.12:491][  9]LogSlate: Took 1.080719 seconds to synchronously load lazily loaded font '../../../Engine/Content/Slate/Fonts/Roboto-Light.ttf' (167K)
[2019.02.26-03.18.13:250][ 12]LogSlate: Window 'Message Log' being destroyed
[2019.02.26-03.18.13:259][ 12]LogSlate: Window 'Message Log' being destroyed
[2019.02.26-03.18.19:051][351]LogSlate: FSceneViewport::OnFocusLost() reason 0
[2019.02.26-03.18.28:704][927]LogSlate: FSceneViewport::OnFocusLost() reason 0
[2019.02.26-03.18.34:439][226]LogAssetEditorManager: Opening Asset editor for Blueprint /Game/Blueprints/BabyCarts.BabyCarts
[2019.02.26-03.18.36:228][226]LogClass: Warning: Enum '/Game/VR_Essential_Kit/Blueprints/ENUM_InteractableActorType.ENUM_InteractableActorType' was upgraded to use FText to store its display name data. Please re-save this asset to avoid issues with localization and determinstic cooking.
[2019.02.26-03.18.36:241][226]LogClass: Warning: Enum '/Game/VR_Essential_Kit/Blueprints/ENUM_PickupObjectType.ENUM_PickupObjectType' was upgraded to use FText to store its display name data. Please re-save this asset to avoid issues with localization and determinstic cooking.
[2019.02.26-03.18.36:453][226]LogContentBrowser: Native class hierarchy updated for 'BlueprintGraph' in 0.0014 seconds. Added 117 classes and 0 folders.
[2019.02.26-03.18.38:830][226]LogSlate: Took 0.012575 seconds to synchronously load lazily loaded font '../../../Engine/Content/Slate/Fonts/Roboto-BoldCondensed.ttf' (158K)
[2019.02.26-03.18.39:112][227]LogSlate: Took 0.012109 seconds to synchronously load lazily loaded font '../../../Engine/Content/Slate/Fonts/Roboto-Italic.ttf' (157K)
[2019.02.26-03.18.44:230][511]BlueprintLog: New page: Compile BabyCarts
[2019.02.26-03.18.46:404][592]Cmd: OBJ SAVEPACKAGE PACKAGE="/Game/Blueprints/BabyCarts" FILE="../../../../../Docs/465/humanStuff/MyProject3/Content/Blueprints/BabyCarts.uasset" SILENT=true
[2019.02.26-03.18.46:650][592]LogSavePackage: Moving '../../../../../Docs/465/humanStuff/MyProject3/Saved/BabyCarts055212D04CDEC5A096AF32A3A4E58049.tmp' to '../../../../../Docs/465/humanStuff/MyProject3/Content/Blueprints/BabyCarts.uasset'
[2019.02.26-03.18.48:686][711]LogTemp: Repeating last play command: Simulate
[2019.02.26-03.18.48:905][711]LogBlueprintUserMessages: Early PlayInEditor Detection: Level '/Game/StarterContent/Maps/Minimal_Default_2.Minimal_Default_2:PersistentLevel' has LevelScriptBlueprint '/Game/StarterContent/Maps/Minimal_Default_2.Minimal_Default_2:PersistentLevel.Minimal_Default_2' with GeneratedClass '/Game/StarterContent/Maps/Minimal_Default_2.Minimal_Default_2_C' with ClassGeneratedBy '/Game/StarterContent/Maps/Minimal_Default_2.Minimal_Default_2:PersistentLevel.Minimal_Default_2'
[2019.02.26-03.18.48:905][711]LogPlayLevel: PlayLevel: No blueprints needed recompiling
[2019.02.26-03.18.49:012][711]PIE: New page: SIE session: Minimal_Default_2 (Feb 25, 2019, 5:18:48 PM)
[2019.02.26-03.18.49:590][711]LogPlayLevel: Creating play world package: /Game/StarterContent/Maps/UEDPIE_0_Minimal_Default_2
[2019.02.26-03.18.49:608][711]LogPlayLevel: PIE: StaticDuplicateObject took: (0.016133s)
[2019.02.26-03.18.49:609][711]LogAIModule: Creating AISystem for world Minimal_Default_2
[2019.02.26-03.18.49:610][711]LogPlayLevel: PIE: World Init took: (0.001101s)
[2019.02.26-03.18.49:610][711]LogPlayLevel: PIE: Created PIE world by copying editor world from /Game/StarterContent/Maps/Minimal_Default_2.Minimal_Default_2 to /Game/StarterContent/Maps/UEDPIE_0_Minimal_Default_2.Minimal_Default_2 (0.019983s)
[2019.02.26-03.18.49:650][711]LogInit: XAudio2 using 'Speakers / Headphones (Realtek Audio)' : 2 channels at 48 kHz using 32 bits per sample (channel mask 0x3)
[2019.02.26-03.18.49:733][711]LogInit: FAudioDevice initialized.
[2019.02.26-03.18.49:808][711]LogLoad: Game class is 'GameModeBase'
[2019.02.26-03.18.49:847][711]LogWorld: Bringing World /Game/StarterContent/Maps/UEDPIE_0_Minimal_Default_2.Minimal_Default_2 up for play (max tick rate 60) at 2019.02.25-22.18.49
[2019.02.26-03.18.49:872][711]LogWorld: Bringing up level for play took: 0.033538
[2019.02.26-03.18.49:906][711]LogGameMode: FindPlayerStart: PATHS NOT DEFINED or NO PLAYERSTART with positive rating
[2019.02.26-03.18.49:979][711]LogContentBrowser: Native class hierarchy updated for 'MovieSceneCapture' in 0.0006 seconds. Added 20 classes and 0 folders.
[2019.02.26-03.18.50:015][711]LogBlueprintUserMessages: Warning: SetTimer passed a bad function (TimeFunctionTick) or object (MotionControllerPawn_2)
[2019.02.26-03.18.50:017][711]LogBlueprintUserMessages: [MotionControllerPawn_2] 















Make_Hands
[2019.02.26-03.18.50:048][711]LogBlueprintUserMessages: [MotionControllerPawn_2] 









Left
[2019.02.26-03.18.50:051][711]LogBlueprintUserMessages: [MotionControllerPawn_2] 











Right
[2019.02.26-03.18.50:052][711]PIE: Play in editor start time for /Game/StarterContent/Maps/UEDPIE_0_Minimal_Default_2 1.93
[2019.02.26-03.18.50:106][711]LogBlueprintUserMessages: Late PlayInEditor Detection: Level '/Game/StarterContent/Maps/Minimal_Default_2.Minimal_Default_2:PersistentLevel' has LevelScriptBlueprint '/Game/StarterContent/Maps/Minimal_Default_2.Minimal_Default_2:PersistentLevel.Minimal_Default_2' with GeneratedClass '/Game/StarterContent/Maps/Minimal_Default_2.Minimal_Default_2_C' with ClassGeneratedBy '/Game/StarterContent/Maps/Minimal_Default_2.Minimal_Default_2:PersistentLevel.Minimal_Default_2'
[2019.02.26-03.18.50:875][745]LogBlueprintUserMessages: [MotionControllerPawn_2] 109
[2019.02.26-03.18.50:892][746]LogScript: Warning: Accessed None trying to read property ScanVar
	Spawner_C /Game/StarterContent/Maps/UEDPIE_0_Minimal_Default_2.Minimal_Default_2:PersistentLevel.Spawner_2
	Function /Game/Blueprints/Spawner.Spawner_C:ExecuteUbergraph_Spawner:0DC2
[2019.02.26-03.18.50:892][746]PIE: Error: Blueprint Runtime Error: "Accessed None trying to read property ScanVar". Blueprint:  Spawner Function:  Execute Ubergraph Spawner Graph:  EventGraph Node:  Branch
[2019.02.26-03.18.52:086][805]LogBlueprintUserMessages: [MotionControllerPawn_2] 108
[2019.02.26-03.18.53:290][877]LogBlueprintUserMessages: [MotionControllerPawn_2] 107
[2019.02.26-03.18.53:992][917]LogSlate: FSceneViewport::OnFocusLost() reason 0
[2019.02.26-03.18.55:978][ 35]LogBlueprintUserMessages: [MotionControllerPawn_2] 106
[2019.02.26-03.18.57:178][107]LogBlueprintUserMessages: [MotionControllerPawn_2] 105
[2019.02.26-03.18.58:408][173]LogBlueprintUserMessages: [MotionControllerPawn_2] 104
[2019.02.26-03.18.59:612][245]LogBlueprintUserMessages: [MotionControllerPawn_2] 103
[2019.02.26-03.19.00:813][317]LogBlueprintUserMessages: [MotionControllerPawn_2] 102
[2019.02.26-03.19.02:013][389]LogBlueprintUserMessages: [MotionControllerPawn_2] 101
[2019.02.26-03.19.03:213][461]LogBlueprintUserMessages: [MotionControllerPawn_2] 100
[2019.02.26-03.19.04:414][533]LogBlueprintUserMessages: [MotionControllerPawn_2] 99
[2019.02.26-03.19.05:616][605]LogBlueprintUserMessages: [MotionControllerPawn_2] 98
[2019.02.26-03.19.06:816][677]LogBlueprintUserMessages: [MotionControllerPawn_2] 97
[2019.02.26-03.19.06:909][682]LogSlate: FSceneViewport::OnFocusLost() reason 2
[2019.02.26-03.19.08:038][749]LogBlueprintUserMessages: Early EndPlayMap Detection: Level '/Game/StarterContent/Maps/Minimal_Default_2.Minimal_Default_2:PersistentLevel' has LevelScriptBlueprint '/Game/StarterContent/Maps/Minimal_Default_2.Minimal_Default_2:PersistentLevel.Minimal_Default_2' with GeneratedClass '/Game/StarterContent/Maps/Minimal_Default_2.Minimal_Default_2_C' with ClassGeneratedBy '/Game/StarterContent/Maps/Minimal_Default_2.Minimal_Default_2:PersistentLevel.Minimal_Default_2'
[2019.02.26-03.19.08:038][749]LogSlate: Updating window title bar state: overlay mode, drag disabled, window buttons hidden, title bar hidden
[2019.02.26-03.19.08:291][749]LogPlayLevel: Display: Shutting down PIE online subsystems
[2019.02.26-03.19.08:291][749]LogBlueprintUserMessages: Late EndPlayMap Detection: Level '/Game/StarterContent/Maps/Minimal_Default_2.Minimal_Default_2:PersistentLevel' has LevelScriptBlueprint '/Game/StarterContent/Maps/Minimal_Default_2.Minimal_Default_2:PersistentLevel.Minimal_Default_2' with GeneratedClass '/Game/StarterContent/Maps/Minimal_Default_2.Minimal_Default_2_C' with ClassGeneratedBy '/Game/StarterContent/Maps/Minimal_Default_2.Minimal_Default_2:PersistentLevel.Minimal_Default_2'
[2019.02.26-03.19.08:334][749]LogSlate: Updating window title bar state: overlay mode, drag disabled, window buttons hidden, title bar hidden
[2019.02.26-03.19.08:352][749]LogSlate: FSceneViewport::OnFocusLost() reason 2
[2019.02.26-03.19.08:395][750]LogPlayLevel: Display: Destroying online subsystem :Context_10
[2019.02.26-03.19.09:765][828]LogSlate: Window 'Message Log' being destroyed
[2019.02.26-03.19.09:770][828]LogSlate: Window 'Message Log' being destroyed
[2019.02.26-03.19.11:051][902]LogEditorViewport: Clicking on Actor (LMB): CartSpline_C (CartSpline)
[2019.02.26-03.19.18:138][304]LogSlate: FSceneViewport::OnFocusLost() reason 0
[2019.02.26-03.19.18:221][309]LogTemp: Repeating last play command: Simulate
[2019.02.26-03.19.18:246][309]LogBlueprintUserMessages: Early PlayInEditor Detection: Level '/Game/StarterContent/Maps/Minimal_Default_2.Minimal_Default_2:PersistentLevel' has LevelScriptBlueprint '/Game/StarterContent/Maps/Minimal_Default_2.Minimal_Default_2:PersistentLevel.Minimal_Default_2' with GeneratedClass '/Game/StarterContent/Maps/Minimal_Default_2.Minimal_Default_2_C' with ClassGeneratedBy '/Game/StarterContent/Maps/Minimal_Default_2.Minimal_Default_2:PersistentLevel.Minimal_Default_2'
[2019.02.26-03.19.18:246][309]LogPlayLevel: PlayLevel: No blueprints needed recompiling
[2019.02.26-03.19.18:246][309]PIE: New page: SIE session: Minimal_Default_2 (Feb 25, 2019, 5:19:18 PM)
[2019.02.26-03.19.18:246][309]LogPlayLevel: Creating play world package: /Game/StarterContent/Maps/UEDPIE_0_Minimal_Default_2
[2019.02.26-03.19.18:260][309]LogPlayLevel: PIE: StaticDuplicateObject took: (0.013471s)
[2019.02.26-03.19.18:261][309]LogAIModule: Creating AISystem for world Minimal_Default_2
[2019.02.26-03.19.18:261][309]LogPlayLevel: PIE: World Init took: (0.001257s)
[2019.02.26-03.19.18:261][309]LogPlayLevel: PIE: Created PIE world by copying editor world from /Game/StarterContent/Maps/Minimal_Default_2.Minimal_Default_2 to /Game/StarterContent/Maps/UEDPIE_0_Minimal_Default_2.Minimal_Default_2 (0.014931s)
[2019.02.26-03.19.18:300][309]LogInit: XAudio2 using 'Speakers / Headphones (Realtek Audio)' : 2 channels at 48 kHz using 32 bits per sample (channel mask 0x3)
[2019.02.26-03.19.18:394][309]LogInit: FAudioDevice initialized.
[2019.02.26-03.19.18:424][309]LogLoad: Game class is 'GameModeBase'
[2019.02.26-03.19.18:428][309]LogWorld: Bringing World /Game/StarterContent/Maps/UEDPIE_0_Minimal_Default_2.Minimal_Default_2 up for play (max tick rate 60) at 2019.02.25-22.19.18
[2019.02.26-03.19.18:429][309]LogWorld: Bringing up level for play took: 0.004025
[2019.02.26-03.19.18:440][309]LogGameMode: FindPlayerStart: PATHS NOT DEFINED or NO PLAYERSTART with positive rating
[2019.02.26-03.19.18:442][309]LogBlueprintUserMessages: Warning: SetTimer passed a bad function (TimeFunctionTick) or object (MotionControllerPawn_2)
[2019.02.26-03.19.18:442][309]LogBlueprintUserMessages: [MotionControllerPawn_2] 















Make_Hands
[2019.02.26-03.19.18:443][309]LogBlueprintUserMessages: [MotionControllerPawn_2] 









Left
[2019.02.26-03.19.18:444][309]LogBlueprintUserMessages: [MotionControllerPawn_2] 











Right
[2019.02.26-03.19.18:444][309]PIE: Play in editor start time for /Game/StarterContent/Maps/UEDPIE_0_Minimal_Default_2 0.322
[2019.02.26-03.19.18:452][309]LogBlueprintUserMessages: Late PlayInEditor Detection: Level '/Game/StarterContent/Maps/Minimal_Default_2.Minimal_Default_2:PersistentLevel' has LevelScriptBlueprint '/Game/StarterContent/Maps/Minimal_Default_2.Minimal_Default_2:PersistentLevel.Minimal_Default_2' with GeneratedClass '/Game/StarterContent/Maps/Minimal_Default_2.Minimal_Default_2_C' with ClassGeneratedBy '/Game/StarterContent/Maps/Minimal_Default_2.Minimal_Default_2:PersistentLevel.Minimal_Default_2'
[2019.02.26-03.19.19:219][351]LogBlueprintUserMessages: [MotionControllerPawn_2] 109
[2019.02.26-03.19.19:237][352]LogScript: Warning: Accessed None trying to read property ScanVar
	Spawner_C /Game/StarterContent/Maps/UEDPIE_0_Minimal_Default_2.Minimal_Default_2:PersistentLevel.Spawner_2
	Function /Game/Blueprints/Spawner.Spawner_C:ExecuteUbergraph_Spawner:0DC2
[2019.02.26-03.19.19:237][352]PIE: Error: Blueprint Runtime Error: "Accessed None trying to read property ScanVar". Blueprint:  Spawner Function:  Execute Ubergraph Spawner Graph:  EventGraph Node:  Branch
[2019.02.26-03.19.20:420][423]LogBlueprintUserMessages: [MotionControllerPawn_2] 108
[2019.02.26-03.19.21:620][495]LogBlueprintUserMessages: [MotionControllerPawn_2] 107
[2019.02.26-03.19.22:819][567]LogBlueprintUserMessages: [MotionControllerPawn_2] 106
[2019.02.26-03.19.24:020][639]LogBlueprintUserMessages: [MotionControllerPawn_2] 105
[2019.02.26-03.19.25:220][711]LogBlueprintUserMessages: [MotionControllerPawn_2] 104
[2019.02.26-03.19.26:420][783]LogBlueprintUserMessages: [MotionControllerPawn_2] 103
[2019.02.26-03.19.27:623][855]LogBlueprintUserMessages: [MotionControllerPawn_2] 102
[2019.02.26-03.19.28:825][927]LogBlueprintUserMessages: [MotionControllerPawn_2] 101
[2019.02.26-03.19.29:910][992]LogScript: Warning: Attempted to access Scannables_C_5 via property K2Node_DynamicCast_AsScannables, but Scannables_C_5 is pending kill
	Conveyor_C /Game/StarterContent/Maps/UEDPIE_0_Minimal_Default_2.Minimal_Default_2:PersistentLevel.Conveyor_6
	Function /Game/Blueprints/Conveyor.Conveyor_C:ExecuteUbergraph_Conveyor:0221
[2019.02.26-03.19.29:910][992]PIE: Error: Blueprint Runtime Error: "Attempted to access Scannables_C_5 via property K2Node_DynamicCast_AsScannables, but Scannables_C_5 is pending kill". Blueprint:  Conveyor Function:  Execute Ubergraph Conveyor Graph:  EventGraph Node:  Branch
[2019.02.26-03.19.30:025][999]LogBlueprintUserMessages: [MotionControllerPawn_2] 100
[2019.02.26-03.19.31:226][ 71]LogBlueprintUserMessages: [MotionControllerPawn_2] 99
[2019.02.26-03.19.32:426][143]LogBlueprintUserMessages: [MotionControllerPawn_2] 98
[2019.02.26-03.19.33:626][215]LogBlueprintUserMessages: [MotionControllerPawn_2] 97
[2019.02.26-03.19.34:826][287]LogBlueprintUserMessages: [MotionControllerPawn_2] 96
[2019.02.26-03.19.36:026][359]LogBlueprintUserMessages: [MotionControllerPawn_2] 95
[2019.02.26-03.19.37:226][431]LogBlueprintUserMessages: [MotionControllerPawn_2] 94
[2019.02.26-03.19.38:437][503]LogBlueprintUserMessages: [MotionControllerPawn_2] 93
[2019.02.26-03.19.39:637][575]LogBlueprintUserMessages: [MotionControllerPawn_2] 92
[2019.02.26-03.19.40:838][647]LogBlueprintUserMessages: [MotionControllerPawn_2] 91
[2019.02.26-03.19.42:038][719]LogBlueprintUserMessages: [MotionControllerPawn_2] 90
[2019.02.26-03.19.43:245][791]LogBlueprintUserMessages: [MotionControllerPawn_2] 89
[2019.02.26-03.19.44:445][863]LogBlueprintUserMessages: [MotionControllerPawn_2] 88
[2019.02.26-03.19.45:645][935]LogBlueprintUserMessages: [MotionControllerPawn_2] 87
[2019.02.26-03.19.46:851][  7]LogBlueprintUserMessages: [MotionControllerPawn_2] 86
[2019.02.26-03.19.46:935][ 12]LogScript: Warning: Attempted to access Scannables_C_24 via property K2Node_DynamicCast_AsScannables, but Scannables_C_24 is pending kill
	Conveyor_C /Game/StarterContent/Maps/UEDPIE_0_Minimal_Default_2.Minimal_Default_2:PersistentLevel.Conveyor_6
	Function /Game/Blueprints/Conveyor.Conveyor_C:ExecuteUbergraph_Conveyor:0221
[2019.02.26-03.19.46:935][ 12]PIE: Error: Blueprint Runtime Error: "Attempted to access Scannables_C_24 via property K2Node_DynamicCast_AsScannables, but Scannables_C_24 is pending kill". Blueprint:  Conveyor Function:  Execute Ubergraph Conveyor Graph:  EventGraph Node:  Branch
[2019.02.26-03.19.48:054][ 79]LogBlueprintUserMessages: [MotionControllerPawn_2] 85
[2019.02.26-03.19.49:255][151]LogBlueprintUserMessages: [MotionControllerPawn_2] 84
[2019.02.26-03.19.52:945][209]LogScript: Warning: Runaway loop detected (over 1,000,000 iterations) - see log for stack trace
	BabyCarts_C /Game/StarterContent/Maps/UEDPIE_0_Minimal_Default_2.Minimal_Default_2:PersistentLevel.BabyCarts_C_0
	Function /Game/Blueprints/BabyCarts.BabyCarts_C:ExecuteUbergraph_BabyCarts:0022
[2019.02.26-03.19.52:946][209]PIE: Error: Infinite loop detected. Blueprint:  BabyCarts Function:  Play Sound at Location Call Stack:  Show
[2019.02.26-03.19.55:756][209]LogScript: Warning: Runaway loop detected (over 1,000,000 iterations) - see log for stack trace
	BabyCarts_C /Game/StarterContent/Maps/UEDPIE_0_Minimal_Default_2.Minimal_Default_2:PersistentLevel.BabyCarts_C_1
	Function /Game/Blueprints/BabyCarts.BabyCarts_C:ExecuteUbergraph_BabyCarts:0022
[2019.02.26-03.19.55:757][209]PIE: Error: Infinite loop detected. Blueprint:  BabyCarts Function:  Play Sound at Location Call Stack:  Show
[2019.02.26-03.20.00:435][209]LogScript: Warning: Runaway loop detected (over 1,000,000 iterations) - see log for stack trace
	BabyCarts_C /Game/StarterContent/Maps/UEDPIE_0_Minimal_Default_2.Minimal_Default_2:PersistentLevel.BabyCarts_C_2
	Function /Game/Blueprints/BabyCarts.BabyCarts_C:ExecuteUbergraph_BabyCarts:0022
[2019.02.26-03.20.01:627][209]PIE: Error: Infinite loop detected. Blueprint:  BabyCarts Function:  Play Sound at Location Call Stack:  Show
[2019.02.26-03.20.07:480][209]LogScript: Warning: Runaway loop detected (over 1,000,000 iterations) - see log for stack trace
	BabyCarts_C /Game/StarterContent/Maps/UEDPIE_0_Minimal_Default_2.Minimal_Default_2:PersistentLevel.BabyCarts_C_3
	Function /Game/Blueprints/BabyCarts.BabyCarts_C:ExecuteUbergraph_BabyCarts:0022
[2019.02.26-03.20.07:480][209]PIE: Error: Infinite loop detected. Blueprint:  BabyCarts Function:  Play Sound at Location Call Stack:  Show
