Log file open, 02/26/19 01:14:09
LogWindows: Failed to load 'aqProf.dll' (GetLastError=126)
LogWindows: File 'aqProf.dll' does not exist
LogWindows: Failed to load 'VtuneApi.dll' (GetLastError=126)
LogWindows: File 'VtuneApi.dll' does not exist
LogWindows: Failed to load 'VtuneApi32e.dll' (GetLastError=126)
LogWindows: File 'VtuneApi32e.dll' does not exist
LogConsoleResponse: Display: Failed to find resolution value strings in scalability ini. Falling back to default.
LogInit: Display: Running engine for game: MyProject3
LogPakFile: Registered encryption key '00000000000000000000000000000000': 0 pak files mounted, 0 remain pending
LogPlatformFile: Not using cached read wrapper
LogTaskGraph: Started task graph with 5 named threads and 14 total threads with 3 sets of task threads.
LogStats: Stats thread started at 0.224111
LogD3D11RHI: Loaded GFSDK_Aftermath_Lib.x64.dll
LogICUInternationalization: ICU TimeZone Detection - Raw Offset: -5:00, Platform Override: ''
LogPluginManager: Mounting plugin Paper2D
LogPluginManager: Mounting plugin AISupport
LogPluginManager: Mounting plugin LightPropagationVolume
LogPluginManager: Mounting plugin ActorLayerUtilities
LogPluginManager: Mounting plugin CLionSourceCodeAccess
LogPluginManager: Mounting plugin CodeLiteSourceCodeAccess
LogPluginManager: Mounting plugin GitSourceControl
LogPluginManager: Mounting plugin KDevelopSourceCodeAccess
LogPluginManager: Mounting plugin NullSourceCodeAccess
LogPluginManager: Mounting plugin PerforceSourceControl
LogPluginManager: Mounting plugin SubversionSourceControl
LogPluginManager: Mounting plugin UObjectPlugin
LogPluginManager: Mounting plugin VisualStudioCodeSourceCodeAccess
LogPluginManager: Mounting plugin VisualStudioSourceCodeAccess
LogPluginManager: Mounting plugin XCodeSourceCodeAccess
LogPluginManager: Mounting plugin AssetManagerEditor
LogPluginManager: Mounting plugin CryptoKeys
LogPluginManager: Mounting plugin DataValidation
LogPluginManager: Mounting plugin FacialAnimation
LogPluginManager: Mounting plugin GameplayTagsEditor
LogPluginManager: Mounting plugin MacGraphicsSwitching
LogPluginManager: Mounting plugin MeshEditor
LogPluginManager: Mounting plugin MobileLauncherProfileWizard
LogPluginManager: Mounting plugin PluginBrowser
LogPluginManager: Mounting plugin SpeedTreeImporter
LogPluginManager: Mounting plugin DatasmithContent
LogPluginManager: Mounting plugin VariantManagerContent
LogPluginManager: Mounting plugin AlembicImporter
LogPluginManager: Mounting plugin AppleImageUtils
LogPluginManager: Mounting plugin AppleVision
LogPluginManager: Mounting plugin BackChannel
LogPluginManager: Mounting plugin CharacterAI
LogPluginManager: Mounting plugin GeometryCache
LogPluginManager: Mounting plugin HTML5Networking
LogPluginManager: Mounting plugin ProxyLODPlugin
LogPluginManager: Mounting plugin MagicLeap
LogPluginManager: Mounting plugin MagicLeapMedia
LogPluginManager: Mounting plugin AndroidMedia
LogPluginManager: Mounting plugin AvfMedia
LogPluginManager: Mounting plugin ImgMedia
LogPluginManager: Mounting plugin LinearTimecode
LogPluginManager: Mounting plugin MediaCompositing
LogPluginManager: Mounting plugin MediaPlayerEditor
LogPluginManager: Mounting plugin WebMMedia
LogPluginManager: Mounting plugin WmfMedia
LogPluginManager: Mounting plugin TcpMessaging
LogPluginManager: Mounting plugin UdpMessaging
LogPluginManager: Mounting plugin ActorSequence
LogPluginManager: Mounting plugin LevelSequenceEditor
LogPluginManager: Mounting plugin MatineeToLevelSequence
LogPluginManager: Mounting plugin NetcodeUnitTest
LogPluginManager: Mounting plugin NUTUnrealEngine4
LogPluginManager: Mounting plugin OnlineSubsystemGooglePlay
LogPluginManager: Mounting plugin OnlineSubsystemIOS
LogPluginManager: Mounting plugin OnlineSubsystem
LogPluginManager: Mounting plugin OnlineSubsystemNull
LogPluginManager: Mounting plugin OnlineSubsystemUtils
LogPluginManager: Mounting plugin LauncherChunkInstaller
LogPluginManager: Mounting plugin AndroidDeviceProfileSelector
LogPluginManager: Mounting plugin AndroidMoviePlayer
LogPluginManager: Mounting plugin AndroidPermission
LogPluginManager: Mounting plugin AppleMoviePlayer
LogPluginManager: Mounting plugin ArchVisCharacter
LogPluginManager: Mounting plugin AudioCapture
LogPluginManager: Mounting plugin CableComponent
LogPluginManager: Mounting plugin CustomMeshComponent
LogPluginManager: Mounting plugin EditableMesh
LogPluginManager: Mounting plugin ExampleDeviceProfileSelector
LogPluginManager: Mounting plugin Firebase
LogPluginManager: Mounting plugin GoogleCloudMessaging
LogPluginManager: Mounting plugin IOSDeviceProfileSelector
LogPluginManager: Mounting plugin LinuxDeviceProfileSelector
LogPluginManager: Mounting plugin LocationServicesBPLibrary
LogPluginManager: Mounting plugin MobilePatchingUtils
LogPluginManager: Mounting plugin OculusVR
LogPluginManager: Mounting plugin PhysXVehicles
LogPluginManager: Mounting plugin ProceduralMeshComponent
LogPluginManager: Mounting plugin RuntimePhysXCooking
LogPluginManager: Mounting plugin SteamVR
LogPluginManager: Mounting plugin WebMMoviePlayer
LogPluginManager: Mounting plugin WindowsMoviePlayer
LogStreaming: Display: Took  0.121s to configure plugins.
LogInit: Using libcurl 7.55.1-DEV
LogInit:  - built for x86_64-pc-win32
LogInit:  - supports SSL with OpenSSL/1.0.2h
LogInit:  - supports HTTP deflate (compression) using libz 1.2.8
LogInit:  - other features:
LogInit:      CURL_VERSION_SSL
LogInit:      CURL_VERSION_LIBZ
LogInit:      CURL_VERSION_IPV6
LogInit:      CURL_VERSION_ASYNCHDNS
LogInit:      CURL_VERSION_LARGEFILE
LogInit:      CURL_VERSION_IDN
LogInit:  CurlRequestOptions (configurable via config and command line):
LogInit:  - bVerifyPeer = true  - Libcurl will verify peer certificate
LogInit:  - bUseHttpProxy = false  - Libcurl will NOT use HTTP proxy
LogInit:  - bDontReuseConnections = false  - Libcurl will reuse connections
LogInit:  - MaxHostConnections = 16  - Libcurl will limit the number of connections to a host
LogInit:  - LocalHostAddr = Default
LogInit:  - BufferSize = 65536
LogInit: WinSock: version 1.1 (2.2), MaxSocks=32767, MaxUdp=65467
LogInit: Build: ++UE4+Release-4.21-CL-4753647
LogInit: Engine Version: 4.21.2-4753647+++UE4+Release-4.21
LogInit: Compatible Engine Version: 4.21.0-4541578+++UE4+Release-4.21
LogInit: Net CL: 4541578
LogInit: OS: Windows 10 (), CPU: Intel(R) Core(TM) i5-4690K CPU @ 3.50GHz, GPU: AMD Radeon R9 200 Series
LogInit: Compiled (64-bit): Jan 19 2019 02:07:31
LogInit: Compiled with Visual C++: 19.13.26129.00
LogInit: Build Configuration: Development
LogInit: Branch Name: ++UE4+Release-4.21
LogInit: Command Line:  -EpicPortal -epicusername=Airis_ -epicuserid=a29c1ea0ec71402280e182d3f584ee50 -epiclocale=en-US
LogInit: Base Directory: D:/Program Files (x86)/Unreal Engine/UE_4.21/Engine/Binaries/Win64/
LogInit: Installed Engine Build: 1
LogDevObjectVersion: Number of dev versions registered: 22
LogDevObjectVersion:   Dev-Blueprints (B0D832E4-1F89-4F0D-ACCF-7EB736FD4AA2): 10
LogDevObjectVersion:   Dev-Build (E1C64328-A22C-4D53-A36C-8E866417BD8C): 0
LogDevObjectVersion:   Dev-Core (375EC13C-06E4-48FB-B500-84F0262A717E): 2
LogDevObjectVersion:   Dev-Editor (E4B068ED-F494-42E9-A231-DA0B2E46BB41): 26
LogDevObjectVersion:   Dev-Framework (CFFC743F-43B0-4480-9391-14DF171D2073): 34
LogDevObjectVersion:   Dev-Mobile (B02B49B5-BB20-44E9-A304-32B752E40360): 2
LogDevObjectVersion:   Dev-Networking (A4E4105C-59A1-49B5-A7C5-40C4547EDFEE): 0
LogDevObjectVersion:   Dev-Online (39C831C9-5AE6-47DC-9A44-9C173E1C8E7C): 0
LogDevObjectVersion:   Dev-Physics (78F01B33-EBEA-4F98-B9B4-84EACCB95AA2): 0
LogDevObjectVersion:   Dev-Platform (6631380F-2D4D-43E0-8009-CF276956A95A): 0
LogDevObjectVersion:   Dev-Rendering (12F88B9F-8875-4AFC-A67C-D90C383ABD29): 27
LogDevObjectVersion:   Dev-Sequencer (7B5AE74C-D270-4C10-A958-57980B212A5A): 9
LogDevObjectVersion:   Dev-VR (D7296918-1DD6-4BDD-9DE2-64A83CC13884): 2
LogDevObjectVersion:   Dev-LoadTimes (C2A15278-BFE7-4AFE-6C17-90FF531DF755): 1
LogDevObjectVersion:   Private-Geometry (6EACA3D4-40EC-4CC1-B786-8BED09428FC5): 3
LogDevObjectVersion:   Dev-AnimPhys (29E575DD-E0A3-4627-9D10-D276232CDCEA): 17
LogDevObjectVersion:   Dev-Anim (AF43A65D-7FD3-4947-9873-3E8ED9C1BB05): 2
LogDevObjectVersion:   Dev-ReflectionCapture (6B266CEC-1EC7-4B8F-A30B-E4D90942FC07): 1
LogDevObjectVersion:   Dev-Automation (0DF73D61-A23F-47EA-B727-89E90C41499A): 1
LogDevObjectVersion:   FortniteMain (601D1886-AC64-4F84-AA16-D3DE0DEAC7D6): 17
LogDevObjectVersion:   Dev-Enterprise (9DFFBCD6-494F-0158-E221-12823C92A888): 4
LogDevObjectVersion:   Dev-Niagara (F2AED0AC-9AFE-416F-8664-AA7FFA26D6FC): 1
LogStreaming: Display: Took  0.078s to delete old logs.
LogInit: Presizing for max 8388607 objects, including 0 objects not considered by GC, pre-allocating 0 bytes for permanent pool.
LogInit: Object subsystem initialized
LogConfig: Setting CVar [[con.DebugEarlyDefault:1]]
LogConfig: Setting CVar [[r.setres:1280x720]]
[2019.02.26-06.14.09:813][  0]LogConfig: Setting CVar [[r.VSync:0]]
[2019.02.26-06.14.09:813][  0]LogConfig: Setting CVar [[r.RHICmdBypass:0]]
[2019.02.26-06.14.09:813][  0]LogConfig: Applying CVar settings from Section [/Script/Engine.RendererSettings] File [F:/SCAD/ITGM studio2/humanStuff/MyProject3/Saved/Config/Windows/Engine.ini]
[2019.02.26-06.14.09:813][  0]LogConfig: Setting CVar [[r.GPUCrashDebugging:0]]
[2019.02.26-06.14.09:813][  0]LogConfig: Applying CVar settings from Section [/Script/Engine.RendererOverrideSettings] File [F:/SCAD/ITGM studio2/humanStuff/MyProject3/Saved/Config/Windows/Engine.ini]
[2019.02.26-06.14.09:813][  0]LogConfig: Applying CVar settings from Section [/Script/Engine.StreamingSettings] File [F:/SCAD/ITGM studio2/humanStuff/MyProject3/Saved/Config/Windows/Engine.ini]
[2019.02.26-06.14.09:813][  0]LogConfig: Setting CVar [[s.MinBulkDataSizeForAsyncLoading:131072]]
[2019.02.26-06.14.09:813][  0]LogConfig: Setting CVar [[s.AsyncLoadingThreadEnabled:0]]
[2019.02.26-06.14.09:813][  0]LogConfig: Setting CVar [[s.EventDrivenLoaderEnabled:1]]
[2019.02.26-06.14.09:813][  0]LogConfig: Setting CVar [[s.WarnIfTimeLimitExceeded:0]]
[2019.02.26-06.14.09:813][  0]LogConfig: Setting CVar [[s.TimeLimitExceededMultiplier:1.5]]
[2019.02.26-06.14.09:813][  0]LogConfig: Setting CVar [[s.TimeLimitExceededMinTime:0.005]]
[2019.02.26-06.14.09:813][  0]LogConfig: Setting CVar [[s.UseBackgroundLevelStreaming:1]]
[2019.02.26-06.14.09:813][  0]LogConfig: Setting CVar [[s.PriorityAsyncLoadingExtraTime:15.0]]
[2019.02.26-06.14.09:813][  0]LogConfig: Setting CVar [[s.LevelStreamingActorsUpdateTimeLimit:5.0]]
[2019.02.26-06.14.09:813][  0]LogConfig: Setting CVar [[s.PriorityLevelStreamingActorsUpdateExtraTime:5.0]]
[2019.02.26-06.14.09:813][  0]LogConfig: Setting CVar [[s.LevelStreamingComponentsRegistrationGranularity:10]]
[2019.02.26-06.14.09:813][  0]LogConfig: Setting CVar [[s.UnregisterComponentsTimeLimit:1.0]]
[2019.02.26-06.14.09:813][  0]LogConfig: Setting CVar [[s.LevelStreamingComponentsUnregistrationGranularity:5]]
[2019.02.26-06.14.09:813][  0]LogConfig: Applying CVar settings from Section [/Script/Engine.GarbageCollectionSettings] File [F:/SCAD/ITGM studio2/humanStuff/MyProject3/Saved/Config/Windows/Engine.ini]
[2019.02.26-06.14.09:813][  0]LogConfig: Setting CVar [[gc.MaxObjectsNotConsideredByGC:1]]
[2019.02.26-06.14.09:813][  0]LogConfig: Setting CVar [[gc.SizeOfPermanentObjectPool:0]]
[2019.02.26-06.14.09:813][  0]LogConfig: Setting CVar [[gc.FlushStreamingOnGC:0]]
[2019.02.26-06.14.09:813][  0]LogConfig: Setting CVar [[gc.NumRetriesBeforeForcingGC:10]]
[2019.02.26-06.14.09:813][  0]LogConfig: Setting CVar [[gc.AllowParallelGC:1]]
[2019.02.26-06.14.09:813][  0]LogConfig: Setting CVar [[gc.TimeBetweenPurgingPendingKillObjects:61.1]]
[2019.02.26-06.14.09:814][  0]LogConfig: Setting CVar [[gc.MaxObjectsInEditor:8388607]]
[2019.02.26-06.14.09:814][  0]LogConfig: Setting CVar [[gc.IncrementalBeginDestroyEnabled:1]]
[2019.02.26-06.14.09:814][  0]LogConfig: Setting CVar [[gc.CreateGCClusters:1]]
[2019.02.26-06.14.09:814][  0]LogConfig: Setting CVar [[gc.MergeGCClusters:0]]
[2019.02.26-06.14.09:814][  0]LogConfig: Setting CVar [[gc.MinGCClusterSize:5]]
[2019.02.26-06.14.09:814][  0]LogConfig: Setting CVar [[gc.ActorClusteringEnabled:0]]
[2019.02.26-06.14.09:814][  0]LogConfig: Setting CVar [[gc.BlueprintClusteringEnabled:0]]
[2019.02.26-06.14.09:814][  0]LogConfig: Setting CVar [[gc.UseDisregardForGCOnDedicatedServers:0]]
[2019.02.26-06.14.09:814][  0]LogConfig: Applying CVar settings from Section [/Script/Engine.NetworkSettings] File [F:/SCAD/ITGM studio2/humanStuff/MyProject3/Saved/Config/Windows/Engine.ini]
[2019.02.26-06.14.09:814][  0]LogConfig: Applying CVar settings from Section [/Script/UnrealEd.CookerSettings] File [F:/SCAD/ITGM studio2/humanStuff/MyProject3/Saved/Config/Windows/Engine.ini]
[2019.02.26-06.14.09:836][  0]LogConfig: Applying CVar settings from Section [ViewDistanceQuality@3] File [F:/SCAD/ITGM studio2/humanStuff/MyProject3/Saved/Config/Windows/Scalability.ini]
[2019.02.26-06.14.09:836][  0]LogConfig: Setting CVar [[r.SkeletalMeshLODBias:0]]
[2019.02.26-06.14.09:836][  0]LogConfig: Setting CVar [[r.ViewDistanceScale:1.0]]
[2019.02.26-06.14.09:836][  0]LogConfig: Applying CVar settings from Section [AntiAliasingQuality@3] File [F:/SCAD/ITGM studio2/humanStuff/MyProject3/Saved/Config/Windows/Scalability.ini]
[2019.02.26-06.14.09:836][  0]LogConfig: Setting CVar [[r.PostProcessAAQuality:3]]
[2019.02.26-06.14.09:836][  0]LogConfig: Applying CVar settings from Section [ShadowQuality@3] File [F:/SCAD/ITGM studio2/humanStuff/MyProject3/Saved/Config/Windows/Scalability.ini]
[2019.02.26-06.14.09:836][  0]LogConfig: Setting CVar [[r.LightFunctionQuality:1]]
[2019.02.26-06.14.09:836][  0]LogConfig: Setting CVar [[r.ShadowQuality:5]]
[2019.02.26-06.14.09:836][  0]LogConfig: Setting CVar [[r.Shadow.CSM.MaxCascades:10]]
[2019.02.26-06.14.09:836][  0]LogConfig: Setting CVar [[r.Shadow.MaxResolution:2048]]
[2019.02.26-06.14.09:836][  0]LogConfig: Setting CVar [[r.Shadow.MaxCSMResolution:2048]]
[2019.02.26-06.14.09:836][  0]LogConfig: Setting CVar [[r.Shadow.RadiusThreshold:0.01]]
[2019.02.26-06.14.09:836][  0]LogConfig: Setting CVar [[r.Shadow.DistanceScale:1.0]]
[2019.02.26-06.14.09:836][  0]LogConfig: Setting CVar [[r.Shadow.CSM.TransitionScale:1.0]]
[2019.02.26-06.14.09:836][  0]LogConfig: Setting CVar [[r.Shadow.PreShadowResolutionFactor:1.0]]
[2019.02.26-06.14.09:836][  0]LogConfig: Setting CVar [[r.DistanceFieldShadowing:1]]
[2019.02.26-06.14.09:836][  0]LogConfig: Setting CVar [[r.DistanceFieldAO:1]]
[2019.02.26-06.14.09:836][  0]LogConfig: Setting CVar [[r.AOQuality:2]]
[2019.02.26-06.14.09:836][  0]LogConfig: Setting CVar [[r.VolumetricFog:1]]
[2019.02.26-06.14.09:836][  0]LogConfig: Setting CVar [[r.VolumetricFog.GridPixelSize:8]]
[2019.02.26-06.14.09:836][  0]LogConfig: Setting CVar [[r.VolumetricFog.GridSizeZ:128]]
[2019.02.26-06.14.09:836][  0]LogConfig: Setting CVar [[r.VolumetricFog.HistoryMissSupersampleCount:4]]
[2019.02.26-06.14.09:836][  0]LogConfig: Setting CVar [[r.LightMaxDrawDistanceScale:1]]
[2019.02.26-06.14.09:836][  0]LogConfig: Setting CVar [[r.CapsuleShadows:1]]
[2019.02.26-06.14.09:836][  0]LogConfig: Applying CVar settings from Section [PostProcessQuality@3] File [F:/SCAD/ITGM studio2/humanStuff/MyProject3/Saved/Config/Windows/Scalability.ini]
[2019.02.26-06.14.09:836][  0]LogConfig: Setting CVar [[r.MotionBlurQuality:0]]
[2019.02.26-06.14.09:836][  0]LogConfig: Setting CVar [[r.AmbientOcclusionMipLevelFactor:0.4]]
[2019.02.26-06.14.09:836][  0]LogConfig: Setting CVar [[r.AmbientOcclusionMaxQuality:100]]
[2019.02.26-06.14.09:836][  0]LogConfig: Setting CVar [[r.AmbientOcclusionLevels:0]]
[2019.02.26-06.14.09:836][  0]LogConfig: Setting CVar [[r.AmbientOcclusionRadiusScale:1.0]]
[2019.02.26-06.14.09:836][  0]LogConfig: Setting CVar [[r.DepthOfFieldQuality:0]]
[2019.02.26-06.14.09:836][  0]LogConfig: Setting CVar [[r.RenderTargetPoolMin:400]]
[2019.02.26-06.14.09:836][  0]LogConfig: Setting CVar [[r.LensFlareQuality:0]]
[2019.02.26-06.14.09:836][  0]LogConfig: Setting CVar [[r.SceneColorFringeQuality:0]]
[2019.02.26-06.14.09:836][  0]LogConfig: Setting CVar [[r.EyeAdaptationQuality:2]]
[2019.02.26-06.14.09:836][  0]LogConfig: Setting CVar [[r.BloomQuality:1]]
[2019.02.26-06.14.09:836][  0]LogConfig: Setting CVar [[r.FastBlurThreshold:0]]
[2019.02.26-06.14.09:836][  0]LogConfig: Setting CVar [[r.Upscale.Quality:3]]
[2019.02.26-06.14.09:836][  0]LogConfig: Setting CVar [[r.Tonemapper.GrainQuantization:1]]
[2019.02.26-06.14.09:836][  0]LogConfig: Setting CVar [[r.LightShaftQuality:1]]
[2019.02.26-06.14.09:836][  0]LogConfig: Setting CVar [[r.Filter.SizeScale:1]]
[2019.02.26-06.14.09:836][  0]LogConfig: Setting CVar [[r.Tonemapper.Quality:5]]
[2019.02.26-06.14.09:836][  0]LogConfig: Setting CVar [[r.DOF.Gather.AccumulatorQuality:1        ; higher gathering accumulator quality]]
[2019.02.26-06.14.09:836][  0]LogConfig: Setting CVar [[r.DOF.Gather.PostfilterMethod:1          ; Median3x3 postfilering method]]
[2019.02.26-06.14.09:836][  0]LogConfig: Setting CVar [[r.DOF.Gather.EnableBokehSettings:0       ; no bokeh simulation when gathering]]
[2019.02.26-06.14.09:836][  0]LogConfig: Setting CVar [[r.DOF.Gather.RingCount:4                 ; medium number of samples when gathering]]
[2019.02.26-06.14.09:836][  0]LogConfig: Setting CVar [[r.DOF.Scatter.ForegroundCompositing:1    ; additive foreground scattering]]
[2019.02.26-06.14.09:836][  0]LogConfig: Setting CVar [[r.DOF.Scatter.BackgroundCompositing:2    ; additive background scattering]]
[2019.02.26-06.14.09:837][  0]LogConfig: Setting CVar [[r.DOF.Scatter.EnableBokehSettings:1      ; bokeh simulation when scattering]]
[2019.02.26-06.14.09:837][  0]LogConfig: Setting CVar [[r.DOF.Scatter.MaxSpriteRatio:0.1         ; only a maximum of 10% of scattered bokeh]]
[2019.02.26-06.14.09:837][  0]LogConfig: Setting CVar [[r.DOF.Recombine.Quality:1                ; cheap slight out of focus]]
[2019.02.26-06.14.09:837][  0]LogConfig: Setting CVar [[r.DOF.Recombine.EnableBokehSettings:0    ; no bokeh simulation on slight out of focus]]
[2019.02.26-06.14.09:837][  0]LogConfig: Setting CVar [[r.DOF.TemporalAAQuality:1                ; more stable temporal accumulation]]
[2019.02.26-06.14.09:837][  0]LogConfig: Setting CVar [[r.DOF.Kernel.MaxForegroundRadius:0.025]]
[2019.02.26-06.14.09:837][  0]LogConfig: Setting CVar [[r.DOF.Kernel.MaxBackgroundRadius:0.025]]
[2019.02.26-06.14.09:837][  0]LogConfig: Applying CVar settings from Section [TextureQuality@3] File [F:/SCAD/ITGM studio2/humanStuff/MyProject3/Saved/Config/Windows/Scalability.ini]
[2019.02.26-06.14.09:837][  0]LogConfig: Setting CVar [[r.Streaming.MipBias:0]]
[2019.02.26-06.14.09:837][  0]LogConfig: Setting CVar [[r.Streaming.AmortizeCPUToGPUCopy:0]]
[2019.02.26-06.14.09:837][  0]LogConfig: Setting CVar [[r.Streaming.MaxNumTexturesToStreamPerFrame:0]]
[2019.02.26-06.14.09:837][  0]LogConfig: Setting CVar [[r.Streaming.Boost:1]]
[2019.02.26-06.14.09:837][  0]LogConfig: Setting CVar [[r.MaxAnisotropy:8]]
[2019.02.26-06.14.09:837][  0]LogConfig: Setting CVar [[r.Streaming.LimitPoolSizeToVRAM:0]]
[2019.02.26-06.14.09:837][  0]LogConfig: Setting CVar [[r.Streaming.PoolSize:1000]]
[2019.02.26-06.14.09:837][  0]LogConfig: Setting CVar [[r.Streaming.MaxEffectiveScreenSize:0]]
[2019.02.26-06.14.09:837][  0]LogConfig: Applying CVar settings from Section [EffectsQuality@3] File [F:/SCAD/ITGM studio2/humanStuff/MyProject3/Saved/Config/Windows/Scalability.ini]
[2019.02.26-06.14.09:837][  0]LogConfig: Setting CVar [[r.TranslucencyLightingVolumeDim:4]]
[2019.02.26-06.14.09:837][  0]LogConfig: Setting CVar [[r.RefractionQuality:2]]
[2019.02.26-06.14.09:837][  0]LogConfig: Setting CVar [[r.SSR.Quality:0]]
[2019.02.26-06.14.09:837][  0]LogConfig: Setting CVar [[r.SceneColorFormat:2]]
[2019.02.26-06.14.09:837][  0]LogConfig: Setting CVar [[r.DetailMode:2]]
[2019.02.26-06.14.09:837][  0]LogConfig: Setting CVar [[r.TranslucencyVolumeBlur:0]]
[2019.02.26-06.14.09:837][  0]LogConfig: Setting CVar [[r.MaterialQualityLevel:1 ; High quality]]
[2019.02.26-06.14.09:837][  0]LogConfig: Setting CVar [[r.SSS.Scale:1]]
[2019.02.26-06.14.09:837][  0]LogConfig: Setting CVar [[r.SSS.SampleSet:2]]
[2019.02.26-06.14.09:837][  0]LogConfig: Setting CVar [[r.SSS.Quality:1]]
[2019.02.26-06.14.09:837][  0]LogConfig: Setting CVar [[r.SSS.HalfRes:1]]
[2019.02.26-06.14.09:837][  0]LogConfig: Setting CVar [[r.EmitterSpawnRateScale:1.0]]
[2019.02.26-06.14.09:837][  0]LogConfig: Setting CVar [[r.ParticleLightQuality:2]]
[2019.02.26-06.14.09:837][  0]LogConfig: Applying CVar settings from Section [FoliageQuality@3] File [F:/SCAD/ITGM studio2/humanStuff/MyProject3/Saved/Config/Windows/Scalability.ini]
[2019.02.26-06.14.09:837][  0]LogConfig: Setting CVar [[foliage.DensityScale:1.0]]
[2019.02.26-06.14.09:837][  0]LogConfig: Setting CVar [[grass.DensityScale:1.0]]
[2019.02.26-06.14.09:837][  0]LogInit: Selected Device Profile: [Windows]
[2019.02.26-06.14.09:837][  0]LogInit: Applying CVar settings loaded from the selected device profile: [Windows]
[2019.02.26-06.14.09:858][  0]LogHAL: Display: Platform has ~ 16 GB [17034178560 / 17179869184 / 16], which maps to Larger [LargestMinGB=32, LargerMinGB=12, DefaultMinGB=8, SmallerMinGB=6, SmallestMinGB=0)
[2019.02.26-06.14.09:858][  0]LogConfig: Setting CVar [[r.Vulkan.UseRealUBs:1]]
[2019.02.26-06.14.09:858][  0]LogInit: Going up to parent DeviceProfile []
[2019.02.26-06.14.09:858][  0]LogConfig: Applying CVar settings from Section [ViewDistanceQuality@3] File [F:/SCAD/ITGM studio2/humanStuff/MyProject3/Saved/Config/Windows/Scalability.ini]
[2019.02.26-06.14.09:858][  0]LogConfig: Setting CVar [[r.SkeletalMeshLODBias:0]]
[2019.02.26-06.14.09:858][  0]LogConfig: Setting CVar [[r.ViewDistanceScale:1.0]]
[2019.02.26-06.14.09:858][  0]LogConfig: Applying CVar settings from Section [AntiAliasingQuality@3] File [F:/SCAD/ITGM studio2/humanStuff/MyProject3/Saved/Config/Windows/Scalability.ini]
[2019.02.26-06.14.09:858][  0]LogConfig: Setting CVar [[r.PostProcessAAQuality:3]]
[2019.02.26-06.14.09:858][  0]LogConfig: Applying CVar settings from Section [ShadowQuality@3] File [F:/SCAD/ITGM studio2/humanStuff/MyProject3/Saved/Config/Windows/Scalability.ini]
[2019.02.26-06.14.09:858][  0]LogConfig: Setting CVar [[r.LightFunctionQuality:1]]
[2019.02.26-06.14.09:858][  0]LogConfig: Setting CVar [[r.ShadowQuality:5]]
[2019.02.26-06.14.09:858][  0]LogConfig: Setting CVar [[r.Shadow.CSM.MaxCascades:10]]
[2019.02.26-06.14.09:858][  0]LogConfig: Setting CVar [[r.Shadow.MaxResolution:2048]]
[2019.02.26-06.14.09:858][  0]LogConfig: Setting CVar [[r.Shadow.MaxCSMResolution:2048]]
[2019.02.26-06.14.09:858][  0]LogConfig: Setting CVar [[r.Shadow.RadiusThreshold:0.01]]
[2019.02.26-06.14.09:858][  0]LogConfig: Setting CVar [[r.Shadow.DistanceScale:1.0]]
[2019.02.26-06.14.09:858][  0]LogConfig: Setting CVar [[r.Shadow.CSM.TransitionScale:1.0]]
[2019.02.26-06.14.09:858][  0]LogConfig: Setting CVar [[r.Shadow.PreShadowResolutionFactor:1.0]]
[2019.02.26-06.14.09:858][  0]LogConfig: Setting CVar [[r.DistanceFieldShadowing:1]]
[2019.02.26-06.14.09:858][  0]LogConfig: Setting CVar [[r.DistanceFieldAO:1]]
[2019.02.26-06.14.09:858][  0]LogConfig: Setting CVar [[r.AOQuality:2]]
[2019.02.26-06.14.09:858][  0]LogConfig: Setting CVar [[r.VolumetricFog:1]]
[2019.02.26-06.14.09:858][  0]LogConfig: Setting CVar [[r.VolumetricFog.GridPixelSize:8]]
[2019.02.26-06.14.09:858][  0]LogConfig: Setting CVar [[r.VolumetricFog.GridSizeZ:128]]
[2019.02.26-06.14.09:858][  0]LogConfig: Setting CVar [[r.VolumetricFog.HistoryMissSupersampleCount:4]]
[2019.02.26-06.14.09:858][  0]LogConfig: Setting CVar [[r.LightMaxDrawDistanceScale:1]]
[2019.02.26-06.14.09:858][  0]LogConfig: Setting CVar [[r.CapsuleShadows:1]]
[2019.02.26-06.14.09:858][  0]LogConfig: Applying CVar settings from Section [PostProcessQuality@3] File [F:/SCAD/ITGM studio2/humanStuff/MyProject3/Saved/Config/Windows/Scalability.ini]
[2019.02.26-06.14.09:858][  0]LogConfig: Setting CVar [[r.MotionBlurQuality:0]]
[2019.02.26-06.14.09:858][  0]LogConfig: Setting CVar [[r.AmbientOcclusionMipLevelFactor:0.4]]
[2019.02.26-06.14.09:858][  0]LogConfig: Setting CVar [[r.AmbientOcclusionMaxQuality:100]]
[2019.02.26-06.14.09:858][  0]LogConfig: Setting CVar [[r.AmbientOcclusionLevels:0]]
[2019.02.26-06.14.09:858][  0]LogConfig: Setting CVar [[r.AmbientOcclusionRadiusScale:1.0]]
[2019.02.26-06.14.09:858][  0]LogConfig: Setting CVar [[r.DepthOfFieldQuality:0]]
[2019.02.26-06.14.09:858][  0]LogConfig: Setting CVar [[r.RenderTargetPoolMin:400]]
[2019.02.26-06.14.09:858][  0]LogConfig: Setting CVar [[r.LensFlareQuality:0]]
[2019.02.26-06.14.09:858][  0]LogConfig: Setting CVar [[r.SceneColorFringeQuality:0]]
[2019.02.26-06.14.09:858][  0]LogConfig: Setting CVar [[r.EyeAdaptationQuality:2]]
[2019.02.26-06.14.09:858][  0]LogConfig: Setting CVar [[r.BloomQuality:1]]
[2019.02.26-06.14.09:858][  0]LogConfig: Setting CVar [[r.FastBlurThreshold:0]]
[2019.02.26-06.14.09:858][  0]LogConfig: Setting CVar [[r.Upscale.Quality:3]]
[2019.02.26-06.14.09:858][  0]LogConfig: Setting CVar [[r.Tonemapper.GrainQuantization:1]]
[2019.02.26-06.14.09:858][  0]LogConfig: Setting CVar [[r.LightShaftQuality:1]]
[2019.02.26-06.14.09:858][  0]LogConfig: Setting CVar [[r.Filter.SizeScale:1]]
[2019.02.26-06.14.09:858][  0]LogConfig: Setting CVar [[r.Tonemapper.Quality:5]]
[2019.02.26-06.14.09:858][  0]LogConfig: Setting CVar [[r.DOF.Gather.AccumulatorQuality:1        ; higher gathering accumulator quality]]
[2019.02.26-06.14.09:858][  0]LogConfig: Setting CVar [[r.DOF.Gather.PostfilterMethod:1          ; Median3x3 postfilering method]]
[2019.02.26-06.14.09:858][  0]LogConfig: Setting CVar [[r.DOF.Gather.EnableBokehSettings:0       ; no bokeh simulation when gathering]]
[2019.02.26-06.14.09:858][  0]LogConfig: Setting CVar [[r.DOF.Gather.RingCount:4                 ; medium number of samples when gathering]]
[2019.02.26-06.14.09:858][  0]LogConfig: Setting CVar [[r.DOF.Scatter.ForegroundCompositing:1    ; additive foreground scattering]]
[2019.02.26-06.14.09:858][  0]LogConfig: Setting CVar [[r.DOF.Scatter.BackgroundCompositing:2    ; additive background scattering]]
[2019.02.26-06.14.09:858][  0]LogConfig: Setting CVar [[r.DOF.Scatter.EnableBokehSettings:1      ; bokeh simulation when scattering]]
[2019.02.26-06.14.09:858][  0]LogConfig: Setting CVar [[r.DOF.Scatter.MaxSpriteRatio:0.1         ; only a maximum of 10% of scattered bokeh]]
[2019.02.26-06.14.09:858][  0]LogConfig: Setting CVar [[r.DOF.Recombine.Quality:1                ; cheap slight out of focus]]
[2019.02.26-06.14.09:858][  0]LogConfig: Setting CVar [[r.DOF.Recombine.EnableBokehSettings:0    ; no bokeh simulation on slight out of focus]]
[2019.02.26-06.14.09:858][  0]LogConfig: Setting CVar [[r.DOF.TemporalAAQuality:1                ; more stable temporal accumulation]]
[2019.02.26-06.14.09:858][  0]LogConfig: Setting CVar [[r.DOF.Kernel.MaxForegroundRadius:0.025]]
[2019.02.26-06.14.09:858][  0]LogConfig: Setting CVar [[r.DOF.Kernel.MaxBackgroundRadius:0.025]]
[2019.02.26-06.14.09:858][  0]LogConfig: Applying CVar settings from Section [TextureQuality@3] File [F:/SCAD/ITGM studio2/humanStuff/MyProject3/Saved/Config/Windows/Scalability.ini]
[2019.02.26-06.14.09:858][  0]LogConfig: Setting CVar [[r.Streaming.MipBias:0]]
[2019.02.26-06.14.09:858][  0]LogConfig: Setting CVar [[r.Streaming.AmortizeCPUToGPUCopy:0]]
[2019.02.26-06.14.09:858][  0]LogConfig: Setting CVar [[r.Streaming.MaxNumTexturesToStreamPerFrame:0]]
[2019.02.26-06.14.09:858][  0]LogConfig: Setting CVar [[r.Streaming.Boost:1]]
[2019.02.26-06.14.09:858][  0]LogConfig: Setting CVar [[r.MaxAnisotropy:8]]
[2019.02.26-06.14.09:858][  0]LogConfig: Setting CVar [[r.Streaming.LimitPoolSizeToVRAM:0]]
[2019.02.26-06.14.09:858][  0]LogConfig: Setting CVar [[r.Streaming.PoolSize:1000]]
[2019.02.26-06.14.09:858][  0]LogConfig: Setting CVar [[r.Streaming.MaxEffectiveScreenSize:0]]
[2019.02.26-06.14.09:859][  0]LogConfig: Applying CVar settings from Section [EffectsQuality@3] File [F:/SCAD/ITGM studio2/humanStuff/MyProject3/Saved/Config/Windows/Scalability.ini]
[2019.02.26-06.14.09:859][  0]LogConfig: Setting CVar [[r.TranslucencyLightingVolumeDim:4]]
[2019.02.26-06.14.09:859][  0]LogConfig: Setting CVar [[r.RefractionQuality:2]]
[2019.02.26-06.14.09:859][  0]LogConfig: Setting CVar [[r.SSR.Quality:0]]
[2019.02.26-06.14.09:859][  0]LogConfig: Setting CVar [[r.SceneColorFormat:2]]
[2019.02.26-06.14.09:859][  0]LogConfig: Setting CVar [[r.DetailMode:2]]
[2019.02.26-06.14.09:859][  0]LogConfig: Setting CVar [[r.TranslucencyVolumeBlur:0]]
[2019.02.26-06.14.09:859][  0]LogConfig: Setting CVar [[r.MaterialQualityLevel:1 ; High quality]]
[2019.02.26-06.14.09:859][  0]LogConfig: Setting CVar [[r.SSS.Scale:1]]
[2019.02.26-06.14.09:859][  0]LogConfig: Setting CVar [[r.SSS.SampleSet:2]]
[2019.02.26-06.14.09:859][  0]LogConfig: Setting CVar [[r.SSS.Quality:1]]
[2019.02.26-06.14.09:859][  0]LogConfig: Setting CVar [[r.SSS.HalfRes:1]]
[2019.02.26-06.14.09:859][  0]LogConfig: Setting CVar [[r.EmitterSpawnRateScale:1.0]]
[2019.02.26-06.14.09:859][  0]LogConfig: Setting CVar [[r.ParticleLightQuality:2]]
[2019.02.26-06.14.09:859][  0]LogConfig: Applying CVar settings from Section [FoliageQuality@3] File [F:/SCAD/ITGM studio2/humanStuff/MyProject3/Saved/Config/Windows/Scalability.ini]
[2019.02.26-06.14.09:859][  0]LogConfig: Setting CVar [[foliage.DensityScale:1.0]]
[2019.02.26-06.14.09:859][  0]LogConfig: Setting CVar [[grass.DensityScale:1.0]]
[2019.02.26-06.14.09:859][  0]LogConfig: Applying CVar settings from Section [Startup] File [../../../Engine/Config/ConsoleVariables.ini]
[2019.02.26-06.14.09:859][  0]LogConfig: Setting CVar [[net.UseAdaptiveNetUpdateFrequency:0]]
[2019.02.26-06.14.09:859][  0]LogConfig: Applying CVar settings from Section [ConsoleVariables] File [F:/SCAD/ITGM studio2/humanStuff/MyProject3/Saved/Config/Windows/Engine.ini]
[2019.02.26-06.14.09:859][  0]LogInit: Computer: DESKTOP-Q8E4V8A
[2019.02.26-06.14.09:859][  0]LogInit: User: gretc
[2019.02.26-06.14.09:859][  0]LogInit: CPU Page size=4096, Cores=4
[2019.02.26-06.14.09:859][  0]LogInit: High frequency timer resolution =3.417969 MHz
[2019.02.26-06.14.09:859][  0]LogMemory: Memory total: Physical=15.9GB (16GB approx)
[2019.02.26-06.14.09:859][  0]LogMemory: Platform Memory Stats for Windows
[2019.02.26-06.14.09:859][  0]LogMemory: Process Physical Memory: 105.08 MB used, 105.08 MB peak
[2019.02.26-06.14.09:859][  0]LogMemory: Process Virtual Memory: 103.50 MB used, 103.50 MB peak
[2019.02.26-06.14.09:859][  0]LogMemory: Physical Memory: 11507.20 MB used,  4737.86 MB free, 16245.06 MB total
[2019.02.26-06.14.09:859][  0]LogMemory: Virtual Memory: 4652.43 MB used,  134213072.00 MB free, 134217728.00 MB total
[2019.02.26-06.14.09:880][  0]LogInit: Using OS detected language (en-US).
[2019.02.26-06.14.09:880][  0]LogInit: Using OS detected locale (en-US).
[2019.02.26-06.14.09:881][  0]LogTextLocalizationManager: No specific localization for 'en-US' exists, so the 'en' localization will be used.
[2019.02.26-06.14.10:273][  0]LogStreaming: Display: Took  0.393s to InitEngineTextLocalization.
[2019.02.26-06.14.10:273][  0]LogInit: Setting process to per monitor DPI aware
[2019.02.26-06.14.10:328][  0]LogSlate: New Slate User Created.  User Index 0, Is Virtual User: 0
[2019.02.26-06.14.10:328][  0]LogSlate: Slate User Registered.  User Index 0, Is Virtual User: 0
[2019.02.26-06.14.10:716][  0]LogHMD: Failed to initialize OpenVR with code 110
[2019.02.26-06.14.10:716][  0]LogD3D11RHI: D3D11 adapters:
[2019.02.26-06.14.10:740][  0]LogD3D11RHI:    0. 'AMD Radeon R9 200 Series' (Feature Level 11_0)
[2019.02.26-06.14.10:740][  0]LogD3D11RHI:       4072/0/8122 MB DedicatedVideo/DedicatedSystem/SharedSystem, Outputs:2, VendorId:0x1002
[2019.02.26-06.14.10:746][  0]LogD3D11RHI:    1. 'Intel(R) HD Graphics 4600' (Feature Level 11_0)
[2019.02.26-06.14.10:746][  0]LogD3D11RHI:       112/0/2048 MB DedicatedVideo/DedicatedSystem/SharedSystem, Outputs:0, VendorId:0x8086
[2019.02.26-06.14.10:748][  0]LogD3D11RHI:    2. 'Microsoft Basic Render Driver' (Feature Level 11_0)
[2019.02.26-06.14.10:748][  0]LogD3D11RHI:       0/0/8122 MB DedicatedVideo/DedicatedSystem/SharedSystem, Outputs:0, VendorId:0x1414
[2019.02.26-06.14.10:748][  0]LogD3D11RHI: Chosen D3D11 Adapter: 0
[2019.02.26-06.14.10:756][  0]LogD3D11RHI: Creating new Direct3DDevice
[2019.02.26-06.14.10:756][  0]LogD3D11RHI:     GPU DeviceId: 0x67b1 (for the marketing name, search the web for "GPU Device Id")
[2019.02.26-06.14.10:756][  0]LogWindows: EnumDisplayDevices:
[2019.02.26-06.14.10:756][  0]LogWindows:    0. 'AMD Radeon R9 200 Series' (P:0 D:1)
[2019.02.26-06.14.10:757][  0]LogWindows:    1. 'AMD Radeon R9 200 Series' (P:1 D:1)
[2019.02.26-06.14.10:757][  0]LogWindows:    2. 'AMD Radeon R9 200 Series' (P:0 D:0)
[2019.02.26-06.14.10:758][  0]LogWindows:    3. 'AMD Radeon R9 200 Series' (P:0 D:0)
[2019.02.26-06.14.10:758][  0]LogWindows:    4. 'AMD Radeon R9 200 Series' (P:0 D:0)
[2019.02.26-06.14.10:759][  0]LogWindows:    5. 'AMD Radeon R9 200 Series' (P:0 D:0)
[2019.02.26-06.14.10:759][  0]LogWindows:    6. 'AMD Radeon R9 200 Series' (P:0 D:0)
[2019.02.26-06.14.10:760][  0]LogWindows:    7. 'AMD Radeon R9 200 Series' (P:0 D:0)
[2019.02.26-06.14.10:760][  0]LogWindows:    8. 'AMD Radeon R9 200 Series' (P:0 D:0)
[2019.02.26-06.14.10:761][  0]LogWindows:    9. 'AMD Radeon R9 200 Series' (P:0 D:0)
[2019.02.26-06.14.10:762][  0]LogWindows:    10. 'AMD Radeon R9 200 Series' (P:0 D:0)
[2019.02.26-06.14.10:762][  0]LogWindows:    11. 'AMD Radeon R9 200 Series' (P:0 D:0)
[2019.02.26-06.14.10:763][  0]LogWindows:    12. 'AMD Radeon R9 200 Series' (P:0 D:0)
[2019.02.26-06.14.10:763][  0]LogWindows:    13. 'AMD Radeon R9 200 Series' (P:0 D:0)
[2019.02.26-06.14.10:764][  0]LogWindows:    14. 'AMD Radeon R9 200 Series' (P:0 D:0)
[2019.02.26-06.14.10:764][  0]LogWindows:    15. 'AMD Radeon R9 200 Series' (P:0 D:0)
[2019.02.26-06.14.10:765][  0]LogWindows:    16. 'Intel(R) HD Graphics 4600' (P:0 D:0)
[2019.02.26-06.14.10:765][  0]LogWindows:    17. 'Intel(R) HD Graphics 4600' (P:0 D:0)
[2019.02.26-06.14.10:765][  0]LogWindows:    18. 'Intel(R) HD Graphics 4600' (P:0 D:0)
[2019.02.26-06.14.10:766][  0]LogWindows: DebugString: PrimaryIsNotTheChoosenAdapter PrimaryIsNotTheChoosenAdapter PrimaryIsNotTheChoosenAdapter FoundDriverCount:16 
[2019.02.26-06.14.10:766][  0]LogD3D11RHI:     Adapter Name: AMD Radeon R9 200 Series
[2019.02.26-06.14.10:766][  0]LogD3D11RHI:   Driver Version: Adrenalin 18.4.1 (internal:24.20.11001.5003, unified:24.20.11001.5003)
[2019.02.26-06.14.10:766][  0]LogD3D11RHI:      Driver Date: 4-25-2018
[2019.02.26-06.14.10:766][  0]LogRHI: Texture pool is 2850 MB (70% of 4072 MB)
[2019.02.26-06.14.10:866][  0]LogD3D11RHI: Async texture creation enabled
[2019.02.26-06.14.10:877][  0]LogD3D11RHI: GPU Timing Frequency: 27.000000 (Debug: 2 1)
[2019.02.26-06.14.11:237][  0]LogTemp: Display: Loaded TP AllDesktopTargetPlatform
[2019.02.26-06.14.11:249][  0]LogTemp: Display: Loaded TP MacClientTargetPlatform
[2019.02.26-06.14.11:261][  0]LogTemp: Display: Loaded TP MacNoEditorTargetPlatform
[2019.02.26-06.14.11:274][  0]LogTemp: Display: Loaded TP MacServerTargetPlatform
[2019.02.26-06.14.11:286][  0]LogTemp: Display: Loaded TP MacTargetPlatform
[2019.02.26-06.14.11:299][  0]LogTemp: Display: Loaded TP WindowsClientTargetPlatform
[2019.02.26-06.14.11:312][  0]LogTemp: Display: Loaded TP WindowsNoEditorTargetPlatform
[2019.02.26-06.14.11:325][  0]LogTemp: Display: Loaded TP WindowsServerTargetPlatform
[2019.02.26-06.14.11:336][  0]LogTemp: Display: Loaded TP WindowsTargetPlatform
[2019.02.26-06.14.11:405][  0]LogTemp: Display: Loaded TP AndroidTargetPlatform
[2019.02.26-06.14.11:405][  0]LogTemp: Display: Loaded TP AndroidTargetPlatform
[2019.02.26-06.14.11:405][  0]LogTemp: Display: Loaded TP AndroidTargetPlatform
[2019.02.26-06.14.11:405][  0]LogTemp: Display: Loaded TP AndroidTargetPlatform
[2019.02.26-06.14.11:405][  0]LogTemp: Display: Loaded TP AndroidTargetPlatform
[2019.02.26-06.14.11:405][  0]LogTemp: Display: Loaded TP AndroidTargetPlatform
[2019.02.26-06.14.11:405][  0]LogTemp: Display: Loaded TP AndroidTargetPlatform
[2019.02.26-06.14.11:406][  0]LogTemp: Display: Loaded TP AndroidTargetPlatform
[2019.02.26-06.14.11:406][  0]LogTemp: Display: Loaded TP AndroidTargetPlatform
[2019.02.26-06.14.11:406][  0]LogTemp: Display: Loaded TP AndroidTargetPlatform
[2019.02.26-06.14.11:406][  0]LogTemp: Display: Loaded TP AndroidTargetPlatform
[2019.02.26-06.14.11:406][  0]LogTemp: Display: Loaded TP AndroidTargetPlatform
[2019.02.26-06.14.11:406][  0]LogTemp: Display: Loaded TP AndroidTargetPlatform
[2019.02.26-06.14.11:406][  0]LogTemp: Display: Loaded TP AndroidTargetPlatform
[2019.02.26-06.14.11:406][  0]LogTemp: Display: Loaded TP AndroidTargetPlatform
[2019.02.26-06.14.11:406][  0]LogTemp: Display: Loaded TP AndroidTargetPlatform
[2019.02.26-06.14.11:406][  0]LogTemp: Display: Loaded TP AndroidTargetPlatform
[2019.02.26-06.14.11:406][  0]LogTemp: Display: Loaded TP AndroidTargetPlatform
[2019.02.26-06.14.11:407][  0]LogTemp: Display: Loaded TP HTML5TargetPlatform
[2019.02.26-06.14.11:467][  0]LogTemp: Display: Loaded TP IOSTargetPlatform
[2019.02.26-06.14.11:467][  0]LogTemp: Display: Loaded TP IOSTargetPlatform
[2019.02.26-06.14.11:489][  0]LogTemp: Display: Loaded TP TVOSTargetPlatform
[2019.02.26-06.14.11:489][  0]LogTemp: Display: Loaded TP TVOSTargetPlatform
[2019.02.26-06.14.11:501][  0]LogTemp: Display: Loaded TP LinuxClientTargetPlatform
[2019.02.26-06.14.11:513][  0]LogTemp: Display: Loaded TP LinuxNoEditorTargetPlatform
[2019.02.26-06.14.11:526][  0]LogTemp: Display: Loaded TP LinuxServerTargetPlatform
[2019.02.26-06.14.11:538][  0]LogTemp: Display: Loaded TP LinuxTargetPlatform
[2019.02.26-06.14.11:583][  0]LogTemp: Display: Loaded TP LuminTargetPlatform
[2019.02.26-06.14.11:583][  0]LogTemp: Display: Loaded TP LuminTargetPlatform
[2019.02.26-06.14.11:583][  0]LogTargetPlatformManager: Display: Building Assets For Windows
[2019.02.26-06.14.11:636][  0]LogShaderCompilers: Guid format shader working directory is 4 characters bigger than the processId version (F:/SCAD/ITGM studio2/humanStuff/MyProject3/Intermediate/Shaders/WorkingDirectory/8656/).
[2019.02.26-06.14.11:637][  0]LogShaderCompilers: Cleaned the shader compiler working directory 'C:/Users/gretc/AppData/Local/Temp/UnrealShaderWorkingDir/020B8335440D6F17051EDE92E5E0E7B8/'.
[2019.02.26-06.14.11:639][  0]LogXGEController: Cannot use XGE Controller as Incredibuild is not installed on this machine.
[2019.02.26-06.14.11:639][  0]LogShaderCompilers: Cannot use XGE Shader Compiler as Incredibuild is not installed on this machine.
[2019.02.26-06.14.11:639][  0]LogShaderCompilers: Display: Using Local Shader Compiler.
[2019.02.26-06.14.12:169][  0]LogDerivedDataCache: Display: Max Cache Size: 512 MB
[2019.02.26-06.14.12:235][  0]LogDerivedDataCache: Loaded boot cache 0.07s 86MB C:/Users/gretc/AppData/Local/UnrealEngine/4.21/DerivedDataCache/Boot.ddc.
[2019.02.26-06.14.12:235][  0]LogDerivedDataCache: Display: Loaded Boot cache: C:/Users/gretc/AppData/Local/UnrealEngine/4.21/DerivedDataCache/Boot.ddc
[2019.02.26-06.14.12:235][  0]LogDerivedDataCache: FDerivedDataBackendGraph:  Pak pak cache file F:/SCAD/ITGM studio2/humanStuff/MyProject3/DerivedDataCache/DDC.ddp not found, will not use a pak cache.
[2019.02.26-06.14.12:235][  0]LogDerivedDataCache: Unable to find inner node Pak for hierarchical cache Hierarchy.
[2019.02.26-06.14.12:235][  0]LogDerivedDataCache: FDerivedDataBackendGraph:  CompressedPak pak cache file F:/SCAD/ITGM studio2/humanStuff/MyProject3/DerivedDataCache/Compressed.ddp not found, will not use a pak cache.
[2019.02.26-06.14.12:235][  0]LogDerivedDataCache: Unable to find inner node CompressedPak for hierarchical cache Hierarchy.
[2019.02.26-06.14.12:248][  0]LogDerivedDataCache: Display: Pak cache opened for reading ../../../Engine/DerivedDataCache/Compressed.ddp.
[2019.02.26-06.14.12:248][  0]LogDerivedDataCache: FDerivedDataBackendGraph:  EnterprisePak pak cache file ../../../Enterprise/DerivedDataCache/Compressed.ddp not found, will not use a pak cache.
[2019.02.26-06.14.12:248][  0]LogDerivedDataCache: Unable to find inner node EnterprisePak for hierarchical cache Hierarchy.
[2019.02.26-06.14.12:260][  0]LogDerivedDataCache: Using Local data cache path C:/Users/gretc/AppData/Local/UnrealEngine/Common/DerivedDataCache: Writable
[2019.02.26-06.14.12:260][  0]LogDerivedDataCache: Shared data cache path not found in *engine.ini, will not use an Shared cache.
[2019.02.26-06.14.12:260][  0]LogDerivedDataCache: Unable to find inner node Shared for hierarchical cache Hierarchy.
[2019.02.26-06.14.12:281][  0]LogMaterial: Verifying Global Shaders for PCD3D_SM5
[2019.02.26-06.14.12:282][  0]LogSlate: Using FreeType 2.6.0
[2019.02.26-06.14.12:283][  0]LogSlate: SlateFontServices - WITH_FREETYPE: 1, WITH_HARFBUZZ: 1
[2019.02.26-06.14.12:391][  0]LogAssetRegistry: FAssetRegistry took 0.0386 seconds to start up
[2019.02.26-06.14.13:219][  0]LogInit: Selected Device Profile: [Windows]
[2019.02.26-06.14.13:283][  0]LogSimplygon: Simplygon DLL not present - disabling.
[2019.02.26-06.14.13:287][  0]LogMeshReduction: Using SimplygonSwarm for distributed automatic mesh merging
[2019.02.26-06.14.13:287][  0]LogMeshReduction: Using ProxyLODMeshReduction for automatic mesh merging
[2019.02.26-06.14.13:287][  0]LogMeshReduction: Using QuadricMeshReduction for automatic static mesh reduction
[2019.02.26-06.14.13:287][  0]LogMeshReduction: No automatic skeletal mesh reduction module available
[2019.02.26-06.14.13:381][  0]LogNetVersion: MyProject3 1.0.0, NetCL: 4541578, EngineNetVer: 5, GameNetVer: 0 (Checksum: 2916331349)
[2019.02.26-06.14.14:223][  0]LogPackageLocalizationCache: Processed 11 localized package path(s) for 2 prioritized culture(s) in 0.425225 seconds
[2019.02.26-06.14.14:229][  0]LogUObjectArray: 39775 objects as part of root set at end of initial load.
[2019.02.26-06.14.14:229][  0]LogUObjectAllocator: 6914656 out of 0 bytes used by permanent object pool.
[2019.02.26-06.14.14:229][  0]LogUObjectArray: CloseDisregardForGC: 0/0 objects in disregard for GC pool
[2019.02.26-06.14.15:259][  0]LogTcpMessaging: Initializing TcpMessaging bridge
[2019.02.26-06.14.15:272][  0]LogUdpMessaging: Initializing bridge on interface 0.0.0.0:0 to multicast group 230.0.0.1:6666.
[2019.02.26-06.14.16:169][  0]SourceControl: Source control is disabled
[2019.02.26-06.14.16:169][  0]SourceControl: Source control is disabled
[2019.02.26-06.14.16:171][  0]SourceControl: Source control is disabled
[2019.02.26-06.14.16:172][  0]SourceControl: Source control is disabled
[2019.02.26-06.14.16:343][  0]LogAndroidPermission: UAndroidPermissionCallbackProxy::GetInstance
[2019.02.26-06.14.16:473][  0]LogOcInput: OculusInput pre-init called
[2019.02.26-06.14.16:608][  0]LogEngine: Initializing Engine...
[2019.02.26-06.14.16:608][  0]LogHMD: Failed to initialize OpenVR with code 110
[2019.02.26-06.14.16:610][  0]LogStats: UGameplayTagsManager::ConstructGameplayTagTree: ImportINI prefixes -  0.000 s
[2019.02.26-06.14.16:610][  0]LogStats: UGameplayTagsManager::ConstructGameplayTagTree: Construct from data asset -  0.000 s
[2019.02.26-06.14.16:610][  0]LogStats: UGameplayTagsManager::ConstructGameplayTagTree: ImportINI -  0.000 s
[2019.02.26-06.14.16:610][  0]LogStats: UGameplayTagsManager::ConstructGameplayTagTree: GameplayTagTreeChangedEvent.Broadcast -  0.000 s
[2019.02.26-06.14.16:848][  0]LogInit: Initializing FReadOnlyCVARCache
[2019.02.26-06.14.16:859][  0]LogAIModule: Creating AISystem for world Untitled
[2019.02.26-06.14.16:912][  0]LogInit: XAudio2 using 'Headset Earphone (Razer Kraken 7.1 Chroma)' : 2 channels at 48 kHz using 16 bits per sample (channel mask 0x3)
[2019.02.26-06.14.16:968][  0]LogInit: FAudioDevice initialized.
[2019.02.26-06.14.16:968][  0]LogNetVersion: Set ProjectVersion to 1.0.0.0. Version Checksum will be recalculated on next use.
[2019.02.26-06.14.17:050][  0]LogDerivedDataCache: Saved boot cache 0.08s 71MB C:/Users/gretc/AppData/Local/UnrealEngine/4.21/DerivedDataCache/Boot.ddc.
[2019.02.26-06.14.17:061][  0]LogInit: Texture streaming: Enabled
[2019.02.26-06.14.17:075][  0]LogEngineSessionManager: EngineSessionManager initialized
[2019.02.26-06.14.17:091][  0]LogInit: Transaction tracking system initialized
[2019.02.26-06.14.17:113][  0]BlueprintLog: New page: Editor Load
[2019.02.26-06.14.17:180][  0]LocalizationService: Localization service is disabled
[2019.02.26-06.14.17:783][  0]LogCook: Display: Max memory allowance for cook 16384mb min free memory 0mb
[2019.02.26-06.14.17:783][  0]LogCook: Display: Mobile HDR setting 1
[2019.02.26-06.14.17:783][  0]LogGameplayTags: Display: UGameplayTagsManager::DoneAddingNativeTags. DelegateIsBound: 0
[2019.02.26-06.14.17:783][  0]LogStats: UGameplayTagsManager::ConstructGameplayTagTree: ImportINI prefixes -  0.000 s
[2019.02.26-06.14.17:783][  0]LogStats: UGameplayTagsManager::ConstructGameplayTagTree: Construct from data asset -  0.000 s
[2019.02.26-06.14.17:784][  0]LogStats: UGameplayTagsManager::ConstructGameplayTagTree: ImportINI -  0.000 s
[2019.02.26-06.14.17:784][  0]LogStats: UGameplayTagsManager::ConstructGameplayTagTree: GameplayTagTreeChangedEvent.Broadcast -  0.000 s
[2019.02.26-06.14.17:908][  0]LogFileCache: Scanning file cache for directory 'F:/SCAD/ITGM studio2/humanStuff/MyProject3/Content/' took 0.03s
[2019.02.26-06.14.17:908][  0]SourceControl: Source control is disabled
[2019.02.26-06.14.17:908][  0]Cmd: MAP LOAD FILE="F:/SCAD/ITGM studio2/humanStuff/MyProject3/Content/StarterContent/Maps/Minimal_Default_2.umap" TEMPLATE=0 SHOWPROGRESS=1 FEATURELEVEL=3
[2019.02.26-06.14.17:909][  0]LightingResults: New page: Lighting Build
[2019.02.26-06.14.17:911][  0]MapCheck: New page: Map Check
[2019.02.26-06.14.17:911][  0]LightingResults: New page: Lighting Build
[2019.02.26-06.14.19:267][  0]LogTexture: Display: Building textures: aisleSign_emmisive (AutoDXT, 1024X1024)
[2019.02.26-06.14.19:267][  0]LogTexture: Display: Building textures: aisleSign_color (AutoDXT, 1024X1024)
[2019.02.26-06.14.19:267][  0]LogTexture: Display: Building textures: hs_sack (AutoDXT, 1024X1024)
[2019.02.26-06.14.19:749][  0]LogTexture: Display: Building textures: slugHead_Roughness (BGRA8, 2048X2048)
[2019.02.26-06.14.19:749][  0]LogTexture: Display: Building textures: ceiling (AutoDXT, 512X512)
[2019.02.26-06.14.19:751][  0]LogMaterial: Display: Missing cached shader map for material hs_sack_Mat, compiling. 
[2019.02.26-06.14.19:868][  0]LogTexture: Display: Building textures: space_skybox_radialv2_emissive (AutoDXT, 2048X2048)
[2019.02.26-06.14.19:868][  0]LogShaderCompilers: Display: Shaders left to compile 31
[2019.02.26-06.14.19:868][  0]LogShaderCompilers: Display: Shaders left to compile 21
[2019.02.26-06.14.19:868][  0]LogShaderCompilers: Display: Shaders left to compile 11
[2019.02.26-06.14.19:868][  0]LogMaterial: Display: Missing cached shader map for material aisleSign, compiling. 
[2019.02.26-06.14.19:912][  0]LogStaticMesh: Building static mesh Convey1...
[2019.02.26-06.14.19:937][  0]LogStaticMesh: Built static mesh [0.02s] /Game/Geometry/Objects/Convey1.Convey1
[2019.02.26-06.14.19:957][  0]LogAudioDerivedData: Display: Building compressed audio format OGG hash OGG wave bg_Elevator...
[2019.02.26-06.14.23:240][  0]LogTexture: Display: Building textures: space_skybox_radialv2 (AutoDXT, 2048X2048)
[2019.02.26-06.14.23:240][  0]LogAudioDerivedData: Display: Updated SoundWave->RawPCMDataSize from 0 to 33375744 while cooking SoundWave /Game/Audio/bg_Elevator.bg_Elevator.
[2019.02.26-06.14.23:331][  0]LogStaticMesh: Building static mesh hs_shopcart...
[2019.02.26-06.14.23:413][  0]LogStaticMesh: Built static mesh [0.08s] /Game/Geometry/Objects/hs_shopcart.hs_shopcart
[2019.02.26-06.14.23:507][  0]LogSkeletalMesh: Building Skeletal Mesh slugHead_bones...
[2019.02.26-06.14.23:538][  0]LogSkeletalMesh: Built Skeletal Mesh [0.03s] /Game/aliens/slugHead_bones.slugHead_bones
[2019.02.26-06.14.23:538][  0]LogAudioDerivedData: Display: Building compressed audio format OGG hash OGG wave se_cartRattle...
[2019.02.26-06.14.23:674][  0]LogAudioDerivedData: Display: Updated SoundWave->RawPCMDataSize from 0 to 1333896 while cooking SoundWave /Game/Audio/se_cartRattle.se_cartRattle.
[2019.02.26-06.14.23:674][  0]LogAudioDerivedData: Display: Building compressed audio format OGG hash OGG wave Pixel_Noise4_by_abbasgamez...
[2019.02.26-06.14.23:713][  0]LogAudioDerivedData: Display: Updated SoundWave->RawPCMDataSize from 0 to 18262 while cooking SoundWave /Game/Audio/Pixel_Noise4_by_abbasgamez.Pixel_Noise4_by_abbasgamez.
[2019.02.26-06.14.23:715][  0]LogMaterial: Display: Missing cached shader map for material ceiling, compiling. 
[2019.02.26-06.14.25:942][  0]LogTexture: Display: Building textures: shelf_color (AutoDXT, 1024X1024)
[2019.02.26-06.14.25:942][  0]LogTexture: Display: Building textures: window (AutoDXT, 512X512)
[2019.02.26-06.14.25:942][  0]LogTexture: Display: Building textures: walltexture (AutoDXT, 512X512)
[2019.02.26-06.14.25:942][  0]LogTexture: Display: Building textures: lightsEmissive (AutoDXT, 512X512)
[2019.02.26-06.14.25:942][  0]LogTexture: Display: Building textures: roadTile (AutoDXT, 1024X1024)
[2019.02.26-06.14.25:942][  0]LogTexture: Display: Building textures: initialShadingGroup_Roughness (BGRA8, 1024X1024)
[2019.02.26-06.14.25:944][  0]LogMaterial: Display: Missing cached shader map for material skybox, compiling. 
[2019.02.26-06.14.25:964][  0]LogTexture: Display: Building textures: initialShadingGroup_Metallic (BGRA8, 1024X1024)
[2019.02.26-06.14.25:964][  0]LogStaticMesh: Building static mesh skybox2...
[2019.02.26-06.14.25:973][  0]LogStaticMesh: Built static mesh [0.01s] /Game/Geometry/Objects/skybox2.skybox2
[2019.02.26-06.14.25:973][  0]LoadErrors: Warning: skybox2 Min LOD value of 1 is out of range 0..0 and has been adjusted to 0. Please verify and resave the asset.
[2019.02.26-06.14.25:980][  0]LogMaterial: Display: Missing cached shader map for material shelf, compiling. 
[2019.02.26-06.14.25:997][  0]LogStaticMesh: Building static mesh shelves...
[2019.02.26-06.14.26:002][  0]LogStaticMesh: Built static mesh [0.01s] /Game/Geometry/Objects/shelves.shelves
[2019.02.26-06.14.26:002][  0]LoadErrors: Warning: shelves Min LOD value of 1 is out of range 0..0 and has been adjusted to 0. Please verify and resave the asset.
[2019.02.26-06.14.26:006][  0]LogMaterial: Display: Missing cached shader map for material window_Mat, compiling. 
[2019.02.26-06.14.26:104][  0]LogTexture: Display: Building textures: initialShadingGroup_Base_Color (AutoDXT, 1024X1024)
[2019.02.26-06.14.26:104][  0]LogTexture: Display: Building textures: floortilemask (AutoDXT, 512X512)
[2019.02.26-06.14.26:104][  0]LogMaterial: Display: Missing cached shader map for material lambert3SG, compiling. 
[2019.02.26-06.14.26:122][  0]LogStaticMesh: Building static mesh hs_window...
[2019.02.26-06.14.26:126][  0]LogTexture: Display: Building textures: floortileBasic (AutoDXT, 512X512)
[2019.02.26-06.14.26:126][  0]LogStaticMesh: Built static mesh [0.00s] /Game/Geometry/Objects/hs_window.hs_window
[2019.02.26-06.14.26:130][  0]LogMaterial: Display: Missing cached shader map for material wall, compiling. 
[2019.02.26-06.14.26:191][  0]LogStaticMesh: Building static mesh hs_wall...
[2019.02.26-06.14.26:193][  0]LogStaticMesh: Built static mesh [0.00s] /Game/Geometry/Objects/hs_wall.hs_wall
[2019.02.26-06.14.26:196][  0]LogStaticMesh: Building static mesh hs_sign_pCube20...
[2019.02.26-06.14.26:206][  0]LogStaticMesh: Built static mesh [0.01s] /Game/Geometry/Objects/hs_sign_pCube20.hs_sign_pCube20
[2019.02.26-06.14.26:210][  0]LogMaterial: Display: Missing cached shader map for material lightsEmissive_Mat, compiling. 
[2019.02.26-06.14.26:227][  0]LogTexture: Display: Building textures: conveyTexture (AutoDXT, 512X512)
[2019.02.26-06.14.26:227][  0]LogStaticMesh: Building static mesh hs_lights...
[2019.02.26-06.14.26:230][  0]LogStaticMesh: Built static mesh [0.00s] /Game/Geometry/Objects/hs_lights.hs_lights
[2019.02.26-06.14.26:764][  0]LogTexture: Display: Building textures: conveyTexture (AutoDXT, 512X512)
[2019.02.26-06.14.26:764][  0]LogTexture: Display: Building textures: conveyorBody_color (AutoDXT, 1024X1024)
[2019.02.26-06.14.26:764][  0]LogMaterial: Display: Missing cached shader map for material road2, compiling. 
[2019.02.26-06.14.26:793][  0]LogStaticMesh: Building static mesh hs_groundPlane2...
[2019.02.26-06.14.26:795][  0]LogStaticMesh: Built static mesh [0.01s] /Game/Geometry/Objects/hs_groundPlane2.hs_groundPlane2
[2019.02.26-06.14.26:809][  0]LogMaterial: Display: Missing cached shader map for material floortile, compiling. 
[2019.02.26-06.14.26:821][  0]LogStaticMesh: Building static mesh hs_floor...
[2019.02.26-06.14.26:823][  0]LogStaticMesh: Built static mesh [0.00s] /Game/Geometry/Objects/hs_floor.hs_floor
[2019.02.26-06.14.26:825][  0]LogStaticMesh: Building static mesh hs_cieling...
[2019.02.26-06.14.26:826][  0]LogStaticMesh: Built static mesh [0.00s] /Game/Geometry/Objects/hs_cieling.hs_cieling
[2019.02.26-06.14.26:830][  0]LogTexture: Display: Building textures: hs_registerTex (AutoDXT, 1024X1024)
[2019.02.26-06.14.26:830][  0]LogMaterial: Display: Missing cached shader map for material conveyTexture_Mat, compiling. 
[2019.02.26-06.14.26:889][  0]LogMaterial: Display: Missing cached shader map for material conveyor, compiling. 
[2019.02.26-06.14.26:906][  0]LogAudioDerivedData: Display: Building compressed audio format OGG hash OGG wave bg_groceryAmbient...
[2019.02.26-06.14.31:183][  0]LogTexture: Display: Building textures: slugHead_Normal (BC5, 2048X2048)
[2019.02.26-06.14.31:184][  0]LogTexture: Display: Building textures: slugHead_Metallic (BGRA8, 2048X2048)
[2019.02.26-06.14.31:184][  0]LogTexture: Display: Building textures: slugHead_Height (BGRA8, 2048X2048)
[2019.02.26-06.14.31:184][  0]LogTexture: Display: Building textures: slugHead_BaseColor (AutoDXT, 2048X2048)
[2019.02.26-06.14.31:184][  0]LogTexture: Display: Building textures: pack (AutoDXT, 1024X1024)
[2019.02.26-06.14.31:184][  0]LogTexture: Display: Building textures: SodaBottle (AutoDXT, 512X512)
[2019.02.26-06.14.31:184][  0]LogTexture: Display: Building textures: shopCart_emmisive (AutoDXT, 1024X1024)
[2019.02.26-06.14.31:184][  0]LogTexture: Display: Building textures: shopCart_color (AutoDXT, 1024X1024)
[2019.02.26-06.14.31:184][  0]LogTexture: Display: Building textures: luigi-says-yeetus-that-fetus-me-irl-34781246 (BGRA8, 500X715)
[2019.02.26-06.14.31:184][  0]LogAudioDerivedData: Display: Updated SoundWave->RawPCMDataSize from 0 to 48912000 while cooking SoundWave /Game/Audio/bg_groceryAmbient.bg_groceryAmbient.
[2019.02.26-06.14.31:190][  0]LogMaterial: Display: Missing cached shader map for material hs_registerTex_Mat, compiling. 
[2019.02.26-06.14.31:249][  0]LogStaticMesh: Building static mesh hs_register...
[2019.02.26-06.14.31:254][  0]LogStaticMesh: Built static mesh [0.00s] /Game/Geometry/Objects/hs_register.hs_register
[2019.02.26-06.14.31:288][  0]LogAudioDerivedData: Display: Building compressed audio format OGG hash OGG wave se_barcodeBeep__1_...
[2019.02.26-06.14.31:309][  0]LogAudioDerivedData: Display: Updated SoundWave->RawPCMDataSize from 0 to 368640 while cooking SoundWave /Game/Audio/se_barcodeBeep__1_.se_barcodeBeep__1_.
[2019.02.26-06.14.31:312][  0]LogAudioDerivedData: Display: Building compressed audio format OGG hash OGG wave Alien_Voice1b...
[2019.02.26-06.14.31:326][  0]LogAudioDerivedData: Display: Updated SoundWave->RawPCMDataSize from 0 to 84924 while cooking SoundWave /Game/Audio/Alien_Voice1b.Alien_Voice1b.
[2019.02.26-06.14.31:329][  0]LogMaterial: Display: Missing cached shader map for material lambert1, compiling. 
[2019.02.26-06.14.31:374][  0]LogMaterial: Display: Missing cached shader map for material Sluggy, compiling. 
[2019.02.26-06.14.31:402][  0]LogMaterial: Display: Missing cached shader map for material Cart2, compiling. 
[2019.02.26-06.14.31:414][  0]LogAudioDerivedData: Display: Building compressed audio format OGG hash OGG wave Meat_Slap_2_by_mwlandi...
[2019.02.26-06.14.31:438][  0]LogAudioDerivedData: Display: Updated SoundWave->RawPCMDataSize from 0 to 328224 while cooking SoundWave /Game/Audio/Meat_Slap_2_by_mwlandi.Meat_Slap_2_by_mwlandi.
[2019.02.26-06.14.31:441][  0]LogMaterial: Display: Missing cached shader map for material pack_Mat, compiling. 
[2019.02.26-06.14.31:459][  0]LogMaterial: Display: Missing cached shader map for material hs_soda, compiling. 
[2019.02.26-06.14.31:491][  0]LogMaterial: Display: Missing cached shader map for material M_ArcEndpoint, compiling. 
[2019.02.26-06.14.31:705][  0]LogStaticMesh: Building static mesh hs_soda...
[2019.02.26-06.14.31:721][  0]LogStaticMesh: Built static mesh [0.02s] /Game/Geometry/Objects/hs_soda.hs_soda
[2019.02.26-06.14.31:726][  0]LogStaticMesh: Building static mesh hs_sack...
[2019.02.26-06.14.31:733][  0]LogStaticMesh: Built static mesh [0.01s] /Game/Geometry/Objects/hs_sack.hs_sack
[2019.02.26-06.14.31:736][  0]LogStaticMesh: Building static mesh hs_pack...
[2019.02.26-06.14.31:740][  0]LogStaticMesh: Built static mesh [0.00s] /Game/Geometry/Objects/hs_pack.hs_pack
[2019.02.26-06.14.31:743][  0]LogMaterial: Display: Missing cached shader map for material initialShadingGroup, compiling. 
[2019.02.26-06.14.31:764][  0]LogStaticMesh: Building static mesh hs_bomb...
[2019.02.26-06.14.31:783][  0]LogStaticMesh: Built static mesh [0.02s] /Game/Geometry/Objects/hs_bomb.hs_bomb
[2019.02.26-06.14.31:783][  0]LoadErrors: Warning: hs_bomb Min LOD value of 1 is out of range 0..0 and has been adjusted to 0. Please verify and resave the asset.
[2019.02.26-06.14.31:952][  0]LogAudioDerivedData: Display: Building compressed audio format OGG hash OGG wave Firecracker_Quick_Burst...
[2019.02.26-06.14.31:976][  0]LogAudioDerivedData: Display: Updated SoundWave->RawPCMDataSize from 0 to 185664 while cooking SoundWave /Game/Audio/Firecracker_Quick_Burst.Firecracker_Quick_Burst.
[2019.02.26-06.14.31:976][  0]LogAudioDerivedData: Display: Building compressed audio format OGG hash OGG wave Explosion_8_Bit...
[2019.02.26-06.14.31:997][  0]LogAudioDerivedData: Display: Updated SoundWave->RawPCMDataSize from 0 to 171610 while cooking SoundWave /Game/Audio/Explosion_8_Bit.Explosion_8_Bit.
[2019.02.26-06.14.31:999][  0]LogMaterial: Display: Missing cached shader map for material Cart, compiling. 
[2019.02.26-06.14.32:015][  0]LogMaterial: Display: Missing cached shader map for material shopCart, compiling. 
[2019.02.26-06.14.32:126][  0]LogMaterial: Display: Missing cached shader map for material M_BaseMaterial, compiling. 
[2019.02.26-06.14.32:213][  0]LogMaterial: Display: Missing cached shader map for material M_HandMat, compiling. 
[2019.02.26-06.14.32:259][  0]LogMaterial: Display: Missing cached shader map for material M_TeleportPreviews, compiling. 
[2019.02.26-06.14.32:268][  0]LogMaterial: Display: Missing cached shader map for material M_SplineArcMat, compiling. 
[2019.02.26-06.14.32:306][  0]LogAIModule: Creating AISystem for world Minimal_Default_2
[2019.02.26-06.14.32:494][  0]LogSlate: New Slate User Created.  User Index 8, Is Virtual User: 1
[2019.02.26-06.14.32:494][  0]LogSlate: Slate User Registered.  User Index 8, Is Virtual User: 1
[2019.02.26-06.14.32:518][  0]LogEditorServer: Finished looking for orphan Actors (0.000 secs)
[2019.02.26-06.14.32:611][  0]Cmd: MAP CHECKDEP NOCLEARLOG
[2019.02.26-06.14.32:611][  0]MapCheck: Map check complete: 0 Error(s), 0 Warning(s), took 0.119ms to complete.
[2019.02.26-06.14.32:611][  0]LogFileHelpers: Loading map 'Minimal_Default_2' took 14.704
[2019.02.26-06.14.32:727][  0]LogSlate: Updating window title bar state: overlay mode, drag disabled, window buttons hidden, title bar hidden
[2019.02.26-06.14.32:734][  0]LogSlate: Updating window title bar state: overlay mode, drag disabled, window buttons hidden, title bar hidden
[2019.02.26-06.14.32:741][  0]LogSlate: Updating window title bar state: overlay mode, drag disabled, window buttons hidden, title bar hidden
[2019.02.26-06.14.32:748][  0]LogSlate: Updating window title bar state: overlay mode, drag disabled, window buttons hidden, title bar hidden
[2019.02.26-06.14.32:754][  0]LogCollectionManager: Loaded 0 collections in 0.001423 seconds
[2019.02.26-06.14.32:770][  0]LogFileCache: Scanning file cache for directory 'F:/SCAD/ITGM studio2/humanStuff/MyProject3/Saved/Collections/' took 0.01s
[2019.02.26-06.14.32:770][  0]LogFileCache: Scanning file cache for directory 'F:/SCAD/ITGM studio2/humanStuff/MyProject3/Content/Developers/gretc/Collections/' took 0.00s
[2019.02.26-06.14.32:771][  0]LogFileCache: Scanning file cache for directory 'F:/SCAD/ITGM studio2/humanStuff/MyProject3/Content/Collections/' took 0.00s
[2019.02.26-06.14.32:771][  0]LogCollectionManager: Rebuilt the GUID cache for 0 collections in 0.000000 seconds
[2019.02.26-06.14.32:779][  0]LogContentBrowser: Native class hierarchy populated in 0.0085 seconds. Added 2651 classes and 620 folders.
[2019.02.26-06.14.32:784][  0]LogContentBrowser: Native class hierarchy updated for 'WidgetCarousel' in 0.0002 seconds. Added 0 classes and 0 folders.
[2019.02.26-06.14.32:786][  0]LogPakFile: Registered encryption key '00000000000000000000000000000000': 0 pak files mounted, 0 remain pending
[2019.02.26-06.14.32:787][  0]LogPakFile: Registered encryption key '00000000000000000000000000000000': 0 pak files mounted, 0 remain pending
[2019.02.26-06.14.32:788][  0]LogPakFile: Registered encryption key '00000000000000000000000000000000': 0 pak files mounted, 0 remain pending
[2019.02.26-06.14.32:789][  0]LogPakFile: Registered encryption key '00000000000000000000000000000000': 0 pak files mounted, 0 remain pending
[2019.02.26-06.14.32:789][  0]LogPakFile: Registered encryption key '00000000000000000000000000000000': 0 pak files mounted, 0 remain pending
[2019.02.26-06.14.32:790][  0]LogPakFile: Registered encryption key '00000000000000000000000000000000': 0 pak files mounted, 0 remain pending
[2019.02.26-06.14.32:791][  0]LogPakFile: Registered encryption key '00000000000000000000000000000000': 0 pak files mounted, 0 remain pending
[2019.02.26-06.14.32:791][  0]LogPakFile: Registered encryption key '00000000000000000000000000000000': 0 pak files mounted, 0 remain pending
[2019.02.26-06.14.32:792][  0]LogPakFile: Registered encryption key '00000000000000000000000000000000': 0 pak files mounted, 0 remain pending
[2019.02.26-06.14.32:794][  0]LogPakFile: Registered encryption key '00000000000000000000000000000000': 0 pak files mounted, 0 remain pending
[2019.02.26-06.14.32:794][  0]LogPakFile: Registered encryption key '00000000000000000000000000000000': 0 pak files mounted, 0 remain pending
[2019.02.26-06.14.32:794][  0]LogPakFile: Registered encryption key '00000000000000000000000000000000': 0 pak files mounted, 0 remain pending
[2019.02.26-06.14.32:795][  0]LogPakFile: Registered encryption key '00000000000000000000000000000000': 0 pak files mounted, 0 remain pending
[2019.02.26-06.14.32:796][  0]LogPakFile: Registered encryption key '00000000000000000000000000000000': 0 pak files mounted, 0 remain pending
[2019.02.26-06.14.32:796][  0]LogPakFile: Registered encryption key '00000000000000000000000000000000': 0 pak files mounted, 0 remain pending
[2019.02.26-06.14.32:797][  0]LogPakFile: Registered encryption key '00000000000000000000000000000000': 0 pak files mounted, 0 remain pending
[2019.02.26-06.14.32:798][  0]LogPakFile: Registered encryption key '00000000000000000000000000000000': 0 pak files mounted, 0 remain pending
[2019.02.26-06.14.32:798][  0]LogPakFile: Registered encryption key '00000000000000000000000000000000': 0 pak files mounted, 0 remain pending
[2019.02.26-06.14.32:799][  0]LogPakFile: Registered encryption key '00000000000000000000000000000000': 0 pak files mounted, 0 remain pending
[2019.02.26-06.14.32:800][  0]LogPakFile: Registered encryption key '00000000000000000000000000000000': 0 pak files mounted, 0 remain pending
[2019.02.26-06.14.32:800][  0]LogPakFile: Registered encryption key '00000000000000000000000000000000': 0 pak files mounted, 0 remain pending
[2019.02.26-06.14.32:801][  0]LogPakFile: Registered encryption key '00000000000000000000000000000000': 0 pak files mounted, 0 remain pending
[2019.02.26-06.14.32:802][  0]LogPakFile: Registered encryption key '00000000000000000000000000000000': 0 pak files mounted, 0 remain pending
[2019.02.26-06.14.32:802][  0]LogPakFile: Registered encryption key '00000000000000000000000000000000': 0 pak files mounted, 0 remain pending
[2019.02.26-06.14.32:804][  0]LogPakFile: Registered encryption key '00000000000000000000000000000000': 0 pak files mounted, 0 remain pending
[2019.02.26-06.14.32:804][  0]LogPakFile: Registered encryption key '00000000000000000000000000000000': 0 pak files mounted, 0 remain pending
[2019.02.26-06.14.32:863][  0]LogContentBrowser: Native class hierarchy updated for 'AddContentDialog' in 0.0002 seconds. Added 0 classes and 0 folders.
[2019.02.26-06.14.32:867][  0]LogContentBrowser: Native class hierarchy updated for 'SceneOutliner' in 0.0002 seconds. Added 1 classes and 2 folders.
[2019.02.26-06.14.32:954][  0]LogSlate: Took 0.000237 seconds to synchronously load lazily loaded font '../../../Engine/Content/Slate/Fonts/Roboto-Regular.ttf' (155K)
[2019.02.26-06.14.32:956][  0]LogSlate: Took 0.000296 seconds to synchronously load lazily loaded font '../../../Engine/Content/Slate/Fonts/Roboto-Bold.ttf' (160K)
[2019.02.26-06.14.32:960][  0]LogSlate: Took 0.000293 seconds to synchronously load lazily loaded font '../../../Engine/Content/Editor/Slate/Fonts/FontAwesome.ttf' (139K)
[2019.02.26-06.14.33:044][  0]LogRenderer: Reallocating scene render targets to support 1136x600 Format 26 NumSamples 1 (Frame:1).
[2019.02.26-06.14.44:590][  0]LogShaderCompilers: Display: Shaders left to compile 918
[2019.02.26-06.14.44:590][  0]LogShaderCompilers: Display: Shaders left to compile 908
[2019.02.26-06.14.44:590][  0]LogShaderCompilers: Display: Shaders left to compile 898
[2019.02.26-06.14.44:590][  0]LogShaderCompilers: Display: Shaders left to compile 888
[2019.02.26-06.14.44:590][  0]LogShaderCompilers: Display: Shaders left to compile 878
[2019.02.26-06.14.44:590][  0]LogShaderCompilers: Display: Shaders left to compile 868
[2019.02.26-06.14.44:590][  0]LogShaderCompilers: Display: Shaders left to compile 858
[2019.02.26-06.14.44:590][  0]LogShaderCompilers: Display: Shaders left to compile 848
[2019.02.26-06.14.44:604][  0]LogContentBrowser: Native class hierarchy updated for 'HierarchicalLODOutliner' in 0.0002 seconds. Added 0 classes and 0 folders.
[2019.02.26-06.14.44:604][  0]LogLoad: (Engine Initialization) Total time: 37.31 seconds
[2019.02.26-06.14.44:604][  0]LogLoad: (Engine Initialization) Total Blueprint compile time: 0.00 seconds
[2019.02.26-06.14.44:731][  0]LogContentStreaming: Texture pool size now 1000 MB
[2019.02.26-06.14.44:775][  0]LogSlate: FSceneViewport::OnFocusLost() reason 2
[2019.02.26-06.14.46:203][  6]LogAssetRegistry: Asset discovery search completed in 33.8343 seconds
[2019.02.26-06.14.46:205][  6]LogCollectionManager: Rebuilt the object cache for 0 collections in 0.000000 seconds (found 0 objects)
[2019.02.26-06.14.46:205][  6]LogCollectionManager: Fixed up redirectors for 0 collections in 0.000062 seconds (updated 0 objects)
[2019.02.26-06.14.46:605][ 45]LogShaderCompilers: Display: Shaders left to compile 838
[2019.02.26-06.14.46:874][ 74]LogShaderCompilers: Display: Shaders left to compile 828
[2019.02.26-06.14.47:057][ 90]LogShaderCompilers: Display: Shaders left to compile 818
[2019.02.26-06.14.49:562][317]LogSlate: Window 'Message Log' being destroyed
[2019.02.26-06.14.49:568][317]LogSlate: Window 'Message Log' being destroyed
[2019.02.26-06.14.57:659][  1]LogShaderCompilers: Display: Shaders left to compile 808
[2019.02.26-06.15.00:135][172]LogEditorViewport: Clicking on Actor (LMB): StaticMeshActor (skybox2)
[2019.02.26-06.15.00:560][172]LogShaderCompilers: Display: Shaders left to compile 798
[2019.02.26-06.15.00:795][173]LogShaderCompilers: Display: Shaders left to compile 788
[2019.02.26-06.15.03:033][345]LogEditorViewport: Clicking on Actor (context menu): StaticMeshActor (skybox2)
[2019.02.26-06.15.03:207][345]LogSlate: FSceneViewport::OnFocusLost() reason 2
[2019.02.26-06.15.03:923][423]LogEditorViewport: Clicking on Actor (LMB): StaticMeshActor (skybox2)
[2019.02.26-06.15.04:828][497]LogEditorViewport: Clicking on Actor (LMB): Timer_C (Timer)
[2019.02.26-06.15.08:440][903]LogShaderCompilers: Display: Shaders left to compile 778
[2019.02.26-06.15.11:697][277]LogShaderCompilers: Display: Shaders left to compile 768
[2019.02.26-06.15.12:552][361]LogShaderCompilers: Display: Shaders left to compile 758
[2019.02.26-06.15.15:774][607]LogEditorViewport: Clicking on Actor (LMB): Trash_C (Trash4)
[2019.02.26-06.15.32:988][ 53]LogShaderCompilers: Display: Shaders left to compile 748
[2019.02.26-06.15.35:107][212]LogSlate: FSceneViewport::OnFocusLost() reason 0
[2019.02.26-06.15.35:160][218]LogTemp: Repeating last play command: Simulate
[2019.02.26-06.15.35:214][218]LogBlueprintUserMessages: Early PlayInEditor Detection: Level '/Game/StarterContent/Maps/Minimal_Default_2.Minimal_Default_2:PersistentLevel' has LevelScriptBlueprint '/Game/StarterContent/Maps/Minimal_Default_2.Minimal_Default_2:PersistentLevel.Minimal_Default_2' with GeneratedClass '/Game/StarterContent/Maps/Minimal_Default_2.Minimal_Default_2_C' with ClassGeneratedBy '/Game/StarterContent/Maps/Minimal_Default_2.Minimal_Default_2:PersistentLevel.Minimal_Default_2'
[2019.02.26-06.15.35:236][218]LogPlayLevel: PlayLevel: No blueprints needed recompiling
[2019.02.26-06.15.35:315][218]PIE: New page: SIE session: Minimal_Default_2 (Feb 25, 2019, 8:15:35 PM)
[2019.02.26-06.15.35:402][218]LogPlayLevel: Creating play world package: /Game/StarterContent/Maps/UEDPIE_0_Minimal_Default_2
[2019.02.26-06.15.35:504][218]LogShaderCompilers: Display: Shaders left to compile 738
[2019.02.26-06.15.35:504][218]LogPlayLevel: PIE: StaticDuplicateObject took: (0.102565s)
[2019.02.26-06.15.35:504][218]LogAIModule: Creating AISystem for world Minimal_Default_2
[2019.02.26-06.15.35:515][218]LogPlayLevel: PIE: World Init took: (0.010994s)
[2019.02.26-06.15.35:515][218]LogPlayLevel: PIE: Created PIE world by copying editor world from /Game/StarterContent/Maps/Minimal_Default_2.Minimal_Default_2 to /Game/StarterContent/Maps/UEDPIE_0_Minimal_Default_2.Minimal_Default_2 (0.113902s)
[2019.02.26-06.15.35:578][218]LogInit: XAudio2 using 'Headset Earphone (Razer Kraken 7.1 Chroma)' : 2 channels at 48 kHz using 16 bits per sample (channel mask 0x3)
[2019.02.26-06.15.35:628][218]LogInit: FAudioDevice initialized.
[2019.02.26-06.15.35:700][218]LogLoad: Game class is 'GameModeBase'
[2019.02.26-06.15.35:716][218]LogWorld: Bringing World /Game/StarterContent/Maps/UEDPIE_0_Minimal_Default_2.Minimal_Default_2 up for play (max tick rate 0) at 2019.02.26-01.15.35
[2019.02.26-06.15.35:806][218]LogWorld: Bringing up level for play took: 0.105175
[2019.02.26-06.15.35:891][218]LogGameMode: FindPlayerStart: PATHS NOT DEFINED or NO PLAYERSTART with positive rating
[2019.02.26-06.15.36:038][218]LogContentBrowser: Native class hierarchy updated for 'MovieSceneCapture' in 0.0003 seconds. Added 20 classes and 0 folders.
[2019.02.26-06.15.36:149][218]LogShaderCompilers: Display: Shaders left to compile 728
[2019.02.26-06.15.36:149][218]LogBlueprintUserMessages: Warning: SetTimer passed a bad function (TimeFunctionTick) or object (MotionControllerPawn_2)
[2019.02.26-06.15.36:169][218]LogBlueprintUserMessages: [MotionControllerPawn_2] 















Make_Hands
[2019.02.26-06.15.36:199][218]LogBlueprintUserMessages: [MotionControllerPawn_2] 









Left
[2019.02.26-06.15.36:204][218]LogBlueprintUserMessages: [MotionControllerPawn_2] 











Right
[2019.02.26-06.15.36:215][218]PIE: Play in editor start time for /Game/StarterContent/Maps/UEDPIE_0_Minimal_Default_2 0.127
[2019.02.26-06.15.36:310][218]LogBlueprintUserMessages: Late PlayInEditor Detection: Level '/Game/StarterContent/Maps/Minimal_Default_2.Minimal_Default_2:PersistentLevel' has LevelScriptBlueprint '/Game/StarterContent/Maps/Minimal_Default_2.Minimal_Default_2:PersistentLevel.Minimal_Default_2' with GeneratedClass '/Game/StarterContent/Maps/Minimal_Default_2.Minimal_Default_2_C' with ClassGeneratedBy '/Game/StarterContent/Maps/Minimal_Default_2.Minimal_Default_2:PersistentLevel.Minimal_Default_2'
[2019.02.26-06.15.37:182][258]LogBlueprintUserMessages: [MotionControllerPawn_2] 109
[2019.02.26-06.15.37:194][259]LogScript: Warning: Accessed None trying to read property ScanVar
	Spawner_C /Game/StarterContent/Maps/UEDPIE_0_Minimal_Default_2.Minimal_Default_2:PersistentLevel.Spawner_2
	Function /Game/Blueprints/Spawner.Spawner_C:ExecuteUbergraph_Spawner:0DC2
[2019.02.26-06.15.37:212][259]PIE: Error: Blueprint Runtime Error: "Accessed None trying to read property ScanVar". Blueprint:  Spawner Function:  Execute Ubergraph Spawner Graph:  EventGraph Node:  Branch
[2019.02.26-06.15.38:394][334]LogBlueprintUserMessages: [MotionControllerPawn_2] 108
[2019.02.26-06.15.39:603][435]LogBlueprintUserMessages: [MotionControllerPawn_2] 107
[2019.02.26-06.15.39:776][448]LogShaderCompilers: Display: Shaders left to compile 718
[2019.02.26-06.15.40:819][536]LogBlueprintUserMessages: [MotionControllerPawn_2] 106
[2019.02.26-06.15.42:023][646]LogBlueprintUserMessages: [MotionControllerPawn_2] 105
[2019.02.26-06.15.43:233][766]LogBlueprintUserMessages: [MotionControllerPawn_2] 104
[2019.02.26-06.15.44:443][881]LogBlueprintUserMessages: [MotionControllerPawn_2] 103
[2019.02.26-06.15.45:800][965]LogBlueprintUserMessages: [MotionControllerPawn_2] 102
[2019.02.26-06.15.47:002][ 88]LogBlueprintUserMessages: [MotionControllerPawn_2] 101
[2019.02.26-06.15.48:223][208]LogBlueprintUserMessages: [MotionControllerPawn_2] 100
[2019.02.26-06.15.49:088][279]LogShaderCompilers: Display: Shaders left to compile 708
[2019.02.26-06.15.49:576][290]LogBlueprintUserMessages: [MotionControllerPawn_2] 99
[2019.02.26-06.15.49:625][295]LogShaderCompilers: Display: Shaders left to compile 698
[2019.02.26-06.15.50:785][400]LogBlueprintUserMessages: [MotionControllerPawn_2] 98
[2019.02.26-06.15.52:004][529]LogBlueprintUserMessages: [MotionControllerPawn_2] 97
[2019.02.26-06.15.53:219][629]LogBlueprintUserMessages: [MotionControllerPawn_2] 96
[2019.02.26-06.15.54:431][726]LogBlueprintUserMessages: [MotionControllerPawn_2] 95
[2019.02.26-06.15.55:652][821]LogBlueprintUserMessages: [MotionControllerPawn_2] 94
[2019.02.26-06.15.56:871][919]LogBlueprintUserMessages: [MotionControllerPawn_2] 93
[2019.02.26-06.15.57:604][975]LogShaderCompilers: Display: Shaders left to compile 688
[2019.02.26-06.15.58:085][ 12]LogBlueprintUserMessages: [MotionControllerPawn_2] 92
[2019.02.26-06.15.59:303][105]LogBlueprintUserMessages: [MotionControllerPawn_2] 91
[2019.02.26-06.16.00:516][198]LogBlueprintUserMessages: [MotionControllerPawn_2] 90
[2019.02.26-06.16.01:725][294]LogBlueprintUserMessages: [MotionControllerPawn_2] 89
[2019.02.26-06.16.02:933][400]LogBlueprintUserMessages: [MotionControllerPawn_2] 88
[2019.02.26-06.16.04:146][508]LogBlueprintUserMessages: [MotionControllerPawn_2] 87
[2019.02.26-06.16.05:354][613]LogBlueprintUserMessages: [MotionControllerPawn_2] 86
[2019.02.26-06.16.06:510][715]LogShaderCompilers: Display: Shaders left to compile 678
[2019.02.26-06.16.06:561][719]LogBlueprintUserMessages: [MotionControllerPawn_2] 85
[2019.02.26-06.16.07:775][826]LogBlueprintUserMessages: [MotionControllerPawn_2] 84
[2019.02.26-06.16.10:375][863]LogShaderCompilers: Display: Shaders left to compile 668
[2019.02.26-06.16.10:375][863]LogMemory: Warning: Freeing 33554432 bytes from backup pool to handle out of memory.
[2019.02.26-06.16.10:375][863]LogMemory: Warning: MemoryStats:
	AvailablePhysical 2861760512
	 AvailableVirtual 140728541388800
	     UsedPhysical 2507964416
	 PeakUsedPhysical 2520330240
	      UsedVirtual 3733090304
	  PeakUsedVirtual 3753230336
[2019.02.26-06.16.10:375][863]Allocator Stats for TBB: (not implemented)
[2019.02.26-06.16.10:375][863]LogOutputDevice: Warning: 

Script Stack (3 frames):
BabyCarts_C.ExecuteUbergraph_BabyCarts
BabyCarts_C.AddAlien
BabyCarts_C.ExecuteUbergraph_BabyCarts

[2019.02.26-06.16.10:375][863]LogWindows: Windows GetLastError: The operation completed successfully. (0)
[2019.02.26-06.16.19:175][863]LogShaderCompilers: Display: Shaders left to compile 658
[2019.02.26-06.16.19:175][863]LogShaderCompilers: Display: Shaders left to compile 648
[2019.02.26-06.16.19:175][863]LogShaderCompilers: Display: Shaders left to compile 638
[2019.02.26-06.16.19:176][863]LogShaderCompilers: Display: Shaders left to compile 628
[2019.02.26-06.16.19:176][863]LogShaderCompilers: Display: Shaders left to compile 618
[2019.02.26-06.16.19:176][863]LogShaderCompilers: Display: Shaders left to compile 608
[2019.02.26-06.16.19:176][863]LogShaderCompilers: Display: Shaders left to compile 598
[2019.02.26-06.16.19:176][863]LogWindows: Error: === Critical error: ===
[2019.02.26-06.16.19:176][863]LogWindows: Error: 
[2019.02.26-06.16.19:176][863]LogWindows: Error: Fatal error: [File:D:\Build\++UE4\Sync\Engine\Source\Runtime\Core\Private\GenericPlatform\GenericPlatformMemory.cpp] [Line: 200] 
[2019.02.26-06.16.19:176][863]LogWindows: Error: Ran out of memory allocating 1408 bytes with alignment 0
[2019.02.26-06.16.19:176][863]LogWindows: Error: 
[2019.02.26-06.16.19:176][863]LogWindows: Error: 
[2019.02.26-06.16.19:176][863]LogWindows: Error: [Callstack] 0x00007ff8577ea388 KERNELBASE.dll!UnknownFunction []
[2019.02.26-06.16.19:176][863]LogWindows: Error: [Callstack] 0x00007ff84f7ecd1a UE4Editor-Core.dll!UnknownFunction []
[2019.02.26-06.16.19:176][863]LogWindows: Error: [Callstack] 0x00007ff84f5ca967 UE4Editor-Core.dll!UnknownFunction []
[2019.02.26-06.16.19:176][863]LogWindows: Error: [Callstack] 0x00007ff84f500df7 UE4Editor-Core.dll!UnknownFunction []
[2019.02.26-06.16.19:176][863]LogWindows: Error: [Callstack] 0x00007ff84f3daaf4 UE4Editor-Core.dll!UnknownFunction []
[2019.02.26-06.16.19:176][863]LogWindows: Error: [Callstack] 0x00007ff84f43eee9 UE4Editor-Core.dll!UnknownFunction []
[2019.02.26-06.16.19:176][863]LogWindows: Error: [Callstack] 0x00007ff84f43f155 UE4Editor-Core.dll!UnknownFunction []
[2019.02.26-06.16.19:176][863]LogWindows: Error: [Callstack] 0x00007ffffc65c687 UE4Editor-Engine.dll!UnknownFunction []
[2019.02.26-06.16.19:176][863]LogWindows: Error: [Callstack] 0x00007ffffb7ec617 UE4Editor-Engine.dll!UnknownFunction []
[2019.02.26-06.16.19:176][863]LogWindows: Error: [Callstack] 0x00007ffffb81cd9a UE4Editor-Engine.dll!UnknownFunction []
[2019.02.26-06.16.19:176][863]LogWindows: Error: [Callstack] 0x00007ffffbcb8663 UE4Editor-Engine.dll!UnknownFunction []
[2019.02.26-06.16.19:176][863]LogWindows: Error: [Callstack] 0x00007ffffb596a5e UE4Editor-Engine.dll!UnknownFunction []
[2019.02.26-06.16.19:176][863]LogWindows: Error: [Callstack] 0x00007ff821444b14 UE4Editor-CoreUObject.dll!UnknownFunction []
[2019.02.26-06.16.19:176][863]LogWindows: Error: [Callstack] 0x00007ff8216abc2a UE4Editor-CoreUObject.dll!UnknownFunction []
[2019.02.26-06.16.19:176][863]LogWindows: Error: [Callstack] 0x00007ff8216d56cc UE4Editor-CoreUObject.dll!UnknownFunction []
[2019.02.26-06.16.19:176][863]LogWindows: Error: [Callstack] 0x00007ff8216d7d2f UE4Editor-CoreUObject.dll!UnknownFunction []
[2019.02.26-06.16.19:176][863]LogWindows: Error: [Callstack] 0x00007ff8216ac5dd UE4Editor-CoreUObject.dll!UnknownFunction []
[2019.02.26-06.16.19:176][863]LogWindows: Error: [Callstack] 0x00007ff8216d7d2f UE4Editor-CoreUObject.dll!UnknownFunction []
[2019.02.26-06.16.19:176][863]LogWindows: Error: [Callstack] 0x00007ff8216ac5dd UE4Editor-CoreUObject.dll!UnknownFunction []
[2019.02.26-06.16.19:176][863]LogWindows: Error: [Callstack] 0x00007ff8216fadd3 UE4Editor-CoreUObject.dll!UnknownFunction []
[2019.02.26-06.16.19:176][863]LogWindows: Error: [Callstack] 0x00007ff8216d7d2f UE4Editor-CoreUObject.dll!UnknownFunction []
[2019.02.26-06.16.19:176][863]LogWindows: Error: [Callstack] 0x00007ff821444b14 UE4Editor-CoreUObject.dll!UnknownFunction []
[2019.02.26-06.16.19:176][863]LogWindows: Error: [Callstack] 0x00007ff8216d73c6 UE4Editor-CoreUObject.dll!UnknownFunction []
[2019.02.26-06.16.19:176][863]LogWindows: Error: [Callstack] 0x00007ffffb553923 UE4Editor-Engine.dll!UnknownFunction []
[2019.02.26-06.16.19:176][863]LogWindows: Error: [Callstack] 0x00007ffffbe8b6f1 UE4Editor-Engine.dll!UnknownFunction []
[2019.02.26-06.16.19:176][863]LogWindows: Error: [Callstack] 0x00007ffffbe70add UE4Editor-Engine.dll!UnknownFunction []
[2019.02.26-06.16.19:176][863]LogWindows: Error: [Callstack] 0x00007ffffb573906 UE4Editor-Engine.dll!UnknownFunction []
[2019.02.26-06.16.19:176][863]LogWindows: Error: [Callstack] 0x00007ffffb57405f UE4Editor-Engine.dll!UnknownFunction []
[2019.02.26-06.16.19:176][863]LogWindows: Error: [Callstack] 0x00007ffffb52f123 UE4Editor-Engine.dll!UnknownFunction []
[2019.02.26-06.16.19:176][863]LogWindows: Error: [Callstack] 0x00007ffffc7d4a2d UE4Editor-Engine.dll!UnknownFunction []
[2019.02.26-06.16.19:176][863]LogWindows: Error: [Callstack] 0x00007ff84f391798 UE4Editor-Core.dll!UnknownFunction []
[2019.02.26-06.16.19:176][863]LogWindows: Error: [Callstack] 0x00007ff84f391c56 UE4Editor-Core.dll!UnknownFunction []
[2019.02.26-06.16.19:176][863]LogWindows: Error: [Callstack] 0x00007ff84f3a5085 UE4Editor-Core.dll!UnknownFunction []
[2019.02.26-06.16.19:176][863]LogWindows: Error: [Callstack] 0x00007ffffc82bb64 UE4Editor-Engine.dll!UnknownFunction []
[2019.02.26-06.16.19:176][863]LogWindows: Error: [Callstack] 0x00007ffffc83b9a2 UE4Editor-Engine.dll!UnknownFunction []
[2019.02.26-06.16.19:176][863]LogWindows: Error: [Callstack] 0x00007ffffbf0b6e4 UE4Editor-Engine.dll!UnknownFunction []
[2019.02.26-06.16.19:176][863]LogWindows: Error: [Callstack] 0x00007ffffbf174e2 UE4Editor-Engine.dll!UnknownFunction []
[2019.02.26-06.16.19:176][863]LogWindows: Error: [Callstack] 0x00007ff81e862085 UE4Editor-UnrealEd.dll!UnknownFunction []
[2019.02.26-06.16.19:176][863]LogWindows: Error: [Callstack] 0x00007ff81f182346 UE4Editor-UnrealEd.dll!UnknownFunction []
[2019.02.26-06.16.19:176][863]LogWindows: Error: [Callstack] 0x00007ff649a26225 UE4Editor.exe!UnknownFunction []
[2019.02.26-06.16.19:176][863]LogWindows: Error: [Callstack] 0x00007ff649a3596c UE4Editor.exe!UnknownFunction []
[2019.02.26-06.16.19:176][863]LogWindows: Error: [Callstack] 0x00007ff649a359ea UE4Editor.exe!UnknownFunction []
[2019.02.26-06.16.19:176][863]LogWindows: Error: [Callstack] 0x00007ff649a448da UE4Editor.exe!UnknownFunction []
[2019.02.26-06.16.19:176][863]LogWindows: Error: [Callstack] 0x00007ff649a4659a UE4Editor.exe!UnknownFunction []
[2019.02.26-06.16.19:176][863]LogWindows: Error: [Callstack] 0x00007ff85a9a3dc4 KERNEL32.DLL!UnknownFunction []
[2019.02.26-06.16.19:176][863]LogWindows: Error: [Callstack] 0x00007ff85ab83691 ntdll.dll!UnknownFunction []
[2019.02.26-06.16.19:176][863]LogWindows: Error: 
[2019.02.26-06.16.19:205][863]LogExit: Executing StaticShutdownAfterError
[2019.02.26-06.16.19:208][863]LogWindows: FPlatformMisc::RequestExit(1)
[2019.02.26-06.16.19:217][863]Log file closed, 02/26/19 01:16:19
